#
# There is insufficient memory for the Java Runtime Environment to continue.
# Native memory allocation (malloc) failed to allocate 1615856 bytes for Chunk::new
# Possible reasons:
#   The system is out of physical RAM or swap space
#   The process is running with CompressedOops enabled, and the Java Heap may be blocking the growth of the native heap
# Possible solutions:
#   Reduce memory load on the system
#   Increase physical memory or swap space
#   Check if swap backing store is full
#   Decrease Java heap size (-Xmx/-Xms)
#   Decrease number of Java threads
#   Decrease Java thread stack sizes (-Xss)
#   Set larger code cache with -XX:ReservedCodeCacheSize=
#   JVM is running with Unscaled Compressed Oops mode in which the Java heap is
#     placed in the first 4GB address space. The Java Heap base address is the
#     maximum limit for the native heap growth. Please use -XX:HeapBaseMinAddress
#     to set the Java Heap base and to place the Java Heap above 4GB virtual address.
# This output file may be truncated or incomplete.
#
#  Out of Memory Error (arena.cpp:191), pid=852, tid=20168
#
# JRE version: OpenJDK Runtime Environment Temurin-17.0.10+7 (17.0.10+7) (build 17.0.10+7)
# Java VM: OpenJDK 64-Bit Server VM Temurin-17.0.10+7 (17.0.10+7, mixed mode, tiered, compressed oops, compressed class ptrs, parallel gc, windows-amd64)
# No core dump will be written. Minidumps are not enabled by default on client versions of Windows
#

---------------  S U M M A R Y ------------

Command Line: --add-modules=ALL-SYSTEM --add-opens=java.base/java.util=ALL-UNNAMED --add-opens=java.base/java.lang=ALL-UNNAMED --add-opens=java.base/sun.nio.fs=ALL-UNNAMED -Declipse.application=org.eclipse.jdt.ls.core.id1 -Dosgi.bundles.defaultStartLevel=4 -Declipse.product=org.eclipse.jdt.ls.core.product -Djava.import.generatesMetadataFilesAtProjectRoot=false -DDetectVMInstallationsJob.disabled=true -Dfile.encoding=utf8 -XX:+UseParallelGC -XX:GCTimeRatio=4 -XX:AdaptiveSizePolicyWeight=90 -Dsun.zip.disableMemoryMapping=true -Xmx1G -Xms100m -Xlog:disable -javaagent:c:\Users\21269\.vscode\extensions\redhat.java-1.28.1-win32-x64\lombok\lombok-1.18.31.jar -XX:+HeapDumpOnOutOfMemoryError -XX:HeapDumpPath=c:\Users\21269\AppData\Roaming\Code\User\workspaceStorage\1718572053e923615083db9cc6e0b6a3\redhat.java -Daether.dependencyCollector.impl=bf c:\Users\21269\.vscode\extensions\redhat.java-1.28.1-win32-x64\server\plugins\org.eclipse.equinox.launcher_1.6.700.v20231214-2017.jar -configuration c:\Users\21269\AppData\Roaming\Code\User\globalStorage\redhat.java\1.28.1\config_win -data c:\Users\21269\AppData\Roaming\Code\User\workspaceStorage\1718572053e923615083db9cc6e0b6a3\redhat.java\jdt_ws --stdio

Host: 11th Gen Intel(R) Core(TM) i5-1135G7 @ 2.40GHz, 8 cores, 7G,  Windows 11 , 64 bit Build 22621 (10.0.22621.3235)
Time: Thu Mar  7 21:22:05 2024 Morocco Daylight Time elapsed time: 14.229164 seconds (0d 0h 0m 14s)

---------------  T H R E A D  ---------------

Current thread (0x0000021ffe39aa90):  JavaThread "C2 CompilerThread0" daemon [_thread_in_native, id=20168, stack(0x00000087fb300000,0x00000087fb400000)]


Current CompileTask:
C2:  14229 10737       4       org.eclipse.jdt.internal.compiler.lookup.BinaryTypeBinding::createMethod (1717 bytes)

Stack: [0x00000087fb300000,0x00000087fb400000]
Native frames: (J=compiled Java code, j=interpreted, Vv=VM code, C=native code)
V  [jvm.dll+0x67d2c9]
V  [jvm.dll+0x834afa]
V  [jvm.dll+0x8365be]
V  [jvm.dll+0x836c23]
V  [jvm.dll+0x2477ff]
V  [jvm.dll+0xac514]
V  [jvm.dll+0xacb5c]
V  [jvm.dll+0x2aed1f]
V  [jvm.dll+0x584b67]
V  [jvm.dll+0x2228a2]
V  [jvm.dll+0x222c8f]
V  [jvm.dll+0x21bdb6]
V  [jvm.dll+0x219201]
V  [jvm.dll+0x1a502d]
V  [jvm.dll+0x2290de]
V  [jvm.dll+0x2272ac]
V  [jvm.dll+0x7e9bb7]
V  [jvm.dll+0x7e3fba]
V  [jvm.dll+0x67c1b5]
C  [ucrtbase.dll+0x29363]
C  [KERNEL32.DLL+0x1257d]
C  [ntdll.dll+0x5aa58]


---------------  P R O C E S S  ---------------

Threads class SMR info:
_java_thread_list=0x0000021f9618ae00, length=39, elements={
0x0000021ff84a3c60, 0x0000021ff852ecb0, 0x0000021ffd325db0, 0x0000021ffe397f20,
0x0000021ffe3987f0, 0x0000021ffe3991c0, 0x0000021ffe399c90, 0x0000021ffe39aa90,
0x0000021ffe3ebf00, 0x0000021ffe4160f0, 0x0000021ffe49b5e0, 0x0000021ffe65c040,
0x0000021fff999160, 0x0000021fff8dd180, 0x0000021fff8db320, 0x0000021fff8dc760,
0x0000021fff8db830, 0x0000021fff8dbd40, 0x0000021fff8dc250, 0x0000021fff8da900,
0x0000021fff8da3f0, 0x0000021fff8dae10, 0x0000021f93646000, 0x0000021f9364bb20,
0x0000021f93647440, 0x0000021f9364a6e0, 0x0000021f93646510, 0x0000021f93647e60,
0x0000021f93646a20, 0x0000021f93648d90, 0x0000021f9364b100, 0x0000021f936497b0,
0x0000021f9364b610, 0x0000021f93648370, 0x0000021f9364c030, 0x0000021fff8d99d0,
0x0000021f962a89d0, 0x0000021f962aa830, 0x0000021f962a5c40
}

Java Threads: ( => current thread )
  0x0000021ff84a3c60 JavaThread "main" [_thread_blocked, id=13296, stack(0x00000087faa00000,0x00000087fab00000)]
  0x0000021ff852ecb0 JavaThread "Reference Handler" daemon [_thread_blocked, id=2136, stack(0x00000087fad00000,0x00000087fae00000)]
  0x0000021ffd325db0 JavaThread "Finalizer" daemon [_thread_blocked, id=11972, stack(0x00000087fae00000,0x00000087faf00000)]
  0x0000021ffe397f20 JavaThread "Signal Dispatcher" daemon [_thread_blocked, id=16772, stack(0x00000087faf00000,0x00000087fb000000)]
  0x0000021ffe3987f0 JavaThread "Attach Listener" daemon [_thread_blocked, id=5936, stack(0x00000087fb000000,0x00000087fb100000)]
  0x0000021ffe3991c0 JavaThread "Service Thread" daemon [_thread_blocked, id=11416, stack(0x00000087fb100000,0x00000087fb200000)]
  0x0000021ffe399c90 JavaThread "Monitor Deflation Thread" daemon [_thread_blocked, id=18140, stack(0x00000087fb200000,0x00000087fb300000)]
=>0x0000021ffe39aa90 JavaThread "C2 CompilerThread0" daemon [_thread_in_native, id=20168, stack(0x00000087fb300000,0x00000087fb400000)]
  0x0000021ffe3ebf00 JavaThread "C1 CompilerThread0" daemon [_thread_blocked, id=19552, stack(0x00000087fb400000,0x00000087fb500000)]
  0x0000021ffe4160f0 JavaThread "Sweeper thread" daemon [_thread_blocked, id=10192, stack(0x00000087fb500000,0x00000087fb600000)]
  0x0000021ffe49b5e0 JavaThread "Common-Cleaner" daemon [_thread_blocked, id=9564, stack(0x00000087fb600000,0x00000087fb700000)]
  0x0000021ffe65c040 JavaThread "Notification Thread" daemon [_thread_blocked, id=6904, stack(0x00000087fb700000,0x00000087fb800000)]
  0x0000021fff999160 JavaThread "C2 CompilerThread1" daemon [_thread_in_native, id=1208, stack(0x00000087fb900000,0x00000087fba00000)]
  0x0000021fff8dd180 JavaThread "Active Thread: Equinox Container: aa79dcb4-d760-4a57-a430-3f7caeff95d7" [_thread_blocked, id=2588, stack(0x00000087fc000000,0x00000087fc100000)]
  0x0000021fff8db320 JavaThread "Framework Event Dispatcher: Equinox Container: aa79dcb4-d760-4a57-a430-3f7caeff95d7" daemon [_thread_blocked, id=17108, stack(0x00000087fc100000,0x00000087fc200000)]
  0x0000021fff8dc760 JavaThread "Start Level: Equinox Container: aa79dcb4-d760-4a57-a430-3f7caeff95d7" daemon [_thread_blocked, id=1464, stack(0x00000087fc200000,0x00000087fc300000)]
  0x0000021fff8db830 JavaThread "Bundle File Closer" daemon [_thread_blocked, id=14684, stack(0x00000087fc400000,0x00000087fc500000)]
  0x0000021fff8dbd40 JavaThread "SCR Component Actor" daemon [_thread_blocked, id=5116, stack(0x00000087fc500000,0x00000087fc600000)]
  0x0000021fff8dc250 JavaThread "Worker-JM" [_thread_blocked, id=17160, stack(0x00000087fc700000,0x00000087fc800000)]
  0x0000021fff8da900 JavaThread "Worker-0: Refreshing workspace" [_thread_blocked, id=19772, stack(0x00000087fc800000,0x00000087fc900000)]
  0x0000021fff8da3f0 JavaThread "Worker-1: Update project g-note" [_thread_blocked, id=3632, stack(0x00000087fc900000,0x00000087fca00000)]
  0x0000021fff8dae10 JavaThread "Java indexing" daemon [_thread_in_Java, id=6268, stack(0x00000087fca00000,0x00000087fcb00000)]
  0x0000021f93646000 JavaThread "JNA Cleaner" daemon [_thread_blocked, id=4012, stack(0x00000087fcb00000,0x00000087fcc00000)]
  0x0000021f9364bb20 JavaThread "pool-2-thread-1" [_thread_blocked, id=8824, stack(0x00000087fcc00000,0x00000087fcd00000)]
  0x0000021f93647440 JavaThread "WorkspaceEventsHandler" [_thread_blocked, id=3404, stack(0x00000087fcd00000,0x00000087fce00000)]
  0x0000021f9364a6e0 JavaThread "pool-1-thread-1" [_thread_in_native, id=18128, stack(0x00000087fce00000,0x00000087fcf00000)]
  0x0000021f93646510 JavaThread "Worker-2" [_thread_blocked, id=16620, stack(0x00000087fcf00000,0x00000087fd000000)]
  0x0000021f93647e60 JavaThread "Worker-3: Java indexing... " [_thread_blocked, id=18552, stack(0x00000087fd000000,0x00000087fd100000)]
  0x0000021f93646a20 JavaThread "Worker-4: Initialize workspace" [_thread_blocked, id=19112, stack(0x00000087fd100000,0x00000087fd200000)]
  0x0000021f93648d90 JavaThread "Worker-5" [_thread_blocked, id=1700, stack(0x00000087fc600000,0x00000087fc700000)]
  0x0000021f9364b100 JavaThread "Worker-6" [_thread_blocked, id=14716, stack(0x00000087fd200000,0x00000087fd300000)]
  0x0000021f936497b0 JavaThread "Worker-7" [_thread_blocked, id=11004, stack(0x00000087fd300000,0x00000087fd400000)]
  0x0000021f9364b610 JavaThread "ForkJoinPool.commonPool-worker-1" daemon [_thread_in_native, id=20344, stack(0x00000087fd400000,0x00000087fd500000)]
  0x0000021f93648370 JavaThread "ForkJoinPool.commonPool-worker-2" daemon [_thread_blocked, id=5576, stack(0x00000087fd500000,0x00000087fd600000)]
  0x0000021f9364c030 JavaThread "ForkJoinPool.commonPool-worker-3" daemon [_thread_blocked, id=10980, stack(0x00000087fd600000,0x00000087fd700000)]
  0x0000021fff8d99d0 JavaThread "ForkJoinPool.commonPool-worker-4" daemon [_thread_blocked, id=9232, stack(0x00000087fd700000,0x00000087fd800000)]
  0x0000021f962a89d0 JavaThread "ForkJoinPool.commonPool-worker-5" daemon [_thread_in_native, id=15056, stack(0x00000087fd800000,0x00000087fd900000)]
  0x0000021f962aa830 JavaThread "ForkJoinPool.commonPool-worker-6" daemon [_thread_blocked, id=15548, stack(0x00000087fd900000,0x00000087fda00000)]
  0x0000021f962a5c40 JavaThread "ForkJoinPool.commonPool-worker-7" daemon [_thread_blocked, id=2156, stack(0x00000087fda00000,0x00000087fdb00000)]

Other Threads:
  0x0000021ff854ed20 VMThread "VM Thread" [stack: 0x00000087fac00000,0x00000087fad00000] [id=3948]
  0x0000021ffe6de1c0 WatcherThread [stack: 0x00000087fb800000,0x00000087fb900000] [id=18532]
  0x0000021ff84ba100 GCTaskThread "GC Thread#0" [stack: 0x00000087fab00000,0x00000087fac00000] [id=15496]
  0x0000021fffa15600 GCTaskThread "GC Thread#1" [stack: 0x00000087fba00000,0x00000087fbb00000] [id=12304]
  0x0000021f93073c90 GCTaskThread "GC Thread#2" [stack: 0x00000087fbb00000,0x00000087fbc00000] [id=20400]
  0x0000021fffd08c70 GCTaskThread "GC Thread#3" [stack: 0x00000087fbc00000,0x00000087fbd00000] [id=14640]
  0x0000021fff91d950 GCTaskThread "GC Thread#4" [stack: 0x00000087fbd00000,0x00000087fbe00000] [id=7744]
  0x0000021fff91dc10 GCTaskThread "GC Thread#5" [stack: 0x00000087fbe00000,0x00000087fbf00000] [id=11096]
  0x0000021fff91ded0 GCTaskThread "GC Thread#6" [stack: 0x00000087fbf00000,0x00000087fc000000] [id=11360]
  0x0000021f933c0340 GCTaskThread "GC Thread#7" [stack: 0x00000087fc300000,0x00000087fc400000] [id=12300]

Threads with active compile tasks:
C2 CompilerThread0    14245 10737       4       org.eclipse.jdt.internal.compiler.lookup.BinaryTypeBinding::createMethod (1717 bytes)
C2 CompilerThread1    14246 10881       4       java.util.TimSort::sort (229 bytes)

VM state: not at safepoint (normal execution)

VM Mutex/Monitor currently owned by a thread: None

Heap address: 0x00000000c0000000, size: 1024 MB, Compressed Oops mode: 32-bit

CDS archive(s) not mapped
Compressed class space mapped at: 0x0000000100000000-0x0000000140000000, reserved size: 1073741824
Narrow klass base: 0x0000000000000000, Narrow klass shift: 3, Narrow klass range: 0x140000000

GC Precious Log:
 CPUs: 8 total, 8 available
 Memory: 7991M
 Large Page Support: Disabled
 NUMA Support: Disabled
 Compressed Oops: Enabled (32-bit)
 Alignments: Space 512K, Generation 512K, Heap 2M
 Heap Min Capacity: 100M
 Heap Initial Capacity: 100M
 Heap Max Capacity: 1G
 Pre-touch: Disabled
 Parallel Workers: 8

Heap:
 PSYoungGen      total 10240K, used 8457K [0x00000000eab00000, 0x00000000eb880000, 0x0000000100000000)
  eden space 6656K, 78% used [0x00000000eab00000,0x00000000eb020b70,0x00000000eb180000)
  from space 3584K, 89% used [0x00000000eb500000,0x00000000eb821b18,0x00000000eb880000)
  to   space 3584K, 0% used [0x00000000eb180000,0x00000000eb180000,0x00000000eb500000)
 ParOldGen       total 163840K, used 143843K [0x00000000c0000000, 0x00000000ca000000, 0x00000000eab00000)
  object space 163840K, 87% used [0x00000000c0000000,0x00000000c8c78c28,0x00000000ca000000)
 Metaspace       used 69821K, committed 71104K, reserved 1114112K
  class space    used 7357K, committed 7936K, reserved 1048576K

Card table byte_map: [0x0000021ff7e60000,0x0000021ff8070000] _byte_map_base: 0x0000021ff7860000

Marking Bits: (ParMarkBitMap*) 0x00007ffb25f2d7d0
 Begin Bits: [0x0000021ffb130000, 0x0000021ffc130000)
 End Bits:   [0x0000021ffc130000, 0x0000021ffd130000)

Polling page: 0x0000021ff7c50000

Metaspace:

Usage:
  Non-class:     61.00 MB used.
      Class:      7.18 MB used.
       Both:     68.18 MB used.

Virtual space:
  Non-class space:       64.00 MB reserved,      61.69 MB ( 96%) committed,  1 nodes.
      Class space:        1.00 GB reserved,       7.75 MB ( <1%) committed,  1 nodes.
             Both:        1.06 GB reserved,      69.44 MB (  6%) committed. 

Chunk freelists:
   Non-Class:  2.18 MB
       Class:  8.22 MB
        Both:  10.40 MB

MaxMetaspaceSize: unlimited
CompressedClassSpaceSize: 1.00 GB
Initial GC threshold: 21.00 MB
Current GC threshold: 113.44 MB
CDS: off
MetaspaceReclaimPolicy: balanced
 - commit_granule_bytes: 65536.
 - commit_granule_words: 8192.
 - virtual_space_node_default_size: 8388608.
 - enlarge_chunks_in_place: 1.
 - new_chunks_are_fully_committed: 0.
 - uncommit_free_chunks: 1.
 - use_allocation_guard: 0.
 - handle_deallocations: 1.


Internal statistics:

num_allocs_failed_limit: 6.
num_arena_births: 942.
num_arena_deaths: 22.
num_vsnodes_births: 2.
num_vsnodes_deaths: 0.
num_space_committed: 1111.
num_space_uncommitted: 0.
num_chunks_returned_to_freelist: 31.
num_chunks_taken_from_freelist: 3866.
num_chunk_merges: 12.
num_chunk_splits: 2377.
num_chunks_enlarged: 1376.
num_inconsistent_stats: 0.

CodeHeap 'non-profiled nmethods': size=120000Kb used=5865Kb max_used=5979Kb free=114135Kb
 bounds [0x0000021f87ad0000, 0x0000021f880b0000, 0x0000021f8f000000]
CodeHeap 'profiled nmethods': size=120000Kb used=17223Kb max_used=18854Kb free=102776Kb
 bounds [0x0000021f80000000, 0x0000021f81270000, 0x0000021f87530000]
CodeHeap 'non-nmethods': size=5760Kb used=1369Kb max_used=1420Kb free=4390Kb
 bounds [0x0000021f87530000, 0x0000021f877a0000, 0x0000021f87ad0000]
 total_blobs=9500 nmethods=8800 adapters=612
 compilation: enabled
              stopped_count=0, restarted_count=0
 full_count=0

Compilation events (20 events):
Event: 14.133 Thread 0x0000021ffe3ebf00 10955       3       org.eclipse.core.runtime.Path::computeLength (100 bytes)
Event: 14.134 Thread 0x0000021ffe3ebf00 nmethod 10955 0x0000021f80899410 code [0x0000021f808995e0, 0x0000021f80899b38]
Event: 14.137 Thread 0x0000021ffe3ebf00 10956       3       org.eclipse.core.runtime.ProgressMonitorWrapper::internalWorked (11 bytes)
Event: 14.137 Thread 0x0000021ffe3ebf00 nmethod 10956 0x0000021f80c2a590 code [0x0000021f80c2a740, 0x0000021f80c2a908]
Event: 14.137 Thread 0x0000021ffe3ebf00 10957       3       org.eclipse.core.runtime.SubProgressMonitor::internalWorked (67 bytes)
Event: 14.137 Thread 0x0000021ffe3ebf00 nmethod 10957 0x0000021f80c7fd90 code [0x0000021f80c7ff80, 0x0000021f80c80368]
Event: 14.153 Thread 0x0000021ffe3ebf00 10958       3       org.eclipse.core.internal.resources.Container::isLocal (75 bytes)
Event: 14.154 Thread 0x0000021ffe3ebf00 nmethod 10958 0x0000021f805c8d90 code [0x0000021f805c8f80, 0x0000021f805c9618]
Event: 14.155 Thread 0x0000021ffe3ebf00 10959   !   3       org.eclipse.core.internal.registry.osgi.RegistryStrategyOSGI::getBundle (165 bytes)
Event: 14.156 Thread 0x0000021ffe3ebf00 nmethod 10959 0x0000021f80c5a790 code [0x0000021f80c5ab00, 0x0000021f80c5c4d8]
Event: 14.161 Thread 0x0000021ffe3ebf00 10960       3       org.eclipse.core.runtime.SubProgressMonitor::worked (7 bytes)
Event: 14.162 Thread 0x0000021ffe3ebf00 nmethod 10960 0x0000021f8082c310 code [0x0000021f8082c4a0, 0x0000021f8082c5e8]
Event: 14.188 Thread 0x0000021ffe3ebf00 10964   !   3       org.eclipse.osgi.internal.log.ExtendedLogReaderServiceFactory::isLoggablePrivileged (147 bytes)
Event: 14.189 Thread 0x0000021ffe3ebf00 nmethod 10964 0x0000021f80f7b390 code [0x0000021f80f7b660, 0x0000021f80f7c368]
Event: 14.189 Thread 0x0000021ffe3ebf00 10965   !   3       org.eclipse.osgi.internal.framework.EquinoxBundle::adapt0 (939 bytes)
Event: 14.197 Thread 0x0000021ffe3ebf00 nmethod 10965 0x0000021f80c01410 code [0x0000021f80c022e0, 0x0000021f80c0c2e8]
Event: 14.197 Thread 0x0000021ffe3ebf00 10966       3       com.google.gson.internal.bind.ObjectTypeAdapter$1::create (25 bytes)
Event: 14.197 Thread 0x0000021ffe3ebf00 nmethod 10966 0x0000021f80e9ce10 code [0x0000021f80e9cfe0, 0x0000021f80e9d398]
Event: 14.197 Thread 0x0000021ffe3ebf00 10963       3       org.eclipse.osgi.internal.log.ExtendedLogReaderServiceFactory::isLoggable (35 bytes)
Event: 14.197 Thread 0x0000021ffe3ebf00 nmethod 10963 0x0000021f806ee110 code [0x0000021f806ee340, 0x0000021f806eea38]

GC Heap History (20 events):
Event: 12.944 GC heap before
{Heap before GC invocations=251 (full 10):
 PSYoungGen      total 12288K, used 12272K [0x00000000eab00000, 0x00000000ebb80000, 0x0000000100000000)
  eden space 9216K, 100% used [0x00000000eab00000,0x00000000eb400000,0x00000000eb400000)
  from space 3072K, 99% used [0x00000000eb780000,0x00000000eba7c300,0x00000000eba80000)
  to   space 3584K, 0% used [0x00000000eb400000,0x00000000eb400000,0x00000000eb780000)
 ParOldGen       total 148480K, used 143902K [0x00000000c0000000, 0x00000000c9100000, 0x00000000eab00000)
  object space 148480K, 96% used [0x00000000c0000000,0x00000000c8c87ab0,0x00000000c9100000)
 Metaspace       used 68364K, committed 69696K, reserved 1114112K
  class space    used 7250K, committed 7872K, reserved 1048576K
}
Event: 12.947 GC heap after
{Heap after GC invocations=251 (full 10):
 PSYoungGen      total 12288K, used 2563K [0x00000000eab00000, 0x00000000eba00000, 0x0000000100000000)
  eden space 9216K, 0% used [0x00000000eab00000,0x00000000eab00000,0x00000000eb400000)
  from space 3072K, 83% used [0x00000000eb400000,0x00000000eb680d90,0x00000000eb700000)
  to   space 3072K, 0% used [0x00000000eb700000,0x00000000eb700000,0x00000000eba00000)
 ParOldGen       total 148480K, used 145810K [0x00000000c0000000, 0x00000000c9100000, 0x00000000eab00000)
  object space 148480K, 98% used [0x00000000c0000000,0x00000000c8e64ac0,0x00000000c9100000)
 Metaspace       used 68364K, committed 69696K, reserved 1114112K
  class space    used 7250K, committed 7872K, reserved 1048576K
}
Event: 13.148 GC heap before
{Heap before GC invocations=252 (full 10):
 PSYoungGen      total 12288K, used 11779K [0x00000000eab00000, 0x00000000eba00000, 0x0000000100000000)
  eden space 9216K, 100% used [0x00000000eab00000,0x00000000eb400000,0x00000000eb400000)
  from space 3072K, 83% used [0x00000000eb400000,0x00000000eb680d90,0x00000000eb700000)
  to   space 3072K, 0% used [0x00000000eb700000,0x00000000eb700000,0x00000000eba00000)
 ParOldGen       total 148480K, used 145810K [0x00000000c0000000, 0x00000000c9100000, 0x00000000eab00000)
  object space 148480K, 98% used [0x00000000c0000000,0x00000000c8e64ac0,0x00000000c9100000)
 Metaspace       used 68365K, committed 69696K, reserved 1114112K
  class space    used 7250K, committed 7872K, reserved 1048576K
}
Event: 13.151 GC heap after
{Heap after GC invocations=252 (full 10):
 PSYoungGen      total 10752K, used 3048K [0x00000000eab00000, 0x00000000ebd00000, 0x0000000100000000)
  eden space 7680K, 0% used [0x00000000eab00000,0x00000000eab00000,0x00000000eb280000)
  from space 3072K, 99% used [0x00000000eb700000,0x00000000eb9fa2b8,0x00000000eba00000)
  to   space 4608K, 0% used [0x00000000eb280000,0x00000000eb280000,0x00000000eb700000)
 ParOldGen       total 148480K, used 146801K [0x00000000c0000000, 0x00000000c9100000, 0x00000000eab00000)
  object space 148480K, 98% used [0x00000000c0000000,0x00000000c8f5c5a0,0x00000000c9100000)
 Metaspace       used 68365K, committed 69696K, reserved 1114112K
  class space    used 7250K, committed 7872K, reserved 1048576K
}
Event: 13.275 GC heap before
{Heap before GC invocations=253 (full 10):
 PSYoungGen      total 10752K, used 10728K [0x00000000eab00000, 0x00000000ebd00000, 0x0000000100000000)
  eden space 7680K, 100% used [0x00000000eab00000,0x00000000eb280000,0x00000000eb280000)
  from space 3072K, 99% used [0x00000000eb700000,0x00000000eb9fa2b8,0x00000000eba00000)
  to   space 4608K, 0% used [0x00000000eb280000,0x00000000eb280000,0x00000000eb700000)
 ParOldGen       total 148480K, used 146801K [0x00000000c0000000, 0x00000000c9100000, 0x00000000eab00000)
  object space 148480K, 98% used [0x00000000c0000000,0x00000000c8f5c5a0,0x00000000c9100000)
 Metaspace       used 68365K, committed 69696K, reserved 1114112K
  class space    used 7250K, committed 7872K, reserved 1048576K
}
Event: 13.276 GC heap after
{Heap after GC invocations=253 (full 10):
 PSYoungGen      total 10752K, used 2756K [0x00000000eab00000, 0x00000000eb980000, 0x0000000100000000)
  eden space 7680K, 0% used [0x00000000eab00000,0x00000000eab00000,0x00000000eb280000)
  from space 3072K, 89% used [0x00000000eb280000,0x00000000eb531008,0x00000000eb580000)
  to   space 3584K, 0% used [0x00000000eb600000,0x00000000eb600000,0x00000000eb980000)
 ParOldGen       total 148992K, used 148693K [0x00000000c0000000, 0x00000000c9180000, 0x00000000eab00000)
  object space 148992K, 99% used [0x00000000c0000000,0x00000000c9135458,0x00000000c9180000)
 Metaspace       used 68365K, committed 69696K, reserved 1114112K
  class space    used 7250K, committed 7872K, reserved 1048576K
}
Event: 13.276 GC heap before
{Heap before GC invocations=254 (full 11):
 PSYoungGen      total 10752K, used 2756K [0x00000000eab00000, 0x00000000eb980000, 0x0000000100000000)
  eden space 7680K, 0% used [0x00000000eab00000,0x00000000eab00000,0x00000000eb280000)
  from space 3072K, 89% used [0x00000000eb280000,0x00000000eb531008,0x00000000eb580000)
  to   space 3584K, 0% used [0x00000000eb600000,0x00000000eb600000,0x00000000eb980000)
 ParOldGen       total 148992K, used 148693K [0x00000000c0000000, 0x00000000c9180000, 0x00000000eab00000)
  object space 148992K, 99% used [0x00000000c0000000,0x00000000c9135458,0x00000000c9180000)
 Metaspace       used 68365K, committed 69696K, reserved 1114112K
  class space    used 7250K, committed 7872K, reserved 1048576K
}
Event: 13.340 GC heap after
{Heap after GC invocations=254 (full 11):
 PSYoungGen      total 11264K, used 0K [0x00000000eab00000, 0x00000000eb980000, 0x0000000100000000)
  eden space 7680K, 0% used [0x00000000eab00000,0x00000000eab00000,0x00000000eb280000)
  from space 3584K, 0% used [0x00000000eb600000,0x00000000eb600000,0x00000000eb980000)
  to   space 3584K, 0% used [0x00000000eb280000,0x00000000eb280000,0x00000000eb600000)
 ParOldGen       total 163840K, used 140723K [0x00000000c0000000, 0x00000000ca000000, 0x00000000eab00000)
  object space 163840K, 85% used [0x00000000c0000000,0x00000000c896cfb0,0x00000000ca000000)
 Metaspace       used 68365K, committed 69696K, reserved 1114112K
  class space    used 7250K, committed 7872K, reserved 1048576K
}
Event: 13.410 GC heap before
{Heap before GC invocations=255 (full 11):
 PSYoungGen      total 11264K, used 7680K [0x00000000eab00000, 0x00000000eb980000, 0x0000000100000000)
  eden space 7680K, 100% used [0x00000000eab00000,0x00000000eb280000,0x00000000eb280000)
  from space 3584K, 0% used [0x00000000eb600000,0x00000000eb600000,0x00000000eb980000)
  to   space 3584K, 0% used [0x00000000eb280000,0x00000000eb280000,0x00000000eb600000)
 ParOldGen       total 163840K, used 140723K [0x00000000c0000000, 0x00000000ca000000, 0x00000000eab00000)
  object space 163840K, 85% used [0x00000000c0000000,0x00000000c896cfb0,0x00000000ca000000)
 Metaspace       used 68365K, committed 69696K, reserved 1114112K
  class space    used 7250K, committed 7872K, reserved 1048576K
}
Event: 13.412 GC heap after
{Heap after GC invocations=255 (full 11):
 PSYoungGen      total 9216K, used 1522K [0x00000000eab00000, 0x00000000eb780000, 0x0000000100000000)
  eden space 7680K, 0% used [0x00000000eab00000,0x00000000eab00000,0x00000000eb280000)
  from space 1536K, 99% used [0x00000000eb280000,0x00000000eb3fc938,0x00000000eb400000)
  to   space 2560K, 0% used [0x00000000eb500000,0x00000000eb500000,0x00000000eb780000)
 ParOldGen       total 163840K, used 140723K [0x00000000c0000000, 0x00000000ca000000, 0x00000000eab00000)
  object space 163840K, 85% used [0x00000000c0000000,0x00000000c896cfb0,0x00000000ca000000)
 Metaspace       used 68365K, committed 69696K, reserved 1114112K
  class space    used 7250K, committed 7872K, reserved 1048576K
}
Event: 13.614 GC heap before
{Heap before GC invocations=256 (full 11):
 PSYoungGen      total 9216K, used 9202K [0x00000000eab00000, 0x00000000eb780000, 0x0000000100000000)
  eden space 7680K, 100% used [0x00000000eab00000,0x00000000eb280000,0x00000000eb280000)
  from space 1536K, 99% used [0x00000000eb280000,0x00000000eb3fc938,0x00000000eb400000)
  to   space 2560K, 0% used [0x00000000eb500000,0x00000000eb500000,0x00000000eb780000)
 ParOldGen       total 163840K, used 140723K [0x00000000c0000000, 0x00000000ca000000, 0x00000000eab00000)
  object space 163840K, 85% used [0x00000000c0000000,0x00000000c896cfb0,0x00000000ca000000)
 Metaspace       used 68365K, committed 69696K, reserved 1114112K
  class space    used 7250K, committed 7872K, reserved 1048576K
}
Event: 13.615 GC heap after
{Heap after GC invocations=256 (full 11):
 PSYoungGen      total 9216K, used 2531K [0x00000000eab00000, 0x00000000eb980000, 0x0000000100000000)
  eden space 6656K, 0% used [0x00000000eab00000,0x00000000eab00000,0x00000000eb180000)
  from space 2560K, 98% used [0x00000000eb500000,0x00000000eb778c58,0x00000000eb780000)
  to   space 3584K, 0% used [0x00000000eb180000,0x00000000eb180000,0x00000000eb500000)
 ParOldGen       total 163840K, used 141172K [0x00000000c0000000, 0x00000000ca000000, 0x00000000eab00000)
  object space 163840K, 86% used [0x00000000c0000000,0x00000000c89dd250,0x00000000ca000000)
 Metaspace       used 68365K, committed 69696K, reserved 1114112K
  class space    used 7250K, committed 7872K, reserved 1048576K
}
Event: 13.729 GC heap before
{Heap before GC invocations=257 (full 11):
 PSYoungGen      total 9216K, used 9184K [0x00000000eab00000, 0x00000000eb980000, 0x0000000100000000)
  eden space 6656K, 99% used [0x00000000eab00000,0x00000000eb17f558,0x00000000eb180000)
  from space 2560K, 98% used [0x00000000eb500000,0x00000000eb778c58,0x00000000eb780000)
  to   space 3584K, 0% used [0x00000000eb180000,0x00000000eb180000,0x00000000eb500000)
 ParOldGen       total 163840K, used 141172K [0x00000000c0000000, 0x00000000ca000000, 0x00000000eab00000)
  object space 163840K, 86% used [0x00000000c0000000,0x00000000c89dd250,0x00000000ca000000)
 Metaspace       used 68365K, committed 69696K, reserved 1114112K
  class space    used 7250K, committed 7872K, reserved 1048576K
}
Event: 13.730 GC heap after
{Heap after GC invocations=257 (full 11):
 PSYoungGen      total 10240K, used 3561K [0x00000000eab00000, 0x00000000eb980000, 0x0000000100000000)
  eden space 6656K, 0% used [0x00000000eab00000,0x00000000eab00000,0x00000000eb180000)
  from space 3584K, 99% used [0x00000000eb180000,0x00000000eb4fa698,0x00000000eb500000)
  to   space 4096K, 0% used [0x00000000eb580000,0x00000000eb580000,0x00000000eb980000)
 ParOldGen       total 163840K, used 141353K [0x00000000c0000000, 0x00000000ca000000, 0x00000000eab00000)
  object space 163840K, 86% used [0x00000000c0000000,0x00000000c8a0a7e8,0x00000000ca000000)
 Metaspace       used 68365K, committed 69696K, reserved 1114112K
  class space    used 7250K, committed 7872K, reserved 1048576K
}
Event: 13.830 GC heap before
{Heap before GC invocations=258 (full 11):
 PSYoungGen      total 10240K, used 10217K [0x00000000eab00000, 0x00000000eb980000, 0x0000000100000000)
  eden space 6656K, 100% used [0x00000000eab00000,0x00000000eb180000,0x00000000eb180000)
  from space 3584K, 99% used [0x00000000eb180000,0x00000000eb4fa698,0x00000000eb500000)
  to   space 4096K, 0% used [0x00000000eb580000,0x00000000eb580000,0x00000000eb980000)
 ParOldGen       total 163840K, used 141353K [0x00000000c0000000, 0x00000000ca000000, 0x00000000eab00000)
  object space 163840K, 86% used [0x00000000c0000000,0x00000000c8a0a7e8,0x00000000ca000000)
 Metaspace       used 68411K, committed 69760K, reserved 1114112K
  class space    used 7250K, committed 7872K, reserved 1048576K
}
Event: 13.832 GC heap after
{Heap after GC invocations=258 (full 11):
 PSYoungGen      total 9728K, used 2710K [0x00000000eab00000, 0x00000000eb880000, 0x0000000100000000)
  eden space 6656K, 0% used [0x00000000eab00000,0x00000000eab00000,0x00000000eb180000)
  from space 3072K, 88% used [0x00000000eb580000,0x00000000eb825808,0x00000000eb880000)
  to   space 3584K, 0% used [0x00000000eb180000,0x00000000eb180000,0x00000000eb500000)
 ParOldGen       total 163840K, used 143843K [0x00000000c0000000, 0x00000000ca000000, 0x00000000eab00000)
  object space 163840K, 87% used [0x00000000c0000000,0x00000000c8c78c28,0x00000000ca000000)
 Metaspace       used 68411K, committed 69760K, reserved 1114112K
  class space    used 7250K, committed 7872K, reserved 1048576K
}
Event: 13.970 GC heap before
{Heap before GC invocations=259 (full 11):
 PSYoungGen      total 9728K, used 9366K [0x00000000eab00000, 0x00000000eb880000, 0x0000000100000000)
  eden space 6656K, 99% used [0x00000000eab00000,0x00000000eb17fff8,0x00000000eb180000)
  from space 3072K, 88% used [0x00000000eb580000,0x00000000eb825808,0x00000000eb880000)
  to   space 3584K, 0% used [0x00000000eb180000,0x00000000eb180000,0x00000000eb500000)
 ParOldGen       total 163840K, used 143843K [0x00000000c0000000, 0x00000000ca000000, 0x00000000eab00000)
  object space 163840K, 87% used [0x00000000c0000000,0x00000000c8c78c28,0x00000000ca000000)
 Metaspace       used 69026K, committed 70272K, reserved 1114112K
  class space    used 7286K, committed 7872K, reserved 1048576K
}
Event: 13.971 GC heap after
{Heap after GC invocations=259 (full 11):
 PSYoungGen      total 10240K, used 3400K [0x00000000eab00000, 0x00000000eb880000, 0x0000000100000000)
  eden space 6656K, 0% used [0x00000000eab00000,0x00000000eab00000,0x00000000eb180000)
  from space 3584K, 94% used [0x00000000eb180000,0x00000000eb4d21a0,0x00000000eb500000)
  to   space 3584K, 0% used [0x00000000eb500000,0x00000000eb500000,0x00000000eb880000)
 ParOldGen       total 163840K, used 143843K [0x00000000c0000000, 0x00000000ca000000, 0x00000000eab00000)
  object space 163840K, 87% used [0x00000000c0000000,0x00000000c8c78c28,0x00000000ca000000)
 Metaspace       used 69026K, committed 70272K, reserved 1114112K
  class space    used 7286K, committed 7872K, reserved 1048576K
}
Event: 14.097 GC heap before
{Heap before GC invocations=260 (full 11):
 PSYoungGen      total 10240K, used 10056K [0x00000000eab00000, 0x00000000eb880000, 0x0000000100000000)
  eden space 6656K, 100% used [0x00000000eab00000,0x00000000eb180000,0x00000000eb180000)
  from space 3584K, 94% used [0x00000000eb180000,0x00000000eb4d21a0,0x00000000eb500000)
  to   space 3584K, 0% used [0x00000000eb500000,0x00000000eb500000,0x00000000eb880000)
 ParOldGen       total 163840K, used 143843K [0x00000000c0000000, 0x00000000ca000000, 0x00000000eab00000)
  object space 163840K, 87% used [0x00000000c0000000,0x00000000c8c78c28,0x00000000ca000000)
 Metaspace       used 69752K, committed 71040K, reserved 1114112K
  class space    used 7347K, committed 7936K, reserved 1048576K
}
Event: 14.099 GC heap after
{Heap after GC invocations=260 (full 11):
 PSYoungGen      total 10240K, used 3206K [0x00000000eab00000, 0x00000000eb880000, 0x0000000100000000)
  eden space 6656K, 0% used [0x00000000eab00000,0x00000000eab00000,0x00000000eb180000)
  from space 3584K, 89% used [0x00000000eb500000,0x00000000eb821b18,0x00000000eb880000)
  to   space 3584K, 0% used [0x00000000eb180000,0x00000000eb180000,0x00000000eb500000)
 ParOldGen       total 163840K, used 143843K [0x00000000c0000000, 0x00000000ca000000, 0x00000000eab00000)
  object space 163840K, 87% used [0x00000000c0000000,0x00000000c8c78c28,0x00000000ca000000)
 Metaspace       used 69752K, committed 71040K, reserved 1114112K
  class space    used 7347K, committed 7936K, reserved 1048576K
}

Dll operation events (10 events):
Event: 0.007 Loaded shared library c:\Users\21269\.vscode\extensions\redhat.java-1.28.1-win32-x64\jre\17.0.10-win32-x86_64\bin\java.dll
Event: 0.152 Loaded shared library c:\Users\21269\.vscode\extensions\redhat.java-1.28.1-win32-x64\jre\17.0.10-win32-x86_64\bin\zip.dll
Event: 0.154 Loaded shared library C:\Users\21269\.vscode\extensions\redhat.java-1.28.1-win32-x64\jre\17.0.10-win32-x86_64\bin\instrument.dll
Event: 0.167 Loaded shared library C:\Users\21269\.vscode\extensions\redhat.java-1.28.1-win32-x64\jre\17.0.10-win32-x86_64\bin\net.dll
Event: 0.169 Loaded shared library C:\Users\21269\.vscode\extensions\redhat.java-1.28.1-win32-x64\jre\17.0.10-win32-x86_64\bin\nio.dll
Event: 0.182 Loaded shared library C:\Users\21269\.vscode\extensions\redhat.java-1.28.1-win32-x64\jre\17.0.10-win32-x86_64\bin\zip.dll
Event: 0.213 Loaded shared library C:\Users\21269\.vscode\extensions\redhat.java-1.28.1-win32-x64\jre\17.0.10-win32-x86_64\bin\jimage.dll
Event: 0.311 Loaded shared library c:\Users\21269\.vscode\extensions\redhat.java-1.28.1-win32-x64\jre\17.0.10-win32-x86_64\bin\verify.dll
Event: 1.436 Loaded shared library C:\Users\21269\AppData\Roaming\Code\User\globalStorage\redhat.java\1.28.1\config_win\org.eclipse.equinox.launcher\org.eclipse.equinox.launcher.win32.win32.x86_64_1.2.900.v20240129-1338\eclipse_11900.dll
Event: 3.432 Loaded shared library C:\Users\21269\AppData\Local\Temp\jna--1921886675\jna6691504267673883611.dll

Deoptimization events (20 events):
Event: 14.114 Thread 0x0000021f962aa830 Uncommon trap: trap_request=0xffffff45 fr.pc=0x0000021f87babb90 relative=0x0000000000001550
Event: 14.114 Thread 0x0000021f962aa830 Uncommon trap: reason=unstable_if action=reinterpret pc=0x0000021f87babb90 method=org.eclipse.core.runtime.Path.computeFlags(Ljava/lang/String;Z)I @ 93 c2
Event: 14.114 Thread 0x0000021f962aa830 DEOPT PACKING pc=0x0000021f87babb90 sp=0x00000087fd9fe590
Event: 14.114 Thread 0x0000021f962aa830 DEOPT UNPACKING pc=0x0000021f87589ea3 sp=0x00000087fd9fe4d0 mode 2
Event: 14.114 Thread 0x0000021f962aa830 Uncommon trap: trap_request=0xffffff45 fr.pc=0x0000021f87fcd9d0 relative=0x00000000000015d0
Event: 14.114 Thread 0x0000021f962aa830 Uncommon trap: reason=unstable_if action=reinterpret pc=0x0000021f87fcd9d0 method=org.eclipse.core.runtime.Path.computeSegmentCount(Ljava/lang/String;)I @ 78 c2
Event: 14.114 Thread 0x0000021f962aa830 DEOPT PACKING pc=0x0000021f87fcd9d0 sp=0x00000087fd9fe4d0
Event: 14.114 Thread 0x0000021f962aa830 DEOPT UNPACKING pc=0x0000021f87589ea3 sp=0x00000087fd9fe420 mode 2
Event: 14.114 Thread 0x0000021f962aa830 Uncommon trap: trap_request=0xffffff45 fr.pc=0x0000021f88031714 relative=0x0000000000000f94
Event: 14.114 Thread 0x0000021f962aa830 Uncommon trap: reason=unstable_if action=reinterpret pc=0x0000021f88031714 method=org.eclipse.core.runtime.Path.computeLength()I @ 92 c2
Event: 14.114 Thread 0x0000021f962aa830 DEOPT PACKING pc=0x0000021f88031714 sp=0x00000087fd9fe600
Event: 14.114 Thread 0x0000021f962aa830 DEOPT UNPACKING pc=0x0000021f87589ea3 sp=0x00000087fd9fe540 mode 2
Event: 14.115 Thread 0x0000021f962aa830 Uncommon trap: trap_request=0xffffff45 fr.pc=0x0000021f87fd2cc4 relative=0x0000000000000204
Event: 14.115 Thread 0x0000021f962aa830 Uncommon trap: reason=unstable_if action=reinterpret pc=0x0000021f87fd2cc4 method=org.eclipse.core.runtime.Path.computeFlags(Ljava/lang/String;Z)I @ 93 c2
Event: 14.115 Thread 0x0000021f962aa830 DEOPT PACKING pc=0x0000021f87fd2cc4 sp=0x00000087fd9fe7a0
Event: 14.115 Thread 0x0000021f962aa830 DEOPT UNPACKING pc=0x0000021f87589ea3 sp=0x00000087fd9fe720 mode 2
Event: 14.121 Thread 0x0000021f962a5c40 Uncommon trap: trap_request=0xffffff45 fr.pc=0x0000021f87e1d848 relative=0x00000000000001a8
Event: 14.121 Thread 0x0000021f962a5c40 Uncommon trap: reason=unstable_if action=reinterpret pc=0x0000021f87e1d848 method=org.eclipse.core.runtime.Path.computeLength()I @ 92 c2
Event: 14.122 Thread 0x0000021f962a5c40 DEOPT PACKING pc=0x0000021f87e1d848 sp=0x00000087fdafe610
Event: 14.122 Thread 0x0000021f962a5c40 DEOPT UNPACKING pc=0x0000021f87589ea3 sp=0x00000087fdafe590 mode 2

Classes unloaded (11 events):
Event: 2.311 Thread 0x0000021ff854ed20 Unloading class 0x0000000100250400 'java/lang/invoke/LambdaForm$MH+0x0000000100250400'
Event: 2.311 Thread 0x0000021ff854ed20 Unloading class 0x0000000100250000 'java/lang/invoke/LambdaForm$MH+0x0000000100250000'
Event: 2.311 Thread 0x0000021ff854ed20 Unloading class 0x000000010024fc00 'java/lang/invoke/LambdaForm$MH+0x000000010024fc00'
Event: 2.311 Thread 0x0000021ff854ed20 Unloading class 0x000000010024f800 'java/lang/invoke/LambdaForm$MH+0x000000010024f800'
Event: 2.311 Thread 0x0000021ff854ed20 Unloading class 0x000000010024f400 'java/lang/invoke/LambdaForm$BMH+0x000000010024f400'
Event: 2.311 Thread 0x0000021ff854ed20 Unloading class 0x000000010024f000 'java/lang/invoke/LambdaForm$DMH+0x000000010024f000'
Event: 2.311 Thread 0x0000021ff854ed20 Unloading class 0x000000010024c400 'java/lang/invoke/LambdaForm$DMH+0x000000010024c400'
Event: 9.909 Thread 0x0000021ff854ed20 Unloading class 0x00000001006d1800 'java/lang/invoke/LambdaForm$DMH+0x00000001006d1800'
Event: 9.909 Thread 0x0000021ff854ed20 Unloading class 0x00000001006d1000 'java/lang/invoke/LambdaForm$DMH+0x00000001006d1000'
Event: 9.909 Thread 0x0000021ff854ed20 Unloading class 0x00000001006d1400 'java/lang/invoke/LambdaForm$DMH+0x00000001006d1400'
Event: 9.909 Thread 0x0000021ff854ed20 Unloading class 0x00000001006d0c00 'java/lang/invoke/LambdaForm$DMH+0x00000001006d0c00'

Classes redefined (0 events):
No events

Internal exceptions (20 events):
Event: 11.726 Thread 0x0000021f962a4800 Exception <a 'java/lang/NoSuchMethodError'{0x00000000eb2ec818}: 'int java.lang.invoke.DirectMethodHandle$Holder.invokeStatic(java.lang.Object, int, java.lang.Object)'> (0x00000000eb2ec818) 
thrown [s\src\hotspot\share\interpreter\linkResolver.cpp, line 759]
Event: 11.848 Thread 0x0000021f9364b610 Exception <a 'sun/nio/fs/WindowsException'{0x00000000eb2517b8}> (0x00000000eb2517b8) 
thrown [s\src\hotspot\share\prims\jni.cpp, line 516]
Event: 11.862 Thread 0x0000021f9364b610 Exception <a 'sun/nio/fs/WindowsException'{0x00000000eb318ef0}> (0x00000000eb318ef0) 
thrown [s\src\hotspot\share\prims\jni.cpp, line 516]
Event: 11.865 Thread 0x0000021f9364b610 Exception <a 'sun/nio/fs/WindowsException'{0x00000000eb341970}> (0x00000000eb341970) 
thrown [s\src\hotspot\share\prims\jni.cpp, line 516]
Event: 11.869 Thread 0x0000021f9364b610 Exception <a 'sun/nio/fs/WindowsException'{0x00000000eb34dc60}> (0x00000000eb34dc60) 
thrown [s\src\hotspot\share\prims\jni.cpp, line 516]
Event: 11.873 Thread 0x0000021f9364b610 Exception <a 'sun/nio/fs/WindowsException'{0x00000000eb359638}> (0x00000000eb359638) 
thrown [s\src\hotspot\share\prims\jni.cpp, line 516]
Event: 11.879 Thread 0x0000021f9364b610 Exception <a 'sun/nio/fs/WindowsException'{0x00000000eb3fe658}> (0x00000000eb3fe658) 
thrown [s\src\hotspot\share\prims\jni.cpp, line 516]
Event: 11.882 Thread 0x0000021f9364b610 Exception <a 'sun/nio/fs/WindowsException'{0x00000000eb451f18}> (0x00000000eb451f18) 
thrown [s\src\hotspot\share\prims\jni.cpp, line 516]
Event: 11.913 Thread 0x0000021f962a4800 Exception <a 'java/lang/NoSuchMethodError'{0x00000000eb64b3f8}: 'void java.lang.invoke.DirectMethodHandle$Holder.invokeStatic(java.lang.Object, int, java.lang.Object)'> (0x00000000eb64b3f8) 
thrown [s\src\hotspot\share\interpreter\linkResolver.cpp, line 759]
Event: 11.930 Thread 0x0000021f9364b610 Exception <a 'sun/nio/fs/WindowsException'{0x00000000eab09278}> (0x00000000eab09278) 
thrown [s\src\hotspot\share\prims\jni.cpp, line 516]
Event: 11.934 Thread 0x0000021f9364b610 Exception <a 'sun/nio/fs/WindowsException'{0x00000000eab80d80}> (0x00000000eab80d80) 
thrown [s\src\hotspot\share\prims\jni.cpp, line 516]
Event: 11.939 Thread 0x0000021f9364b610 Exception <a 'sun/nio/fs/WindowsException'{0x00000000eabf45f0}> (0x00000000eabf45f0) 
thrown [s\src\hotspot\share\prims\jni.cpp, line 516]
Event: 11.945 Thread 0x0000021f9364b610 Exception <a 'sun/nio/fs/WindowsException'{0x00000000eac017d0}> (0x00000000eac017d0) 
thrown [s\src\hotspot\share\prims\jni.cpp, line 516]
Event: 11.953 Thread 0x0000021f9364b610 Exception <a 'sun/nio/fs/WindowsException'{0x00000000eac8a620}> (0x00000000eac8a620) 
thrown [s\src\hotspot\share\prims\jni.cpp, line 516]
Event: 11.956 Thread 0x0000021f9364b610 Exception <a 'sun/nio/fs/WindowsException'{0x00000000eacb11f8}> (0x00000000eacb11f8) 
thrown [s\src\hotspot\share\prims\jni.cpp, line 516]
Event: 11.959 Thread 0x0000021f9364b610 Exception <a 'sun/nio/fs/WindowsException'{0x00000000eacc47c0}> (0x00000000eacc47c0) 
thrown [s\src\hotspot\share\prims\jni.cpp, line 516]
Event: 11.962 Thread 0x0000021f9364b610 Exception <a 'sun/nio/fs/WindowsException'{0x00000000ead14368}> (0x00000000ead14368) 
thrown [s\src\hotspot\share\prims\jni.cpp, line 516]
Event: 11.966 Thread 0x0000021f9364b610 Exception <a 'sun/nio/fs/WindowsException'{0x00000000ead7a218}> (0x00000000ead7a218) 
thrown [s\src\hotspot\share\prims\jni.cpp, line 516]
Event: 12.060 Thread 0x0000021f9364b610 Exception <a 'java/lang/NoSuchMethodError'{0x00000000eb4c28a0}: 'java.lang.Object java.lang.invoke.DirectMethodHandle$Holder.newInvokeSpecial(java.lang.Object, java.lang.Object, int, java.lang.Object, java.lang.Object)'> (0x00000000eb4c28a0) 
thrown [s\src\hotspot\share\interpreter\linkResolver.cpp, line 759]
Event: 12.877 Thread 0x0000021f9364b610 Exception <a 'java/lang/NoSuchMethodError'{0x00000000ead497c0}: 'java.lang.Object java.lang.invoke.DirectMethodHandle$Holder.invokeVirtual(java.lang.Object, java.lang.Object, java.lang.Object)'> (0x00000000ead497c0) 
thrown [s\src\hotspot\share\interpreter\linkResolver.cpp, line 759]

VM Operations (20 events):
Event: 12.878 Executing VM operation: HandshakeAllThreads
Event: 12.880 Executing VM operation: HandshakeAllThreads done
Event: 12.944 Executing VM operation: ParallelGCFailedAllocation
Event: 12.948 Executing VM operation: ParallelGCFailedAllocation done
Event: 13.148 Executing VM operation: ParallelGCFailedAllocation
Event: 13.153 Executing VM operation: ParallelGCFailedAllocation done
Event: 13.274 Executing VM operation: ParallelGCFailedAllocation
Event: 13.340 Executing VM operation: ParallelGCFailedAllocation done
Event: 13.410 Executing VM operation: ParallelGCFailedAllocation
Event: 13.412 Executing VM operation: ParallelGCFailedAllocation done
Event: 13.614 Executing VM operation: ParallelGCFailedAllocation
Event: 13.619 Executing VM operation: ParallelGCFailedAllocation done
Event: 13.729 Executing VM operation: ParallelGCFailedAllocation
Event: 13.731 Executing VM operation: ParallelGCFailedAllocation done
Event: 13.829 Executing VM operation: ParallelGCFailedAllocation
Event: 13.845 Executing VM operation: ParallelGCFailedAllocation done
Event: 13.953 Executing VM operation: ParallelGCFailedAllocation
Event: 14.036 Executing VM operation: ParallelGCFailedAllocation done
Event: 14.081 Executing VM operation: ParallelGCFailedAllocation
Event: 14.129 Executing VM operation: ParallelGCFailedAllocation done

Events (20 events):
Event: 12.892 Thread 0x0000021ffe4160f0 flushing nmethod 0x0000021f810d6f10
Event: 12.892 Thread 0x0000021ffe4160f0 flushing nmethod 0x0000021f810dc910
Event: 12.892 Thread 0x0000021ffe4160f0 flushing nmethod 0x0000021f810eb190
Event: 12.892 Thread 0x0000021ffe4160f0 flushing nmethod 0x0000021f810eb710
Event: 12.893 Thread 0x0000021ffe4160f0 flushing nmethod 0x0000021f81135e10
Event: 12.893 Thread 0x0000021ffe4160f0 flushing nmethod 0x0000021f81142a90
Event: 12.893 Thread 0x0000021ffe4160f0 flushing nmethod 0x0000021f8116a910
Event: 12.893 Thread 0x0000021ffe4160f0 flushing nmethod 0x0000021f8116ac90
Event: 13.938 loading class java/lang/UnsupportedClassVersionError
Event: 13.939 loading class java/lang/UnsupportedClassVersionError done
Event: 13.942 loading class java/util/Hashtable$KeySet
Event: 13.942 loading class java/util/Hashtable$KeySet done
Event: 13.953 loading class jdk/internal/reflect/UnsafeQualifiedStaticIntegerFieldAccessorImpl
Event: 14.036 loading class jdk/internal/reflect/UnsafeQualifiedStaticIntegerFieldAccessorImpl done
Event: 14.037 Thread 0x0000021f962aa830 Thread added: 0x0000021f962aa830
Event: 14.103 loading class java/util/concurrent/CompletionException
Event: 14.103 loading class java/util/concurrent/CompletionException done
Event: 14.107 loading class java/util/regex/Pattern$1
Event: 14.107 loading class java/util/regex/Pattern$1 done
Event: 14.114 Thread 0x0000021f962a5c40 Thread added: 0x0000021f962a5c40


Dynamic libraries:
0x00007ff71c090000 - 0x00007ff71c09e000 	c:\Users\21269\.vscode\extensions\redhat.java-1.28.1-win32-x64\jre\17.0.10-win32-x86_64\bin\java.exe
0x00007ffb7a1d0000 - 0x00007ffb7a3e6000 	C:\WINDOWS\SYSTEM32\ntdll.dll
0x00007ffb790f0000 - 0x00007ffb791b4000 	C:\WINDOWS\System32\KERNEL32.DLL
0x00007ffb778c0000 - 0x00007ffb77c66000 	C:\WINDOWS\System32\KERNELBASE.dll
0x00007ffb77630000 - 0x00007ffb77741000 	C:\WINDOWS\System32\ucrtbase.dll
0x00007ffb6bf70000 - 0x00007ffb6bf87000 	c:\Users\21269\.vscode\extensions\redhat.java-1.28.1-win32-x64\jre\17.0.10-win32-x86_64\bin\jli.dll
0x00007ffb79760000 - 0x00007ffb7990d000 	C:\WINDOWS\System32\USER32.dll
0x00007ffb6bf90000 - 0x00007ffb6bfab000 	c:\Users\21269\.vscode\extensions\redhat.java-1.28.1-win32-x64\jre\17.0.10-win32-x86_64\bin\VCRUNTIME140.dll
0x00007ffb58940000 - 0x00007ffb58bd3000 	C:\WINDOWS\WinSxS\amd64_microsoft.windows.common-controls_6595b64144ccf1df_6.0.22621.3235_none_270f74e173860f98\COMCTL32.dll
0x00007ffb77890000 - 0x00007ffb778b6000 	C:\WINDOWS\System32\win32u.dll
0x00007ffb78990000 - 0x00007ffb78a37000 	C:\WINDOWS\System32\msvcrt.dll
0x00007ffb780b0000 - 0x00007ffb780d9000 	C:\WINDOWS\System32\GDI32.dll
0x00007ffb77510000 - 0x00007ffb77628000 	C:\WINDOWS\System32\gdi32full.dll
0x00007ffb77e50000 - 0x00007ffb77eea000 	C:\WINDOWS\System32\msvcp_win.dll
0x00007ffb79720000 - 0x00007ffb79751000 	C:\WINDOWS\System32\IMM32.DLL
0x00007ffb70240000 - 0x00007ffb7024c000 	c:\Users\21269\.vscode\extensions\redhat.java-1.28.1-win32-x64\jre\17.0.10-win32-x86_64\bin\vcruntime140_1.dll
0x00007ffb32730000 - 0x00007ffb327bd000 	c:\Users\21269\.vscode\extensions\redhat.java-1.28.1-win32-x64\jre\17.0.10-win32-x86_64\bin\msvcp140.dll
0x00007ffb25390000 - 0x00007ffb25ff2000 	c:\Users\21269\.vscode\extensions\redhat.java-1.28.1-win32-x64\jre\17.0.10-win32-x86_64\bin\server\jvm.dll
0x00007ffb786a0000 - 0x00007ffb78752000 	C:\WINDOWS\System32\ADVAPI32.dll
0x00007ffb78300000 - 0x00007ffb783a8000 	C:\WINDOWS\System32\sechost.dll
0x00007ffb77ef0000 - 0x00007ffb77f18000 	C:\WINDOWS\System32\bcrypt.dll
0x00007ffb780e0000 - 0x00007ffb781f5000 	C:\WINDOWS\System32\RPCRT4.dll
0x00007ffb76710000 - 0x00007ffb7675d000 	C:\WINDOWS\SYSTEM32\POWRPROF.dll
0x00007ffb6f6e0000 - 0x00007ffb6f714000 	C:\WINDOWS\SYSTEM32\WINMM.dll
0x00007ffb6df30000 - 0x00007ffb6df3a000 	C:\WINDOWS\SYSTEM32\VERSION.dll
0x00007ffb51240000 - 0x00007ffb51249000 	C:\WINDOWS\SYSTEM32\WSOCK32.dll
0x00007ffb791c0000 - 0x00007ffb79231000 	C:\WINDOWS\System32\WS2_32.dll
0x00007ffb766f0000 - 0x00007ffb76703000 	C:\WINDOWS\SYSTEM32\UMPDC.dll
0x00007ffb76590000 - 0x00007ffb765a8000 	C:\WINDOWS\SYSTEM32\kernel.appcore.dll
0x00007ffb6f820000 - 0x00007ffb6f82a000 	c:\Users\21269\.vscode\extensions\redhat.java-1.28.1-win32-x64\jre\17.0.10-win32-x86_64\bin\jimage.dll
0x00007ffb748d0000 - 0x00007ffb74b03000 	C:\WINDOWS\SYSTEM32\DBGHELP.DLL
0x00007ffb78a40000 - 0x00007ffb78dc8000 	C:\WINDOWS\System32\combase.dll
0x00007ffb783b0000 - 0x00007ffb78487000 	C:\WINDOWS\System32\OLEAUT32.dll
0x00007ffb53f10000 - 0x00007ffb53f42000 	C:\WINDOWS\SYSTEM32\dbgcore.DLL
0x00007ffb77810000 - 0x00007ffb7788a000 	C:\WINDOWS\System32\bcryptPrimitives.dll
0x00007ffb6f7f0000 - 0x00007ffb6f7fe000 	c:\Users\21269\.vscode\extensions\redhat.java-1.28.1-win32-x64\jre\17.0.10-win32-x86_64\bin\instrument.dll
0x00007ffb6aef0000 - 0x00007ffb6af15000 	c:\Users\21269\.vscode\extensions\redhat.java-1.28.1-win32-x64\jre\17.0.10-win32-x86_64\bin\java.dll
0x00007ffb6ae90000 - 0x00007ffb6aea8000 	c:\Users\21269\.vscode\extensions\redhat.java-1.28.1-win32-x64\jre\17.0.10-win32-x86_64\bin\zip.dll
0x00007ffb79930000 - 0x00007ffb7a18c000 	C:\WINDOWS\System32\SHELL32.dll
0x00007ffb753f0000 - 0x00007ffb75ce8000 	C:\WINDOWS\SYSTEM32\windows.storage.dll
0x00007ffb752b0000 - 0x00007ffb753ee000 	C:\WINDOWS\SYSTEM32\wintypes.dll
0x00007ffb78200000 - 0x00007ffb782f3000 	C:\WINDOWS\System32\SHCORE.dll
0x00007ffb78e80000 - 0x00007ffb78ede000 	C:\WINDOWS\System32\shlwapi.dll
0x00007ffb77440000 - 0x00007ffb77466000 	C:\WINDOWS\SYSTEM32\profapi.dll
0x00007ffb4c6a0000 - 0x00007ffb4c6b9000 	C:\Users\21269\.vscode\extensions\redhat.java-1.28.1-win32-x64\jre\17.0.10-win32-x86_64\bin\net.dll
0x00007ffb70bc0000 - 0x00007ffb70cf7000 	C:\WINDOWS\SYSTEM32\WINHTTP.dll
0x00007ffb76aa0000 - 0x00007ffb76b09000 	C:\WINDOWS\system32\mswsock.dll
0x00007ffb49070000 - 0x00007ffb49086000 	C:\Users\21269\.vscode\extensions\redhat.java-1.28.1-win32-x64\jre\17.0.10-win32-x86_64\bin\nio.dll
0x00007ffb6e280000 - 0x00007ffb6e290000 	c:\Users\21269\.vscode\extensions\redhat.java-1.28.1-win32-x64\jre\17.0.10-win32-x86_64\bin\verify.dll
0x00007ffb41270000 - 0x00007ffb412ae000 	C:\Users\21269\AppData\Roaming\Code\User\globalStorage\redhat.java\1.28.1\config_win\org.eclipse.equinox.launcher\org.eclipse.equinox.launcher.win32.win32.x86_64_1.2.900.v20240129-1338\eclipse_11900.dll
0x00007ffb787f0000 - 0x00007ffb7898f000 	C:\WINDOWS\System32\ole32.dll
0x00007ffb76d10000 - 0x00007ffb76d2b000 	C:\WINDOWS\SYSTEM32\CRYPTSP.dll
0x00007ffb764f0000 - 0x00007ffb76525000 	C:\WINDOWS\system32\rsaenh.dll
0x00007ffb76bb0000 - 0x00007ffb76bdc000 	C:\WINDOWS\SYSTEM32\USERENV.dll
0x00007ffb76d30000 - 0x00007ffb76d3c000 	C:\WINDOWS\SYSTEM32\CRYPTBASE.dll
0x00007ffb75f90000 - 0x00007ffb75fbd000 	C:\WINDOWS\SYSTEM32\IPHLPAPI.DLL
0x00007ffb78760000 - 0x00007ffb78769000 	C:\WINDOWS\System32\NSI.dll
0x00007ffb70d10000 - 0x00007ffb70d29000 	C:\WINDOWS\SYSTEM32\dhcpcsvc6.DLL
0x00007ffb70b30000 - 0x00007ffb70b4f000 	C:\WINDOWS\SYSTEM32\dhcpcsvc.DLL
0x00007ffb76030000 - 0x00007ffb76129000 	C:\WINDOWS\SYSTEM32\DNSAPI.dll
0x00007ffb32550000 - 0x00007ffb32595000 	C:\Users\21269\AppData\Local\Temp\jna--1921886675\jna6691504267673883611.dll
0x00007ffb78770000 - 0x00007ffb78778000 	C:\WINDOWS\System32\PSAPI.DLL

dbghelp: loaded successfully - version: 4.0.5 - missing functions: none
symbol engine: initialized successfully - sym options: 0x614 - pdb path: .;c:\Users\21269\.vscode\extensions\redhat.java-1.28.1-win32-x64\jre\17.0.10-win32-x86_64\bin;C:\WINDOWS\SYSTEM32;C:\WINDOWS\WinSxS\amd64_microsoft.windows.common-controls_6595b64144ccf1df_6.0.22621.3235_none_270f74e173860f98;c:\Users\21269\.vscode\extensions\redhat.java-1.28.1-win32-x64\jre\17.0.10-win32-x86_64\bin\server;C:\Users\21269\AppData\Roaming\Code\User\globalStorage\redhat.java\1.28.1\config_win\org.eclipse.equinox.launcher\org.eclipse.equinox.launcher.win32.win32.x86_64_1.2.900.v20240129-1338;C:\Users\21269\AppData\Local\Temp\jna--1921886675

VM Arguments:
jvm_args: --add-modules=ALL-SYSTEM --add-opens=java.base/java.util=ALL-UNNAMED --add-opens=java.base/java.lang=ALL-UNNAMED --add-opens=java.base/sun.nio.fs=ALL-UNNAMED -Declipse.application=org.eclipse.jdt.ls.core.id1 -Dosgi.bundles.defaultStartLevel=4 -Declipse.product=org.eclipse.jdt.ls.core.product -Djava.import.generatesMetadataFilesAtProjectRoot=false -DDetectVMInstallationsJob.disabled=true -Dfile.encoding=utf8 -XX:+UseParallelGC -XX:GCTimeRatio=4 -XX:AdaptiveSizePolicyWeight=90 -Dsun.zip.disableMemoryMapping=true -Xmx1G -Xms100m -Xlog:disable -javaagent:c:\Users\21269\.vscode\extensions\redhat.java-1.28.1-win32-x64\lombok\lombok-1.18.31.jar -XX:+HeapDumpOnOutOfMemoryError -XX:HeapDumpPath=c:\Users\21269\AppData\Roaming\Code\User\workspaceStorage\1718572053e923615083db9cc6e0b6a3\redhat.java -Daether.dependencyCollector.impl=bf 
java_command: c:\Users\21269\.vscode\extensions\redhat.java-1.28.1-win32-x64\server\plugins\org.eclipse.equinox.launcher_1.6.700.v20231214-2017.jar -configuration c:\Users\21269\AppData\Roaming\Code\User\globalStorage\redhat.java\1.28.1\config_win -data c:\Users\21269\AppData\Roaming\Code\User\workspaceStorage\1718572053e923615083db9cc6e0b6a3\redhat.java\jdt_ws --stdio
java_class_path (initial): c:\Users\21269\.vscode\extensions\redhat.java-1.28.1-win32-x64\server\plugins\org.eclipse.equinox.launcher_1.6.700.v20231214-2017.jar
Launcher Type: SUN_STANDARD

[Global flags]
    uintx AdaptiveSizePolicyWeight                 = 90                                        {product} {command line}
     intx CICompilerCount                          = 4                                         {product} {ergonomic}
    uintx GCTimeRatio                              = 4                                         {product} {command line}
     bool HeapDumpOnOutOfMemoryError               = true                                   {manageable} {command line}
    ccstr HeapDumpPath                             = c:\Users\21269\AppData\Roaming\Code\User\workspaceStorage\1718572053e923615083db9cc6e0b6a3\redhat.java         {manageable} {command line}
   size_t InitialHeapSize                          = 104857600                                 {product} {command line}
   size_t MaxHeapSize                              = 1073741824                                {product} {command line}
   size_t MaxNewSize                               = 357564416                                 {product} {ergonomic}
   size_t MinHeapDeltaBytes                        = 524288                                    {product} {ergonomic}
   size_t MinHeapSize                              = 104857600                                 {product} {command line}
   size_t NewSize                                  = 34603008                                  {product} {ergonomic}
    uintx NonNMethodCodeHeapSize                   = 5839372                                {pd product} {ergonomic}
    uintx NonProfiledCodeHeapSize                  = 122909434                              {pd product} {ergonomic}
   size_t OldSize                                  = 70254592                                  {product} {ergonomic}
    uintx ProfiledCodeHeapSize                     = 122909434                              {pd product} {ergonomic}
    uintx ReservedCodeCacheSize                    = 251658240                              {pd product} {ergonomic}
     bool SegmentedCodeCache                       = true                                      {product} {ergonomic}
   size_t SoftMaxHeapSize                          = 1073741824                             {manageable} {ergonomic}
     bool UseCompressedClassPointers               = true                           {product lp64_product} {ergonomic}
     bool UseCompressedOops                        = true                           {product lp64_product} {ergonomic}
     bool UseLargePagesIndividualAllocation        = false                                  {pd product} {ergonomic}
     bool UseParallelGC                            = true                                      {product} {command line}

Logging:
Log output configuration:
 #0: stdout all=off uptime,level,tags
 #1: stderr all=off uptime,level,tags

Environment Variables:
JAVA_HOME=C:\Program Files\Java\jdk-21
PATH=C:\Python312\Scripts\;C:\Python312\;D:\app\OumNou\product\11.2.0\dbhome_1\bin;C:\Program Files\Common Files\Oracle\Java\javapath;C:\Program Files (x86)\Common Files\Oracle\Java\javapath;C:\Python310\Scripts\;C:\Python310\;C:\Windows\System32\HWAudioDriverLibs;C:\Windows\system32;C:\Windows;C:\Windows\System32\Wbem;C:\Windows\System32\WindowsPowerShell\v1.0\;C:\Windows\System32\OpenSSH\;C:\Users\Administrator\AppData\Local\Microsoft\WindowsApps;C:\composer;C:\php-8.1.10;C:\ProgramData\chocolatey\bin;C:\WINDOWS\system32;C:\WINDOWS;C:\WINDOWS\System32\Wbem;C:\WINDOWS\System32\WindowsPowerShell\v1.0\;C:\WINDOWS\System32\OpenSSH\;C:\Program Files\Git\cmd;C:\Program Files\Microsoft SQL Server\150\Tools\Binn\;C:\Program Files\Microsoft SQL Server\Client SDK\ODBC\170\Tools\Binn\;C:\Program Files\dotnet\;C:\Program Files\apache-maven-3.9.6\bin;C:\Program Files\Java\jre-1.8\bin;C:\Program Files\Java\jdk-21\bin;;C:\Program Files\Docker\Docker\resources\bin;C:\Program Files\nodejs\;C:\Users\21269\AppData\Local\Microsoft\WindowsApps;C:\Users\21269\AppData\Local\Programs\Microsoft VS Code\bin;C:\Users\21269;C:\php-8.1.10;C:\MinGW\bin;C:\Users\21269\AppData\Roaming\Composer\vendor\bin;C:\Users\21269\AppData\Local\ComposerSetup\bin;C:\Program Files\JetBrains\IntelliJ IDEA Community Edition 2022.2.2\bin;;C:\Users\21269\AppData\Local\GitHubDesktop\bin;C:\Swift\bin;C:\Users\21269\flutter\bin;C:\Users\21269\AppData\Local\Android\Sdk;JAVA_HOME%\bin;C:\Program Files\Java\jdk-20;C:\Program Files\Java\jdk-20\bin;C:\Program Files\Java\jre-1.8;C:\Users\21269\.dotnet\tools;C:\Program Files\apache-maven-3.9.6\bin;C:\Program Files\Java\jre-1.8\bin;C:\Program Files\Java\jdk-21\bin;C:\Users\21269\AppData\Roaming\npm
USERNAME=OumNou
OS=Windows_NT
PROCESSOR_IDENTIFIER=Intel64 Family 6 Model 140 Stepping 1, GenuineIntel
TMP=C:\Users\21269\AppData\Local\Temp
TEMP=C:\Users\21269\AppData\Local\Temp



Periodic native trim disabled


---------------  S Y S T E M  ---------------

OS:
 Windows 11 , 64 bit Build 22621 (10.0.22621.3235)
OS uptime: 0 days 1:53 hours
Hyper-V role detected

CPU: total 8 (initial active 8) (4 cores per cpu, 2 threads per core) family 6 model 140 stepping 1 microcode 0x8a, cx8, cmov, fxsr, ht, mmx, 3dnowpref, sse, sse2, sse3, ssse3, sse4.1, sse4.2, popcnt, lzcnt, tsc, tscinvbit, avx, avx2, aes, erms, clmul, bmi1, bmi2, adx, avx512f, avx512dq, avx512cd, avx512bw, avx512vl, sha, fma, vzeroupper, avx512_vpopcntdq, avx512_vpclmulqdq, avx512_vaes, avx512_vnni, clflush, clflushopt, clwb, avx512_vbmi2, avx512_vbmi, hv
Processor Information for all 8 processors :
  Max Mhz: 2419, Current Mhz: 2419, Mhz Limit: 2419

Memory: 4k page, system-wide physical 7991M (18M free)
TotalPageFile size 23351M (AvailPageFile size 5M)
current process WorkingSet (physical memory assigned to process): 416M, peak: 419M
current process commit charge ("private bytes"): 421M, peak: 423M

vm_info: OpenJDK 64-Bit Server VM (17.0.10+7) for windows-amd64 JRE (17.0.10+7), built on Jan 16 2024 23:25:11 by "admin" with MS VC++ 16.10 / 16.11 (VS2019)

END.
