#
# There is insufficient memory for the Java Runtime Environment to continue.
# Native memory allocation (malloc) failed to allocate 1846256 bytes for Chunk::new
# Possible reasons:
#   The system is out of physical RAM or swap space
#   The process is running with CompressedOops enabled, and the Java Heap may be blocking the growth of the native heap
# Possible solutions:
#   Reduce memory load on the system
#   Increase physical memory or swap space
#   Check if swap backing store is full
#   Decrease Java heap size (-Xmx/-Xms)
#   Decrease number of Java threads
#   Decrease Java thread stack sizes (-Xss)
#   Set larger code cache with -XX:ReservedCodeCacheSize=
#   JVM is running with Unscaled Compressed Oops mode in which the Java heap is
#     placed in the first 4GB address space. The Java Heap base address is the
#     maximum limit for the native heap growth. Please use -XX:HeapBaseMinAddress
#     to set the Java Heap base and to place the Java Heap above 4GB virtual address.
# This output file may be truncated or incomplete.
#
#  Out of Memory Error (arena.cpp:191), pid=3580, tid=18868
#
# JRE version: OpenJDK Runtime Environment Temurin-17.0.10+7 (17.0.10+7) (build 17.0.10+7)
# Java VM: OpenJDK 64-Bit Server VM Temurin-17.0.10+7 (17.0.10+7, mixed mode, tiered, compressed oops, compressed class ptrs, parallel gc, windows-amd64)
# No core dump will be written. Minidumps are not enabled by default on client versions of Windows
#

---------------  S U M M A R Y ------------

Command Line: --add-modules=ALL-SYSTEM --add-opens=java.base/java.util=ALL-UNNAMED --add-opens=java.base/java.lang=ALL-UNNAMED --add-opens=java.base/sun.nio.fs=ALL-UNNAMED -Declipse.application=org.eclipse.jdt.ls.core.id1 -Dosgi.bundles.defaultStartLevel=4 -Declipse.product=org.eclipse.jdt.ls.core.product -Djava.import.generatesMetadataFilesAtProjectRoot=false -DDetectVMInstallationsJob.disabled=true -Dfile.encoding=utf8 -XX:+UseParallelGC -XX:GCTimeRatio=4 -XX:AdaptiveSizePolicyWeight=90 -Dsun.zip.disableMemoryMapping=true -Xmx1G -Xms100m -Xlog:disable -javaagent:c:\Users\21269\.vscode\extensions\redhat.java-1.28.1-win32-x64\lombok\lombok-1.18.31.jar -XX:+HeapDumpOnOutOfMemoryError -XX:HeapDumpPath=c:\Users\21269\AppData\Roaming\Code\User\workspaceStorage\1718572053e923615083db9cc6e0b6a3\redhat.java -Daether.dependencyCollector.impl=bf c:\Users\21269\.vscode\extensions\redhat.java-1.28.1-win32-x64\server\plugins\org.eclipse.equinox.launcher_1.6.700.v20231214-2017.jar -configuration c:\Users\21269\AppData\Roaming\Code\User\globalStorage\redhat.java\1.28.1\config_win -data c:\Users\21269\AppData\Roaming\Code\User\workspaceStorage\1718572053e923615083db9cc6e0b6a3\redhat.java\jdt_ws --stdio

Host: 11th Gen Intel(R) Core(TM) i5-1135G7 @ 2.40GHz, 8 cores, 7G,  Windows 11 , 64 bit Build 22621 (10.0.22621.3235)
Time: Wed Mar  6 23:56:41 2024 Morocco Daylight Time elapsed time: 110.727148 seconds (0d 0h 1m 50s)

---------------  T H R E A D  ---------------

Current thread (0x0000016e459c5330):  JavaThread "C2 CompilerThread1" daemon [_thread_in_native, id=18868, stack(0x0000000213700000,0x0000000213800000)]


Current CompileTask:
C2: 110727 13579   !   4       org.eclipse.jdt.internal.compiler.lookup.Scope::getBinding (1471 bytes)

Stack: [0x0000000213700000,0x0000000213800000]
Native frames: (J=compiled Java code, j=interpreted, Vv=VM code, C=native code)
V  [jvm.dll+0x67d2c9]
V  [jvm.dll+0x834afa]
V  [jvm.dll+0x8365be]
V  [jvm.dll+0x836c23]
V  [jvm.dll+0x2477ff]
V  [jvm.dll+0xac514]
V  [jvm.dll+0xacb5c]
V  [jvm.dll+0x3667d7]
V  [jvm.dll+0x330bfa]
V  [jvm.dll+0x33009a]
V  [jvm.dll+0x219ef1]
V  [jvm.dll+0x219311]
V  [jvm.dll+0x1a502d]
V  [jvm.dll+0x2290de]
V  [jvm.dll+0x2272ac]
V  [jvm.dll+0x7e9bb7]
V  [jvm.dll+0x7e3fba]
V  [jvm.dll+0x67c1b5]
C  [ucrtbase.dll+0x29363]
C  [KERNEL32.DLL+0x1257d]
C  [ntdll.dll+0x5aa58]


---------------  P R O C E S S  ---------------

Threads class SMR info:
_java_thread_list=0x0000016e475452a0, length=33, elements={
0x0000016e2b6718d0, 0x0000016e3f4f3010, 0x0000016e3f4f72b0, 0x0000016e3f4fe2b0,
0x0000016e445d6f20, 0x0000016e445d8090, 0x0000016e445d9c10, 0x0000016e445e66d0,
0x0000016e445e90e0, 0x0000016e445e9ae0, 0x0000016e4475ca40, 0x0000016e4475bb10,
0x0000016e4475cf50, 0x0000016e4475d460, 0x0000016e4475c020, 0x0000016e4475b600,
0x0000016e4475de80, 0x0000016e4475c530, 0x0000016e4692c540, 0x0000016e4692b100,
0x0000016e4692ca50, 0x0000016e46926a20, 0x0000016e4692c030, 0x0000016e4692bb20,
0x0000016e46928880, 0x0000016e46927950, 0x0000016e4a1237a0, 0x0000016e4a120f20,
0x0000016e4a122360, 0x0000016e4a11fae0, 0x0000016e4a1250f0, 0x0000016e4a1246d0,
0x0000016e459c5330
}

Java Threads: ( => current thread )
  0x0000016e2b6718d0 JavaThread "main" [_thread_blocked, id=1412, stack(0x0000000213a00000,0x0000000213b00000)]
  0x0000016e3f4f3010 JavaThread "Reference Handler" daemon [_thread_blocked, id=14108, stack(0x0000000213d00000,0x0000000213e00000)]
  0x0000016e3f4f72b0 JavaThread "Finalizer" daemon [_thread_blocked, id=6068, stack(0x0000000213e00000,0x0000000213f00000)]
  0x0000016e3f4fe2b0 JavaThread "Signal Dispatcher" daemon [_thread_blocked, id=12384, stack(0x0000000213f00000,0x0000000214000000)]
  0x0000016e445d6f20 JavaThread "Attach Listener" daemon [_thread_blocked, id=10148, stack(0x0000000214000000,0x0000000214100000)]
  0x0000016e445d8090 JavaThread "Service Thread" daemon [_thread_blocked, id=20948, stack(0x0000000214100000,0x0000000214200000)]
  0x0000016e445d9c10 JavaThread "Monitor Deflation Thread" daemon [_thread_blocked, id=18832, stack(0x0000000214200000,0x0000000214300000)]
  0x0000016e445e66d0 JavaThread "C2 CompilerThread0" daemon [_thread_blocked, id=11408, stack(0x0000000214300000,0x0000000214400000)]
  0x0000016e445e90e0 JavaThread "C1 CompilerThread0" daemon [_thread_blocked, id=7972, stack(0x0000000214400000,0x0000000214500000)]
  0x0000016e445e9ae0 JavaThread "Sweeper thread" daemon [_thread_blocked, id=10800, stack(0x0000000214500000,0x0000000214600000)]
  0x0000016e4475ca40 JavaThread "Common-Cleaner" daemon [_thread_blocked, id=20032, stack(0x0000000214600000,0x0000000214700000)]
  0x0000016e4475bb10 JavaThread "Notification Thread" daemon [_thread_blocked, id=2332, stack(0x0000000214800000,0x0000000214900000)]
  0x0000016e4475cf50 JavaThread "Active Thread: Equinox Container: ec23ab66-7b65-4d46-a0bd-399a615fb571" [_thread_blocked, id=11100, stack(0x0000000215100000,0x0000000215200000)]
  0x0000016e4475d460 JavaThread "Framework Event Dispatcher: Equinox Container: ec23ab66-7b65-4d46-a0bd-399a615fb571" daemon [_thread_blocked, id=4868, stack(0x0000000215200000,0x0000000215300000)]
  0x0000016e4475c020 JavaThread "Start Level: Equinox Container: ec23ab66-7b65-4d46-a0bd-399a615fb571" daemon [_thread_blocked, id=8540, stack(0x0000000215300000,0x0000000215400000)]
  0x0000016e4475b600 JavaThread "Bundle File Closer" daemon [_thread_blocked, id=2632, stack(0x0000000215500000,0x0000000215600000)]
  0x0000016e4475de80 JavaThread "SCR Component Actor" daemon [_thread_blocked, id=8124, stack(0x0000000215600000,0x0000000215700000)]
  0x0000016e4475c530 JavaThread "Worker-JM" [_thread_blocked, id=6712, stack(0x0000000214a00000,0x0000000214b00000)]
  0x0000016e4692c540 JavaThread "Worker-1" [_thread_blocked, id=7656, stack(0x0000000215a00000,0x0000000215b00000)]
  0x0000016e4692b100 JavaThread "Java indexing" daemon [_thread_blocked, id=16972, stack(0x0000000215800000,0x0000000215900000)]
  0x0000016e4692ca50 JavaThread "JNA Cleaner" daemon [_thread_blocked, id=10496, stack(0x0000000215d00000,0x0000000215e00000)]
  0x0000016e46926a20 JavaThread "pool-2-thread-1" [_thread_blocked, id=12044, stack(0x0000000215e00000,0x0000000215f00000)]
  0x0000016e4692c030 JavaThread "WorkspaceEventsHandler" [_thread_blocked, id=1928, stack(0x0000000215f00000,0x0000000216000000)]
  0x0000016e4692bb20 JavaThread "pool-1-thread-1" [_thread_in_native, id=17488, stack(0x0000000216000000,0x0000000216100000)]
  0x0000016e46928880 JavaThread "Worker-3" [_thread_blocked, id=21028, stack(0x0000000216100000,0x0000000216200000)]
  0x0000016e46927950 JavaThread "ForkJoinPool.commonPool-worker-1" daemon [_thread_blocked, id=13056, stack(0x0000000216200000,0x0000000216300000)]
  0x0000016e4a1237a0 JavaThread "ForkJoinPool.commonPool-worker-2" daemon [_thread_blocked, id=15756, stack(0x0000000216600000,0x0000000216700000)]
  0x0000016e4a120f20 JavaThread "ForkJoinPool.commonPool-worker-3" daemon [_thread_blocked, id=17988, stack(0x0000000216700000,0x0000000216800000)]
  0x0000016e4a122360 JavaThread "ForkJoinPool.commonPool-worker-4" daemon [_thread_blocked, id=20264, stack(0x0000000216800000,0x0000000216900000)]
  0x0000016e4a11fae0 JavaThread "ForkJoinPool.commonPool-worker-5" daemon [_thread_blocked, id=3476, stack(0x0000000216900000,0x0000000216a00000)]
  0x0000016e4a1250f0 JavaThread "ForkJoinPool.commonPool-worker-6" daemon [_thread_blocked, id=18680, stack(0x0000000216a00000,0x0000000216b00000)]
  0x0000016e4a1246d0 JavaThread "ForkJoinPool.commonPool-worker-7" daemon [_thread_blocked, id=2636, stack(0x0000000216b00000,0x0000000216c00000)]
=>0x0000016e459c5330 JavaThread "C2 CompilerThread1" daemon [_thread_in_native, id=18868, stack(0x0000000213700000,0x0000000213800000)]

Other Threads:
  0x0000016e2b71e8e0 VMThread "VM Thread" [stack: 0x0000000213c00000,0x0000000213d00000] [id=8636]
  0x0000016e4494e310 WatcherThread [stack: 0x0000000214900000,0x0000000214a00000] [id=7320]
  0x0000016e2b688360 GCTaskThread "GC Thread#0" [stack: 0x0000000213b00000,0x0000000213c00000] [id=16652]
  0x0000016e45b73a70 GCTaskThread "GC Thread#1" [stack: 0x0000000214b00000,0x0000000214c00000] [id=7392]
  0x0000016e45b72f70 GCTaskThread "GC Thread#2" [stack: 0x0000000214c00000,0x0000000214d00000] [id=13128]
  0x0000016e45b72cb0 GCTaskThread "GC Thread#3" [stack: 0x0000000214d00000,0x0000000214e00000] [id=2396]
  0x0000016e45b742b0 GCTaskThread "GC Thread#4" [stack: 0x0000000214e00000,0x0000000214f00000] [id=3360]
  0x0000016e45b73230 GCTaskThread "GC Thread#5" [stack: 0x0000000214f00000,0x0000000215000000] [id=11740]
  0x0000016e45b73ff0 GCTaskThread "GC Thread#6" [stack: 0x0000000215000000,0x0000000215100000] [id=2884]
  0x0000016e45b73d30 GCTaskThread "GC Thread#7" [stack: 0x0000000215400000,0x0000000215500000] [id=13624]

Threads with active compile tasks:
C2 CompilerThread1   110762 13579   !   4       org.eclipse.jdt.internal.compiler.lookup.Scope::getBinding (1471 bytes)

VM state: not at safepoint (normal execution)

VM Mutex/Monitor currently owned by a thread: None

Heap address: 0x00000000c0000000, size: 1024 MB, Compressed Oops mode: 32-bit

CDS archive(s) not mapped
Compressed class space mapped at: 0x0000000100000000-0x0000000140000000, reserved size: 1073741824
Narrow klass base: 0x0000000000000000, Narrow klass shift: 3, Narrow klass range: 0x140000000

GC Precious Log:
 CPUs: 8 total, 8 available
 Memory: 7991M
 Large Page Support: Disabled
 NUMA Support: Disabled
 Compressed Oops: Enabled (32-bit)
 Alignments: Space 512K, Generation 512K, Heap 2M
 Heap Min Capacity: 100M
 Heap Initial Capacity: 100M
 Heap Max Capacity: 1G
 Pre-touch: Disabled
 Parallel Workers: 8

Heap:
 PSYoungGen      total 25088K, used 11929K [0x00000000eab00000, 0x00000000ec680000, 0x0000000100000000)
  eden space 22528K, 51% used [0x00000000eab00000,0x00000000eb668418,0x00000000ec100000)
  from space 2560K, 9% used [0x00000000ec180000,0x00000000ec1be1c8,0x00000000ec400000)
  to   space 1024K, 0% used [0x00000000ec580000,0x00000000ec580000,0x00000000ec680000)
 ParOldGen       total 285696K, used 258293K [0x00000000c0000000, 0x00000000d1700000, 0x00000000eab00000)
  object space 285696K, 90% used [0x00000000c0000000,0x00000000cfc3d790,0x00000000d1700000)
 Metaspace       used 77152K, committed 78656K, reserved 1179648K
  class space    used 7987K, committed 8640K, reserved 1048576K

Card table byte_map: [0x0000016e2b000000,0x0000016e2b210000] _byte_map_base: 0x0000016e2aa00000

Marking Bits: (ParMarkBitMap*) 0x00007ff9fd25d7d0
 Begin Bits: [0x0000016e3d300000, 0x0000016e3e300000)
 End Bits:   [0x0000016e3e300000, 0x0000016e3f300000)

Polling page: 0x0000016e295e0000

Metaspace:

Usage:
  Non-class:     67.54 MB used.
      Class:      7.80 MB used.
       Both:     75.34 MB used.

Virtual space:
  Non-class space:      128.00 MB reserved,      68.38 MB ( 53%) committed,  2 nodes.
      Class space:        1.00 GB reserved,       8.44 MB ( <1%) committed,  1 nodes.
             Both:        1.12 GB reserved,      76.81 MB (  7%) committed. 

Chunk freelists:
   Non-Class:  11.38 MB
       Class:  7.51 MB
        Both:  18.88 MB

MaxMetaspaceSize: unlimited
CompressedClassSpaceSize: 1.00 GB
Initial GC threshold: 21.00 MB
Current GC threshold: 126.38 MB
CDS: off
MetaspaceReclaimPolicy: balanced
 - commit_granule_bytes: 65536.
 - commit_granule_words: 8192.
 - virtual_space_node_default_size: 8388608.
 - enlarge_chunks_in_place: 1.
 - new_chunks_are_fully_committed: 0.
 - uncommit_free_chunks: 1.
 - use_allocation_guard: 0.
 - handle_deallocations: 1.


Internal statistics:

num_allocs_failed_limit: 6.
num_arena_births: 1002.
num_arena_deaths: 18.
num_vsnodes_births: 3.
num_vsnodes_deaths: 0.
num_space_committed: 1229.
num_space_uncommitted: 0.
num_chunks_returned_to_freelist: 25.
num_chunks_taken_from_freelist: 4406.
num_chunk_merges: 12.
num_chunk_splits: 2632.
num_chunks_enlarged: 1420.
num_inconsistent_stats: 0.

CodeHeap 'non-profiled nmethods': size=120000Kb used=9334Kb max_used=9569Kb free=110665Kb
 bounds [0x0000016e35dd0000, 0x0000016e36770000, 0x0000016e3d300000]
CodeHeap 'profiled nmethods': size=120000Kb used=21703Kb max_used=23237Kb free=98296Kb
 bounds [0x0000016e2e300000, 0x0000016e2f9c0000, 0x0000016e35830000]
CodeHeap 'non-nmethods': size=5760Kb used=1390Kb max_used=1500Kb free=4369Kb
 bounds [0x0000016e35830000, 0x0000016e35aa0000, 0x0000016e35dd0000]
 total_blobs=11453 nmethods=10724 adapters=640
 compilation: enabled
              stopped_count=0, restarted_count=0
 full_count=0

Compilation events (20 events):
Event: 110.713 Thread 0x0000016e445e90e0 13588       3       lombok.eclipse.EclipseAST::buildType (104 bytes)
Event: 110.714 Thread 0x0000016e445e90e0 nmethod 13588 0x0000016e2eb63c90 code [0x0000016e2eb63f40, 0x0000016e2eb64e88]
Event: 110.714 Thread 0x0000016e445e90e0 13590       3       org.eclipse.jdt.internal.compiler.lookup.BinaryTypeBinding::createAnnotation (176 bytes)
Event: 110.715 Thread 0x0000016e445e90e0 nmethod 13590 0x0000016e2f38f290 code [0x0000016e2f38f540, 0x0000016e2f390668]
Event: 110.715 Thread 0x0000016e445e90e0 13591       3       org.eclipse.jdt.internal.compiler.lookup.FieldBinding::canBeSeenBy (513 bytes)
Event: 110.716 Thread 0x0000016e445e90e0 nmethod 13591 0x0000016e2f294690 code [0x0000016e2f294ba0, 0x0000016e2f297a28]
Event: 110.716 Thread 0x0000016e445e90e0 13592       3       org.eclipse.jdt.internal.compiler.lookup.ElementValuePair::<init> (11 bytes)
Event: 110.716 Thread 0x0000016e445e90e0 nmethod 13592 0x0000016e2ea6f490 code [0x0000016e2ea6f640, 0x0000016e2ea6f8a8]
Event: 110.716 Thread 0x0000016e445e90e0 13593       3       org.eclipse.jdt.internal.compiler.parser.Scanner::<init> (20 bytes)
Event: 110.717 Thread 0x0000016e445e90e0 nmethod 13593 0x0000016e2f6d0a90 code [0x0000016e2f6d0c20, 0x0000016e2f6d0da8]
Event: 110.717 Thread 0x0000016e445e90e0 13595       1       org.eclipse.jdt.internal.compiler.ast.TypeReference::extraDimensions (2 bytes)
Event: 110.717 Thread 0x0000016e445e90e0 nmethod 13595 0x0000016e36069a10 code [0x0000016e36069ba0, 0x0000016e36069c78]
Event: 110.717 Thread 0x0000016e445e90e0 13596       3       org.eclipse.jdt.core.dom.Modifier::accept0 (12 bytes)
Event: 110.717 Thread 0x0000016e445e90e0 nmethod 13596 0x0000016e2eae5790 code [0x0000016e2eae5940, 0x0000016e2eae5bd8]
Event: 110.717 Thread 0x0000016e445e90e0 13597       1       org.eclipse.jdt.internal.compiler.lookup.ReferenceBinding::getFileName (5 bytes)
Event: 110.717 Thread 0x0000016e445e90e0 nmethod 13597 0x0000016e36069710 code [0x0000016e360698a0, 0x0000016e36069978]
Event: 110.718 Thread 0x0000016e445e90e0 13598       1       org.eclipse.jdt.internal.compiler.lookup.TypeBinding::isCapture (2 bytes)
Event: 110.718 Thread 0x0000016e445e90e0 nmethod 13598 0x0000016e36069410 code [0x0000016e360695a0, 0x0000016e36069678]
Event: 110.718 Thread 0x0000016e445e90e0 13599       3       org.eclipse.jdt.internal.core.CompilationUnit::getType (10 bytes)
Event: 110.718 Thread 0x0000016e445e90e0 nmethod 13599 0x0000016e2ee0c410 code [0x0000016e2ee0c5e0, 0x0000016e2ee0c948]

GC Heap History (20 events):
Event: 41.657 GC heap before
{Heap before GC invocations=416 (full 20):
 PSYoungGen      total 24064K, used 24041K [0x00000000eab00000, 0x00000000ec880000, 0x0000000100000000)
  eden space 18944K, 100% used [0x00000000eab00000,0x00000000ebd80000,0x00000000ebd80000)
  from space 5120K, 99% used [0x00000000ebf80000,0x00000000ec47a620,0x00000000ec480000)
  to   space 4096K, 0% used [0x00000000ec480000,0x00000000ec480000,0x00000000ec880000)
 ParOldGen       total 285696K, used 249873K [0x00000000c0000000, 0x00000000d1700000, 0x00000000eab00000)
  object space 285696K, 87% used [0x00000000c0000000,0x00000000cf4044c0,0x00000000d1700000)
 Metaspace       used 76529K, committed 78144K, reserved 1179648K
  class space    used 7984K, committed 8640K, reserved 1048576K
}
Event: 41.661 GC heap after
{Heap after GC invocations=416 (full 20):
 PSYoungGen      total 22528K, used 3277K [0x00000000eab00000, 0x00000000ec800000, 0x0000000100000000)
  eden space 18944K, 0% used [0x00000000eab00000,0x00000000eab00000,0x00000000ebd80000)
  from space 3584K, 91% used [0x00000000ec480000,0x00000000ec7b3610,0x00000000ec800000)
  to   space 4096K, 0% used [0x00000000ec000000,0x00000000ec000000,0x00000000ec400000)
 ParOldGen       total 285696K, used 252125K [0x00000000c0000000, 0x00000000d1700000, 0x00000000eab00000)
  object space 285696K, 88% used [0x00000000c0000000,0x00000000cf637518,0x00000000d1700000)
 Metaspace       used 76529K, committed 78144K, reserved 1179648K
  class space    used 7984K, committed 8640K, reserved 1048576K
}
Event: 41.675 GC heap before
{Heap before GC invocations=417 (full 20):
 PSYoungGen      total 22528K, used 22221K [0x00000000eab00000, 0x00000000ec800000, 0x0000000100000000)
  eden space 18944K, 100% used [0x00000000eab00000,0x00000000ebd80000,0x00000000ebd80000)
  from space 3584K, 91% used [0x00000000ec480000,0x00000000ec7b3610,0x00000000ec800000)
  to   space 4096K, 0% used [0x00000000ec000000,0x00000000ec000000,0x00000000ec400000)
 ParOldGen       total 285696K, used 252125K [0x00000000c0000000, 0x00000000d1700000, 0x00000000eab00000)
  object space 285696K, 88% used [0x00000000c0000000,0x00000000cf637518,0x00000000d1700000)
 Metaspace       used 76529K, committed 78144K, reserved 1179648K
  class space    used 7984K, committed 8640K, reserved 1048576K
}
Event: 41.679 GC heap after
{Heap after GC invocations=417 (full 20):
 PSYoungGen      total 25088K, used 3453K [0x00000000eab00000, 0x00000000ec700000, 0x0000000100000000)
  eden space 21504K, 0% used [0x00000000eab00000,0x00000000eab00000,0x00000000ec000000)
  from space 3584K, 96% used [0x00000000ec000000,0x00000000ec35f600,0x00000000ec380000)
  to   space 3584K, 0% used [0x00000000ec380000,0x00000000ec380000,0x00000000ec700000)
 ParOldGen       total 285696K, used 252125K [0x00000000c0000000, 0x00000000d1700000, 0x00000000eab00000)
  object space 285696K, 88% used [0x00000000c0000000,0x00000000cf637518,0x00000000d1700000)
 Metaspace       used 76529K, committed 78144K, reserved 1179648K
  class space    used 7984K, committed 8640K, reserved 1048576K
}
Event: 41.692 GC heap before
{Heap before GC invocations=418 (full 20):
 PSYoungGen      total 25088K, used 24957K [0x00000000eab00000, 0x00000000ec700000, 0x0000000100000000)
  eden space 21504K, 100% used [0x00000000eab00000,0x00000000ec000000,0x00000000ec000000)
  from space 3584K, 96% used [0x00000000ec000000,0x00000000ec35f600,0x00000000ec380000)
  to   space 3584K, 0% used [0x00000000ec380000,0x00000000ec380000,0x00000000ec700000)
 ParOldGen       total 285696K, used 252125K [0x00000000c0000000, 0x00000000d1700000, 0x00000000eab00000)
  object space 285696K, 88% used [0x00000000c0000000,0x00000000cf637518,0x00000000d1700000)
 Metaspace       used 76529K, committed 78144K, reserved 1179648K
  class space    used 7984K, committed 8640K, reserved 1048576K
}
Event: 41.697 GC heap after
{Heap after GC invocations=418 (full 20):
 PSYoungGen      total 26112K, used 1472K [0x00000000eab00000, 0x00000000ec800000, 0x0000000100000000)
  eden space 22528K, 0% used [0x00000000eab00000,0x00000000eab00000,0x00000000ec100000)
  from space 3584K, 41% used [0x00000000ec380000,0x00000000ec4f0000,0x00000000ec700000)
  to   space 2560K, 0% used [0x00000000ec100000,0x00000000ec100000,0x00000000ec380000)
 ParOldGen       total 285696K, used 254345K [0x00000000c0000000, 0x00000000d1700000, 0x00000000eab00000)
  object space 285696K, 89% used [0x00000000c0000000,0x00000000cf8626b0,0x00000000d1700000)
 Metaspace       used 76529K, committed 78144K, reserved 1179648K
  class space    used 7984K, committed 8640K, reserved 1048576K
}
Event: 42.015 GC heap before
{Heap before GC invocations=419 (full 20):
 PSYoungGen      total 26112K, used 23999K [0x00000000eab00000, 0x00000000ec800000, 0x0000000100000000)
  eden space 22528K, 99% used [0x00000000eab00000,0x00000000ec0fffc8,0x00000000ec100000)
  from space 3584K, 41% used [0x00000000ec380000,0x00000000ec4f0000,0x00000000ec700000)
  to   space 2560K, 0% used [0x00000000ec100000,0x00000000ec100000,0x00000000ec380000)
 ParOldGen       total 285696K, used 254345K [0x00000000c0000000, 0x00000000d1700000, 0x00000000eab00000)
  object space 285696K, 89% used [0x00000000c0000000,0x00000000cf8626b0,0x00000000d1700000)
 Metaspace       used 76532K, committed 78144K, reserved 1179648K
  class space    used 7984K, committed 8640K, reserved 1048576K
}
Event: 42.016 GC heap after
{Heap after GC invocations=419 (full 20):
 PSYoungGen      total 25088K, used 2515K [0x00000000eab00000, 0x00000000eca00000, 0x0000000100000000)
  eden space 22528K, 0% used [0x00000000eab00000,0x00000000eab00000,0x00000000ec100000)
  from space 2560K, 98% used [0x00000000ec100000,0x00000000ec374d10,0x00000000ec380000)
  to   space 3072K, 0% used [0x00000000ec700000,0x00000000ec700000,0x00000000eca00000)
 ParOldGen       total 285696K, used 254985K [0x00000000c0000000, 0x00000000d1700000, 0x00000000eab00000)
  object space 285696K, 89% used [0x00000000c0000000,0x00000000cf9026b0,0x00000000d1700000)
 Metaspace       used 76532K, committed 78144K, reserved 1179648K
  class space    used 7984K, committed 8640K, reserved 1048576K
}
Event: 42.168 GC heap before
{Heap before GC invocations=420 (full 20):
 PSYoungGen      total 25088K, used 25043K [0x00000000eab00000, 0x00000000eca00000, 0x0000000100000000)
  eden space 22528K, 100% used [0x00000000eab00000,0x00000000ec100000,0x00000000ec100000)
  from space 2560K, 98% used [0x00000000ec100000,0x00000000ec374d10,0x00000000ec380000)
  to   space 3072K, 0% used [0x00000000ec700000,0x00000000ec700000,0x00000000eca00000)
 ParOldGen       total 285696K, used 254985K [0x00000000c0000000, 0x00000000d1700000, 0x00000000eab00000)
  object space 285696K, 89% used [0x00000000c0000000,0x00000000cf9026b0,0x00000000d1700000)
 Metaspace       used 76718K, committed 78272K, reserved 1179648K
  class space    used 7984K, committed 8640K, reserved 1048576K
}
Event: 42.170 GC heap after
{Heap after GC invocations=420 (full 20):
 PSYoungGen      total 24064K, used 1076K [0x00000000eab00000, 0x00000000ec880000, 0x0000000100000000)
  eden space 22528K, 0% used [0x00000000eab00000,0x00000000eab00000,0x00000000ec100000)
  from space 1536K, 70% used [0x00000000ec700000,0x00000000ec80d200,0x00000000ec880000)
  to   space 2048K, 0% used [0x00000000ec480000,0x00000000ec480000,0x00000000ec680000)
 ParOldGen       total 285696K, used 255417K [0x00000000c0000000, 0x00000000d1700000, 0x00000000eab00000)
  object space 285696K, 89% used [0x00000000c0000000,0x00000000cf96e6b0,0x00000000d1700000)
 Metaspace       used 76718K, committed 78272K, reserved 1179648K
  class space    used 7984K, committed 8640K, reserved 1048576K
}
Event: 42.511 GC heap before
{Heap before GC invocations=421 (full 20):
 PSYoungGen      total 24064K, used 23604K [0x00000000eab00000, 0x00000000ec880000, 0x0000000100000000)
  eden space 22528K, 100% used [0x00000000eab00000,0x00000000ec100000,0x00000000ec100000)
  from space 1536K, 70% used [0x00000000ec700000,0x00000000ec80d200,0x00000000ec880000)
  to   space 2048K, 0% used [0x00000000ec480000,0x00000000ec480000,0x00000000ec680000)
 ParOldGen       total 285696K, used 255417K [0x00000000c0000000, 0x00000000d1700000, 0x00000000eab00000)
  object space 285696K, 89% used [0x00000000c0000000,0x00000000cf96e6b0,0x00000000d1700000)
 Metaspace       used 76874K, committed 78464K, reserved 1179648K
  class space    used 7986K, committed 8640K, reserved 1048576K
}
Event: 42.513 GC heap after
{Heap after GC invocations=421 (full 20):
 PSYoungGen      total 24064K, used 1114K [0x00000000eab00000, 0x00000000ec780000, 0x0000000100000000)
  eden space 22528K, 0% used [0x00000000eab00000,0x00000000eab00000,0x00000000ec100000)
  from space 1536K, 72% used [0x00000000ec480000,0x00000000ec596920,0x00000000ec600000)
  to   space 1536K, 0% used [0x00000000ec600000,0x00000000ec600000,0x00000000ec780000)
 ParOldGen       total 285696K, used 255577K [0x00000000c0000000, 0x00000000d1700000, 0x00000000eab00000)
  object space 285696K, 89% used [0x00000000c0000000,0x00000000cf9966b0,0x00000000d1700000)
 Metaspace       used 76874K, committed 78464K, reserved 1179648K
  class space    used 7986K, committed 8640K, reserved 1048576K
}
Event: 43.450 GC heap before
{Heap before GC invocations=422 (full 20):
 PSYoungGen      total 24064K, used 23642K [0x00000000eab00000, 0x00000000ec780000, 0x0000000100000000)
  eden space 22528K, 100% used [0x00000000eab00000,0x00000000ec100000,0x00000000ec100000)
  from space 1536K, 72% used [0x00000000ec480000,0x00000000ec596920,0x00000000ec600000)
  to   space 1536K, 0% used [0x00000000ec600000,0x00000000ec600000,0x00000000ec780000)
 ParOldGen       total 285696K, used 255577K [0x00000000c0000000, 0x00000000d1700000, 0x00000000eab00000)
  object space 285696K, 89% used [0x00000000c0000000,0x00000000cf9966b0,0x00000000d1700000)
 Metaspace       used 76874K, committed 78464K, reserved 1179648K
  class space    used 7986K, committed 8640K, reserved 1048576K
}
Event: 43.452 GC heap after
{Heap after GC invocations=422 (full 20):
 PSYoungGen      total 24064K, used 1466K [0x00000000eab00000, 0x00000000ec780000, 0x0000000100000000)
  eden space 22528K, 0% used [0x00000000eab00000,0x00000000eab00000,0x00000000ec100000)
  from space 1536K, 95% used [0x00000000ec600000,0x00000000ec76e920,0x00000000ec780000)
  to   space 1536K, 0% used [0x00000000ec480000,0x00000000ec480000,0x00000000ec600000)
 ParOldGen       total 285696K, used 255577K [0x00000000c0000000, 0x00000000d1700000, 0x00000000eab00000)
  object space 285696K, 89% used [0x00000000c0000000,0x00000000cf9966b0,0x00000000d1700000)
 Metaspace       used 76874K, committed 78464K, reserved 1179648K
  class space    used 7986K, committed 8640K, reserved 1048576K
}
Event: 44.244 GC heap before
{Heap before GC invocations=423 (full 20):
 PSYoungGen      total 24064K, used 23994K [0x00000000eab00000, 0x00000000ec780000, 0x0000000100000000)
  eden space 22528K, 100% used [0x00000000eab00000,0x00000000ec100000,0x00000000ec100000)
  from space 1536K, 95% used [0x00000000ec600000,0x00000000ec76e920,0x00000000ec780000)
  to   space 1536K, 0% used [0x00000000ec480000,0x00000000ec480000,0x00000000ec600000)
 ParOldGen       total 285696K, used 255577K [0x00000000c0000000, 0x00000000d1700000, 0x00000000eab00000)
  object space 285696K, 89% used [0x00000000c0000000,0x00000000cf9966b0,0x00000000d1700000)
 Metaspace       used 76874K, committed 78464K, reserved 1179648K
  class space    used 7986K, committed 8640K, reserved 1048576K
}
Event: 44.245 GC heap after
{Heap after GC invocations=423 (full 20):
 PSYoungGen      total 24064K, used 1524K [0x00000000eab00000, 0x00000000ec680000, 0x0000000100000000)
  eden space 22528K, 0% used [0x00000000eab00000,0x00000000eab00000,0x00000000ec100000)
  from space 1536K, 99% used [0x00000000ec480000,0x00000000ec5fd220,0x00000000ec600000)
  to   space 512K, 0% used [0x00000000ec600000,0x00000000ec600000,0x00000000ec680000)
 ParOldGen       total 285696K, used 256353K [0x00000000c0000000, 0x00000000d1700000, 0x00000000eab00000)
  object space 285696K, 89% used [0x00000000c0000000,0x00000000cfa586b0,0x00000000d1700000)
 Metaspace       used 76874K, committed 78464K, reserved 1179648K
  class space    used 7986K, committed 8640K, reserved 1048576K
}
Event: 45.280 GC heap before
{Heap before GC invocations=424 (full 20):
 PSYoungGen      total 24064K, used 24052K [0x00000000eab00000, 0x00000000ec680000, 0x0000000100000000)
  eden space 22528K, 100% used [0x00000000eab00000,0x00000000ec100000,0x00000000ec100000)
  from space 1536K, 99% used [0x00000000ec480000,0x00000000ec5fd220,0x00000000ec600000)
  to   space 512K, 0% used [0x00000000ec600000,0x00000000ec600000,0x00000000ec680000)
 ParOldGen       total 285696K, used 256353K [0x00000000c0000000, 0x00000000d1700000, 0x00000000eab00000)
  object space 285696K, 89% used [0x00000000c0000000,0x00000000cfa586b0,0x00000000d1700000)
 Metaspace       used 76874K, committed 78464K, reserved 1179648K
  class space    used 7986K, committed 8640K, reserved 1048576K
}
Event: 45.283 GC heap after
{Heap after GC invocations=424 (full 20):
 PSYoungGen      total 23040K, used 480K [0x00000000eab00000, 0x00000000ec680000, 0x0000000100000000)
  eden space 22528K, 0% used [0x00000000eab00000,0x00000000eab00000,0x00000000ec100000)
  from space 512K, 93% used [0x00000000ec600000,0x00000000ec678020,0x00000000ec680000)
  to   space 2560K, 0% used [0x00000000ec180000,0x00000000ec180000,0x00000000ec400000)
 ParOldGen       total 285696K, used 258141K [0x00000000c0000000, 0x00000000d1700000, 0x00000000eab00000)
  object space 285696K, 90% used [0x00000000c0000000,0x00000000cfc17770,0x00000000d1700000)
 Metaspace       used 76874K, committed 78464K, reserved 1179648K
  class space    used 7986K, committed 8640K, reserved 1048576K
}
Event: 109.300 GC heap before
{Heap before GC invocations=425 (full 20):
 PSYoungGen      total 23040K, used 23008K [0x00000000eab00000, 0x00000000ec680000, 0x0000000100000000)
  eden space 22528K, 99% used [0x00000000eab00000,0x00000000ec0ffff0,0x00000000ec100000)
  from space 512K, 93% used [0x00000000ec600000,0x00000000ec678020,0x00000000ec680000)
  to   space 2560K, 0% used [0x00000000ec180000,0x00000000ec180000,0x00000000ec400000)
 ParOldGen       total 285696K, used 258141K [0x00000000c0000000, 0x00000000d1700000, 0x00000000eab00000)
  object space 285696K, 90% used [0x00000000c0000000,0x00000000cfc17770,0x00000000d1700000)
 Metaspace       used 76972K, committed 78528K, reserved 1179648K
  class space    used 7987K, committed 8640K, reserved 1048576K
}
Event: 109.302 GC heap after
{Heap after GC invocations=425 (full 20):
 PSYoungGen      total 25088K, used 248K [0x00000000eab00000, 0x00000000ec680000, 0x0000000100000000)
  eden space 22528K, 0% used [0x00000000eab00000,0x00000000eab00000,0x00000000ec100000)
  from space 2560K, 9% used [0x00000000ec180000,0x00000000ec1be1c8,0x00000000ec400000)
  to   space 1024K, 0% used [0x00000000ec580000,0x00000000ec580000,0x00000000ec680000)
 ParOldGen       total 285696K, used 258293K [0x00000000c0000000, 0x00000000d1700000, 0x00000000eab00000)
  object space 285696K, 90% used [0x00000000c0000000,0x00000000cfc3d790,0x00000000d1700000)
 Metaspace       used 76972K, committed 78528K, reserved 1179648K
  class space    used 7987K, committed 8640K, reserved 1048576K
}

Dll operation events (11 events):
Event: 0.018 Loaded shared library c:\Users\21269\.vscode\extensions\redhat.java-1.28.1-win32-x64\jre\17.0.10-win32-x86_64\bin\java.dll
Event: 0.213 Loaded shared library c:\Users\21269\.vscode\extensions\redhat.java-1.28.1-win32-x64\jre\17.0.10-win32-x86_64\bin\zip.dll
Event: 0.222 Loaded shared library C:\Users\21269\.vscode\extensions\redhat.java-1.28.1-win32-x64\jre\17.0.10-win32-x86_64\bin\instrument.dll
Event: 0.238 Loaded shared library C:\Users\21269\.vscode\extensions\redhat.java-1.28.1-win32-x64\jre\17.0.10-win32-x86_64\bin\net.dll
Event: 0.240 Loaded shared library C:\Users\21269\.vscode\extensions\redhat.java-1.28.1-win32-x64\jre\17.0.10-win32-x86_64\bin\nio.dll
Event: 0.249 Loaded shared library C:\Users\21269\.vscode\extensions\redhat.java-1.28.1-win32-x64\jre\17.0.10-win32-x86_64\bin\zip.dll
Event: 0.267 Loaded shared library C:\Users\21269\.vscode\extensions\redhat.java-1.28.1-win32-x64\jre\17.0.10-win32-x86_64\bin\jimage.dll
Event: 0.324 Loaded shared library c:\Users\21269\.vscode\extensions\redhat.java-1.28.1-win32-x64\jre\17.0.10-win32-x86_64\bin\verify.dll
Event: 1.617 Loaded shared library C:\Users\21269\AppData\Roaming\Code\User\globalStorage\redhat.java\1.28.1\config_win\org.eclipse.equinox.launcher\org.eclipse.equinox.launcher.win32.win32.x86_64_1.2.900.v20240129-1338\eclipse_11900.dll
Event: 5.078 Loaded shared library C:\Users\21269\AppData\Local\Temp\jna--1921886675\jna2289377047543341970.dll
Event: 22.311 Loaded shared library C:\Users\21269\.vscode\extensions\redhat.java-1.28.1-win32-x64\jre\17.0.10-win32-x86_64\bin\sunmscapi.dll

Deoptimization events (20 events):
Event: 45.891 Thread 0x0000016e4692abf0 DEOPT PACKING pc=0x0000016e36697ef4 sp=0x0000000215cfd8c0
Event: 45.891 Thread 0x0000016e4692abf0 DEOPT UNPACKING pc=0x0000016e35889ea3 sp=0x0000000215cfd860 mode 2
Event: 45.891 Thread 0x0000016e4692abf0 Uncommon trap: trap_request=0xfffffff4 fr.pc=0x0000016e366a5b24 relative=0x0000000000005664
Event: 45.891 Thread 0x0000016e4692abf0 Uncommon trap: reason=null_check action=make_not_entrant pc=0x0000016e366a5b24 method=org.eclipse.core.internal.events.ResourceDeltaFactory.createDelta(Lorg/eclipse/core/internal/resources/Workspace;Lorg/eclipse/core/internal/dtree/DeltaDataTree;Lorg/ecli
Event: 45.891 Thread 0x0000016e4692abf0 DEOPT PACKING pc=0x0000016e366a5b24 sp=0x0000000215cfd850
Event: 45.891 Thread 0x0000016e4692abf0 DEOPT UNPACKING pc=0x0000016e35889ea3 sp=0x0000000215cfd890 mode 2
Event: 46.312 Thread 0x0000016e46927e60 DEOPT PACKING pc=0x0000016e2f2d56d1 sp=0x00000002164fe7d0
Event: 46.312 Thread 0x0000016e46927e60 DEOPT UNPACKING pc=0x0000016e3588a9e3 sp=0x00000002164fdd28 mode 0
Event: 46.349 Thread 0x0000016e46927e60 DEOPT PACKING pc=0x0000016e2f57718e sp=0x00000002164fdea0
Event: 46.349 Thread 0x0000016e46927e60 DEOPT UNPACKING pc=0x0000016e3588a9e3 sp=0x00000002164fd358 mode 0
Event: 46.365 Thread 0x0000016e46927e60 DEOPT PACKING pc=0x0000016e2f51cfd0 sp=0x00000002164fe450
Event: 46.365 Thread 0x0000016e46927e60 DEOPT UNPACKING pc=0x0000016e3588a9e3 sp=0x00000002164fd8d8 mode 0
Event: 109.312 Thread 0x0000016e4a1237a0 Uncommon trap: trap_request=0xffffff6e fr.pc=0x0000016e3671e100 relative=0x0000000000005900
Event: 109.312 Thread 0x0000016e4a1237a0 Uncommon trap: reason=loop_limit_check action=maybe_recompile pc=0x0000016e3671e100 method=org.eclipse.jdt.internal.compiler.lookup.BinaryTypeBinding.superInterfaces()[Lorg/eclipse/jdt/internal/compiler/lookup/ReferenceBinding; @ 266 c2
Event: 109.312 Thread 0x0000016e4a1237a0 DEOPT PACKING pc=0x0000016e3671e100 sp=0x00000002166fdc70
Event: 109.312 Thread 0x0000016e4a1237a0 DEOPT UNPACKING pc=0x0000016e35889ea3 sp=0x00000002166fdc78 mode 2
Event: 109.713 Thread 0x0000016e4a1237a0 Uncommon trap: trap_request=0xffffff6e fr.pc=0x0000016e36734c68 relative=0x00000000000045e8
Event: 109.713 Thread 0x0000016e4a1237a0 Uncommon trap: reason=loop_limit_check action=maybe_recompile pc=0x0000016e36734c68 method=org.eclipse.jdt.internal.compiler.lookup.ParameterizedTypeBinding.superInterfaces()[Lorg/eclipse/jdt/internal/compiler/lookup/ReferenceBinding; @ 107 c2
Event: 109.713 Thread 0x0000016e4a1237a0 DEOPT PACKING pc=0x0000016e36734c68 sp=0x00000002166fdcf0
Event: 109.713 Thread 0x0000016e4a1237a0 DEOPT UNPACKING pc=0x0000016e35889ea3 sp=0x00000002166fdc50 mode 2

Classes unloaded (9 events):
Event: 2.847 Thread 0x0000016e2b71e8e0 Unloading class 0x0000000100250400 'java/lang/invoke/LambdaForm$MH+0x0000000100250400'
Event: 2.847 Thread 0x0000016e2b71e8e0 Unloading class 0x0000000100250000 'java/lang/invoke/LambdaForm$MH+0x0000000100250000'
Event: 2.847 Thread 0x0000016e2b71e8e0 Unloading class 0x000000010024fc00 'java/lang/invoke/LambdaForm$MH+0x000000010024fc00'
Event: 2.847 Thread 0x0000016e2b71e8e0 Unloading class 0x000000010024f800 'java/lang/invoke/LambdaForm$MH+0x000000010024f800'
Event: 2.847 Thread 0x0000016e2b71e8e0 Unloading class 0x000000010024f400 'java/lang/invoke/LambdaForm$BMH+0x000000010024f400'
Event: 2.847 Thread 0x0000016e2b71e8e0 Unloading class 0x000000010024f000 'java/lang/invoke/LambdaForm$DMH+0x000000010024f000'
Event: 2.847 Thread 0x0000016e2b71e8e0 Unloading class 0x000000010024c400 'java/lang/invoke/LambdaForm$DMH+0x000000010024c400'
Event: 19.574 Thread 0x0000016e2b71e8e0 Unloading class 0x00000001006d4800 'java/lang/invoke/LambdaForm$DMH+0x00000001006d4800'
Event: 19.574 Thread 0x0000016e2b71e8e0 Unloading class 0x00000001006d4400 'java/lang/invoke/LambdaForm$DMH+0x00000001006d4400'

Classes redefined (0 events):
No events

Internal exceptions (20 events):
Event: 42.379 Thread 0x0000016e4692abf0 Exception <a 'sun/nio/fs/WindowsException'{0x00000000eb4b5688}> (0x00000000eb4b5688) 
thrown [s\src\hotspot\share\prims\jni.cpp, line 516]
Event: 42.381 Thread 0x0000016e4692abf0 Exception <a 'sun/nio/fs/WindowsException'{0x00000000eb4bef28}> (0x00000000eb4bef28) 
thrown [s\src\hotspot\share\prims\jni.cpp, line 516]
Event: 42.383 Thread 0x0000016e4692abf0 Exception <a 'sun/nio/fs/WindowsException'{0x00000000eb4c8678}> (0x00000000eb4c8678) 
thrown [s\src\hotspot\share\prims\jni.cpp, line 516]
Event: 42.426 Thread 0x0000016e4692abf0 Exception <a 'sun/nio/fs/WindowsException'{0x00000000ebb5f458}> (0x00000000ebb5f458) 
thrown [s\src\hotspot\share\prims\jni.cpp, line 516]
Event: 42.430 Thread 0x0000016e4692abf0 Exception <a 'sun/nio/fs/WindowsException'{0x00000000ebb8bb18}> (0x00000000ebb8bb18) 
thrown [s\src\hotspot\share\prims\jni.cpp, line 516]
Event: 42.433 Thread 0x0000016e4692abf0 Exception <a 'sun/nio/fs/WindowsException'{0x00000000ebbcecb8}> (0x00000000ebbcecb8) 
thrown [s\src\hotspot\share\prims\jni.cpp, line 516]
Event: 42.436 Thread 0x0000016e4692abf0 Exception <a 'sun/nio/fs/WindowsException'{0x00000000ebc08328}> (0x00000000ebc08328) 
thrown [s\src\hotspot\share\prims\jni.cpp, line 516]
Event: 42.441 Thread 0x0000016e4692abf0 Exception <a 'sun/nio/fs/WindowsException'{0x00000000ebc64a30}> (0x00000000ebc64a30) 
thrown [s\src\hotspot\share\prims\jni.cpp, line 516]
Event: 42.445 Thread 0x0000016e4692abf0 Exception <a 'sun/nio/fs/WindowsException'{0x00000000ebc92840}> (0x00000000ebc92840) 
thrown [s\src\hotspot\share\prims\jni.cpp, line 516]
Event: 42.457 Thread 0x0000016e4692abf0 Exception <a 'sun/nio/fs/WindowsException'{0x00000000ebcf0e10}> (0x00000000ebcf0e10) 
thrown [s\src\hotspot\share\prims\jni.cpp, line 516]
Event: 42.460 Thread 0x0000016e4692abf0 Exception <a 'sun/nio/fs/WindowsException'{0x00000000ebd7bb90}> (0x00000000ebd7bb90) 
thrown [s\src\hotspot\share\prims\jni.cpp, line 516]
Event: 42.463 Thread 0x0000016e4692abf0 Exception <a 'sun/nio/fs/WindowsException'{0x00000000ebe20c38}> (0x00000000ebe20c38) 
thrown [s\src\hotspot\share\prims\jni.cpp, line 516]
Event: 42.466 Thread 0x0000016e4692abf0 Exception <a 'sun/nio/fs/WindowsException'{0x00000000ebea1fe0}> (0x00000000ebea1fe0) 
thrown [s\src\hotspot\share\prims\jni.cpp, line 516]
Event: 42.474 Thread 0x0000016e4692abf0 Exception <a 'sun/nio/fs/WindowsException'{0x00000000ebf11018}> (0x00000000ebf11018) 
thrown [s\src\hotspot\share\prims\jni.cpp, line 516]
Event: 42.480 Thread 0x0000016e4692abf0 Exception <a 'sun/nio/fs/WindowsException'{0x00000000ebf4b078}> (0x00000000ebf4b078) 
thrown [s\src\hotspot\share\prims\jni.cpp, line 516]
Event: 42.489 Thread 0x0000016e4692abf0 Exception <a 'sun/nio/fs/WindowsException'{0x00000000ebf8e418}> (0x00000000ebf8e418) 
thrown [s\src\hotspot\share\prims\jni.cpp, line 516]
Event: 42.493 Thread 0x0000016e4692abf0 Exception <a 'sun/nio/fs/WindowsException'{0x00000000ebfc8330}> (0x00000000ebfc8330) 
thrown [s\src\hotspot\share\prims\jni.cpp, line 516]
Event: 42.497 Thread 0x0000016e4692abf0 Exception <a 'sun/nio/fs/WindowsException'{0x00000000ebfd7d58}> (0x00000000ebfd7d58) 
thrown [s\src\hotspot\share\prims\jni.cpp, line 516]
Event: 45.891 Thread 0x0000016e4692abf0 Implicit null exception at 0x0000016e36695803 to 0x0000016e36695ce0
Event: 45.891 Thread 0x0000016e4692abf0 Implicit null exception at 0x0000016e366a0c9e to 0x0000016e366a5afc

VM Operations (20 events):
Event: 43.450 Executing VM operation: ParallelGCFailedAllocation
Event: 43.452 Executing VM operation: ParallelGCFailedAllocation done
Event: 44.244 Executing VM operation: ParallelGCFailedAllocation
Event: 44.245 Executing VM operation: ParallelGCFailedAllocation done
Event: 45.280 Executing VM operation: ParallelGCFailedAllocation
Event: 45.283 Executing VM operation: ParallelGCFailedAllocation done
Event: 45.989 Executing VM operation: HandshakeAllThreads
Event: 45.989 Executing VM operation: HandshakeAllThreads done
Event: 46.998 Executing VM operation: Cleanup
Event: 46.999 Executing VM operation: Cleanup done
Event: 51.018 Executing VM operation: Cleanup
Event: 51.018 Executing VM operation: Cleanup done
Event: 60.155 Executing VM operation: HandshakeAllThreads
Event: 60.155 Executing VM operation: HandshakeAllThreads done
Event: 109.300 Executing VM operation: ParallelGCFailedAllocation
Event: 109.302 Executing VM operation: ParallelGCFailedAllocation done
Event: 109.312 Executing VM operation: HandshakeAllThreads
Event: 109.312 Executing VM operation: HandshakeAllThreads done
Event: 109.751 Executing VM operation: HandshakeAllThreads
Event: 109.751 Executing VM operation: HandshakeAllThreads done

Events (20 events):
Event: 109.778 Thread 0x0000016e445e9ae0 flushing nmethod 0x0000016e2f5ac090
Event: 109.778 Thread 0x0000016e445e9ae0 flushing nmethod 0x0000016e2f5acb10
Event: 109.778 Thread 0x0000016e445e9ae0 flushing nmethod 0x0000016e2f5ad510
Event: 109.778 Thread 0x0000016e445e9ae0 flushing nmethod 0x0000016e2f5aed10
Event: 109.778 Thread 0x0000016e445e9ae0 flushing nmethod 0x0000016e2f5c9f90
Event: 109.778 Thread 0x0000016e445e9ae0 flushing nmethod 0x0000016e2f5d1190
Event: 109.779 Thread 0x0000016e445e9ae0 flushing nmethod 0x0000016e2f61dc90
Event: 109.779 Thread 0x0000016e445e9ae0 flushing nmethod 0x0000016e2f621b90
Event: 109.779 Thread 0x0000016e445e9ae0 flushing nmethod 0x0000016e2f631e90
Event: 109.779 Thread 0x0000016e445e9ae0 flushing nmethod 0x0000016e2f634910
Event: 109.779 Thread 0x0000016e445e9ae0 flushing nmethod 0x0000016e2f64e710
Event: 109.780 Thread 0x0000016e445e9ae0 flushing nmethod 0x0000016e2f76cc90
Event: 109.780 Thread 0x0000016e445e9ae0 flushing nmethod 0x0000016e2f786090
Event: 109.780 Thread 0x0000016e445e9ae0 flushing nmethod 0x0000016e2f7d8a90
Event: 109.780 Thread 0x0000016e445e9ae0 flushing nmethod 0x0000016e2f833c10
Event: 109.780 Thread 0x0000016e445e9ae0 flushing nmethod 0x0000016e2f834d10
Event: 109.780 Thread 0x0000016e445e9ae0 flushing nmethod 0x0000016e2f843810
Event: 109.780 Thread 0x0000016e445e9ae0 flushing nmethod 0x0000016e2f844290
Event: 109.780 Thread 0x0000016e445e9ae0 flushing nmethod 0x0000016e2f845010
Event: 109.781 Thread 0x0000016e445e9ae0 flushing nmethod 0x0000016e2f94e110


Dynamic libraries:
0x00007ff7a80c0000 - 0x00007ff7a80ce000 	c:\Users\21269\.vscode\extensions\redhat.java-1.28.1-win32-x64\jre\17.0.10-win32-x86_64\bin\java.exe
0x00007ffa54ff0000 - 0x00007ffa55206000 	C:\WINDOWS\SYSTEM32\ntdll.dll
0x00007ffa54430000 - 0x00007ffa544f4000 	C:\WINDOWS\System32\KERNEL32.DLL
0x00007ffa527a0000 - 0x00007ffa52b46000 	C:\WINDOWS\System32\KERNELBASE.dll
0x00007ffa523d0000 - 0x00007ffa524e1000 	C:\WINDOWS\System32\ucrtbase.dll
0x00007ffa38a00000 - 0x00007ffa38a17000 	c:\Users\21269\.vscode\extensions\redhat.java-1.28.1-win32-x64\jre\17.0.10-win32-x86_64\bin\jli.dll
0x00007ffa38580000 - 0x00007ffa3859b000 	c:\Users\21269\.vscode\extensions\redhat.java-1.28.1-win32-x64\jre\17.0.10-win32-x86_64\bin\VCRUNTIME140.dll
0x00007ffa54c70000 - 0x00007ffa54e1d000 	C:\WINDOWS\System32\USER32.dll
0x00007ffa52d10000 - 0x00007ffa52d36000 	C:\WINDOWS\System32\win32u.dll
0x00007ffa543e0000 - 0x00007ffa54409000 	C:\WINDOWS\System32\GDI32.dll
0x00007ffa52bf0000 - 0x00007ffa52d08000 	C:\WINDOWS\System32\gdi32full.dll
0x00007ffa52b50000 - 0x00007ffa52bea000 	C:\WINDOWS\System32\msvcp_win.dll
0x00007ffa3b830000 - 0x00007ffa3bac3000 	C:\WINDOWS\WinSxS\amd64_microsoft.windows.common-controls_6595b64144ccf1df_6.0.22621.3235_none_270f74e173860f98\COMCTL32.dll
0x00007ffa53a10000 - 0x00007ffa53ab7000 	C:\WINDOWS\System32\msvcrt.dll
0x00007ffa54500000 - 0x00007ffa54531000 	C:\WINDOWS\System32\IMM32.DLL
0x00007ffa4ccb0000 - 0x00007ffa4ccbc000 	c:\Users\21269\.vscode\extensions\redhat.java-1.28.1-win32-x64\jre\17.0.10-win32-x86_64\bin\vcruntime140_1.dll
0x00007ffa10400000 - 0x00007ffa1048d000 	c:\Users\21269\.vscode\extensions\redhat.java-1.28.1-win32-x64\jre\17.0.10-win32-x86_64\bin\msvcp140.dll
0x00007ff9fc6c0000 - 0x00007ff9fd322000 	c:\Users\21269\.vscode\extensions\redhat.java-1.28.1-win32-x64\jre\17.0.10-win32-x86_64\bin\server\jvm.dll
0x00007ffa54540000 - 0x00007ffa545f2000 	C:\WINDOWS\System32\ADVAPI32.dll
0x00007ffa53960000 - 0x00007ffa53a08000 	C:\WINDOWS\System32\sechost.dll
0x00007ffa523a0000 - 0x00007ffa523c8000 	C:\WINDOWS\System32\bcrypt.dll
0x00007ffa54e90000 - 0x00007ffa54fa5000 	C:\WINDOWS\System32\RPCRT4.dll
0x00007ffa51be0000 - 0x00007ffa51c2d000 	C:\WINDOWS\SYSTEM32\POWRPROF.dll
0x00007ffa270d0000 - 0x00007ffa270d9000 	C:\WINDOWS\SYSTEM32\WSOCK32.dll
0x00007ffa53fb0000 - 0x00007ffa54021000 	C:\WINDOWS\System32\WS2_32.dll
0x00007ffa4a040000 - 0x00007ffa4a074000 	C:\WINDOWS\SYSTEM32\WINMM.dll
0x00007ffa49260000 - 0x00007ffa4926a000 	C:\WINDOWS\SYSTEM32\VERSION.dll
0x00007ffa51b70000 - 0x00007ffa51b83000 	C:\WINDOWS\SYSTEM32\UMPDC.dll
0x00007ffa51330000 - 0x00007ffa51348000 	C:\WINDOWS\SYSTEM32\kernel.appcore.dll
0x00007ffa4aca0000 - 0x00007ffa4acaa000 	c:\Users\21269\.vscode\extensions\redhat.java-1.28.1-win32-x64\jre\17.0.10-win32-x86_64\bin\jimage.dll
0x00007ffa4f6f0000 - 0x00007ffa4f923000 	C:\WINDOWS\SYSTEM32\DBGHELP.DLL
0x00007ffa54600000 - 0x00007ffa54988000 	C:\WINDOWS\System32\combase.dll
0x00007ffa54300000 - 0x00007ffa543d7000 	C:\WINDOWS\System32\OLEAUT32.dll
0x00007ffa3a130000 - 0x00007ffa3a162000 	C:\WINDOWS\SYSTEM32\dbgcore.DLL
0x00007ffa52660000 - 0x00007ffa526da000 	C:\WINDOWS\System32\bcryptPrimitives.dll
0x00007ffa45cd0000 - 0x00007ffa45cde000 	c:\Users\21269\.vscode\extensions\redhat.java-1.28.1-win32-x64\jre\17.0.10-win32-x86_64\bin\instrument.dll
0x00007ffa33a40000 - 0x00007ffa33a65000 	c:\Users\21269\.vscode\extensions\redhat.java-1.28.1-win32-x64\jre\17.0.10-win32-x86_64\bin\java.dll
0x00007ffa37850000 - 0x00007ffa37868000 	c:\Users\21269\.vscode\extensions\redhat.java-1.28.1-win32-x64\jre\17.0.10-win32-x86_64\bin\zip.dll
0x00007ffa53100000 - 0x00007ffa5395c000 	C:\WINDOWS\System32\SHELL32.dll
0x00007ffa50210000 - 0x00007ffa50b08000 	C:\WINDOWS\SYSTEM32\windows.storage.dll
0x00007ffa500d0000 - 0x00007ffa5020e000 	C:\WINDOWS\SYSTEM32\wintypes.dll
0x00007ffa52f00000 - 0x00007ffa52ff3000 	C:\WINDOWS\System32\SHCORE.dll
0x00007ffa54e30000 - 0x00007ffa54e8e000 	C:\WINDOWS\System32\shlwapi.dll
0x00007ffa52260000 - 0x00007ffa52286000 	C:\WINDOWS\SYSTEM32\profapi.dll
0x00007ffa377d0000 - 0x00007ffa377e9000 	C:\Users\21269\.vscode\extensions\redhat.java-1.28.1-win32-x64\jre\17.0.10-win32-x86_64\bin\net.dll
0x00007ffa4b760000 - 0x00007ffa4b897000 	C:\WINDOWS\SYSTEM32\WINHTTP.dll
0x00007ffa51820000 - 0x00007ffa51889000 	C:\WINDOWS\system32\mswsock.dll
0x00007ffa33c80000 - 0x00007ffa33c96000 	C:\Users\21269\.vscode\extensions\redhat.java-1.28.1-win32-x64\jre\17.0.10-win32-x86_64\bin\nio.dll
0x00007ffa3b2a0000 - 0x00007ffa3b2b0000 	c:\Users\21269\.vscode\extensions\redhat.java-1.28.1-win32-x64\jre\17.0.10-win32-x86_64\bin\verify.dll
0x00007ffa2d120000 - 0x00007ffa2d15e000 	C:\Users\21269\AppData\Roaming\Code\User\globalStorage\redhat.java\1.28.1\config_win\org.eclipse.equinox.launcher\org.eclipse.equinox.launcher.win32.win32.x86_64_1.2.900.v20240129-1338\eclipse_11900.dll
0x00007ffa54990000 - 0x00007ffa54b2f000 	C:\WINDOWS\System32\ole32.dll
0x00007ffa51ab0000 - 0x00007ffa51acb000 	C:\WINDOWS\SYSTEM32\CRYPTSP.dll
0x00007ffa51290000 - 0x00007ffa512c5000 	C:\WINDOWS\system32\rsaenh.dll
0x00007ffa51930000 - 0x00007ffa5195c000 	C:\WINDOWS\SYSTEM32\USERENV.dll
0x00007ffa51b50000 - 0x00007ffa51b5c000 	C:\WINDOWS\SYSTEM32\CRYPTBASE.dll
0x00007ffa50db0000 - 0x00007ffa50ddd000 	C:\WINDOWS\SYSTEM32\IPHLPAPI.DLL
0x00007ffa53fa0000 - 0x00007ffa53fa9000 	C:\WINDOWS\System32\NSI.dll
0x00007ffa4b490000 - 0x00007ffa4b4a9000 	C:\WINDOWS\SYSTEM32\dhcpcsvc6.DLL
0x00007ffa4b470000 - 0x00007ffa4b48f000 	C:\WINDOWS\SYSTEM32\dhcpcsvc.DLL
0x00007ffa50e30000 - 0x00007ffa50f29000 	C:\WINDOWS\SYSTEM32\DNSAPI.dll
0x00007ffa235e0000 - 0x00007ffa23625000 	C:\Users\21269\AppData\Local\Temp\jna--1921886675\jna2289377047543341970.dll
0x00007ffa54bb0000 - 0x00007ffa54bb8000 	C:\WINDOWS\System32\PSAPI.DLL
0x00007ffa381d0000 - 0x00007ffa381de000 	C:\Users\21269\.vscode\extensions\redhat.java-1.28.1-win32-x64\jre\17.0.10-win32-x86_64\bin\sunmscapi.dll
0x00007ffa524f0000 - 0x00007ffa52656000 	C:\WINDOWS\System32\CRYPT32.dll
0x00007ffa51cd0000 - 0x00007ffa51cfe000 	C:\WINDOWS\SYSTEM32\ncrypt.dll
0x00007ffa51c90000 - 0x00007ffa51cc7000 	C:\WINDOWS\SYSTEM32\NTASN1.dll

dbghelp: loaded successfully - version: 4.0.5 - missing functions: none
symbol engine: initialized successfully - sym options: 0x614 - pdb path: .;c:\Users\21269\.vscode\extensions\redhat.java-1.28.1-win32-x64\jre\17.0.10-win32-x86_64\bin;C:\WINDOWS\SYSTEM32;C:\WINDOWS\WinSxS\amd64_microsoft.windows.common-controls_6595b64144ccf1df_6.0.22621.3235_none_270f74e173860f98;c:\Users\21269\.vscode\extensions\redhat.java-1.28.1-win32-x64\jre\17.0.10-win32-x86_64\bin\server;C:\Users\21269\AppData\Roaming\Code\User\globalStorage\redhat.java\1.28.1\config_win\org.eclipse.equinox.launcher\org.eclipse.equinox.launcher.win32.win32.x86_64_1.2.900.v20240129-1338;C:\Users\21269\AppData\Local\Temp\jna--1921886675

VM Arguments:
jvm_args: --add-modules=ALL-SYSTEM --add-opens=java.base/java.util=ALL-UNNAMED --add-opens=java.base/java.lang=ALL-UNNAMED --add-opens=java.base/sun.nio.fs=ALL-UNNAMED -Declipse.application=org.eclipse.jdt.ls.core.id1 -Dosgi.bundles.defaultStartLevel=4 -Declipse.product=org.eclipse.jdt.ls.core.product -Djava.import.generatesMetadataFilesAtProjectRoot=false -DDetectVMInstallationsJob.disabled=true -Dfile.encoding=utf8 -XX:+UseParallelGC -XX:GCTimeRatio=4 -XX:AdaptiveSizePolicyWeight=90 -Dsun.zip.disableMemoryMapping=true -Xmx1G -Xms100m -Xlog:disable -javaagent:c:\Users\21269\.vscode\extensions\redhat.java-1.28.1-win32-x64\lombok\lombok-1.18.31.jar -XX:+HeapDumpOnOutOfMemoryError -XX:HeapDumpPath=c:\Users\21269\AppData\Roaming\Code\User\workspaceStorage\1718572053e923615083db9cc6e0b6a3\redhat.java -Daether.dependencyCollector.impl=bf 
java_command: c:\Users\21269\.vscode\extensions\redhat.java-1.28.1-win32-x64\server\plugins\org.eclipse.equinox.launcher_1.6.700.v20231214-2017.jar -configuration c:\Users\21269\AppData\Roaming\Code\User\globalStorage\redhat.java\1.28.1\config_win -data c:\Users\21269\AppData\Roaming\Code\User\workspaceStorage\1718572053e923615083db9cc6e0b6a3\redhat.java\jdt_ws --stdio
java_class_path (initial): c:\Users\21269\.vscode\extensions\redhat.java-1.28.1-win32-x64\server\plugins\org.eclipse.equinox.launcher_1.6.700.v20231214-2017.jar
Launcher Type: SUN_STANDARD

[Global flags]
    uintx AdaptiveSizePolicyWeight                 = 90                                        {product} {command line}
     intx CICompilerCount                          = 4                                         {product} {ergonomic}
    uintx GCTimeRatio                              = 4                                         {product} {command line}
     bool HeapDumpOnOutOfMemoryError               = true                                   {manageable} {command line}
    ccstr HeapDumpPath                             = c:\Users\21269\AppData\Roaming\Code\User\workspaceStorage\1718572053e923615083db9cc6e0b6a3\redhat.java         {manageable} {command line}
   size_t InitialHeapSize                          = 104857600                                 {product} {command line}
   size_t MaxHeapSize                              = 1073741824                                {product} {command line}
   size_t MaxNewSize                               = 357564416                                 {product} {ergonomic}
   size_t MinHeapDeltaBytes                        = 524288                                    {product} {ergonomic}
   size_t MinHeapSize                              = 104857600                                 {product} {command line}
   size_t NewSize                                  = 34603008                                  {product} {ergonomic}
    uintx NonNMethodCodeHeapSize                   = 5839372                                {pd product} {ergonomic}
    uintx NonProfiledCodeHeapSize                  = 122909434                              {pd product} {ergonomic}
   size_t OldSize                                  = 70254592                                  {product} {ergonomic}
    uintx ProfiledCodeHeapSize                     = 122909434                              {pd product} {ergonomic}
    uintx ReservedCodeCacheSize                    = 251658240                              {pd product} {ergonomic}
     bool SegmentedCodeCache                       = true                                      {product} {ergonomic}
   size_t SoftMaxHeapSize                          = 1073741824                             {manageable} {ergonomic}
     bool UseCompressedClassPointers               = true                           {product lp64_product} {ergonomic}
     bool UseCompressedOops                        = true                           {product lp64_product} {ergonomic}
     bool UseLargePagesIndividualAllocation        = false                                  {pd product} {ergonomic}
     bool UseParallelGC                            = true                                      {product} {command line}

Logging:
Log output configuration:
 #0: stdout all=off uptime,level,tags
 #1: stderr all=off uptime,level,tags

Environment Variables:
JAVA_HOME=C:\Program Files\Java\jdk-21
PATH=C:\Python312\Scripts\;C:\Python312\;D:\app\OumNou\product\11.2.0\dbhome_1\bin;C:\Program Files\Common Files\Oracle\Java\javapath;C:\Program Files (x86)\Common Files\Oracle\Java\javapath;C:\Python310\Scripts\;C:\Python310\;C:\Windows\System32\HWAudioDriverLibs;C:\Windows\system32;C:\Windows;C:\Windows\System32\Wbem;C:\Windows\System32\WindowsPowerShell\v1.0\;C:\Windows\System32\OpenSSH\;C:\Users\Administrator\AppData\Local\Microsoft\WindowsApps;C:\composer;C:\php-8.1.10;C:\ProgramData\chocolatey\bin;C:\WINDOWS\system32;C:\WINDOWS;C:\WINDOWS\System32\Wbem;C:\WINDOWS\System32\WindowsPowerShell\v1.0\;C:\WINDOWS\System32\OpenSSH\;C:\Program Files\Git\cmd;C:\Program Files\Microsoft SQL Server\150\Tools\Binn\;C:\Program Files\Microsoft SQL Server\Client SDK\ODBC\170\Tools\Binn\;C:\Program Files\dotnet\;C:\Program Files\apache-maven-3.9.6\bin;C:\Program Files\Java\jre-1.8\bin;C:\Program Files\Java\jdk-21\bin;;C:\Program Files\Docker\Docker\resources\bin;C:\Program Files\nodejs\;C:\Users\21269\AppData\Local\Microsoft\WindowsApps;C:\Users\21269\AppData\Local\Programs\Microsoft VS Code\bin;C:\Users\21269;C:\php-8.1.10;C:\MinGW\bin;C:\Users\21269\AppData\Roaming\Composer\vendor\bin;C:\Users\21269\AppData\Local\ComposerSetup\bin;C:\Program Files\JetBrains\IntelliJ IDEA Community Edition 2022.2.2\bin;;C:\Users\21269\AppData\Local\GitHubDesktop\bin;C:\Swift\bin;C:\Users\21269\flutter\bin;C:\Users\21269\AppData\Local\Android\Sdk;JAVA_HOME%\bin;C:\Program Files\Java\jdk-20;C:\Program Files\Java\jdk-20\bin;C:\Program Files\Java\jre-1.8;C:\Users\21269\.dotnet\tools;C:\Program Files\apache-maven-3.9.6\bin;C:\Program Files\Java\jre-1.8\bin;C:\Program Files\Java\jdk-21\bin;C:\Users\21269\AppData\Roaming\npm
USERNAME=OumNou
OS=Windows_NT
PROCESSOR_IDENTIFIER=Intel64 Family 6 Model 140 Stepping 1, GenuineIntel
TMP=C:\Users\21269\AppData\Local\Temp
TEMP=C:\Users\21269\AppData\Local\Temp



Periodic native trim disabled


---------------  S Y S T E M  ---------------

OS:
 Windows 11 , 64 bit Build 22621 (10.0.22621.3235)
OS uptime: 2 days 2:50 hours
Hyper-V role detected

CPU: total 8 (initial active 8) (4 cores per cpu, 2 threads per core) family 6 model 140 stepping 1 microcode 0x8a, cx8, cmov, fxsr, ht, mmx, 3dnowpref, sse, sse2, sse3, ssse3, sse4.1, sse4.2, popcnt, lzcnt, tsc, tscinvbit, avx, avx2, aes, erms, clmul, bmi1, bmi2, adx, avx512f, avx512dq, avx512cd, avx512bw, avx512vl, sha, fma, vzeroupper, avx512_vpopcntdq, avx512_vpclmulqdq, avx512_vaes, avx512_vnni, clflush, clflushopt, clwb, avx512_vbmi2, avx512_vbmi, hv
Processor Information for all 8 processors :
  Max Mhz: 2419, Current Mhz: 2419, Mhz Limit: 2419

Memory: 4k page, system-wide physical 7991M (436M free)
TotalPageFile size 23319M (AvailPageFile size 103M)
current process WorkingSet (physical memory assigned to process): 620M, peak: 762M
current process commit charge ("private bytes"): 572M, peak: 748M

vm_info: OpenJDK 64-Bit Server VM (17.0.10+7) for windows-amd64 JRE (17.0.10+7), built on Jan 16 2024 23:25:11 by "admin" with MS VC++ 16.10 / 16.11 (VS2019)

END.
