#
# There is insufficient memory for the Java Runtime Environment to continue.
# Native memory allocation (malloc) failed to allocate 1600576 bytes for Chunk::new
# Possible reasons:
#   The system is out of physical RAM or swap space
#   The process is running with CompressedOops enabled, and the Java Heap may be blocking the growth of the native heap
# Possible solutions:
#   Reduce memory load on the system
#   Increase physical memory or swap space
#   Check if swap backing store is full
#   Decrease Java heap size (-Xmx/-Xms)
#   Decrease number of Java threads
#   Decrease Java thread stack sizes (-Xss)
#   Set larger code cache with -XX:ReservedCodeCacheSize=
#   JVM is running with Unscaled Compressed Oops mode in which the Java heap is
#     placed in the first 4GB address space. The Java Heap base address is the
#     maximum limit for the native heap growth. Please use -XX:HeapBaseMinAddress
#     to set the Java Heap base and to place the Java Heap above 4GB virtual address.
# This output file may be truncated or incomplete.
#
#  Out of Memory Error (arena.cpp:191), pid=1700, tid=10640
#
# JRE version: OpenJDK Runtime Environment Temurin-17.0.10+7 (17.0.10+7) (build 17.0.10+7)
# Java VM: OpenJDK 64-Bit Server VM Temurin-17.0.10+7 (17.0.10+7, mixed mode, tiered, compressed oops, compressed class ptrs, parallel gc, windows-amd64)
# No core dump will be written. Minidumps are not enabled by default on client versions of Windows
#

---------------  S U M M A R Y ------------

Command Line: --add-modules=ALL-SYSTEM --add-opens=java.base/java.util=ALL-UNNAMED --add-opens=java.base/java.lang=ALL-UNNAMED --add-opens=java.base/sun.nio.fs=ALL-UNNAMED -Declipse.application=org.eclipse.jdt.ls.core.id1 -Dosgi.bundles.defaultStartLevel=4 -Declipse.product=org.eclipse.jdt.ls.core.product -Djava.import.generatesMetadataFilesAtProjectRoot=false -DDetectVMInstallationsJob.disabled=true -Dfile.encoding=utf8 -XX:+UseParallelGC -XX:GCTimeRatio=4 -XX:AdaptiveSizePolicyWeight=90 -Dsun.zip.disableMemoryMapping=true -Xmx1G -Xms100m -Xlog:disable -javaagent:c:\Users\21269\.vscode\extensions\redhat.java-1.28.1-win32-x64\lombok\lombok-1.18.31.jar -XX:+HeapDumpOnOutOfMemoryError -XX:HeapDumpPath=c:\Users\21269\AppData\Roaming\Code\User\workspaceStorage\1718572053e923615083db9cc6e0b6a3\redhat.java -Daether.dependencyCollector.impl=bf c:\Users\21269\.vscode\extensions\redhat.java-1.28.1-win32-x64\server\plugins\org.eclipse.equinox.launcher_1.6.700.v20231214-2017.jar -configuration c:\Users\21269\AppData\Roaming\Code\User\globalStorage\redhat.java\1.28.1\config_win -data c:\Users\21269\AppData\Roaming\Code\User\workspaceStorage\1718572053e923615083db9cc6e0b6a3\redhat.java\jdt_ws --stdio

Host: 11th Gen Intel(R) Core(TM) i5-1135G7 @ 2.40GHz, 8 cores, 7G,  Windows 11 , 64 bit Build 22621 (10.0.22621.3235)
Time: Wed Mar  6 23:57:21 2024 Morocco Daylight Time elapsed time: 25.886461 seconds (0d 0h 0m 25s)

---------------  T H R E A D  ---------------

Current thread (0x000001e51ed43e40):  JavaThread "C2 CompilerThread0" daemon [_thread_in_native, id=10640, stack(0x00000064cfe00000,0x00000064cff00000)]


Current CompileTask:
C2:  25886 12201       4       org.eclipse.jdt.internal.compiler.lookup.BinaryTypeBinding::createMethod (1717 bytes)

Stack: [0x00000064cfe00000,0x00000064cff00000]
Native frames: (J=compiled Java code, j=interpreted, Vv=VM code, C=native code)
V  [jvm.dll+0x67d2c9]
V  [jvm.dll+0x834afa]
V  [jvm.dll+0x8365be]
V  [jvm.dll+0x836c23]
V  [jvm.dll+0x2477ff]
V  [jvm.dll+0xac514]
V  [jvm.dll+0xacb5c]
V  [jvm.dll+0x2aed1f]
V  [jvm.dll+0x584b67]
V  [jvm.dll+0x2228a2]
V  [jvm.dll+0x222c8f]
V  [jvm.dll+0x21bdb6]
V  [jvm.dll+0x219201]
V  [jvm.dll+0x1a502d]
V  [jvm.dll+0x2290de]
V  [jvm.dll+0x2272ac]
V  [jvm.dll+0x7e9bb7]
V  [jvm.dll+0x7e3fba]
V  [jvm.dll+0x67c1b5]
C  [ucrtbase.dll+0x29363]
C  [KERNEL32.DLL+0x1257d]
C  [ntdll.dll+0x5aa58]


---------------  P R O C E S S  ---------------

Threads class SMR info:
_java_thread_list=0x000001e523e0dcb0, length=39, elements={
0x000001e505b42960, 0x000001e51ecf6030, 0x000001e51ecfa0d0, 0x000001e51ed36020,
0x000001e51ed36af0, 0x000001e51ed38e60, 0x000001e51ed3a1c0, 0x000001e51ed43e40,
0x000001e51ed448f0, 0x000001e51ed4b310, 0x000001e51ee56230, 0x000001e51f07b4e0,
0x000001e52024c1f0, 0x000001e520731090, 0x000001e520731570, 0x000001e5209e17e0,
0x000001e52047e4c0, 0x000001e520d26c30, 0x000001e520d243b0, 0x000001e520d248c0,
0x000001e520d27650, 0x000001e520d252e0, 0x000001e520d26210, 0x000001e520d24dd0,
0x000001e520d25d00, 0x000001e520d26720, 0x000001e521c56680, 0x000001e521c55c60,
0x000001e521c52ed0, 0x000001e521c53e00, 0x000001e521c55750, 0x000001e521c54310,
0x000001e521c51fa0, 0x000001e521c56170, 0x000001e521c55240, 0x000001e521c538f0,
0x000001e521c57fd0, 0x000001e521c56b90, 0x000001e523c0e030
}

Java Threads: ( => current thread )
  0x000001e505b42960 JavaThread "main" [_thread_blocked, id=15176, stack(0x00000064cf500000,0x00000064cf600000)]
  0x000001e51ecf6030 JavaThread "Reference Handler" daemon [_thread_blocked, id=17276, stack(0x00000064cf800000,0x00000064cf900000)]
  0x000001e51ecfa0d0 JavaThread "Finalizer" daemon [_thread_blocked, id=7148, stack(0x00000064cf900000,0x00000064cfa00000)]
  0x000001e51ed36020 JavaThread "Signal Dispatcher" daemon [_thread_blocked, id=20372, stack(0x00000064cfa00000,0x00000064cfb00000)]
  0x000001e51ed36af0 JavaThread "Attach Listener" daemon [_thread_blocked, id=6360, stack(0x00000064cfb00000,0x00000064cfc00000)]
  0x000001e51ed38e60 JavaThread "Service Thread" daemon [_thread_blocked, id=4432, stack(0x00000064cfc00000,0x00000064cfd00000)]
  0x000001e51ed3a1c0 JavaThread "Monitor Deflation Thread" daemon [_thread_blocked, id=7032, stack(0x00000064cfd00000,0x00000064cfe00000)]
=>0x000001e51ed43e40 JavaThread "C2 CompilerThread0" daemon [_thread_in_native, id=10640, stack(0x00000064cfe00000,0x00000064cff00000)]
  0x000001e51ed448f0 JavaThread "C1 CompilerThread0" daemon [_thread_blocked, id=9320, stack(0x00000064cff00000,0x00000064d0000000)]
  0x000001e51ed4b310 JavaThread "Sweeper thread" daemon [_thread_blocked, id=20052, stack(0x00000064d0000000,0x00000064d0100000)]
  0x000001e51ee56230 JavaThread "Common-Cleaner" daemon [_thread_blocked, id=17948, stack(0x00000064d0100000,0x00000064d0200000)]
  0x000001e51f07b4e0 JavaThread "Notification Thread" daemon [_thread_blocked, id=1748, stack(0x00000064d0300000,0x00000064d0400000)]
  0x000001e52024c1f0 JavaThread "Active Thread: Equinox Container: c79819a8-09ae-44e2-ac84-cdea714a0441" [_thread_blocked, id=20764, stack(0x00000064d0c00000,0x00000064d0d00000)]
  0x000001e520731090 JavaThread "Framework Event Dispatcher: Equinox Container: c79819a8-09ae-44e2-ac84-cdea714a0441" daemon [_thread_blocked, id=11392, stack(0x00000064d0d00000,0x00000064d0e00000)]
  0x000001e520731570 JavaThread "Start Level: Equinox Container: c79819a8-09ae-44e2-ac84-cdea714a0441" daemon [_thread_blocked, id=19036, stack(0x00000064d0e00000,0x00000064d0f00000)]
  0x000001e5209e17e0 JavaThread "Bundle File Closer" daemon [_thread_blocked, id=18596, stack(0x00000064d1000000,0x00000064d1100000)]
  0x000001e52047e4c0 JavaThread "SCR Component Actor" daemon [_thread_blocked, id=18968, stack(0x00000064d1100000,0x00000064d1200000)]
  0x000001e520d26c30 JavaThread "Worker-JM" [_thread_blocked, id=12452, stack(0x00000064d1200000,0x00000064d1300000)]
  0x000001e520d243b0 JavaThread "Worker-0" [_thread_blocked, id=6688, stack(0x00000064d1400000,0x00000064d1500000)]
  0x000001e520d248c0 JavaThread "Worker-1: Refreshing workspace" [_thread_in_native, id=2512, stack(0x00000064d1500000,0x00000064d1600000)]
  0x000001e520d27650 JavaThread "Java indexing" daemon [_thread_blocked, id=2608, stack(0x00000064d1300000,0x00000064d1400000)]
  0x000001e520d252e0 JavaThread "Worker-2: Initialize workspace" [_thread_blocked, id=3960, stack(0x00000064d1700000,0x00000064d1800000)]
  0x000001e520d26210 JavaThread "Worker-3" [_thread_blocked, id=11188, stack(0x00000064d1800000,0x00000064d1900000)]
  0x000001e520d24dd0 JavaThread "Worker-4" [_thread_blocked, id=20448, stack(0x00000064d1900000,0x00000064d1a00000)]
  0x000001e520d25d00 JavaThread "JNA Cleaner" daemon [_thread_blocked, id=11808, stack(0x00000064d1a00000,0x00000064d1b00000)]
  0x000001e520d26720 JavaThread "pool-2-thread-1" [_thread_blocked, id=16920, stack(0x00000064d1b00000,0x00000064d1c00000)]
  0x000001e521c56680 JavaThread "Worker-5: Update project g-note" [_thread_blocked, id=6816, stack(0x00000064d1c00000,0x00000064d1d00000)]
  0x000001e521c55c60 JavaThread "WorkspaceEventsHandler" [_thread_blocked, id=7276, stack(0x00000064d1d00000,0x00000064d1e00000)]
  0x000001e521c52ed0 JavaThread "pool-1-thread-1" [_thread_in_native, id=2068, stack(0x00000064d1e00000,0x00000064d1f00000)]
  0x000001e521c53e00 JavaThread "Worker-6: Updating workspace" [_thread_blocked, id=14332, stack(0x00000064d1f00000,0x00000064d2000000)]
  0x000001e521c55750 JavaThread "Worker-7" [_thread_blocked, id=2132, stack(0x00000064d2000000,0x00000064d2100000)]
  0x000001e521c54310 JavaThread "ForkJoinPool.commonPool-worker-1" daemon [_thread_blocked, id=19848, stack(0x00000064d1600000,0x00000064d1700000)]
  0x000001e521c51fa0 JavaThread "ForkJoinPool.commonPool-worker-2" daemon [_thread_blocked, id=9380, stack(0x00000064d2100000,0x00000064d2200000)]
  0x000001e521c56170 JavaThread "ForkJoinPool.commonPool-worker-3" daemon [_thread_blocked, id=18660, stack(0x00000064d2200000,0x00000064d2300000)]
  0x000001e521c55240 JavaThread "ForkJoinPool.commonPool-worker-4" daemon [_thread_blocked, id=21160, stack(0x00000064d2300000,0x00000064d2400000)]
  0x000001e521c538f0 JavaThread "ForkJoinPool.commonPool-worker-5" daemon [_thread_blocked, id=1340, stack(0x00000064d2400000,0x00000064d2500000)]
  0x000001e521c57fd0 JavaThread "ForkJoinPool.commonPool-worker-6" daemon [_thread_blocked, id=18964, stack(0x00000064d2500000,0x00000064d2600000)]
  0x000001e521c56b90 JavaThread "ForkJoinPool.commonPool-worker-7" daemon [_thread_blocked, id=12176, stack(0x00000064d2600000,0x00000064d2700000)]
  0x000001e523c0e030 JavaThread "C2 CompilerThread1" daemon [_thread_blocked, id=12940, stack(0x00000064d0200000,0x00000064d0300000)]

Other Threads:
  0x000001e5199ced20 VMThread "VM Thread" [stack: 0x00000064cf700000,0x00000064cf800000] [id=11556]
  0x000001e51f07b9c0 WatcherThread [stack: 0x00000064d0400000,0x00000064d0500000] [id=9788]
  0x000001e505b585d0 GCTaskThread "GC Thread#0" [stack: 0x00000064cf600000,0x00000064cf700000] [id=8172]
  0x000001e520374e20 GCTaskThread "GC Thread#1" [stack: 0x00000064d0600000,0x00000064d0700000] [id=7228]
  0x000001e520374060 GCTaskThread "GC Thread#2" [stack: 0x00000064d0700000,0x00000064d0800000] [id=9608]
  0x000001e520374320 GCTaskThread "GC Thread#3" [stack: 0x00000064d0800000,0x00000064d0900000] [id=15600]
  0x000001e5203750e0 GCTaskThread "GC Thread#4" [stack: 0x00000064d0900000,0x00000064d0a00000] [id=7372]
  0x000001e5203745e0 GCTaskThread "GC Thread#5" [stack: 0x00000064d0a00000,0x00000064d0b00000] [id=11132]
  0x000001e520374b60 GCTaskThread "GC Thread#6" [stack: 0x00000064d0b00000,0x00000064d0c00000] [id=18912]
  0x000001e5203753a0 GCTaskThread "GC Thread#7" [stack: 0x00000064d0f00000,0x00000064d1000000] [id=14880]

Threads with active compile tasks:
C2 CompilerThread0    25902 12201       4       org.eclipse.jdt.internal.compiler.lookup.BinaryTypeBinding::createMethod (1717 bytes)

VM state: not at safepoint (normal execution)

VM Mutex/Monitor currently owned by a thread: None

Heap address: 0x00000000c0000000, size: 1024 MB, Compressed Oops mode: 32-bit

CDS archive(s) not mapped
Compressed class space mapped at: 0x0000000100000000-0x0000000140000000, reserved size: 1073741824
Narrow klass base: 0x0000000000000000, Narrow klass shift: 3, Narrow klass range: 0x140000000

GC Precious Log:
 CPUs: 8 total, 8 available
 Memory: 7991M
 Large Page Support: Disabled
 NUMA Support: Disabled
 Compressed Oops: Enabled (32-bit)
 Alignments: Space 512K, Generation 512K, Heap 2M
 Heap Min Capacity: 100M
 Heap Initial Capacity: 100M
 Heap Max Capacity: 1G
 Pre-touch: Disabled
 Parallel Workers: 8

Heap:
 PSYoungGen      total 52224K, used 7454K [0x00000000eab00000, 0x00000000ef380000, 0x0000000100000000)
  eden space 47104K, 5% used [0x00000000eab00000,0x00000000ead52d30,0x00000000ed900000)
  from space 5120K, 99% used [0x00000000eee80000,0x00000000ef374d10,0x00000000ef380000)
  to   space 7680K, 0% used [0x00000000ee480000,0x00000000ee480000,0x00000000eec00000)
 ParOldGen       total 410112K, used 373069K [0x00000000c0000000, 0x00000000d9080000, 0x00000000eab00000)
  object space 410112K, 90% used [0x00000000c0000000,0x00000000d6c534f0,0x00000000d9080000)
 Metaspace       used 73869K, committed 75200K, reserved 1179648K
  class space    used 7744K, committed 8320K, reserved 1048576K

Card table byte_map: [0x000001e5054d0000,0x000001e5056e0000] _byte_map_base: 0x000001e504ed0000

Marking Bits: (ParMarkBitMap*) 0x00007ff9fd25d7d0
 Begin Bits: [0x000001e5177d0000, 0x000001e5187d0000)
 End Bits:   [0x000001e5187d0000, 0x000001e5197d0000)

Polling page: 0x000001e503a70000

Metaspace:

Usage:
  Non-class:     64.58 MB used.
      Class:      7.56 MB used.
       Both:     72.14 MB used.

Virtual space:
  Non-class space:      128.00 MB reserved,      65.31 MB ( 51%) committed,  2 nodes.
      Class space:        1.00 GB reserved,       8.12 MB ( <1%) committed,  1 nodes.
             Both:        1.12 GB reserved,      73.44 MB (  6%) committed. 

Chunk freelists:
   Non-Class:  13.50 MB
       Class:  7.88 MB
        Both:  21.38 MB

MaxMetaspaceSize: unlimited
CompressedClassSpaceSize: 1.00 GB
Initial GC threshold: 21.00 MB
Current GC threshold: 120.75 MB
CDS: off
MetaspaceReclaimPolicy: balanced
 - commit_granule_bytes: 65536.
 - commit_granule_words: 8192.
 - virtual_space_node_default_size: 8388608.
 - enlarge_chunks_in_place: 1.
 - new_chunks_are_fully_committed: 0.
 - uncommit_free_chunks: 1.
 - use_allocation_guard: 0.
 - handle_deallocations: 1.


Internal statistics:

num_allocs_failed_limit: 6.
num_arena_births: 974.
num_arena_deaths: 18.
num_vsnodes_births: 3.
num_vsnodes_deaths: 0.
num_space_committed: 1175.
num_space_uncommitted: 0.
num_chunks_returned_to_freelist: 26.
num_chunks_taken_from_freelist: 4256.
num_chunk_merges: 11.
num_chunk_splits: 2510.
num_chunks_enlarged: 1310.
num_inconsistent_stats: 0.

CodeHeap 'non-profiled nmethods': size=120000Kb used=7912Kb max_used=7912Kb free=112087Kb
 bounds [0x000001e5102a0000, 0x000001e510a60000, 0x000001e5177d0000]
CodeHeap 'profiled nmethods': size=120000Kb used=18970Kb max_used=18970Kb free=101029Kb
 bounds [0x000001e5087d0000, 0x000001e509a60000, 0x000001e50fd00000]
CodeHeap 'non-nmethods': size=5760Kb used=1385Kb max_used=1476Kb free=4374Kb
 bounds [0x000001e50fd00000, 0x000001e50ff70000, 0x000001e5102a0000]
 total_blobs=10270 nmethods=9551 adapters=630
 compilation: enabled
              stopped_count=0, restarted_count=0
 full_count=0

Compilation events (20 events):
Event: 25.833 Thread 0x000001e523c0e030 12256       4       org.lombokweb.asm.ByteVector::putByteArray (49 bytes)
Event: 25.834 Thread 0x000001e523c0e030 nmethod 12256 0x000001e510868a10 code [0x000001e510868b80, 0x000001e510868cf8]
Event: 25.835 Thread 0x000001e523c0e030 12243       4       org.lombokweb.asm.SymbolTable::addConstantUtf8Reference (20 bytes)
Event: 25.841 Thread 0x000001e523c0e030 nmethod 12243 0x000001e510a57e10 code [0x000001e510a57fa0, 0x000001e510a582d8]
Event: 25.841 Thread 0x000001e523c0e030 12251       4       org.lombokweb.asm.ByteVector::put12 (64 bytes)
Event: 25.844 Thread 0x000001e523c0e030 nmethod 12251 0x000001e510a58590 code [0x000001e510a58720, 0x000001e510a58bb8]
Event: 25.844 Thread 0x000001e523c0e030 12207       4       org.eclipse.jdt.internal.core.JavaElement::getParent (5 bytes)
Event: 25.845 Thread 0x000001e523c0e030 nmethod 12207 0x000001e510868710 code [0x000001e510868880, 0x000001e5108688f8]
Event: 25.845 Thread 0x000001e523c0e030 12248       4       java.util.regex.Pattern$GroupTail::match (111 bytes)
Event: 25.847 Thread 0x000001e523c0e030 nmethod 12248 0x000001e510a58d90 code [0x000001e510a58f20, 0x000001e510a59158]
Event: 25.847 Thread 0x000001e523c0e030 12218       4       lombok.core.LombokImmutableList$1::hasNext (19 bytes)
Event: 25.847 Thread 0x000001e523c0e030 nmethod 12218 0x000001e510868390 code [0x000001e510868500, 0x000001e5108685b8]
Event: 25.847 Thread 0x000001e523c0e030 12245       4       org.lombokweb.asm.Label::accept (69 bytes)
Event: 25.848 Thread 0x000001e523c0e030 nmethod 12245 0x000001e510a59390 code [0x000001e510a59520, 0x000001e510a59638]
Event: 25.848 Thread 0x000001e523c0e030 12199       4       org.eclipse.jdt.internal.compiler.lookup.MethodBinding::<init> (141 bytes)
Event: 25.850 Thread 0x000001e523c0e030 nmethod 12199 0x000001e510a59790 code [0x000001e510a59920, 0x000001e510a59a58]
Event: 25.850 Thread 0x000001e523c0e030 12277       4       org.eclipse.jdt.internal.compiler.lookup.MethodBinding::original (2 bytes)
Event: 25.850 Thread 0x000001e523c0e030 nmethod 12277 0x000001e510a59b90 code [0x000001e510a59d00, 0x000001e510a59d78]
Event: 25.850 Thread 0x000001e523c0e030 12283       4       org.eclipse.jdt.internal.compiler.lookup.TypeBinding::original (53 bytes)
Event: 25.850 Thread 0x000001e523c0e030 nmethod 12283 0x000001e510a59e90 code [0x000001e510a5a020, 0x000001e510a5a138]

GC Heap History (20 events):
Event: 22.551 GC heap before
{Heap before GC invocations=568 (full 21):
 PSYoungGen      total 66560K, used 55979K [0x00000000eab00000, 0x00000000f0580000, 0x0000000100000000)
  eden space 45056K, 100% used [0x00000000eab00000,0x00000000ed700000,0x00000000ed700000)
  from space 21504K, 50% used [0x00000000eec00000,0x00000000ef6aadf8,0x00000000f0100000)
  to   space 21504K, 0% used [0x00000000ed700000,0x00000000ed700000,0x00000000eec00000)
 ParOldGen       total 335360K, used 275758K [0x00000000c0000000, 0x00000000d4780000, 0x00000000eab00000)
  object space 335360K, 82% used [0x00000000c0000000,0x00000000d0d4b880,0x00000000d4780000)
 Metaspace       used 72719K, committed 74176K, reserved 1179648K
  class space    used 7653K, committed 8256K, reserved 1048576K
}
Event: 22.570 GC heap after
{Heap after GC invocations=568 (full 21):
 PSYoungGen      total 66560K, used 21474K [0x00000000eab00000, 0x00000000f1200000, 0x0000000100000000)
  eden space 45056K, 0% used [0x00000000eab00000,0x00000000eab00000,0x00000000ed700000)
  from space 21504K, 99% used [0x00000000ed700000,0x00000000eebf8958,0x00000000eec00000)
  to   space 28160K, 0% used [0x00000000ef680000,0x00000000ef680000,0x00000000f1200000)
 ParOldGen       total 335360K, used 281126K [0x00000000c0000000, 0x00000000d4780000, 0x00000000eab00000)
  object space 335360K, 83% used [0x00000000c0000000,0x00000000d1289ae0,0x00000000d4780000)
 Metaspace       used 72719K, committed 74176K, reserved 1179648K
  class space    used 7653K, committed 8256K, reserved 1048576K
}
Event: 22.856 GC heap before
{Heap before GC invocations=569 (full 21):
 PSYoungGen      total 66560K, used 66530K [0x00000000eab00000, 0x00000000f1200000, 0x0000000100000000)
  eden space 45056K, 100% used [0x00000000eab00000,0x00000000ed700000,0x00000000ed700000)
  from space 21504K, 99% used [0x00000000ed700000,0x00000000eebf8958,0x00000000eec00000)
  to   space 28160K, 0% used [0x00000000ef680000,0x00000000ef680000,0x00000000f1200000)
 ParOldGen       total 335360K, used 281126K [0x00000000c0000000, 0x00000000d4780000, 0x00000000eab00000)
  object space 335360K, 83% used [0x00000000c0000000,0x00000000d1289ae0,0x00000000d4780000)
 Metaspace       used 72719K, committed 74176K, reserved 1179648K
  class space    used 7653K, committed 8256K, reserved 1048576K
}
Event: 22.870 GC heap after
{Heap after GC invocations=569 (full 21):
 PSYoungGen      total 64000K, used 15204K [0x00000000eab00000, 0x00000000f0580000, 0x0000000100000000)
  eden space 48640K, 0% used [0x00000000eab00000,0x00000000eab00000,0x00000000eda80000)
  from space 15360K, 98% used [0x00000000ef680000,0x00000000f05593d0,0x00000000f0580000)
  to   space 19456K, 0% used [0x00000000edf80000,0x00000000edf80000,0x00000000ef280000)
 ParOldGen       total 335360K, used 302290K [0x00000000c0000000, 0x00000000d4780000, 0x00000000eab00000)
  object space 335360K, 90% used [0x00000000c0000000,0x00000000d2734bd8,0x00000000d4780000)
 Metaspace       used 72719K, committed 74176K, reserved 1179648K
  class space    used 7653K, committed 8256K, reserved 1048576K
}
Event: 23.162 GC heap before
{Heap before GC invocations=570 (full 21):
 PSYoungGen      total 64000K, used 63844K [0x00000000eab00000, 0x00000000f0580000, 0x0000000100000000)
  eden space 48640K, 100% used [0x00000000eab00000,0x00000000eda80000,0x00000000eda80000)
  from space 15360K, 98% used [0x00000000ef680000,0x00000000f05593d0,0x00000000f0580000)
  to   space 19456K, 0% used [0x00000000edf80000,0x00000000edf80000,0x00000000ef280000)
 ParOldGen       total 335360K, used 302290K [0x00000000c0000000, 0x00000000d4780000, 0x00000000eab00000)
  object space 335360K, 90% used [0x00000000c0000000,0x00000000d2734bd8,0x00000000d4780000)
 Metaspace       used 72719K, committed 74176K, reserved 1179648K
  class space    used 7653K, committed 8256K, reserved 1048576K
}
Event: 23.185 GC heap after
{Heap after GC invocations=570 (full 21):
 PSYoungGen      total 71680K, used 19442K [0x00000000eab00000, 0x00000000f1200000, 0x0000000100000000)
  eden space 52224K, 0% used [0x00000000eab00000,0x00000000eab00000,0x00000000ede00000)
  from space 19456K, 99% used [0x00000000edf80000,0x00000000ef27c810,0x00000000ef280000)
  to   space 26624K, 0% used [0x00000000ef800000,0x00000000ef800000,0x00000000f1200000)
 ParOldGen       total 335360K, used 307619K [0x00000000c0000000, 0x00000000d4780000, 0x00000000eab00000)
  object space 335360K, 91% used [0x00000000c0000000,0x00000000d2c68c90,0x00000000d4780000)
 Metaspace       used 72719K, committed 74176K, reserved 1179648K
  class space    used 7653K, committed 8256K, reserved 1048576K
}
Event: 23.463 GC heap before
{Heap before GC invocations=571 (full 21):
 PSYoungGen      total 71680K, used 71666K [0x00000000eab00000, 0x00000000f1200000, 0x0000000100000000)
  eden space 52224K, 100% used [0x00000000eab00000,0x00000000ede00000,0x00000000ede00000)
  from space 19456K, 99% used [0x00000000edf80000,0x00000000ef27c810,0x00000000ef280000)
  to   space 26624K, 0% used [0x00000000ef800000,0x00000000ef800000,0x00000000f1200000)
 ParOldGen       total 335360K, used 307619K [0x00000000c0000000, 0x00000000d4780000, 0x00000000eab00000)
  object space 335360K, 91% used [0x00000000c0000000,0x00000000d2c68c90,0x00000000d4780000)
 Metaspace       used 72719K, committed 74176K, reserved 1179648K
  class space    used 7653K, committed 8256K, reserved 1048576K
}
Event: 23.477 GC heap after
{Heap after GC invocations=571 (full 21):
 PSYoungGen      total 67072K, used 11238K [0x00000000eab00000, 0x00000000f0300000, 0x0000000100000000)
  eden space 55808K, 0% used [0x00000000eab00000,0x00000000eab00000,0x00000000ee180000)
  from space 11264K, 99% used [0x00000000ef800000,0x00000000f02f9838,0x00000000f0300000)
  to   space 16384K, 0% used [0x00000000ee300000,0x00000000ee300000,0x00000000ef300000)
 ParOldGen       total 335360K, used 325059K [0x00000000c0000000, 0x00000000d4780000, 0x00000000eab00000)
  object space 335360K, 96% used [0x00000000c0000000,0x00000000d3d70ed8,0x00000000d4780000)
 Metaspace       used 72719K, committed 74176K, reserved 1179648K
  class space    used 7653K, committed 8256K, reserved 1048576K
}
Event: 23.477 GC heap before
{Heap before GC invocations=572 (full 22):
 PSYoungGen      total 67072K, used 11238K [0x00000000eab00000, 0x00000000f0300000, 0x0000000100000000)
  eden space 55808K, 0% used [0x00000000eab00000,0x00000000eab00000,0x00000000ee180000)
  from space 11264K, 99% used [0x00000000ef800000,0x00000000f02f9838,0x00000000f0300000)
  to   space 16384K, 0% used [0x00000000ee300000,0x00000000ee300000,0x00000000ef300000)
 ParOldGen       total 335360K, used 325059K [0x00000000c0000000, 0x00000000d4780000, 0x00000000eab00000)
  object space 335360K, 96% used [0x00000000c0000000,0x00000000d3d70ed8,0x00000000d4780000)
 Metaspace       used 72719K, committed 74176K, reserved 1179648K
  class space    used 7653K, committed 8256K, reserved 1048576K
}
Event: 23.672 GC heap after
{Heap after GC invocations=572 (full 22):
 PSYoungGen      total 73728K, used 0K [0x00000000eab00000, 0x00000000f0580000, 0x0000000100000000)
  eden space 57344K, 0% used [0x00000000eab00000,0x00000000eab00000,0x00000000ee300000)
  from space 16384K, 0% used [0x00000000ee300000,0x00000000ee300000,0x00000000ef300000)
  to   space 16384K, 0% used [0x00000000ef580000,0x00000000ef580000,0x00000000f0580000)
 ParOldGen       total 410112K, used 332086K [0x00000000c0000000, 0x00000000d9080000, 0x00000000eab00000)
  object space 410112K, 80% used [0x00000000c0000000,0x00000000d444db68,0x00000000d9080000)
 Metaspace       used 72719K, committed 74176K, reserved 1179648K
  class space    used 7653K, committed 8256K, reserved 1048576K
}
Event: 24.070 GC heap before
{Heap before GC invocations=573 (full 22):
 PSYoungGen      total 73728K, used 55480K [0x00000000eab00000, 0x00000000f0580000, 0x0000000100000000)
  eden space 57344K, 96% used [0x00000000eab00000,0x00000000ee12e168,0x00000000ee300000)
  from space 16384K, 0% used [0x00000000ee300000,0x00000000ee300000,0x00000000ef300000)
  to   space 16384K, 0% used [0x00000000ef580000,0x00000000ef580000,0x00000000f0580000)
 ParOldGen       total 410112K, used 332086K [0x00000000c0000000, 0x00000000d9080000, 0x00000000eab00000)
  object space 410112K, 80% used [0x00000000c0000000,0x00000000d444db68,0x00000000d9080000)
 Metaspace       used 72977K, committed 74368K, reserved 1179648K
  class space    used 7673K, committed 8256K, reserved 1048576K
}
Event: 24.080 GC heap after
{Heap after GC invocations=573 (full 22):
 PSYoungGen      total 76288K, used 14344K [0x00000000eab00000, 0x00000000f0480000, 0x0000000100000000)
  eden space 60928K, 0% used [0x00000000eab00000,0x00000000eab00000,0x00000000ee680000)
  from space 15360K, 93% used [0x00000000ef580000,0x00000000f0382258,0x00000000f0480000)
  to   space 15360K, 0% used [0x00000000ee680000,0x00000000ee680000,0x00000000ef580000)
 ParOldGen       total 410112K, used 332094K [0x00000000c0000000, 0x00000000d9080000, 0x00000000eab00000)
  object space 410112K, 80% used [0x00000000c0000000,0x00000000d444fb68,0x00000000d9080000)
 Metaspace       used 72977K, committed 74368K, reserved 1179648K
  class space    used 7673K, committed 8256K, reserved 1048576K
}
Event: 24.981 GC heap before
{Heap before GC invocations=574 (full 22):
 PSYoungGen      total 76288K, used 75272K [0x00000000eab00000, 0x00000000f0480000, 0x0000000100000000)
  eden space 60928K, 100% used [0x00000000eab00000,0x00000000ee680000,0x00000000ee680000)
  from space 15360K, 93% used [0x00000000ef580000,0x00000000f0382258,0x00000000f0480000)
  to   space 15360K, 0% used [0x00000000ee680000,0x00000000ee680000,0x00000000ef580000)
 ParOldGen       total 410112K, used 332094K [0x00000000c0000000, 0x00000000d9080000, 0x00000000eab00000)
  object space 410112K, 80% used [0x00000000c0000000,0x00000000d444fb68,0x00000000d9080000)
 Metaspace       used 73085K, committed 74496K, reserved 1179648K
  class space    used 7684K, committed 8320K, reserved 1048576K
}
Event: 25.008 GC heap after
{Heap after GC invocations=574 (full 22):
 PSYoungGen      total 76288K, used 15354K [0x00000000eab00000, 0x00000000f1600000, 0x0000000100000000)
  eden space 60928K, 0% used [0x00000000eab00000,0x00000000eab00000,0x00000000ee680000)
  from space 15360K, 99% used [0x00000000ee680000,0x00000000ef57e8f8,0x00000000ef580000)
  to   space 22528K, 0% used [0x00000000f0000000,0x00000000f0000000,0x00000000f1600000)
 ParOldGen       total 410112K, used 337859K [0x00000000c0000000, 0x00000000d9080000, 0x00000000eab00000)
  object space 410112K, 82% used [0x00000000c0000000,0x00000000d49f0d90,0x00000000d9080000)
 Metaspace       used 73085K, committed 74496K, reserved 1179648K
  class space    used 7684K, committed 8320K, reserved 1048576K
}
Event: 25.304 GC heap before
{Heap before GC invocations=575 (full 22):
 PSYoungGen      total 76288K, used 76282K [0x00000000eab00000, 0x00000000f1600000, 0x0000000100000000)
  eden space 60928K, 100% used [0x00000000eab00000,0x00000000ee680000,0x00000000ee680000)
  from space 15360K, 99% used [0x00000000ee680000,0x00000000ef57e8f8,0x00000000ef580000)
  to   space 22528K, 0% used [0x00000000f0000000,0x00000000f0000000,0x00000000f1600000)
 ParOldGen       total 410112K, used 337859K [0x00000000c0000000, 0x00000000d9080000, 0x00000000eab00000)
  object space 410112K, 82% used [0x00000000c0000000,0x00000000d49f0d90,0x00000000d9080000)
 Metaspace       used 73164K, committed 74624K, reserved 1179648K
  class space    used 7685K, committed 8320K, reserved 1048576K
}
Event: 25.334 GC heap after
{Heap after GC invocations=575 (full 22):
 PSYoungGen      total 67072K, used 22505K [0x00000000eab00000, 0x00000000f3d00000, 0x0000000100000000)
  eden space 44544K, 0% used [0x00000000eab00000,0x00000000eab00000,0x00000000ed680000)
  from space 22528K, 99% used [0x00000000f0000000,0x00000000f15fa450,0x00000000f1600000)
  to   space 42496K, 0% used [0x00000000ed680000,0x00000000ed680000,0x00000000f0000000)
 ParOldGen       total 410112K, used 354066K [0x00000000c0000000, 0x00000000d9080000, 0x00000000eab00000)
  object space 410112K, 86% used [0x00000000c0000000,0x00000000d59c48c8,0x00000000d9080000)
 Metaspace       used 73164K, committed 74624K, reserved 1179648K
  class space    used 7685K, committed 8320K, reserved 1048576K
}
Event: 25.468 GC heap before
{Heap before GC invocations=576 (full 22):
 PSYoungGen      total 67072K, used 67049K [0x00000000eab00000, 0x00000000f3d00000, 0x0000000100000000)
  eden space 44544K, 99% used [0x00000000eab00000,0x00000000ed67fff0,0x00000000ed680000)
  from space 22528K, 99% used [0x00000000f0000000,0x00000000f15fa450,0x00000000f1600000)
  to   space 42496K, 0% used [0x00000000ed680000,0x00000000ed680000,0x00000000f0000000)
 ParOldGen       total 410112K, used 354066K [0x00000000c0000000, 0x00000000d9080000, 0x00000000eab00000)
  object space 410112K, 86% used [0x00000000c0000000,0x00000000d59c48c8,0x00000000d9080000)
 Metaspace       used 73273K, committed 74688K, reserved 1179648K
  class space    used 7693K, committed 8320K, reserved 1048576K
}
Event: 25.482 GC heap after
{Heap after GC invocations=576 (full 22):
 PSYoungGen      total 51200K, used 6274K [0x00000000eab00000, 0x00000000f0080000, 0x0000000100000000)
  eden space 44544K, 0% used [0x00000000eab00000,0x00000000eab00000,0x00000000ed680000)
  from space 6656K, 94% used [0x00000000ed680000,0x00000000edca0818,0x00000000edd00000)
  to   space 18432K, 0% used [0x00000000eee80000,0x00000000eee80000,0x00000000f0080000)
 ParOldGen       total 410112K, used 373061K [0x00000000c0000000, 0x00000000d9080000, 0x00000000eab00000)
  object space 410112K, 90% used [0x00000000c0000000,0x00000000d6c514f0,0x00000000d9080000)
 Metaspace       used 73273K, committed 74688K, reserved 1179648K
  class space    used 7693K, committed 8320K, reserved 1048576K
}
Event: 25.792 GC heap before
{Heap before GC invocations=577 (full 22):
 PSYoungGen      total 51200K, used 50818K [0x00000000eab00000, 0x00000000f0080000, 0x0000000100000000)
  eden space 44544K, 100% used [0x00000000eab00000,0x00000000ed680000,0x00000000ed680000)
  from space 6656K, 94% used [0x00000000ed680000,0x00000000edca0818,0x00000000edd00000)
  to   space 18432K, 0% used [0x00000000eee80000,0x00000000eee80000,0x00000000f0080000)
 ParOldGen       total 410112K, used 373061K [0x00000000c0000000, 0x00000000d9080000, 0x00000000eab00000)
  object space 410112K, 90% used [0x00000000c0000000,0x00000000d6c514f0,0x00000000d9080000)
 Metaspace       used 73868K, committed 75200K, reserved 1179648K
  class space    used 7744K, committed 8320K, reserved 1048576K
}
Event: 25.797 GC heap after
{Heap after GC invocations=577 (full 22):
 PSYoungGen      total 52224K, used 5075K [0x00000000eab00000, 0x00000000ef380000, 0x0000000100000000)
  eden space 47104K, 0% used [0x00000000eab00000,0x00000000eab00000,0x00000000ed900000)
  from space 5120K, 99% used [0x00000000eee80000,0x00000000ef374d10,0x00000000ef380000)
  to   space 7680K, 0% used [0x00000000ee480000,0x00000000ee480000,0x00000000eec00000)
 ParOldGen       total 410112K, used 373069K [0x00000000c0000000, 0x00000000d9080000, 0x00000000eab00000)
  object space 410112K, 90% used [0x00000000c0000000,0x00000000d6c534f0,0x00000000d9080000)
 Metaspace       used 73868K, committed 75200K, reserved 1179648K
  class space    used 7744K, committed 8320K, reserved 1048576K
}

Dll operation events (10 events):
Event: 0.010 Loaded shared library c:\Users\21269\.vscode\extensions\redhat.java-1.28.1-win32-x64\jre\17.0.10-win32-x86_64\bin\java.dll
Event: 0.139 Loaded shared library c:\Users\21269\.vscode\extensions\redhat.java-1.28.1-win32-x64\jre\17.0.10-win32-x86_64\bin\zip.dll
Event: 0.141 Loaded shared library C:\Users\21269\.vscode\extensions\redhat.java-1.28.1-win32-x64\jre\17.0.10-win32-x86_64\bin\instrument.dll
Event: 0.154 Loaded shared library C:\Users\21269\.vscode\extensions\redhat.java-1.28.1-win32-x64\jre\17.0.10-win32-x86_64\bin\net.dll
Event: 0.157 Loaded shared library C:\Users\21269\.vscode\extensions\redhat.java-1.28.1-win32-x64\jre\17.0.10-win32-x86_64\bin\nio.dll
Event: 0.167 Loaded shared library C:\Users\21269\.vscode\extensions\redhat.java-1.28.1-win32-x64\jre\17.0.10-win32-x86_64\bin\zip.dll
Event: 0.189 Loaded shared library C:\Users\21269\.vscode\extensions\redhat.java-1.28.1-win32-x64\jre\17.0.10-win32-x86_64\bin\jimage.dll
Event: 0.239 Loaded shared library c:\Users\21269\.vscode\extensions\redhat.java-1.28.1-win32-x64\jre\17.0.10-win32-x86_64\bin\verify.dll
Event: 0.947 Loaded shared library C:\Users\21269\AppData\Roaming\Code\User\globalStorage\redhat.java\1.28.1\config_win\org.eclipse.equinox.launcher\org.eclipse.equinox.launcher.win32.win32.x86_64_1.2.900.v20240129-1338\eclipse_11900.dll
Event: 3.242 Loaded shared library C:\Users\21269\AppData\Local\Temp\jna--1921886675\jna17319499117735238476.dll

Deoptimization events (20 events):
Event: 25.441 Thread 0x000001e521c54310 DEOPT PACKING pc=0x000001e510a1a35c sp=0x00000064d16fe030
Event: 25.441 Thread 0x000001e521c54310 DEOPT UNPACKING pc=0x000001e50fd59ea3 sp=0x00000064d16fdfb0 mode 2
Event: 25.629 Thread 0x000001e521c54310 DEOPT PACKING pc=0x000001e50953ce87 sp=0x00000064d16f8350
Event: 25.629 Thread 0x000001e521c54310 DEOPT UNPACKING pc=0x000001e50fd5a9e3 sp=0x00000064d16f7a60 mode 0
Event: 25.643 Thread 0x000001e521c54310 Uncommon trap: trap_request=0xffffff45 fr.pc=0x000001e5104666a8 relative=0x00000000000040c8
Event: 25.643 Thread 0x000001e521c54310 Uncommon trap: reason=unstable_if action=reinterpret pc=0x000001e5104666a8 method=org.eclipse.jdt.internal.compiler.parser.Parser.consumeRule(I)V @ 1 c2
Event: 25.643 Thread 0x000001e521c54310 DEOPT PACKING pc=0x000001e5104666a8 sp=0x00000064d16fe310
Event: 25.643 Thread 0x000001e521c54310 DEOPT UNPACKING pc=0x000001e50fd59ea3 sp=0x00000064d16fe2a0 mode 2
Event: 25.652 Thread 0x000001e521c54310 DEOPT PACKING pc=0x000001e508f495c8 sp=0x00000064d16fc4c0
Event: 25.652 Thread 0x000001e521c54310 DEOPT UNPACKING pc=0x000001e50fd5a9e3 sp=0x00000064d16fba68 mode 0
Event: 25.652 Thread 0x000001e521c54310 DEOPT PACKING pc=0x000001e5094fe6cf sp=0x00000064d16fc500
Event: 25.652 Thread 0x000001e521c54310 DEOPT UNPACKING pc=0x000001e50fd5a9e3 sp=0x00000064d16fb9c8 mode 0
Event: 25.713 Thread 0x000001e521c54310 Uncommon trap: trap_request=0xffffff45 fr.pc=0x000001e510943010 relative=0x0000000000000070
Event: 25.713 Thread 0x000001e521c54310 Uncommon trap: reason=unstable_if action=reinterpret pc=0x000001e510943010 method=java.util.concurrent.CompletableFuture.isCancelled()Z @ 9 c2
Event: 25.713 Thread 0x000001e521c54310 DEOPT PACKING pc=0x000001e510943010 sp=0x00000064d16fef50
Event: 25.713 Thread 0x000001e521c54310 DEOPT UNPACKING pc=0x000001e50fd59ea3 sp=0x00000064d16fee20 mode 2
Event: 25.714 Thread 0x000001e521c52ed0 Uncommon trap: trap_request=0xffffffde fr.pc=0x000001e510982670 relative=0x00000000000001d0
Event: 25.714 Thread 0x000001e521c52ed0 Uncommon trap: reason=class_check action=maybe_recompile pc=0x000001e510982670 method=java.lang.invoke.LambdaForm$MH/0x000000010019a000.invoke(Ljava/lang/Object;Ljava/lang/Object;Ljava/lang/Object;)Ljava/lang/Object; @ 75 c2
Event: 25.714 Thread 0x000001e521c52ed0 DEOPT PACKING pc=0x000001e510982670 sp=0x00000064d1efeaf0
Event: 25.714 Thread 0x000001e521c52ed0 DEOPT UNPACKING pc=0x000001e50fd59ea3 sp=0x00000064d1efea08 mode 2

Classes unloaded (9 events):
Event: 1.811 Thread 0x000001e5199ced20 Unloading class 0x0000000100250400 'java/lang/invoke/LambdaForm$MH+0x0000000100250400'
Event: 1.811 Thread 0x000001e5199ced20 Unloading class 0x0000000100250000 'java/lang/invoke/LambdaForm$MH+0x0000000100250000'
Event: 1.811 Thread 0x000001e5199ced20 Unloading class 0x000000010024fc00 'java/lang/invoke/LambdaForm$MH+0x000000010024fc00'
Event: 1.811 Thread 0x000001e5199ced20 Unloading class 0x000000010024f800 'java/lang/invoke/LambdaForm$MH+0x000000010024f800'
Event: 1.811 Thread 0x000001e5199ced20 Unloading class 0x000000010024f400 'java/lang/invoke/LambdaForm$BMH+0x000000010024f400'
Event: 1.811 Thread 0x000001e5199ced20 Unloading class 0x000000010024f000 'java/lang/invoke/LambdaForm$DMH+0x000000010024f000'
Event: 1.811 Thread 0x000001e5199ced20 Unloading class 0x000000010024c400 'java/lang/invoke/LambdaForm$DMH+0x000000010024c400'
Event: 10.536 Thread 0x000001e5199ced20 Unloading class 0x0000000100640400 'java/lang/invoke/LambdaForm$DMH+0x0000000100640400'
Event: 11.942 Thread 0x000001e5199ced20 Unloading class 0x00000001006c0800 'java/lang/invoke/LambdaForm$DMH+0x00000001006c0800'

Classes redefined (0 events):
No events

Internal exceptions (20 events):
Event: 17.935 Thread 0x000001e521c51fa0 Exception <a 'sun/nio/fs/WindowsException'{0x00000000eab02210}> (0x00000000eab02210) 
thrown [s\src\hotspot\share\prims\jni.cpp, line 516]
Event: 17.937 Thread 0x000001e521c51fa0 Exception <a 'sun/nio/fs/WindowsException'{0x00000000eab71a18}> (0x00000000eab71a18) 
thrown [s\src\hotspot\share\prims\jni.cpp, line 516]
Event: 17.939 Thread 0x000001e521c51fa0 Exception <a 'sun/nio/fs/WindowsException'{0x00000000eab985e8}> (0x00000000eab985e8) 
thrown [s\src\hotspot\share\prims\jni.cpp, line 516]
Event: 17.941 Thread 0x000001e521c51fa0 Exception <a 'sun/nio/fs/WindowsException'{0x00000000eaba49d0}> (0x00000000eaba49d0) 
thrown [s\src\hotspot\share\prims\jni.cpp, line 516]
Event: 17.958 Thread 0x000001e520d27650 Exception <a 'sun/nio/fs/WindowsException'{0x00000000eab94cf8}> (0x00000000eab94cf8) 
thrown [s\src\hotspot\share\prims\jni.cpp, line 516]
Event: 17.988 Thread 0x000001e520d27650 Exception <a 'sun/nio/fs/WindowsException'{0x00000000eab2cd20}> (0x00000000eab2cd20) 
thrown [s\src\hotspot\share\prims\jni.cpp, line 516]
Event: 17.994 Thread 0x000001e521c51fa0 Exception <a 'sun/nio/fs/WindowsException'{0x00000000eab86e00}> (0x00000000eab86e00) 
thrown [s\src\hotspot\share\prims\jni.cpp, line 516]
Event: 18.009 Thread 0x000001e520d27650 Exception <a 'sun/nio/fs/WindowsException'{0x00000000eabae880}> (0x00000000eabae880) 
thrown [s\src\hotspot\share\prims\jni.cpp, line 516]
Event: 18.037 Thread 0x000001e520d252e0 Exception <a 'java/io/FileNotFoundException'{0x00000000eab877b0}> (0x00000000eab877b0) 
thrown [s\src\hotspot\share\prims\jni.cpp, line 516]
Event: 18.037 Thread 0x000001e520d252e0 Exception <a 'java/io/FileNotFoundException'{0x00000000eab8a700}> (0x00000000eab8a700) 
thrown [s\src\hotspot\share\prims\jni.cpp, line 516]
Event: 18.046 Thread 0x000001e520d27650 Exception <a 'sun/nio/fs/WindowsException'{0x00000000eabb3a20}> (0x00000000eabb3a20) 
thrown [s\src\hotspot\share\prims\jni.cpp, line 516]
Event: 18.069 Thread 0x000001e520d27650 Exception <a 'sun/nio/fs/WindowsException'{0x00000000eab1e5f8}> (0x00000000eab1e5f8) 
thrown [s\src\hotspot\share\prims\jni.cpp, line 516]
Event: 18.082 Thread 0x000001e520d27650 Exception <a 'sun/nio/fs/WindowsException'{0x00000000eabfd560}> (0x00000000eabfd560) 
thrown [s\src\hotspot\share\prims\jni.cpp, line 516]
Event: 18.108 Thread 0x000001e520d27650 Exception <a 'sun/nio/fs/WindowsException'{0x00000000eabf7470}> (0x00000000eabf7470) 
thrown [s\src\hotspot\share\prims\jni.cpp, line 516]
Event: 19.620 Thread 0x000001e521c56b90 Exception <a 'java/lang/NoSuchMethodError'{0x00000000eb0b03d8}: 'java.lang.Object java.lang.invoke.DirectMethodHandle$Holder.invokeStatic(java.lang.Object, int, java.lang.Object)'> (0x00000000eb0b03d8) 
thrown [s\src\hotspot\share\interpreter\linkResolver.cpp, line 759]
Event: 23.887 Thread 0x000001e521c56680 Implicit null exception at 0x000001e5105db376 to 0x000001e5105dbfa4
Event: 23.991 Thread 0x000001e521c56680 Exception <a 'sun/nio/fs/WindowsException'{0x00000000ed09dc70}> (0x00000000ed09dc70) 
thrown [s\src\hotspot\share\prims\jni.cpp, line 516]
Event: 24.952 Thread 0x000001e520d27650 Exception <a 'sun/nio/fs/WindowsException'{0x00000000ee1a4e80}> (0x00000000ee1a4e80) 
thrown [s\src\hotspot\share\prims\jni.cpp, line 516]
Event: 25.403 Thread 0x000001e520d27650 Implicit null exception at 0x000001e510924839 to 0x000001e510926778
Event: 25.423 Thread 0x000001e520d27650 Exception <a 'sun/nio/fs/WindowsException'{0x00000000ebaf5300}> (0x00000000ebaf5300) 
thrown [s\src\hotspot\share\prims\jni.cpp, line 516]

VM Operations (20 events):
Event: 23.162 Executing VM operation: ParallelGCFailedAllocation
Event: 23.185 Executing VM operation: ParallelGCFailedAllocation done
Event: 23.463 Executing VM operation: ParallelGCFailedAllocation
Event: 23.673 Executing VM operation: ParallelGCFailedAllocation done
Event: 24.070 Executing VM operation: ParallelGCFailedAllocation
Event: 24.080 Executing VM operation: ParallelGCFailedAllocation done
Event: 24.981 Executing VM operation: ParallelGCFailedAllocation
Event: 25.009 Executing VM operation: ParallelGCFailedAllocation done
Event: 25.304 Executing VM operation: ParallelGCFailedAllocation
Event: 25.334 Executing VM operation: ParallelGCFailedAllocation done
Event: 25.461 Executing VM operation: HandshakeAllThreads
Event: 25.461 Executing VM operation: HandshakeAllThreads done
Event: 25.468 Executing VM operation: ParallelGCFailedAllocation
Event: 25.483 Executing VM operation: ParallelGCFailedAllocation done
Event: 25.551 Executing VM operation: HandshakeAllThreads
Event: 25.552 Executing VM operation: HandshakeAllThreads done
Event: 25.659 Executing VM operation: HandshakeAllThreads
Event: 25.659 Executing VM operation: HandshakeAllThreads done
Event: 25.791 Executing VM operation: ParallelGCFailedAllocation
Event: 25.797 Executing VM operation: ParallelGCFailedAllocation done

Events (20 events):
Event: 23.910 Thread 0x000001e521c570a0 Thread added: 0x000001e521c570a0
Event: 23.910 Thread 0x000001e521c584e0 Thread added: 0x000001e521c584e0
Event: 23.910 Thread 0x000001e521c524b0 Thread added: 0x000001e521c524b0
Event: 23.911 Thread 0x000001e521c529c0 Thread added: 0x000001e521c529c0
Event: 23.937 Thread 0x000001e521c570a0 Thread exited: 0x000001e521c570a0
Event: 23.937 Thread 0x000001e521c529c0 Thread exited: 0x000001e521c529c0
Event: 23.937 Thread 0x000001e521c57ac0 Thread exited: 0x000001e521c57ac0
Event: 23.937 Thread 0x000001e521c524b0 Thread exited: 0x000001e521c524b0
Event: 23.937 Thread 0x000001e521c584e0 Thread exited: 0x000001e521c584e0
Event: 24.391 Thread 0x000001e523c11aa0 Thread exited: 0x000001e523c11aa0
Event: 25.342 Thread 0x000001e523c0e030 Thread added: 0x000001e523c0e030
Event: 25.461 Thread 0x000001e51ed4b310 flushing nmethod 0x000001e5102d1490
Event: 25.463 Thread 0x000001e51ed4b310 flushing nmethod 0x000001e51058da10
Event: 25.464 Thread 0x000001e51ed4b310 flushing nmethod 0x000001e510868390
Event: 25.465 Thread 0x000001e51ed4b310 flushing nmethod 0x000001e5088f2f10
Event: 25.467 Thread 0x000001e51ed4b310 flushing nmethod 0x000001e508aff410
Event: 25.467 Thread 0x000001e51ed4b310 flushing nmethod 0x000001e508bccb10
Event: 25.488 Thread 0x000001e51ed4b310 flushing nmethod 0x000001e50939c410
Event: 25.490 Thread 0x000001e51ed4b310 flushing nmethod 0x000001e509751890
Event: 25.491 Thread 0x000001e51ed4b310 flushing nmethod 0x000001e5098b2890


Dynamic libraries:
0x00007ff7a80c0000 - 0x00007ff7a80ce000 	c:\Users\21269\.vscode\extensions\redhat.java-1.28.1-win32-x64\jre\17.0.10-win32-x86_64\bin\java.exe
0x00007ffa54ff0000 - 0x00007ffa55206000 	C:\WINDOWS\SYSTEM32\ntdll.dll
0x00007ffa54430000 - 0x00007ffa544f4000 	C:\WINDOWS\System32\KERNEL32.DLL
0x00007ffa527a0000 - 0x00007ffa52b46000 	C:\WINDOWS\System32\KERNELBASE.dll
0x00007ffa523d0000 - 0x00007ffa524e1000 	C:\WINDOWS\System32\ucrtbase.dll
0x00007ffa38a00000 - 0x00007ffa38a17000 	c:\Users\21269\.vscode\extensions\redhat.java-1.28.1-win32-x64\jre\17.0.10-win32-x86_64\bin\jli.dll
0x00007ffa38580000 - 0x00007ffa3859b000 	c:\Users\21269\.vscode\extensions\redhat.java-1.28.1-win32-x64\jre\17.0.10-win32-x86_64\bin\VCRUNTIME140.dll
0x00007ffa54c70000 - 0x00007ffa54e1d000 	C:\WINDOWS\System32\USER32.dll
0x00007ffa3b830000 - 0x00007ffa3bac3000 	C:\WINDOWS\WinSxS\amd64_microsoft.windows.common-controls_6595b64144ccf1df_6.0.22621.3235_none_270f74e173860f98\COMCTL32.dll
0x00007ffa52d10000 - 0x00007ffa52d36000 	C:\WINDOWS\System32\win32u.dll
0x00007ffa53a10000 - 0x00007ffa53ab7000 	C:\WINDOWS\System32\msvcrt.dll
0x00007ffa543e0000 - 0x00007ffa54409000 	C:\WINDOWS\System32\GDI32.dll
0x00007ffa52bf0000 - 0x00007ffa52d08000 	C:\WINDOWS\System32\gdi32full.dll
0x00007ffa52b50000 - 0x00007ffa52bea000 	C:\WINDOWS\System32\msvcp_win.dll
0x00007ffa54500000 - 0x00007ffa54531000 	C:\WINDOWS\System32\IMM32.DLL
0x00007ffa4ccb0000 - 0x00007ffa4ccbc000 	c:\Users\21269\.vscode\extensions\redhat.java-1.28.1-win32-x64\jre\17.0.10-win32-x86_64\bin\vcruntime140_1.dll
0x00007ffa10400000 - 0x00007ffa1048d000 	c:\Users\21269\.vscode\extensions\redhat.java-1.28.1-win32-x64\jre\17.0.10-win32-x86_64\bin\msvcp140.dll
0x00007ff9fc6c0000 - 0x00007ff9fd322000 	c:\Users\21269\.vscode\extensions\redhat.java-1.28.1-win32-x64\jre\17.0.10-win32-x86_64\bin\server\jvm.dll
0x00007ffa54540000 - 0x00007ffa545f2000 	C:\WINDOWS\System32\ADVAPI32.dll
0x00007ffa53960000 - 0x00007ffa53a08000 	C:\WINDOWS\System32\sechost.dll
0x00007ffa523a0000 - 0x00007ffa523c8000 	C:\WINDOWS\System32\bcrypt.dll
0x00007ffa54e90000 - 0x00007ffa54fa5000 	C:\WINDOWS\System32\RPCRT4.dll
0x00007ffa270d0000 - 0x00007ffa270d9000 	C:\WINDOWS\SYSTEM32\WSOCK32.dll
0x00007ffa51be0000 - 0x00007ffa51c2d000 	C:\WINDOWS\SYSTEM32\POWRPROF.dll
0x00007ffa53fb0000 - 0x00007ffa54021000 	C:\WINDOWS\System32\WS2_32.dll
0x00007ffa4a040000 - 0x00007ffa4a074000 	C:\WINDOWS\SYSTEM32\WINMM.dll
0x00007ffa49260000 - 0x00007ffa4926a000 	C:\WINDOWS\SYSTEM32\VERSION.dll
0x00007ffa51b70000 - 0x00007ffa51b83000 	C:\WINDOWS\SYSTEM32\UMPDC.dll
0x00007ffa51330000 - 0x00007ffa51348000 	C:\WINDOWS\SYSTEM32\kernel.appcore.dll
0x00007ffa4aca0000 - 0x00007ffa4acaa000 	c:\Users\21269\.vscode\extensions\redhat.java-1.28.1-win32-x64\jre\17.0.10-win32-x86_64\bin\jimage.dll
0x00007ffa4f6f0000 - 0x00007ffa4f923000 	C:\WINDOWS\SYSTEM32\DBGHELP.DLL
0x00007ffa54600000 - 0x00007ffa54988000 	C:\WINDOWS\System32\combase.dll
0x00007ffa54300000 - 0x00007ffa543d7000 	C:\WINDOWS\System32\OLEAUT32.dll
0x00007ffa3a130000 - 0x00007ffa3a162000 	C:\WINDOWS\SYSTEM32\dbgcore.DLL
0x00007ffa52660000 - 0x00007ffa526da000 	C:\WINDOWS\System32\bcryptPrimitives.dll
0x00007ffa45cd0000 - 0x00007ffa45cde000 	c:\Users\21269\.vscode\extensions\redhat.java-1.28.1-win32-x64\jre\17.0.10-win32-x86_64\bin\instrument.dll
0x00007ffa33a40000 - 0x00007ffa33a65000 	c:\Users\21269\.vscode\extensions\redhat.java-1.28.1-win32-x64\jre\17.0.10-win32-x86_64\bin\java.dll
0x00007ffa37850000 - 0x00007ffa37868000 	c:\Users\21269\.vscode\extensions\redhat.java-1.28.1-win32-x64\jre\17.0.10-win32-x86_64\bin\zip.dll
0x00007ffa53100000 - 0x00007ffa5395c000 	C:\WINDOWS\System32\SHELL32.dll
0x00007ffa50210000 - 0x00007ffa50b08000 	C:\WINDOWS\SYSTEM32\windows.storage.dll
0x00007ffa500d0000 - 0x00007ffa5020e000 	C:\WINDOWS\SYSTEM32\wintypes.dll
0x00007ffa52f00000 - 0x00007ffa52ff3000 	C:\WINDOWS\System32\SHCORE.dll
0x00007ffa54e30000 - 0x00007ffa54e8e000 	C:\WINDOWS\System32\shlwapi.dll
0x00007ffa52260000 - 0x00007ffa52286000 	C:\WINDOWS\SYSTEM32\profapi.dll
0x00007ffa377d0000 - 0x00007ffa377e9000 	C:\Users\21269\.vscode\extensions\redhat.java-1.28.1-win32-x64\jre\17.0.10-win32-x86_64\bin\net.dll
0x00007ffa4b760000 - 0x00007ffa4b897000 	C:\WINDOWS\SYSTEM32\WINHTTP.dll
0x00007ffa51820000 - 0x00007ffa51889000 	C:\WINDOWS\system32\mswsock.dll
0x00007ffa33c80000 - 0x00007ffa33c96000 	C:\Users\21269\.vscode\extensions\redhat.java-1.28.1-win32-x64\jre\17.0.10-win32-x86_64\bin\nio.dll
0x00007ffa3b2a0000 - 0x00007ffa3b2b0000 	c:\Users\21269\.vscode\extensions\redhat.java-1.28.1-win32-x64\jre\17.0.10-win32-x86_64\bin\verify.dll
0x00007ffa2d120000 - 0x00007ffa2d15e000 	C:\Users\21269\AppData\Roaming\Code\User\globalStorage\redhat.java\1.28.1\config_win\org.eclipse.equinox.launcher\org.eclipse.equinox.launcher.win32.win32.x86_64_1.2.900.v20240129-1338\eclipse_11900.dll
0x00007ffa54990000 - 0x00007ffa54b2f000 	C:\WINDOWS\System32\ole32.dll
0x00007ffa51ab0000 - 0x00007ffa51acb000 	C:\WINDOWS\SYSTEM32\CRYPTSP.dll
0x00007ffa51290000 - 0x00007ffa512c5000 	C:\WINDOWS\system32\rsaenh.dll
0x00007ffa51930000 - 0x00007ffa5195c000 	C:\WINDOWS\SYSTEM32\USERENV.dll
0x00007ffa51b50000 - 0x00007ffa51b5c000 	C:\WINDOWS\SYSTEM32\CRYPTBASE.dll
0x00007ffa50db0000 - 0x00007ffa50ddd000 	C:\WINDOWS\SYSTEM32\IPHLPAPI.DLL
0x00007ffa53fa0000 - 0x00007ffa53fa9000 	C:\WINDOWS\System32\NSI.dll
0x00007ffa4b490000 - 0x00007ffa4b4a9000 	C:\WINDOWS\SYSTEM32\dhcpcsvc6.DLL
0x00007ffa4b470000 - 0x00007ffa4b48f000 	C:\WINDOWS\SYSTEM32\dhcpcsvc.DLL
0x00007ffa50e30000 - 0x00007ffa50f29000 	C:\WINDOWS\SYSTEM32\DNSAPI.dll
0x00007ffa34030000 - 0x00007ffa34075000 	C:\Users\21269\AppData\Local\Temp\jna--1921886675\jna17319499117735238476.dll
0x00007ffa54bb0000 - 0x00007ffa54bb8000 	C:\WINDOWS\System32\PSAPI.DLL

dbghelp: loaded successfully - version: 4.0.5 - missing functions: none
symbol engine: initialized successfully - sym options: 0x614 - pdb path: .;c:\Users\21269\.vscode\extensions\redhat.java-1.28.1-win32-x64\jre\17.0.10-win32-x86_64\bin;C:\WINDOWS\SYSTEM32;C:\WINDOWS\WinSxS\amd64_microsoft.windows.common-controls_6595b64144ccf1df_6.0.22621.3235_none_270f74e173860f98;c:\Users\21269\.vscode\extensions\redhat.java-1.28.1-win32-x64\jre\17.0.10-win32-x86_64\bin\server;C:\Users\21269\AppData\Roaming\Code\User\globalStorage\redhat.java\1.28.1\config_win\org.eclipse.equinox.launcher\org.eclipse.equinox.launcher.win32.win32.x86_64_1.2.900.v20240129-1338;C:\Users\21269\AppData\Local\Temp\jna--1921886675

VM Arguments:
jvm_args: --add-modules=ALL-SYSTEM --add-opens=java.base/java.util=ALL-UNNAMED --add-opens=java.base/java.lang=ALL-UNNAMED --add-opens=java.base/sun.nio.fs=ALL-UNNAMED -Declipse.application=org.eclipse.jdt.ls.core.id1 -Dosgi.bundles.defaultStartLevel=4 -Declipse.product=org.eclipse.jdt.ls.core.product -Djava.import.generatesMetadataFilesAtProjectRoot=false -DDetectVMInstallationsJob.disabled=true -Dfile.encoding=utf8 -XX:+UseParallelGC -XX:GCTimeRatio=4 -XX:AdaptiveSizePolicyWeight=90 -Dsun.zip.disableMemoryMapping=true -Xmx1G -Xms100m -Xlog:disable -javaagent:c:\Users\21269\.vscode\extensions\redhat.java-1.28.1-win32-x64\lombok\lombok-1.18.31.jar -XX:+HeapDumpOnOutOfMemoryError -XX:HeapDumpPath=c:\Users\21269\AppData\Roaming\Code\User\workspaceStorage\1718572053e923615083db9cc6e0b6a3\redhat.java -Daether.dependencyCollector.impl=bf 
java_command: c:\Users\21269\.vscode\extensions\redhat.java-1.28.1-win32-x64\server\plugins\org.eclipse.equinox.launcher_1.6.700.v20231214-2017.jar -configuration c:\Users\21269\AppData\Roaming\Code\User\globalStorage\redhat.java\1.28.1\config_win -data c:\Users\21269\AppData\Roaming\Code\User\workspaceStorage\1718572053e923615083db9cc6e0b6a3\redhat.java\jdt_ws --stdio
java_class_path (initial): c:\Users\21269\.vscode\extensions\redhat.java-1.28.1-win32-x64\server\plugins\org.eclipse.equinox.launcher_1.6.700.v20231214-2017.jar
Launcher Type: SUN_STANDARD

[Global flags]
    uintx AdaptiveSizePolicyWeight                 = 90                                        {product} {command line}
     intx CICompilerCount                          = 4                                         {product} {ergonomic}
    uintx GCTimeRatio                              = 4                                         {product} {command line}
     bool HeapDumpOnOutOfMemoryError               = true                                   {manageable} {command line}
    ccstr HeapDumpPath                             = c:\Users\21269\AppData\Roaming\Code\User\workspaceStorage\1718572053e923615083db9cc6e0b6a3\redhat.java         {manageable} {command line}
   size_t InitialHeapSize                          = 104857600                                 {product} {command line}
   size_t MaxHeapSize                              = 1073741824                                {product} {command line}
   size_t MaxNewSize                               = 357564416                                 {product} {ergonomic}
   size_t MinHeapDeltaBytes                        = 524288                                    {product} {ergonomic}
   size_t MinHeapSize                              = 104857600                                 {product} {command line}
   size_t NewSize                                  = 34603008                                  {product} {ergonomic}
    uintx NonNMethodCodeHeapSize                   = 5839372                                {pd product} {ergonomic}
    uintx NonProfiledCodeHeapSize                  = 122909434                              {pd product} {ergonomic}
   size_t OldSize                                  = 70254592                                  {product} {ergonomic}
    uintx ProfiledCodeHeapSize                     = 122909434                              {pd product} {ergonomic}
    uintx ReservedCodeCacheSize                    = 251658240                              {pd product} {ergonomic}
     bool SegmentedCodeCache                       = true                                      {product} {ergonomic}
   size_t SoftMaxHeapSize                          = 1073741824                             {manageable} {ergonomic}
     bool UseCompressedClassPointers               = true                           {product lp64_product} {ergonomic}
     bool UseCompressedOops                        = true                           {product lp64_product} {ergonomic}
     bool UseLargePagesIndividualAllocation        = false                                  {pd product} {ergonomic}
     bool UseParallelGC                            = true                                      {product} {command line}

Logging:
Log output configuration:
 #0: stdout all=off uptime,level,tags
 #1: stderr all=off uptime,level,tags

Environment Variables:
JAVA_HOME=C:\Program Files\Java\jdk-21
PATH=C:\Python312\Scripts\;C:\Python312\;D:\app\OumNou\product\11.2.0\dbhome_1\bin;C:\Program Files\Common Files\Oracle\Java\javapath;C:\Program Files (x86)\Common Files\Oracle\Java\javapath;C:\Python310\Scripts\;C:\Python310\;C:\Windows\System32\HWAudioDriverLibs;C:\Windows\system32;C:\Windows;C:\Windows\System32\Wbem;C:\Windows\System32\WindowsPowerShell\v1.0\;C:\Windows\System32\OpenSSH\;C:\Users\Administrator\AppData\Local\Microsoft\WindowsApps;C:\composer;C:\php-8.1.10;C:\ProgramData\chocolatey\bin;C:\WINDOWS\system32;C:\WINDOWS;C:\WINDOWS\System32\Wbem;C:\WINDOWS\System32\WindowsPowerShell\v1.0\;C:\WINDOWS\System32\OpenSSH\;C:\Program Files\Git\cmd;C:\Program Files\Microsoft SQL Server\150\Tools\Binn\;C:\Program Files\Microsoft SQL Server\Client SDK\ODBC\170\Tools\Binn\;C:\Program Files\dotnet\;C:\Program Files\apache-maven-3.9.6\bin;C:\Program Files\Java\jre-1.8\bin;C:\Program Files\Java\jdk-21\bin;;C:\Program Files\Docker\Docker\resources\bin;C:\Program Files\nodejs\;C:\Users\21269\AppData\Local\Microsoft\WindowsApps;C:\Users\21269\AppData\Local\Programs\Microsoft VS Code\bin;C:\Users\21269;C:\php-8.1.10;C:\MinGW\bin;C:\Users\21269\AppData\Roaming\Composer\vendor\bin;C:\Users\21269\AppData\Local\ComposerSetup\bin;C:\Program Files\JetBrains\IntelliJ IDEA Community Edition 2022.2.2\bin;;C:\Users\21269\AppData\Local\GitHubDesktop\bin;C:\Swift\bin;C:\Users\21269\flutter\bin;C:\Users\21269\AppData\Local\Android\Sdk;JAVA_HOME%\bin;C:\Program Files\Java\jdk-20;C:\Program Files\Java\jdk-20\bin;C:\Program Files\Java\jre-1.8;C:\Users\21269\.dotnet\tools;C:\Program Files\apache-maven-3.9.6\bin;C:\Program Files\Java\jre-1.8\bin;C:\Program Files\Java\jdk-21\bin;C:\Users\21269\AppData\Roaming\npm
USERNAME=OumNou
OS=Windows_NT
PROCESSOR_IDENTIFIER=Intel64 Family 6 Model 140 Stepping 1, GenuineIntel
TMP=C:\Users\21269\AppData\Local\Temp
TEMP=C:\Users\21269\AppData\Local\Temp



Periodic native trim disabled


---------------  S Y S T E M  ---------------

OS:
 Windows 11 , 64 bit Build 22621 (10.0.22621.3235)
OS uptime: 2 days 2:51 hours
Hyper-V role detected

CPU: total 8 (initial active 8) (4 cores per cpu, 2 threads per core) family 6 model 140 stepping 1 microcode 0x8a, cx8, cmov, fxsr, ht, mmx, 3dnowpref, sse, sse2, sse3, ssse3, sse4.1, sse4.2, popcnt, lzcnt, tsc, tscinvbit, avx, avx2, aes, erms, clmul, bmi1, bmi2, adx, avx512f, avx512dq, avx512cd, avx512bw, avx512vl, sha, fma, vzeroupper, avx512_vpopcntdq, avx512_vpclmulqdq, avx512_vaes, avx512_vnni, clflush, clflushopt, clwb, avx512_vbmi2, avx512_vbmi, hv
Processor Information for processor 0
  Max Mhz: 2419, Current Mhz: 1007, Mhz Limit: 2419
Processor Information for processor 1
  Max Mhz: 2419, Current Mhz: 2419, Mhz Limit: 2419
Processor Information for processor 2
  Max Mhz: 2419, Current Mhz: 2419, Mhz Limit: 2419
Processor Information for processor 3
  Max Mhz: 2419, Current Mhz: 2419, Mhz Limit: 2419
Processor Information for processor 4
  Max Mhz: 2419, Current Mhz: 2419, Mhz Limit: 2419
Processor Information for processor 5
  Max Mhz: 2419, Current Mhz: 2419, Mhz Limit: 2419
Processor Information for processor 6
  Max Mhz: 2419, Current Mhz: 2419, Mhz Limit: 2419
Processor Information for processor 7
  Max Mhz: 2419, Current Mhz: 2419, Mhz Limit: 2419

Memory: 4k page, system-wide physical 7991M (442M free)
TotalPageFile size 23319M (AvailPageFile size 62M)
current process WorkingSet (physical memory assigned to process): 717M, peak: 733M
current process commit charge ("private bytes"): 727M, peak: 790M

vm_info: OpenJDK 64-Bit Server VM (17.0.10+7) for windows-amd64 JRE (17.0.10+7), built on Jan 16 2024 23:25:11 by "admin" with MS VC++ 16.10 / 16.11 (VS2019)

END.
