#
# There is insufficient memory for the Java Runtime Environment to continue.
# Native memory allocation (malloc) failed to allocate 1022048 bytes for Chunk::new
# Possible reasons:
#   The system is out of physical RAM or swap space
#   The process is running with CompressedOops enabled, and the Java Heap may be blocking the growth of the native heap
# Possible solutions:
#   Reduce memory load on the system
#   Increase physical memory or swap space
#   Check if swap backing store is full
#   Decrease Java heap size (-Xmx/-Xms)
#   Decrease number of Java threads
#   Decrease Java thread stack sizes (-Xss)
#   Set larger code cache with -XX:ReservedCodeCacheSize=
#   JVM is running with Unscaled Compressed Oops mode in which the Java heap is
#     placed in the first 4GB address space. The Java Heap base address is the
#     maximum limit for the native heap growth. Please use -XX:HeapBaseMinAddress
#     to set the Java Heap base and to place the Java Heap above 4GB virtual address.
# This output file may be truncated or incomplete.
#
#  Out of Memory Error (arena.cpp:191), pid=8212, tid=16944
#
# JRE version: OpenJDK Runtime Environment Temurin-17.0.10+7 (17.0.10+7) (build 17.0.10+7)
# Java VM: OpenJDK 64-Bit Server VM Temurin-17.0.10+7 (17.0.10+7, mixed mode, tiered, compressed oops, compressed class ptrs, parallel gc, windows-amd64)
# No core dump will be written. Minidumps are not enabled by default on client versions of Windows
#

---------------  S U M M A R Y ------------

Command Line: --add-modules=ALL-SYSTEM --add-opens=java.base/java.util=ALL-UNNAMED --add-opens=java.base/java.lang=ALL-UNNAMED --add-opens=java.base/sun.nio.fs=ALL-UNNAMED -Declipse.application=org.eclipse.jdt.ls.core.id1 -Dosgi.bundles.defaultStartLevel=4 -Declipse.product=org.eclipse.jdt.ls.core.product -Djava.import.generatesMetadataFilesAtProjectRoot=false -DDetectVMInstallationsJob.disabled=true -Dfile.encoding=utf8 -XX:+UseParallelGC -XX:GCTimeRatio=4 -XX:AdaptiveSizePolicyWeight=90 -Dsun.zip.disableMemoryMapping=true -Xmx1G -Xms100m -Xlog:disable -javaagent:c:\Users\21269\.vscode\extensions\redhat.java-1.28.1-win32-x64\lombok\lombok-1.18.31.jar c:\Users\21269\.vscode\extensions\redhat.java-1.28.1-win32-x64\server\plugins\org.eclipse.equinox.launcher_1.6.700.v20231214-2017.jar -configuration c:\Users\21269\AppData\Roaming\Code\User\globalStorage\redhat.java\1.28.1\config_ss_win -data c:\Users\21269\AppData\Roaming\Code\User\workspaceStorage\1718572053e923615083db9cc6e0b6a3\redhat.java\ss_ws --stdio

Host: 11th Gen Intel(R) Core(TM) i5-1135G7 @ 2.40GHz, 8 cores, 7G,  Windows 11 , 64 bit Build 22621 (10.0.22621.3235)
Time: Thu Mar  7 21:22:05 2024 Morocco Daylight Time elapsed time: 14.565521 seconds (0d 0h 0m 14s)

---------------  T H R E A D  ---------------

Current thread (0x0000025fc43bc330):  JavaThread "C2 CompilerThread0" daemon [_thread_in_native, id=16944, stack(0x000000924d500000,0x000000924d600000)]


Current CompileTask:
C2:  14565 4440 %     4       java.io.WinNTFileSystem::normalize @ 22 (143 bytes)

Stack: [0x000000924d500000,0x000000924d600000]
Native frames: (J=compiled Java code, j=interpreted, Vv=VM code, C=native code)
V  [jvm.dll+0x67d2c9]
V  [jvm.dll+0x834afa]
V  [jvm.dll+0x8365be]
V  [jvm.dll+0x836c23]
V  [jvm.dll+0x2477ff]
V  [jvm.dll+0xac514]
V  [jvm.dll+0xacb5c]
V  [jvm.dll+0x3667d7]
V  [jvm.dll+0x1bcf72]
V  [jvm.dll+0x21a049]
V  [jvm.dll+0x219311]
V  [jvm.dll+0x1a502d]
V  [jvm.dll+0x2290de]
V  [jvm.dll+0x2272ac]
V  [jvm.dll+0x7e9bb7]
V  [jvm.dll+0x7e3fba]
V  [jvm.dll+0x67c1b5]
C  [ucrtbase.dll+0x29363]
C  [KERNEL32.DLL+0x1257d]
C  [ntdll.dll+0x5aa58]


---------------  P R O C E S S  ---------------

Threads class SMR info:
_java_thread_list=0x0000025fc784d030, length=31, elements={
0x0000025fa9469450, 0x0000025fbf239150, 0x0000025fbf23a4b0, 0x0000025fa950a0d0,
0x0000025fa950aba0, 0x0000025fa950e310, 0x0000025fc43b8140, 0x0000025fc43bc330,
0x0000025fc43c7160, 0x0000025fc43ca6a0, 0x0000025fc4522de0, 0x0000025fc55bc020,
0x0000025fc5a5c730, 0x0000025fc5ed9390, 0x0000025fc5ee49a0, 0x0000025fc5eb6520,
0x0000025fc602e750, 0x0000025fc602c3e0, 0x0000025fc602d310, 0x0000025fc602dd30,
0x0000025fc602f680, 0x0000025fc602e240, 0x0000025fc602f170, 0x0000025fc602c8f0,
0x0000025fc602ce00, 0x0000025fc602ec60, 0x0000025fc7904c80, 0x0000025fc7904770,
0x0000025fc7905190, 0x0000025fc79056a0, 0x0000025fc7905bb0
}

Java Threads: ( => current thread )
  0x0000025fa9469450 JavaThread "main" [_thread_blocked, id=19536, stack(0x000000924cc00000,0x000000924cd00000)]
  0x0000025fbf239150 JavaThread "Reference Handler" daemon [_thread_blocked, id=13680, stack(0x000000924cf00000,0x000000924d000000)]
  0x0000025fbf23a4b0 JavaThread "Finalizer" daemon [_thread_blocked, id=1164, stack(0x000000924d000000,0x000000924d100000)]
  0x0000025fa950a0d0 JavaThread "Signal Dispatcher" daemon [_thread_blocked, id=6788, stack(0x000000924d100000,0x000000924d200000)]
  0x0000025fa950aba0 JavaThread "Attach Listener" daemon [_thread_blocked, id=20324, stack(0x000000924d200000,0x000000924d300000)]
  0x0000025fa950e310 JavaThread "Service Thread" daemon [_thread_blocked, id=16216, stack(0x000000924d300000,0x000000924d400000)]
  0x0000025fc43b8140 JavaThread "Monitor Deflation Thread" daemon [_thread_blocked, id=19520, stack(0x000000924d400000,0x000000924d500000)]
=>0x0000025fc43bc330 JavaThread "C2 CompilerThread0" daemon [_thread_in_native, id=16944, stack(0x000000924d500000,0x000000924d600000)]
  0x0000025fc43c7160 JavaThread "C1 CompilerThread0" daemon [_thread_blocked, id=12884, stack(0x000000924d600000,0x000000924d700000)]
  0x0000025fc43ca6a0 JavaThread "Sweeper thread" daemon [_thread_blocked, id=2392, stack(0x000000924d700000,0x000000924d800000)]
  0x0000025fc4522de0 JavaThread "Common-Cleaner" daemon [_thread_blocked, id=20172, stack(0x000000924d800000,0x000000924d900000)]
  0x0000025fc55bc020 JavaThread "Notification Thread" daemon [_thread_blocked, id=16724, stack(0x000000924d900000,0x000000924da00000)]
  0x0000025fc5a5c730 JavaThread "Active Thread: Equinox Container: 71858769-5898-4a14-ba53-e084fef98bff" [_thread_blocked, id=20424, stack(0x000000924e200000,0x000000924e300000)]
  0x0000025fc5ed9390 JavaThread "Framework Event Dispatcher: Equinox Container: 71858769-5898-4a14-ba53-e084fef98bff" daemon [_thread_blocked, id=18100, stack(0x000000924e300000,0x000000924e400000)]
  0x0000025fc5ee49a0 JavaThread "Start Level: Equinox Container: 71858769-5898-4a14-ba53-e084fef98bff" daemon [_thread_blocked, id=17428, stack(0x000000924e400000,0x000000924e500000)]
  0x0000025fc5eb6520 JavaThread "SCR Component Actor" daemon [_thread_blocked, id=17032, stack(0x000000924e500000,0x000000924e600000)]
  0x0000025fc602e750 JavaThread "Worker-JM" [_thread_blocked, id=6248, stack(0x000000924e800000,0x000000924e900000)]
  0x0000025fc602c3e0 JavaThread "Worker-0" [_thread_blocked, id=2612, stack(0x000000924e900000,0x000000924ea00000)]
  0x0000025fc602d310 JavaThread "Worker-1: Shutdown..." [_thread_in_native, id=2176, stack(0x000000924ea00000,0x000000924eb00000)]
  0x0000025fc602dd30 JavaThread "JNA Cleaner" daemon [_thread_blocked, id=5648, stack(0x000000924db00000,0x000000924dc00000)]
  0x0000025fc602f680 JavaThread "pool-2-thread-1" [_thread_blocked, id=12464, stack(0x000000924eb00000,0x000000924ec00000)]
  0x0000025fc602e240 JavaThread "WorkspaceEventsHandler" [_thread_blocked, id=14232, stack(0x000000924ec00000,0x000000924ed00000)]
  0x0000025fc602f170 JavaThread "pool-1-thread-1" [_thread_blocked, id=5200, stack(0x000000924ed00000,0x000000924ee00000)]
  0x0000025fc602c8f0 JavaThread "ForkJoinPool.commonPool-worker-1" daemon [_thread_blocked, id=2664, stack(0x000000924ee00000,0x000000924ef00000)]
  0x0000025fc602ce00 JavaThread "Worker-2" [_thread_blocked, id=16224, stack(0x000000924ef00000,0x000000924f000000)]
  0x0000025fc602ec60 JavaThread "ForkJoinPool.commonPool-worker-2" daemon [_thread_blocked, id=16232, stack(0x000000924f000000,0x000000924f100000)]
  0x0000025fc7904c80 JavaThread "ForkJoinPool.commonPool-worker-3" daemon [_thread_blocked, id=17276, stack(0x000000924f100000,0x000000924f200000)]
  0x0000025fc7904770 JavaThread "pool-3-thread-1" [_thread_blocked, id=16644, stack(0x000000924e700000,0x000000924e800000)]
  0x0000025fc7905190 JavaThread "ForkJoinPool-2-worker-1" daemon [_thread_blocked, id=6784, stack(0x000000924f300000,0x000000924f400000)]
  0x0000025fc79056a0 JavaThread "ForkJoinPool-2-worker-2" daemon [_thread_new, id=18984, stack(0x0000000000000000,0x0000000000000000)]
  0x0000025fc7905bb0 JavaThread "ForkJoinPool-2-worker-3" daemon [_thread_new, id=17340, stack(0x0000000000000000,0x0000000000000000)]

Other Threads:
  0x0000025fa95097b0 VMThread "VM Thread" [stack: 0x000000924ce00000,0x000000924cf00000] [id=10860]
  0x0000025fc46c34a0 WatcherThread [stack: 0x000000924da00000,0x000000924db00000] [id=5276]
  0x0000025fa947e9d0 GCTaskThread "GC Thread#0" [stack: 0x000000924cd00000,0x000000924ce00000] [id=5904]
  0x0000025fc583f750 GCTaskThread "GC Thread#1" [stack: 0x000000924dc00000,0x000000924dd00000] [id=15788]
  0x0000025fc5840030 GCTaskThread "GC Thread#2" [stack: 0x000000924dd00000,0x000000924de00000] [id=18560]
  0x0000025fc58402f0 GCTaskThread "GC Thread#3" [stack: 0x000000924de00000,0x000000924df00000] [id=11380]
  0x0000025fc5b4f5f0 GCTaskThread "GC Thread#4" [stack: 0x000000924df00000,0x000000924e000000] [id=6640]
  0x0000025fc5b4f8b0 GCTaskThread "GC Thread#5" [stack: 0x000000924e000000,0x000000924e100000] [id=11924]
  0x0000025fc5b4fb70 GCTaskThread "GC Thread#6" [stack: 0x000000924e100000,0x000000924e200000] [id=16968]
  0x0000025fc5f4ac00 GCTaskThread "GC Thread#7" [stack: 0x000000924e600000,0x000000924e700000] [id=1732]

Threads with active compile tasks:
C2 CompilerThread0    14577 4440 %     4       java.io.WinNTFileSystem::normalize @ 22 (143 bytes)

VM state: not at safepoint (normal execution)

VM Mutex/Monitor currently owned by a thread: None

Heap address: 0x00000000c0000000, size: 1024 MB, Compressed Oops mode: 32-bit

CDS archive(s) not mapped
Compressed class space mapped at: 0x0000000100000000-0x0000000140000000, reserved size: 1073741824
Narrow klass base: 0x0000000000000000, Narrow klass shift: 3, Narrow klass range: 0x140000000

GC Precious Log:
 CPUs: 8 total, 8 available
 Memory: 7991M
 Large Page Support: Disabled
 NUMA Support: Disabled
 Compressed Oops: Enabled (32-bit)
 Alignments: Space 512K, Generation 512K, Heap 2M
 Heap Min Capacity: 100M
 Heap Initial Capacity: 100M
 Heap Max Capacity: 1G
 Pre-touch: Disabled
 Parallel Workers: 8

Heap:
 PSYoungGen      total 22528K, used 15524K [0x00000000eab00000, 0x00000000ec280000, 0x0000000100000000)
  eden space 21504K, 69% used [0x00000000eab00000,0x00000000eb9a0558,0x00000000ec000000)
  from space 1024K, 53% used [0x00000000ec180000,0x00000000ec208c38,0x00000000ec280000)
  to   space 1024K, 0% used [0x00000000ec000000,0x00000000ec000000,0x00000000ec100000)
 ParOldGen       total 68608K, used 27983K [0x00000000c0000000, 0x00000000c4300000, 0x00000000eab00000)
  object space 68608K, 40% used [0x00000000c0000000,0x00000000c1b53eb0,0x00000000c4300000)
 Metaspace       used 46064K, committed 46784K, reserved 1114112K
  class space    used 4658K, committed 4992K, reserved 1048576K

Card table byte_map: [0x0000025fbcad0000,0x0000025fbcce0000] _byte_map_base: 0x0000025fbc4d0000

Marking Bits: (ParMarkBitMap*) 0x00007ffb25f2d7d0
 Begin Bits: [0x0000025fbce40000, 0x0000025fbde40000)
 End Bits:   [0x0000025fbde40000, 0x0000025fbee40000)

Polling page: 0x0000025fa9510000

Metaspace:

Usage:
  Non-class:     40.44 MB used.
      Class:      4.55 MB used.
       Both:     44.99 MB used.

Virtual space:
  Non-class space:       64.00 MB reserved,      40.81 MB ( 64%) committed,  1 nodes.
      Class space:        1.00 GB reserved,       4.88 MB ( <1%) committed,  1 nodes.
             Both:        1.06 GB reserved,      45.69 MB (  4%) committed. 

Chunk freelists:
   Non-Class:  6.39 MB
       Class:  11.14 MB
        Both:  17.53 MB

MaxMetaspaceSize: unlimited
CompressedClassSpaceSize: 1.00 GB
Initial GC threshold: 21.00 MB
Current GC threshold: 58.38 MB
CDS: off
MetaspaceReclaimPolicy: balanced
 - commit_granule_bytes: 65536.
 - commit_granule_words: 8192.
 - virtual_space_node_default_size: 8388608.
 - enlarge_chunks_in_place: 1.
 - new_chunks_are_fully_committed: 0.
 - uncommit_free_chunks: 1.
 - use_allocation_guard: 0.
 - handle_deallocations: 1.


Internal statistics:

num_allocs_failed_limit: 6.
num_arena_births: 434.
num_arena_deaths: 14.
num_vsnodes_births: 2.
num_vsnodes_deaths: 0.
num_space_committed: 731.
num_space_uncommitted: 0.
num_chunks_returned_to_freelist: 20.
num_chunks_taken_from_freelist: 1986.
num_chunk_merges: 8.
num_chunk_splits: 1309.
num_chunks_enlarged: 865.
num_inconsistent_stats: 0.

CodeHeap 'non-profiled nmethods': size=120000Kb used=2111Kb max_used=2111Kb free=117889Kb
 bounds [0x0000025fb53c0000, 0x0000025fb5630000, 0x0000025fbc8f0000]
CodeHeap 'profiled nmethods': size=120000Kb used=9544Kb max_used=9544Kb free=110455Kb
 bounds [0x0000025fad8f0000, 0x0000025fae250000, 0x0000025fb4e20000]
CodeHeap 'non-nmethods': size=5760Kb used=1326Kb max_used=1377Kb free=4434Kb
 bounds [0x0000025fb4e20000, 0x0000025fb5090000, 0x0000025fb53c0000]
 total_blobs=5096 nmethods=4451 adapters=558
 compilation: enabled
              stopped_count=0, restarted_count=0
 full_count=0

Compilation events (20 events):
Event: 14.491 Thread 0x0000025fc43c7160 4443  s    3       java.io.BufferedOutputStream::write (35 bytes)
Event: 14.491 Thread 0x0000025fc43c7160 nmethod 4443 0x0000025fae231c90 code [0x0000025fae231e40, 0x0000025fae232208]
Event: 14.491 Thread 0x0000025fc43c7160 4444   !   3       org.eclipse.core.internal.localstore.SafeFileOutputStream::write (20 bytes)
Event: 14.491 Thread 0x0000025fc43c7160 nmethod 4444 0x0000025fae232390 code [0x0000025fae232540, 0x0000025fae232748]
Event: 14.491 Thread 0x0000025fc43c7160 4447       3       java.io.OutputStream::write (34 bytes)
Event: 14.491 Thread 0x0000025fc43c7160 nmethod 4447 0x0000025fae232890 code [0x0000025fae232a60, 0x0000025fae232ed8]
Event: 14.491 Thread 0x0000025fc43c7160 4445       3       java.io.DataOutputStream::incCount (20 bytes)
Event: 14.491 Thread 0x0000025fc43c7160 nmethod 4445 0x0000025fae233110 code [0x0000025fae2332a0, 0x0000025fae2333f8]
Event: 14.491 Thread 0x0000025fc43c7160 4448       3       org.eclipse.core.internal.resources.ResourceInfo::getContentId (8 bytes)
Event: 14.492 Thread 0x0000025fc43c7160 nmethod 4448 0x0000025fae233490 code [0x0000025fae233620, 0x0000025fae233738]
Event: 14.492 Thread 0x0000025fc43c7160 4449       3       java.lang.invoke.VarHandleReferences$FieldInstanceReadWrite::compareAndSet (48 bytes)
Event: 14.492 Thread 0x0000025fc43c7160 nmethod 4449 0x0000025fae233810 code [0x0000025fae233a60, 0x0000025fae234468]
Event: 14.495 Thread 0x0000025fc43c7160 4451   !   3       java.lang.invoke.MethodHandles$Lookup::canBeCached (150 bytes)
Event: 14.498 Thread 0x0000025fc43c7160 nmethod 4451 0x0000025fae234810 code [0x0000025fae234c60, 0x0000025fae236fe8]
Event: 14.498 Thread 0x0000025fc43c7160 4456       3       jdk.internal.org.objectweb.asm.Frame::execute (2318 bytes)
Event: 14.506 Thread 0x0000025fc43c7160 nmethod 4456 0x0000025fae237c10 code [0x0000025fae238b40, 0x0000025fae23f678]
Event: 14.506 Thread 0x0000025fc43c7160 4453       3       java.lang.invoke.LambdaForm::<init> (115 bytes)
Event: 14.506 Thread 0x0000025fc43c7160 nmethod 4453 0x0000025fae241290 code [0x0000025fae241480, 0x0000025fae241a28]
Event: 14.506 Thread 0x0000025fc43c7160 4454       3       java.lang.invoke.LambdaForm::fixResult (31 bytes)
Event: 14.507 Thread 0x0000025fc43c7160 nmethod 4454 0x0000025fae241c90 code [0x0000025fae241e40, 0x0000025fae242038]

GC Heap History (20 events):
Event: 4.119 GC heap before
{Heap before GC invocations=13 (full 2):
 PSYoungGen      total 25088K, used 25056K [0x00000000eab00000, 0x00000000ec900000, 0x0000000100000000)
  eden space 23040K, 100% used [0x00000000eab00000,0x00000000ec180000,0x00000000ec180000)
  from space 2048K, 98% used [0x00000000ec700000,0x00000000ec8f8040,0x00000000ec900000)
  to   space 2560K, 0% used [0x00000000ec400000,0x00000000ec400000,0x00000000ec680000)
 ParOldGen       total 68608K, used 12827K [0x00000000c0000000, 0x00000000c4300000, 0x00000000eab00000)
  object space 68608K, 18% used [0x00000000c0000000,0x00000000c0c86d08,0x00000000c4300000)
 Metaspace       used 36878K, committed 37568K, reserved 1114112K
  class space    used 3752K, committed 4096K, reserved 1048576K
}
Event: 4.121 GC heap after
{Heap after GC invocations=13 (full 2):
 PSYoungGen      total 24576K, used 2016K [0x00000000eab00000, 0x00000000ec780000, 0x0000000100000000)
  eden space 22528K, 0% used [0x00000000eab00000,0x00000000eab00000,0x00000000ec100000)
  from space 2048K, 98% used [0x00000000ec400000,0x00000000ec5f8010,0x00000000ec600000)
  to   space 1536K, 0% used [0x00000000ec600000,0x00000000ec600000,0x00000000ec780000)
 ParOldGen       total 68608K, used 14773K [0x00000000c0000000, 0x00000000c4300000, 0x00000000eab00000)
  object space 68608K, 21% used [0x00000000c0000000,0x00000000c0e6d678,0x00000000c4300000)
 Metaspace       used 36878K, committed 37568K, reserved 1114112K
  class space    used 3752K, committed 4096K, reserved 1048576K
}
Event: 4.179 GC heap before
{Heap before GC invocations=14 (full 2):
 PSYoungGen      total 24576K, used 24544K [0x00000000eab00000, 0x00000000ec780000, 0x0000000100000000)
  eden space 22528K, 100% used [0x00000000eab00000,0x00000000ec100000,0x00000000ec100000)
  from space 2048K, 98% used [0x00000000ec400000,0x00000000ec5f8010,0x00000000ec600000)
  to   space 1536K, 0% used [0x00000000ec600000,0x00000000ec600000,0x00000000ec780000)
 ParOldGen       total 68608K, used 14773K [0x00000000c0000000, 0x00000000c4300000, 0x00000000eab00000)
  object space 68608K, 21% used [0x00000000c0000000,0x00000000c0e6d678,0x00000000c4300000)
 Metaspace       used 36966K, committed 37632K, reserved 1114112K
  class space    used 3765K, committed 4096K, reserved 1048576K
}
Event: 4.182 GC heap after
{Heap after GC invocations=14 (full 2):
 PSYoungGen      total 23552K, used 1504K [0x00000000eab00000, 0x00000000ec880000, 0x0000000100000000)
  eden space 22016K, 0% used [0x00000000eab00000,0x00000000eab00000,0x00000000ec080000)
  from space 1536K, 97% used [0x00000000ec600000,0x00000000ec778010,0x00000000ec780000)
  to   space 4096K, 0% used [0x00000000ec080000,0x00000000ec080000,0x00000000ec480000)
 ParOldGen       total 68608K, used 16989K [0x00000000c0000000, 0x00000000c4300000, 0x00000000eab00000)
  object space 68608K, 24% used [0x00000000c0000000,0x00000000c1097678,0x00000000c4300000)
 Metaspace       used 36966K, committed 37632K, reserved 1114112K
  class space    used 3765K, committed 4096K, reserved 1048576K
}
Event: 4.222 GC heap before
{Heap before GC invocations=15 (full 2):
 PSYoungGen      total 23552K, used 23520K [0x00000000eab00000, 0x00000000ec880000, 0x0000000100000000)
  eden space 22016K, 99% used [0x00000000eab00000,0x00000000ec07fff8,0x00000000ec080000)
  from space 1536K, 97% used [0x00000000ec600000,0x00000000ec778010,0x00000000ec780000)
  to   space 4096K, 0% used [0x00000000ec080000,0x00000000ec080000,0x00000000ec480000)
 ParOldGen       total 68608K, used 16989K [0x00000000c0000000, 0x00000000c4300000, 0x00000000eab00000)
  object space 68608K, 24% used [0x00000000c0000000,0x00000000c1097678,0x00000000c4300000)
 Metaspace       used 36966K, committed 37632K, reserved 1114112K
  class space    used 3765K, committed 4096K, reserved 1048576K
}
Event: 4.225 GC heap after
{Heap after GC invocations=15 (full 2):
 PSYoungGen      total 24064K, used 2048K [0x00000000eab00000, 0x00000000ec680000, 0x0000000100000000)
  eden space 22016K, 0% used [0x00000000eab00000,0x00000000eab00000,0x00000000ec080000)
  from space 2048K, 100% used [0x00000000ec080000,0x00000000ec280000,0x00000000ec280000)
  to   space 3072K, 0% used [0x00000000ec380000,0x00000000ec380000,0x00000000ec680000)
 ParOldGen       total 68608K, used 18532K [0x00000000c0000000, 0x00000000c4300000, 0x00000000eab00000)
  object space 68608K, 27% used [0x00000000c0000000,0x00000000c1219030,0x00000000c4300000)
 Metaspace       used 36966K, committed 37632K, reserved 1114112K
  class space    used 3765K, committed 4096K, reserved 1048576K
}
Event: 4.262 GC heap before
{Heap before GC invocations=16 (full 2):
 PSYoungGen      total 24064K, used 24064K [0x00000000eab00000, 0x00000000ec680000, 0x0000000100000000)
  eden space 22016K, 100% used [0x00000000eab00000,0x00000000ec080000,0x00000000ec080000)
  from space 2048K, 100% used [0x00000000ec080000,0x00000000ec280000,0x00000000ec280000)
  to   space 3072K, 0% used [0x00000000ec380000,0x00000000ec380000,0x00000000ec680000)
 ParOldGen       total 68608K, used 18532K [0x00000000c0000000, 0x00000000c4300000, 0x00000000eab00000)
  object space 68608K, 27% used [0x00000000c0000000,0x00000000c1219030,0x00000000c4300000)
 Metaspace       used 36967K, committed 37632K, reserved 1114112K
  class space    used 3765K, committed 4096K, reserved 1048576K
}
Event: 4.264 GC heap after
{Heap after GC invocations=16 (full 2):
 PSYoungGen      total 24576K, used 2272K [0x00000000eab00000, 0x00000000ec600000, 0x0000000100000000)
  eden space 22016K, 0% used [0x00000000eab00000,0x00000000eab00000,0x00000000ec080000)
  from space 2560K, 88% used [0x00000000ec380000,0x00000000ec5b8010,0x00000000ec600000)
  to   space 2560K, 0% used [0x00000000ec100000,0x00000000ec100000,0x00000000ec380000)
 ParOldGen       total 68608K, used 20476K [0x00000000c0000000, 0x00000000c4300000, 0x00000000eab00000)
  object space 68608K, 29% used [0x00000000c0000000,0x00000000c13ff030,0x00000000c4300000)
 Metaspace       used 36967K, committed 37632K, reserved 1114112K
  class space    used 3765K, committed 4096K, reserved 1048576K
}
Event: 4.297 GC heap before
{Heap before GC invocations=17 (full 2):
 PSYoungGen      total 24576K, used 24288K [0x00000000eab00000, 0x00000000ec600000, 0x0000000100000000)
  eden space 22016K, 100% used [0x00000000eab00000,0x00000000ec080000,0x00000000ec080000)
  from space 2560K, 88% used [0x00000000ec380000,0x00000000ec5b8010,0x00000000ec600000)
  to   space 2560K, 0% used [0x00000000ec100000,0x00000000ec100000,0x00000000ec380000)
 ParOldGen       total 68608K, used 20476K [0x00000000c0000000, 0x00000000c4300000, 0x00000000eab00000)
  object space 68608K, 29% used [0x00000000c0000000,0x00000000c13ff030,0x00000000c4300000)
 Metaspace       used 36967K, committed 37632K, reserved 1114112K
  class space    used 3765K, committed 4096K, reserved 1048576K
}
Event: 4.299 GC heap after
{Heap after GC invocations=17 (full 2):
 PSYoungGen      total 24064K, used 1952K [0x00000000eab00000, 0x00000000ec580000, 0x0000000100000000)
  eden space 22016K, 0% used [0x00000000eab00000,0x00000000eab00000,0x00000000ec080000)
  from space 2048K, 95% used [0x00000000ec100000,0x00000000ec2e8000,0x00000000ec300000)
  to   space 2560K, 0% used [0x00000000ec300000,0x00000000ec300000,0x00000000ec580000)
 ParOldGen       total 68608K, used 22692K [0x00000000c0000000, 0x00000000c4300000, 0x00000000eab00000)
  object space 68608K, 33% used [0x00000000c0000000,0x00000000c1629040,0x00000000c4300000)
 Metaspace       used 36967K, committed 37632K, reserved 1114112K
  class space    used 3765K, committed 4096K, reserved 1048576K
}
Event: 4.522 GC heap before
{Heap before GC invocations=18 (full 2):
 PSYoungGen      total 24064K, used 23968K [0x00000000eab00000, 0x00000000ec580000, 0x0000000100000000)
  eden space 22016K, 100% used [0x00000000eab00000,0x00000000ec080000,0x00000000ec080000)
  from space 2048K, 95% used [0x00000000ec100000,0x00000000ec2e8000,0x00000000ec300000)
  to   space 2560K, 0% used [0x00000000ec300000,0x00000000ec300000,0x00000000ec580000)
 ParOldGen       total 68608K, used 22692K [0x00000000c0000000, 0x00000000c4300000, 0x00000000eab00000)
  object space 68608K, 33% used [0x00000000c0000000,0x00000000c1629040,0x00000000c4300000)
 Metaspace       used 38785K, committed 39424K, reserved 1114112K
  class space    used 3975K, committed 4288K, reserved 1048576K
}
Event: 4.524 GC heap after
{Heap after GC invocations=18 (full 2):
 PSYoungGen      total 24576K, used 2208K [0x00000000eab00000, 0x00000000ec580000, 0x0000000100000000)
  eden space 22016K, 0% used [0x00000000eab00000,0x00000000eab00000,0x00000000ec080000)
  from space 2560K, 86% used [0x00000000ec300000,0x00000000ec528000,0x00000000ec580000)
  to   space 2560K, 0% used [0x00000000ec080000,0x00000000ec080000,0x00000000ec300000)
 ParOldGen       total 68608K, used 24506K [0x00000000c0000000, 0x00000000c4300000, 0x00000000eab00000)
  object space 68608K, 35% used [0x00000000c0000000,0x00000000c17ee8c0,0x00000000c4300000)
 Metaspace       used 38785K, committed 39424K, reserved 1114112K
  class space    used 3975K, committed 4288K, reserved 1048576K
}
Event: 4.799 GC heap before
{Heap before GC invocations=19 (full 2):
 PSYoungGen      total 24576K, used 24224K [0x00000000eab00000, 0x00000000ec580000, 0x0000000100000000)
  eden space 22016K, 100% used [0x00000000eab00000,0x00000000ec080000,0x00000000ec080000)
  from space 2560K, 86% used [0x00000000ec300000,0x00000000ec528000,0x00000000ec580000)
  to   space 2560K, 0% used [0x00000000ec080000,0x00000000ec080000,0x00000000ec300000)
 ParOldGen       total 68608K, used 24506K [0x00000000c0000000, 0x00000000c4300000, 0x00000000eab00000)
  object space 68608K, 35% used [0x00000000c0000000,0x00000000c17ee8c0,0x00000000c4300000)
 Metaspace       used 40421K, committed 41088K, reserved 1114112K
  class space    used 4152K, committed 4480K, reserved 1048576K
}
Event: 4.801 GC heap after
{Heap after GC invocations=19 (full 2):
 PSYoungGen      total 23040K, used 970K [0x00000000eab00000, 0x00000000ec380000, 0x0000000100000000)
  eden space 22016K, 0% used [0x00000000eab00000,0x00000000eab00000,0x00000000ec080000)
  from space 1024K, 94% used [0x00000000ec080000,0x00000000ec172be8,0x00000000ec180000)
  to   space 1536K, 0% used [0x00000000ec200000,0x00000000ec200000,0x00000000ec380000)
 ParOldGen       total 68608K, used 26611K [0x00000000c0000000, 0x00000000c4300000, 0x00000000eab00000)
  object space 68608K, 38% used [0x00000000c0000000,0x00000000c19fcf38,0x00000000c4300000)
 Metaspace       used 40421K, committed 41088K, reserved 1114112K
  class space    used 4152K, committed 4480K, reserved 1048576K
}
Event: 4.977 GC heap before
{Heap before GC invocations=20 (full 2):
 PSYoungGen      total 23040K, used 22975K [0x00000000eab00000, 0x00000000ec380000, 0x0000000100000000)
  eden space 22016K, 99% used [0x00000000eab00000,0x00000000ec07d1b0,0x00000000ec080000)
  from space 1024K, 94% used [0x00000000ec080000,0x00000000ec172be8,0x00000000ec180000)
  to   space 1536K, 0% used [0x00000000ec200000,0x00000000ec200000,0x00000000ec380000)
 ParOldGen       total 68608K, used 26611K [0x00000000c0000000, 0x00000000c4300000, 0x00000000eab00000)
  object space 68608K, 38% used [0x00000000c0000000,0x00000000c19fcf38,0x00000000c4300000)
 Metaspace       used 41649K, committed 42368K, reserved 1114112K
  class space    used 4258K, committed 4608K, reserved 1048576K
}
Event: 4.979 GC heap after
{Heap after GC invocations=20 (full 2):
 PSYoungGen      total 23040K, used 1532K [0x00000000eab00000, 0x00000000ec480000, 0x0000000100000000)
  eden space 21504K, 0% used [0x00000000eab00000,0x00000000eab00000,0x00000000ec000000)
  from space 1536K, 99% used [0x00000000ec200000,0x00000000ec37f058,0x00000000ec380000)
  to   space 2048K, 0% used [0x00000000ec000000,0x00000000ec000000,0x00000000ec200000)
 ParOldGen       total 68608K, used 27341K [0x00000000c0000000, 0x00000000c4300000, 0x00000000eab00000)
  object space 68608K, 39% used [0x00000000c0000000,0x00000000c1ab3440,0x00000000c4300000)
 Metaspace       used 41649K, committed 42368K, reserved 1114112K
  class space    used 4258K, committed 4608K, reserved 1048576K
}
Event: 5.026 GC heap before
{Heap before GC invocations=21 (full 2):
 PSYoungGen      total 23040K, used 23036K [0x00000000eab00000, 0x00000000ec480000, 0x0000000100000000)
  eden space 21504K, 100% used [0x00000000eab00000,0x00000000ec000000,0x00000000ec000000)
  from space 1536K, 99% used [0x00000000ec200000,0x00000000ec37f058,0x00000000ec380000)
  to   space 2048K, 0% used [0x00000000ec000000,0x00000000ec000000,0x00000000ec200000)
 ParOldGen       total 68608K, used 27341K [0x00000000c0000000, 0x00000000c4300000, 0x00000000eab00000)
  object space 68608K, 39% used [0x00000000c0000000,0x00000000c1ab3440,0x00000000c4300000)
 Metaspace       used 41665K, committed 42368K, reserved 1114112K
  class space    used 4258K, committed 4608K, reserved 1048576K
}
Event: 5.027 GC heap after
{Heap after GC invocations=21 (full 2):
 PSYoungGen      total 22528K, used 869K [0x00000000eab00000, 0x00000000ec300000, 0x0000000100000000)
  eden space 21504K, 0% used [0x00000000eab00000,0x00000000eab00000,0x00000000ec000000)
  from space 1024K, 84% used [0x00000000ec000000,0x00000000ec0d9550,0x00000000ec100000)
  to   space 1536K, 0% used [0x00000000ec180000,0x00000000ec180000,0x00000000ec300000)
 ParOldGen       total 68608K, used 27951K [0x00000000c0000000, 0x00000000c4300000, 0x00000000eab00000)
  object space 68608K, 40% used [0x00000000c0000000,0x00000000c1b4beb0,0x00000000c4300000)
 Metaspace       used 41665K, committed 42368K, reserved 1114112K
  class space    used 4258K, committed 4608K, reserved 1048576K
}
Event: 5.256 GC heap before
{Heap before GC invocations=22 (full 2):
 PSYoungGen      total 22528K, used 22340K [0x00000000eab00000, 0x00000000ec300000, 0x0000000100000000)
  eden space 21504K, 99% used [0x00000000eab00000,0x00000000ebff7b28,0x00000000ec000000)
  from space 1024K, 84% used [0x00000000ec000000,0x00000000ec0d9550,0x00000000ec100000)
  to   space 1536K, 0% used [0x00000000ec180000,0x00000000ec180000,0x00000000ec300000)
 ParOldGen       total 68608K, used 27951K [0x00000000c0000000, 0x00000000c4300000, 0x00000000eab00000)
  object space 68608K, 40% used [0x00000000c0000000,0x00000000c1b4beb0,0x00000000c4300000)
 Metaspace       used 43948K, committed 44608K, reserved 1114112K
  class space    used 4459K, committed 4800K, reserved 1048576K
}
Event: 5.257 GC heap after
{Heap after GC invocations=22 (full 2):
 PSYoungGen      total 22528K, used 547K [0x00000000eab00000, 0x00000000ec280000, 0x0000000100000000)
  eden space 21504K, 0% used [0x00000000eab00000,0x00000000eab00000,0x00000000ec000000)
  from space 1024K, 53% used [0x00000000ec180000,0x00000000ec208c38,0x00000000ec280000)
  to   space 1024K, 0% used [0x00000000ec000000,0x00000000ec000000,0x00000000ec100000)
 ParOldGen       total 68608K, used 27983K [0x00000000c0000000, 0x00000000c4300000, 0x00000000eab00000)
  object space 68608K, 40% used [0x00000000c0000000,0x00000000c1b53eb0,0x00000000c4300000)
 Metaspace       used 43948K, committed 44608K, reserved 1114112K
  class space    used 4459K, committed 4800K, reserved 1048576K
}

Dll operation events (10 events):
Event: 0.043 Loaded shared library c:\Users\21269\.vscode\extensions\redhat.java-1.28.1-win32-x64\jre\17.0.10-win32-x86_64\bin\java.dll
Event: 0.268 Loaded shared library c:\Users\21269\.vscode\extensions\redhat.java-1.28.1-win32-x64\jre\17.0.10-win32-x86_64\bin\zip.dll
Event: 0.272 Loaded shared library C:\Users\21269\.vscode\extensions\redhat.java-1.28.1-win32-x64\jre\17.0.10-win32-x86_64\bin\instrument.dll
Event: 0.290 Loaded shared library C:\Users\21269\.vscode\extensions\redhat.java-1.28.1-win32-x64\jre\17.0.10-win32-x86_64\bin\net.dll
Event: 0.293 Loaded shared library C:\Users\21269\.vscode\extensions\redhat.java-1.28.1-win32-x64\jre\17.0.10-win32-x86_64\bin\nio.dll
Event: 0.302 Loaded shared library C:\Users\21269\.vscode\extensions\redhat.java-1.28.1-win32-x64\jre\17.0.10-win32-x86_64\bin\zip.dll
Event: 0.323 Loaded shared library C:\Users\21269\.vscode\extensions\redhat.java-1.28.1-win32-x64\jre\17.0.10-win32-x86_64\bin\jimage.dll
Event: 0.380 Loaded shared library c:\Users\21269\.vscode\extensions\redhat.java-1.28.1-win32-x64\jre\17.0.10-win32-x86_64\bin\verify.dll
Event: 1.621 Loaded shared library C:\Users\21269\AppData\Roaming\Code\User\globalStorage\redhat.java\1.28.1\config_ss_win\org.eclipse.equinox.launcher\org.eclipse.equinox.launcher.win32.win32.x86_64_1.2.900.v20240129-1338\eclipse_11900.dll
Event: 3.522 Loaded shared library C:\Users\21269\AppData\Local\Temp\jna--1921886675\jna7450254329922117224.dll

Deoptimization events (20 events):
Event: 14.397 Thread 0x0000025fc602d310 Uncommon trap: trap_request=0xffffffde fr.pc=0x0000025fb5555178 relative=0x0000000000000d98
Event: 14.397 Thread 0x0000025fc602d310 Uncommon trap: reason=class_check action=maybe_recompile pc=0x0000025fb5555178 method=java.util.Spliterators$1Adapter.hasNext()Z @ 12 c2
Event: 14.397 Thread 0x0000025fc602d310 DEOPT PACKING pc=0x0000025fb5555178 sp=0x000000924eafe450
Event: 14.397 Thread 0x0000025fc602d310 DEOPT UNPACKING pc=0x0000025fb4e79ea3 sp=0x000000924eafe418 mode 2
Event: 14.397 Thread 0x0000025fc602d310 Uncommon trap: trap_request=0xffffffde fr.pc=0x0000025fb5555178 relative=0x0000000000000d98
Event: 14.397 Thread 0x0000025fc602d310 Uncommon trap: reason=class_check action=maybe_recompile pc=0x0000025fb5555178 method=java.util.Spliterators$1Adapter.hasNext()Z @ 12 c2
Event: 14.397 Thread 0x0000025fc602d310 DEOPT PACKING pc=0x0000025fb5555178 sp=0x000000924eafe460
Event: 14.397 Thread 0x0000025fc602d310 DEOPT UNPACKING pc=0x0000025fb4e79ea3 sp=0x000000924eafe428 mode 2
Event: 14.397 Thread 0x0000025fc602d310 Uncommon trap: trap_request=0xffffffde fr.pc=0x0000025fb5555178 relative=0x0000000000000d98
Event: 14.397 Thread 0x0000025fc602d310 Uncommon trap: reason=class_check action=maybe_recompile pc=0x0000025fb5555178 method=java.util.Spliterators$1Adapter.hasNext()Z @ 12 c2
Event: 14.397 Thread 0x0000025fc602d310 DEOPT PACKING pc=0x0000025fb5555178 sp=0x000000924eafe460
Event: 14.397 Thread 0x0000025fc602d310 DEOPT UNPACKING pc=0x0000025fb4e79ea3 sp=0x000000924eafe428 mode 2
Event: 14.490 Thread 0x0000025fc602d310 Uncommon trap: trap_request=0xffffffde fr.pc=0x0000025fb544ef08 relative=0x0000000000000788
Event: 14.490 Thread 0x0000025fc602d310 Uncommon trap: reason=class_check action=maybe_recompile pc=0x0000025fb544ef08 method=java.util.HashMap.computeIfAbsent(Ljava/lang/Object;Ljava/util/function/Function;)Ljava/lang/Object; @ 188 c2
Event: 14.490 Thread 0x0000025fc602d310 DEOPT PACKING pc=0x0000025fb544ef08 sp=0x000000924eafea70
Event: 14.490 Thread 0x0000025fc602d310 DEOPT UNPACKING pc=0x0000025fb4e79ea3 sp=0x000000924eafea18 mode 2
Event: 14.495 Thread 0x0000025fc602d310 Uncommon trap: trap_request=0xffffff45 fr.pc=0x0000025fb54f8158 relative=0x0000000000003358
Event: 14.495 Thread 0x0000025fc602d310 Uncommon trap: reason=unstable_if action=reinterpret pc=0x0000025fb54f8158 method=jdk.internal.org.objectweb.asm.Frame.push(I)V @ 26 c2
Event: 14.495 Thread 0x0000025fc602d310 DEOPT PACKING pc=0x0000025fb54f8158 sp=0x000000924eafd1a0
Event: 14.495 Thread 0x0000025fc602d310 DEOPT UNPACKING pc=0x0000025fb4e79ea3 sp=0x000000924eafd0c8 mode 2

Classes unloaded (7 events):
Event: 2.212 Thread 0x0000025fa95097b0 Unloading class 0x000000010021a400 'java/lang/invoke/LambdaForm$MH+0x000000010021a400'
Event: 2.212 Thread 0x0000025fa95097b0 Unloading class 0x000000010021a000 'java/lang/invoke/LambdaForm$MH+0x000000010021a000'
Event: 2.212 Thread 0x0000025fa95097b0 Unloading class 0x0000000100219c00 'java/lang/invoke/LambdaForm$MH+0x0000000100219c00'
Event: 2.212 Thread 0x0000025fa95097b0 Unloading class 0x0000000100219800 'java/lang/invoke/LambdaForm$MH+0x0000000100219800'
Event: 2.212 Thread 0x0000025fa95097b0 Unloading class 0x0000000100219400 'java/lang/invoke/LambdaForm$BMH+0x0000000100219400'
Event: 2.212 Thread 0x0000025fa95097b0 Unloading class 0x0000000100219000 'java/lang/invoke/LambdaForm$DMH+0x0000000100219000'
Event: 2.212 Thread 0x0000025fa95097b0 Unloading class 0x0000000100214400 'java/lang/invoke/LambdaForm$DMH+0x0000000100214400'

Classes redefined (0 events):
No events

Internal exceptions (20 events):
Event: 4.067 Thread 0x0000025fc602d310 Exception <a 'java/io/FileNotFoundException'{0x00000000eb05c770}> (0x00000000eb05c770) 
thrown [s\src\hotspot\share\prims\jni.cpp, line 516]
Event: 4.067 Thread 0x0000025fc602d310 Exception <a 'java/io/FileNotFoundException'{0x00000000eb05dca8}> (0x00000000eb05dca8) 
thrown [s\src\hotspot\share\prims\jni.cpp, line 516]
Event: 4.068 Thread 0x0000025fc602d310 Exception <a 'java/lang/NoSuchMethodError'{0x00000000eb06f500}: 'void java.lang.invoke.DirectMethodHandle$Holder.invokeStaticInit(java.lang.Object, java.lang.Object, java.lang.Object)'> (0x00000000eb06f500) 
thrown [s\src\hotspot\share\interpreter\linkResolver.cpp, line 759]
Event: 4.365 Thread 0x0000025fc602c8f0 Exception <a 'java/lang/NoSuchMethodError'{0x00000000eb50aa68}: 'java.lang.Object java.lang.invoke.DirectMethodHandle$Holder.invokeInterface(java.lang.Object, java.lang.Object, java.lang.Object)'> (0x00000000eb50aa68) 
thrown [s\src\hotspot\share\interpreter\linkResolver.cpp, line 759]
Event: 4.365 Thread 0x0000025fc602f170 Exception <a 'java/lang/NoSuchMethodError'{0x00000000eb507290}: 'java.lang.Object java.lang.invoke.DirectMethodHandle$Holder.invokeInterface(java.lang.Object, java.lang.Object, java.lang.Object)'> (0x00000000eb507290) 
thrown [s\src\hotspot\share\interpreter\linkResolver.cpp, line 759]
Event: 4.622 Thread 0x0000025fc602f170 Exception <a 'java/lang/LinkageError'{0x00000000eb0ced98}: loader lombok.launch.ShadowClassLoader @23cd5217 attempted duplicate class definition for lombok.launch.PatchFixesHider$Transform. (lombok.launch.PatchFixesHider$Transform is in unnamed module of loader lombok.launch.ShadowClassLoader @23cd5217, parent loader org.eclipse.osgi.internal.loader.EquinoxClassLoader @73fc4e5b)> (0x00000000eb0ced98) 
thrown [s\src\hotspot\share\classfile\systemDictionary.cpp, line 1724]
Event: 4.872 Thread 0x0000025fc602c8f0 Implicit null exception at 0x0000025fb5508650 to 0x0000025fb55092c8
Event: 4.942 Thread 0x0000025fc602c8f0 Exception <a 'java/lang/LinkageError'{0x00000000eb925538}: loader lombok.launch.ShadowClassLoader @23cd5217 attempted duplicate class definition for lombok.launch.PatchFixesHider$ValPortal. (lombok.launch.PatchFixesHider$ValPortal is in unnamed module of loader lombok.launch.ShadowClassLoader @23cd5217, parent loader org.eclipse.osgi.internal.loader.EquinoxClassLoader @73fc4e5b)> (0x00000000eb925538) 
thrown [s\src\hotspot\share\classfile\systemDictionary.cpp, line 1724]
Event: 5.741 Thread 0x0000025fc7904c80 Exception <a 'java/lang/ArrayIndexOutOfBoundsException'{0x00000000eae05b08}> (0x00000000eae05b08) 
thrown [s\src\hotspot\share\runtime\sharedRuntime.cpp, line 631]
Event: 5.793 Thread 0x0000025fc602ec60 Exception <a 'java/lang/NoSuchMethodError'{0x00000000eb07a0d8}: 'int java.lang.invoke.DirectMethodHandle$Holder.invokeInterface(java.lang.Object, java.lang.Object)'> (0x00000000eb07a0d8) 
thrown [s\src\hotspot\share\interpreter\linkResolver.cpp, line 759]
Event: 5.793 Thread 0x0000025fc602ec60 Exception <a 'java/lang/IncompatibleClassChangeError'{0x00000000eb07d668}: Found class java.lang.Object, but interface was expected> (0x00000000eb07d668) 
thrown [s\src\hotspot\share\interpreter\linkResolver.cpp, line 826]
Event: 6.369 Thread 0x0000025fc602c3e0 Exception <a 'java/io/FileNotFoundException'{0x00000000eb70de80}> (0x00000000eb70de80) 
thrown [s\src\hotspot\share\prims\jni.cpp, line 516]
Event: 6.369 Thread 0x0000025fc602c3e0 Exception <a 'java/io/FileNotFoundException'{0x00000000eb70ee60}> (0x00000000eb70ee60) 
thrown [s\src\hotspot\share\prims\jni.cpp, line 516]
Event: 6.370 Thread 0x0000025fc602c3e0 Exception <a 'java/io/FileNotFoundException'{0x00000000eb710608}> (0x00000000eb710608) 
thrown [s\src\hotspot\share\prims\jni.cpp, line 516]
Event: 6.370 Thread 0x0000025fc602c3e0 Exception <a 'java/io/FileNotFoundException'{0x00000000eb711890}> (0x00000000eb711890) 
thrown [s\src\hotspot\share\prims\jni.cpp, line 516]
Event: 6.370 Thread 0x0000025fc602c3e0 Exception <a 'java/io/FileNotFoundException'{0x00000000eb712878}> (0x00000000eb712878) 
thrown [s\src\hotspot\share\prims\jni.cpp, line 516]
Event: 14.496 Thread 0x0000025fc602d310 Exception <a 'java/lang/NoSuchMethodError'{0x00000000eb8fd5a8}: 'java.lang.Object java.lang.invoke.DirectMethodHandle$Holder.newInvokeSpecial(java.lang.Object, java.lang.Object, java.lang.Object, java.lang.Object, java.lang.Object, java.lang.Object, java.lang.Object, java.lang.Object, java.lang.Object, java.lang.Object)'> (0x00000000eb8fd5a8) 
thrown [s\src\hotspot\share\interpreter\linkResolver.cpp, line 759]
Event: 14.496 Thread 0x0000025fc602d310 Exception <a 'java/lang/NoSuchMethodError'{0x00000000eb902298}: 'java.lang.Object java.lang.invoke.DirectMethodHandle$Holder.invokeSpecial(java.lang.Object, java.lang.Object, java.lang.Object, java.lang.Object, java.lang.Object, java.lang.Object, java.lang.Object, java.lang.Object, java.lang.Object, java.lang.Object, java.lang.Object)'> (0x00000000eb902298) 
thrown [s\src\hotspot\share\interpreter\linkResolver.cpp, line 759]
Event: 14.497 Thread 0x0000025fc602d310 Exception <a 'java/lang/NoSuchMethodError'{0x00000000eb9067a8}: 'java.lang.Object java.lang.invoke.Invokers$Holder.linkToTargetMethod(java.lang.Object, java.lang.Object, java.lang.Object, java.lang.Object, java.lang.Object, java.lang.Object, java.lang.Object, java.lang.Object, java.lang.Object, java.lang.Object)'> (0x00000000eb9067a8) 
thrown [s\src\hotspot\share\interpreter\linkResolver.cpp, line 759]
Event: 14.514 Thread 0x0000025fc602d310 Exception <a 'sun/nio/fs/WindowsException'{0x00000000eb96f0a0}> (0x00000000eb96f0a0) 
thrown [s\src\hotspot\share\prims\jni.cpp, line 516]

VM Operations (20 events):
Event: 4.522 Executing VM operation: ParallelGCFailedAllocation
Event: 4.525 Executing VM operation: ParallelGCFailedAllocation done
Event: 4.580 Executing VM operation: HandshakeAllThreads
Event: 4.580 Executing VM operation: HandshakeAllThreads done
Event: 4.595 Executing VM operation: HandshakeAllThreads
Event: 4.595 Executing VM operation: HandshakeAllThreads done
Event: 4.799 Executing VM operation: ParallelGCFailedAllocation
Event: 4.801 Executing VM operation: ParallelGCFailedAllocation done
Event: 4.977 Executing VM operation: ParallelGCFailedAllocation
Event: 4.979 Executing VM operation: ParallelGCFailedAllocation done
Event: 5.026 Executing VM operation: ParallelGCFailedAllocation
Event: 5.027 Executing VM operation: ParallelGCFailedAllocation done
Event: 5.132 Executing VM operation: HandshakeAllThreads
Event: 5.132 Executing VM operation: HandshakeAllThreads done
Event: 5.256 Executing VM operation: ParallelGCFailedAllocation
Event: 5.258 Executing VM operation: ParallelGCFailedAllocation done
Event: 5.750 Executing VM operation: HandshakeAllThreads
Event: 5.750 Executing VM operation: HandshakeAllThreads done
Event: 6.758 Executing VM operation: Cleanup
Event: 6.758 Executing VM operation: Cleanup done

Events (20 events):
Event: 14.464 loading class java/util/concurrent/CountedCompleter done
Event: 14.464 loading class java/util/stream/AbstractTask done
Event: 14.464 loading class java/util/stream/Nodes$CollectorTask done
Event: 14.464 loading class java/util/stream/Nodes$CollectorTask$OfRef done
Event: 14.465 loading class java/util/function/LongFunction
Event: 14.465 loading class java/util/function/LongFunction done
Event: 14.465 loading class java/util/stream/Nodes$ConcNode
Event: 14.465 loading class java/util/stream/Nodes$AbstractConcNode
Event: 14.465 loading class java/util/stream/Nodes$AbstractConcNode done
Event: 14.465 loading class java/util/stream/Nodes$ConcNode done
Event: 14.466 Thread 0x0000025fc7905bb0 Thread added: 0x0000025fc7905bb0
Event: 14.466 loading class java/util/stream/Nodes$ToArrayTask$OfRef
Event: 14.472 loading class java/util/stream/Nodes$ToArrayTask
Event: 14.485 loading class java/util/stream/Nodes$ToArrayTask done
Event: 14.485 loading class java/util/stream/Nodes$ToArrayTask$OfRef done
Event: 14.487 Thread 0x0000025fc7905bb0 Thread exited: 0x0000025fc7905bb0
Event: 14.499 Thread 0x0000025fc7905190 Thread added: 0x0000025fc7905190
Event: 14.503 Thread 0x0000025fc79056a0 Thread added: 0x0000025fc79056a0
Event: 14.507 Thread 0x0000025fc7906ae0 Thread exited: 0x0000025fc7906ae0
Event: 14.508 Thread 0x0000025fc7905bb0 Thread added: 0x0000025fc7905bb0


Dynamic libraries:
0x00007ff71c090000 - 0x00007ff71c09e000 	c:\Users\21269\.vscode\extensions\redhat.java-1.28.1-win32-x64\jre\17.0.10-win32-x86_64\bin\java.exe
0x00007ffb7a1d0000 - 0x00007ffb7a3e6000 	C:\WINDOWS\SYSTEM32\ntdll.dll
0x00007ffb790f0000 - 0x00007ffb791b4000 	C:\WINDOWS\System32\KERNEL32.DLL
0x00007ffb778c0000 - 0x00007ffb77c66000 	C:\WINDOWS\System32\KERNELBASE.dll
0x00007ffb77630000 - 0x00007ffb77741000 	C:\WINDOWS\System32\ucrtbase.dll
0x00007ffb6bf90000 - 0x00007ffb6bfab000 	c:\Users\21269\.vscode\extensions\redhat.java-1.28.1-win32-x64\jre\17.0.10-win32-x86_64\bin\VCRUNTIME140.dll
0x00007ffb6bf70000 - 0x00007ffb6bf87000 	c:\Users\21269\.vscode\extensions\redhat.java-1.28.1-win32-x64\jre\17.0.10-win32-x86_64\bin\jli.dll
0x00007ffb79760000 - 0x00007ffb7990d000 	C:\WINDOWS\System32\USER32.dll
0x00007ffb77890000 - 0x00007ffb778b6000 	C:\WINDOWS\System32\win32u.dll
0x00007ffb58940000 - 0x00007ffb58bd3000 	C:\WINDOWS\WinSxS\amd64_microsoft.windows.common-controls_6595b64144ccf1df_6.0.22621.3235_none_270f74e173860f98\COMCTL32.dll
0x00007ffb780b0000 - 0x00007ffb780d9000 	C:\WINDOWS\System32\GDI32.dll
0x00007ffb77510000 - 0x00007ffb77628000 	C:\WINDOWS\System32\gdi32full.dll
0x00007ffb77e50000 - 0x00007ffb77eea000 	C:\WINDOWS\System32\msvcp_win.dll
0x00007ffb78990000 - 0x00007ffb78a37000 	C:\WINDOWS\System32\msvcrt.dll
0x00007ffb79720000 - 0x00007ffb79751000 	C:\WINDOWS\System32\IMM32.DLL
0x00007ffb70240000 - 0x00007ffb7024c000 	c:\Users\21269\.vscode\extensions\redhat.java-1.28.1-win32-x64\jre\17.0.10-win32-x86_64\bin\vcruntime140_1.dll
0x00007ffb32730000 - 0x00007ffb327bd000 	c:\Users\21269\.vscode\extensions\redhat.java-1.28.1-win32-x64\jre\17.0.10-win32-x86_64\bin\msvcp140.dll
0x00007ffb25390000 - 0x00007ffb25ff2000 	c:\Users\21269\.vscode\extensions\redhat.java-1.28.1-win32-x64\jre\17.0.10-win32-x86_64\bin\server\jvm.dll
0x00007ffb786a0000 - 0x00007ffb78752000 	C:\WINDOWS\System32\ADVAPI32.dll
0x00007ffb78300000 - 0x00007ffb783a8000 	C:\WINDOWS\System32\sechost.dll
0x00007ffb77ef0000 - 0x00007ffb77f18000 	C:\WINDOWS\System32\bcrypt.dll
0x00007ffb780e0000 - 0x00007ffb781f5000 	C:\WINDOWS\System32\RPCRT4.dll
0x00007ffb76710000 - 0x00007ffb7675d000 	C:\WINDOWS\SYSTEM32\POWRPROF.dll
0x00007ffb6f6e0000 - 0x00007ffb6f714000 	C:\WINDOWS\SYSTEM32\WINMM.dll
0x00007ffb6df30000 - 0x00007ffb6df3a000 	C:\WINDOWS\SYSTEM32\VERSION.dll
0x00007ffb51240000 - 0x00007ffb51249000 	C:\WINDOWS\SYSTEM32\WSOCK32.dll
0x00007ffb791c0000 - 0x00007ffb79231000 	C:\WINDOWS\System32\ws2_32.DLL
0x00007ffb766f0000 - 0x00007ffb76703000 	C:\WINDOWS\SYSTEM32\UMPDC.dll
0x00007ffb76590000 - 0x00007ffb765a8000 	C:\WINDOWS\SYSTEM32\kernel.appcore.dll
0x00007ffb6f820000 - 0x00007ffb6f82a000 	c:\Users\21269\.vscode\extensions\redhat.java-1.28.1-win32-x64\jre\17.0.10-win32-x86_64\bin\jimage.dll
0x00007ffb748d0000 - 0x00007ffb74b03000 	C:\WINDOWS\SYSTEM32\DBGHELP.DLL
0x00007ffb78a40000 - 0x00007ffb78dc8000 	C:\WINDOWS\System32\combase.dll
0x00007ffb783b0000 - 0x00007ffb78487000 	C:\WINDOWS\System32\OLEAUT32.dll
0x00007ffb53f10000 - 0x00007ffb53f42000 	C:\WINDOWS\SYSTEM32\dbgcore.DLL
0x00007ffb77810000 - 0x00007ffb7788a000 	C:\WINDOWS\System32\bcryptPrimitives.dll
0x00007ffb6f7f0000 - 0x00007ffb6f7fe000 	c:\Users\21269\.vscode\extensions\redhat.java-1.28.1-win32-x64\jre\17.0.10-win32-x86_64\bin\instrument.dll
0x00007ffb6aef0000 - 0x00007ffb6af15000 	c:\Users\21269\.vscode\extensions\redhat.java-1.28.1-win32-x64\jre\17.0.10-win32-x86_64\bin\java.dll
0x00007ffb6ae90000 - 0x00007ffb6aea8000 	c:\Users\21269\.vscode\extensions\redhat.java-1.28.1-win32-x64\jre\17.0.10-win32-x86_64\bin\zip.dll
0x00007ffb79930000 - 0x00007ffb7a18c000 	C:\WINDOWS\System32\SHELL32.dll
0x00007ffb753f0000 - 0x00007ffb75ce8000 	C:\WINDOWS\SYSTEM32\windows.storage.dll
0x00007ffb752b0000 - 0x00007ffb753ee000 	C:\WINDOWS\SYSTEM32\wintypes.dll
0x00007ffb78200000 - 0x00007ffb782f3000 	C:\WINDOWS\System32\SHCORE.dll
0x00007ffb78e80000 - 0x00007ffb78ede000 	C:\WINDOWS\System32\shlwapi.dll
0x00007ffb77440000 - 0x00007ffb77466000 	C:\WINDOWS\SYSTEM32\profapi.dll
0x00007ffb4c6a0000 - 0x00007ffb4c6b9000 	C:\Users\21269\.vscode\extensions\redhat.java-1.28.1-win32-x64\jre\17.0.10-win32-x86_64\bin\net.dll
0x00007ffb70bc0000 - 0x00007ffb70cf7000 	C:\WINDOWS\SYSTEM32\WINHTTP.dll
0x00007ffb76aa0000 - 0x00007ffb76b09000 	C:\WINDOWS\system32\mswsock.dll
0x00007ffb49070000 - 0x00007ffb49086000 	C:\Users\21269\.vscode\extensions\redhat.java-1.28.1-win32-x64\jre\17.0.10-win32-x86_64\bin\nio.dll
0x00007ffb6e280000 - 0x00007ffb6e290000 	c:\Users\21269\.vscode\extensions\redhat.java-1.28.1-win32-x64\jre\17.0.10-win32-x86_64\bin\verify.dll
0x00007ffb69060000 - 0x00007ffb6909e000 	C:\Users\21269\AppData\Roaming\Code\User\globalStorage\redhat.java\1.28.1\config_ss_win\org.eclipse.equinox.launcher\org.eclipse.equinox.launcher.win32.win32.x86_64_1.2.900.v20240129-1338\eclipse_11900.dll
0x00007ffb787f0000 - 0x00007ffb7898f000 	C:\WINDOWS\System32\ole32.dll
0x00007ffb76d10000 - 0x00007ffb76d2b000 	C:\WINDOWS\SYSTEM32\CRYPTSP.dll
0x00007ffb764f0000 - 0x00007ffb76525000 	C:\WINDOWS\system32\rsaenh.dll
0x00007ffb76bb0000 - 0x00007ffb76bdc000 	C:\WINDOWS\SYSTEM32\USERENV.dll
0x00007ffb76d30000 - 0x00007ffb76d3c000 	C:\WINDOWS\SYSTEM32\CRYPTBASE.dll
0x00007ffb75f90000 - 0x00007ffb75fbd000 	C:\WINDOWS\SYSTEM32\IPHLPAPI.DLL
0x00007ffb78760000 - 0x00007ffb78769000 	C:\WINDOWS\System32\NSI.dll
0x00007ffb70d10000 - 0x00007ffb70d29000 	C:\WINDOWS\SYSTEM32\dhcpcsvc6.DLL
0x00007ffb70b30000 - 0x00007ffb70b4f000 	C:\WINDOWS\SYSTEM32\dhcpcsvc.DLL
0x00007ffb76030000 - 0x00007ffb76129000 	C:\WINDOWS\SYSTEM32\DNSAPI.dll
0x00007ffb326e0000 - 0x00007ffb32725000 	C:\Users\21269\AppData\Local\Temp\jna--1921886675\jna7450254329922117224.dll
0x00007ffb78770000 - 0x00007ffb78778000 	C:\WINDOWS\System32\PSAPI.DLL

dbghelp: loaded successfully - version: 4.0.5 - missing functions: none
symbol engine: initialized successfully - sym options: 0x614 - pdb path: .;c:\Users\21269\.vscode\extensions\redhat.java-1.28.1-win32-x64\jre\17.0.10-win32-x86_64\bin;C:\WINDOWS\SYSTEM32;C:\WINDOWS\WinSxS\amd64_microsoft.windows.common-controls_6595b64144ccf1df_6.0.22621.3235_none_270f74e173860f98;c:\Users\21269\.vscode\extensions\redhat.java-1.28.1-win32-x64\jre\17.0.10-win32-x86_64\bin\server;C:\Users\21269\AppData\Roaming\Code\User\globalStorage\redhat.java\1.28.1\config_ss_win\org.eclipse.equinox.launcher\org.eclipse.equinox.launcher.win32.win32.x86_64_1.2.900.v20240129-1338;C:\Users\21269\AppData\Local\Temp\jna--1921886675

VM Arguments:
jvm_args: --add-modules=ALL-SYSTEM --add-opens=java.base/java.util=ALL-UNNAMED --add-opens=java.base/java.lang=ALL-UNNAMED --add-opens=java.base/sun.nio.fs=ALL-UNNAMED -Declipse.application=org.eclipse.jdt.ls.core.id1 -Dosgi.bundles.defaultStartLevel=4 -Declipse.product=org.eclipse.jdt.ls.core.product -Djava.import.generatesMetadataFilesAtProjectRoot=false -DDetectVMInstallationsJob.disabled=true -Dfile.encoding=utf8 -XX:+UseParallelGC -XX:GCTimeRatio=4 -XX:AdaptiveSizePolicyWeight=90 -Dsun.zip.disableMemoryMapping=true -Xmx1G -Xms100m -Xlog:disable -javaagent:c:\Users\21269\.vscode\extensions\redhat.java-1.28.1-win32-x64\lombok\lombok-1.18.31.jar 
java_command: c:\Users\21269\.vscode\extensions\redhat.java-1.28.1-win32-x64\server\plugins\org.eclipse.equinox.launcher_1.6.700.v20231214-2017.jar -configuration c:\Users\21269\AppData\Roaming\Code\User\globalStorage\redhat.java\1.28.1\config_ss_win -data c:\Users\21269\AppData\Roaming\Code\User\workspaceStorage\1718572053e923615083db9cc6e0b6a3\redhat.java\ss_ws --stdio
java_class_path (initial): c:\Users\21269\.vscode\extensions\redhat.java-1.28.1-win32-x64\server\plugins\org.eclipse.equinox.launcher_1.6.700.v20231214-2017.jar
Launcher Type: SUN_STANDARD

[Global flags]
    uintx AdaptiveSizePolicyWeight                 = 90                                        {product} {command line}
     intx CICompilerCount                          = 4                                         {product} {ergonomic}
    uintx GCTimeRatio                              = 4                                         {product} {command line}
   size_t InitialHeapSize                          = 104857600                                 {product} {command line}
   size_t MaxHeapSize                              = 1073741824                                {product} {command line}
   size_t MaxNewSize                               = 357564416                                 {product} {ergonomic}
   size_t MinHeapDeltaBytes                        = 524288                                    {product} {ergonomic}
   size_t MinHeapSize                              = 104857600                                 {product} {command line}
   size_t NewSize                                  = 34603008                                  {product} {ergonomic}
    uintx NonNMethodCodeHeapSize                   = 5839372                                {pd product} {ergonomic}
    uintx NonProfiledCodeHeapSize                  = 122909434                              {pd product} {ergonomic}
   size_t OldSize                                  = 70254592                                  {product} {ergonomic}
    uintx ProfiledCodeHeapSize                     = 122909434                              {pd product} {ergonomic}
    uintx ReservedCodeCacheSize                    = 251658240                              {pd product} {ergonomic}
     bool SegmentedCodeCache                       = true                                      {product} {ergonomic}
   size_t SoftMaxHeapSize                          = 1073741824                             {manageable} {ergonomic}
     bool UseCompressedClassPointers               = true                           {product lp64_product} {ergonomic}
     bool UseCompressedOops                        = true                           {product lp64_product} {ergonomic}
     bool UseLargePagesIndividualAllocation        = false                                  {pd product} {ergonomic}
     bool UseParallelGC                            = true                                      {product} {command line}

Logging:
Log output configuration:
 #0: stdout all=off uptime,level,tags
 #1: stderr all=off uptime,level,tags

Environment Variables:
JAVA_HOME=C:\Program Files\Java\jdk-21
PATH=C:\Python312\Scripts\;C:\Python312\;D:\app\OumNou\product\11.2.0\dbhome_1\bin;C:\Program Files\Common Files\Oracle\Java\javapath;C:\Program Files (x86)\Common Files\Oracle\Java\javapath;C:\Python310\Scripts\;C:\Python310\;C:\Windows\System32\HWAudioDriverLibs;C:\Windows\system32;C:\Windows;C:\Windows\System32\Wbem;C:\Windows\System32\WindowsPowerShell\v1.0\;C:\Windows\System32\OpenSSH\;C:\Users\Administrator\AppData\Local\Microsoft\WindowsApps;C:\composer;C:\php-8.1.10;C:\ProgramData\chocolatey\bin;C:\WINDOWS\system32;C:\WINDOWS;C:\WINDOWS\System32\Wbem;C:\WINDOWS\System32\WindowsPowerShell\v1.0\;C:\WINDOWS\System32\OpenSSH\;C:\Program Files\Git\cmd;C:\Program Files\Microsoft SQL Server\150\Tools\Binn\;C:\Program Files\Microsoft SQL Server\Client SDK\ODBC\170\Tools\Binn\;C:\Program Files\dotnet\;C:\Program Files\apache-maven-3.9.6\bin;C:\Program Files\Java\jre-1.8\bin;C:\Program Files\Java\jdk-21\bin;;C:\Program Files\Docker\Docker\resources\bin;C:\Program Files\nodejs\;C:\Users\21269\AppData\Local\Microsoft\WindowsApps;C:\Users\21269\AppData\Local\Programs\Microsoft VS Code\bin;C:\Users\21269;C:\php-8.1.10;C:\MinGW\bin;C:\Users\21269\AppData\Roaming\Composer\vendor\bin;C:\Users\21269\AppData\Local\ComposerSetup\bin;C:\Program Files\JetBrains\IntelliJ IDEA Community Edition 2022.2.2\bin;;C:\Users\21269\AppData\Local\GitHubDesktop\bin;C:\Swift\bin;C:\Users\21269\flutter\bin;C:\Users\21269\AppData\Local\Android\Sdk;JAVA_HOME%\bin;C:\Program Files\Java\jdk-20;C:\Program Files\Java\jdk-20\bin;C:\Program Files\Java\jre-1.8;C:\Users\21269\.dotnet\tools;C:\Program Files\apache-maven-3.9.6\bin;C:\Program Files\Java\jre-1.8\bin;C:\Program Files\Java\jdk-21\bin;C:\Users\21269\AppData\Roaming\npm
USERNAME=OumNou
OS=Windows_NT
PROCESSOR_IDENTIFIER=Intel64 Family 6 Model 140 Stepping 1, GenuineIntel
TMP=C:\Users\21269\AppData\Local\Temp
TEMP=C:\Users\21269\AppData\Local\Temp



Periodic native trim disabled


---------------  S Y S T E M  ---------------

OS:
 Windows 11 , 64 bit Build 22621 (10.0.22621.3235)
OS uptime: 0 days 1:53 hours
Hyper-V role detected

CPU: total 8 (initial active 8) (4 cores per cpu, 2 threads per core) family 6 model 140 stepping 1 microcode 0x8a, cx8, cmov, fxsr, ht, mmx, 3dnowpref, sse, sse2, sse3, ssse3, sse4.1, sse4.2, popcnt, lzcnt, tsc, tscinvbit, avx, avx2, aes, erms, clmul, bmi1, bmi2, adx, avx512f, avx512dq, avx512cd, avx512bw, avx512vl, sha, fma, vzeroupper, avx512_vpopcntdq, avx512_vpclmulqdq, avx512_vaes, avx512_vnni, clflush, clflushopt, clwb, avx512_vbmi2, avx512_vbmi, hv
Processor Information for processor 0
  Max Mhz: 2419, Current Mhz: 2419, Mhz Limit: 2419
Processor Information for processor 1
  Max Mhz: 2419, Current Mhz: 2419, Mhz Limit: 2419
Processor Information for processor 2
  Max Mhz: 2419, Current Mhz: 2419, Mhz Limit: 2419
Processor Information for processor 3
  Max Mhz: 2419, Current Mhz: 1209, Mhz Limit: 2419
Processor Information for processor 4
  Max Mhz: 2419, Current Mhz: 2419, Mhz Limit: 2419
Processor Information for processor 5
  Max Mhz: 2419, Current Mhz: 2419, Mhz Limit: 2419
Processor Information for processor 6
  Max Mhz: 2419, Current Mhz: 2419, Mhz Limit: 2419
Processor Information for processor 7
  Max Mhz: 2419, Current Mhz: 2419, Mhz Limit: 2419

Memory: 4k page, system-wide physical 7991M (17M free)
TotalPageFile size 23351M (AvailPageFile size 1M)
current process WorkingSet (physical memory assigned to process): 172M, peak: 188M
current process commit charge ("private bytes"): 254M, peak: 270M

vm_info: OpenJDK 64-Bit Server VM (17.0.10+7) for windows-amd64 JRE (17.0.10+7), built on Jan 16 2024 23:25:11 by "admin" with MS VC++ 16.10 / 16.11 (VS2019)

END.
