#
# There is insufficient memory for the Java Runtime Environment to continue.
# Native memory allocation (malloc) failed to allocate 856656 bytes for Chunk::new
# Possible reasons:
#   The system is out of physical RAM or swap space
#   The process is running with CompressedOops enabled, and the Java Heap may be blocking the growth of the native heap
# Possible solutions:
#   Reduce memory load on the system
#   Increase physical memory or swap space
#   Check if swap backing store is full
#   Decrease Java heap size (-Xmx/-Xms)
#   Decrease number of Java threads
#   Decrease Java thread stack sizes (-Xss)
#   Set larger code cache with -XX:ReservedCodeCacheSize=
#   JVM is running with Unscaled Compressed Oops mode in which the Java heap is
#     placed in the first 4GB address space. The Java Heap base address is the
#     maximum limit for the native heap growth. Please use -XX:HeapBaseMinAddress
#     to set the Java Heap base and to place the Java Heap above 4GB virtual address.
# This output file may be truncated or incomplete.
#
#  Out of Memory Error (arena.cpp:191), pid=19388, tid=4028
#
# JRE version: OpenJDK Runtime Environment Temurin-17.0.10+7 (17.0.10+7) (build 17.0.10+7)
# Java VM: OpenJDK 64-Bit Server VM Temurin-17.0.10+7 (17.0.10+7, mixed mode, tiered, compressed oops, compressed class ptrs, parallel gc, windows-amd64)
# No core dump will be written. Minidumps are not enabled by default on client versions of Windows
#

---------------  S U M M A R Y ------------

Command Line: --add-modules=ALL-SYSTEM --add-opens=java.base/java.util=ALL-UNNAMED --add-opens=java.base/java.lang=ALL-UNNAMED --add-opens=java.base/sun.nio.fs=ALL-UNNAMED -Declipse.application=org.eclipse.jdt.ls.core.id1 -Dosgi.bundles.defaultStartLevel=4 -Declipse.product=org.eclipse.jdt.ls.core.product -Djava.import.generatesMetadataFilesAtProjectRoot=false -DDetectVMInstallationsJob.disabled=true -Dfile.encoding=utf8 -XX:+UseParallelGC -XX:GCTimeRatio=4 -XX:AdaptiveSizePolicyWeight=90 -Dsun.zip.disableMemoryMapping=true -Xmx1G -Xms100m -Xlog:disable -javaagent:c:\Users\21269\.vscode\extensions\redhat.java-1.28.1-win32-x64\lombok\lombok-1.18.31.jar -XX:+HeapDumpOnOutOfMemoryError -XX:HeapDumpPath=c:\Users\21269\AppData\Roaming\Code\User\workspaceStorage\1718572053e923615083db9cc6e0b6a3\redhat.java -Daether.dependencyCollector.impl=bf c:\Users\21269\.vscode\extensions\redhat.java-1.28.1-win32-x64\server\plugins\org.eclipse.equinox.launcher_1.6.700.v20231214-2017.jar -configuration c:\Users\21269\AppData\Roaming\Code\User\globalStorage\redhat.java\1.28.1\config_win -data c:\Users\21269\AppData\Roaming\Code\User\workspaceStorage\1718572053e923615083db9cc6e0b6a3\redhat.java\jdt_ws --stdio

Host: 11th Gen Intel(R) Core(TM) i5-1135G7 @ 2.40GHz, 8 cores, 7G,  Windows 11 , 64 bit Build 22621 (10.0.22621.3235)
Time: Wed Mar  6 23:56:51 2024 Morocco Daylight Time elapsed time: 9.952208 seconds (0d 0h 0m 9s)

---------------  T H R E A D  ---------------

Current thread (0x0000022de5081080):  JavaThread "C2 CompilerThread0" daemon [_thread_in_native, id=4028, stack(0x00000045b1000000,0x00000045b1100000)]


Current CompileTask:
C2:   9952 7400       4       org.eclipse.jdt.internal.core.JarPackageFragmentRoot::initRawPackageInfo (349 bytes)

Stack: [0x00000045b1000000,0x00000045b1100000]
Native frames: (J=compiled Java code, j=interpreted, Vv=VM code, C=native code)
V  [jvm.dll+0x67d2c9]
V  [jvm.dll+0x834afa]
V  [jvm.dll+0x8365be]
V  [jvm.dll+0x836c23]
V  [jvm.dll+0x2477ff]
V  [jvm.dll+0xac514]
V  [jvm.dll+0xacb5c]
V  [jvm.dll+0x366782]
V  [jvm.dll+0x1bcf72]
V  [jvm.dll+0x21a049]
V  [jvm.dll+0x219311]
V  [jvm.dll+0x1a502d]
V  [jvm.dll+0x2290de]
V  [jvm.dll+0x2272ac]
V  [jvm.dll+0x7e9bb7]
V  [jvm.dll+0x7e3fba]
V  [jvm.dll+0x67c1b5]
C  [ucrtbase.dll+0x29363]
C  [KERNEL32.DLL+0x1257d]
C  [ntdll.dll+0x5aa58]


---------------  P R O C E S S  ---------------

Threads class SMR info:
_java_thread_list=0x0000022de9943300, length=30, elements={
0x0000022dcc132660, 0x0000022ddffb2270, 0x0000022de50445a0, 0x0000022ddffbb1f0,
0x0000022ddffbbbc0, 0x0000022ddffbce30, 0x0000022ddffbd900, 0x0000022de5081080,
0x0000022de5086ea0, 0x0000022de5089fd0, 0x0000022de50cf6e0, 0x0000022de61ce7f0,
0x0000022de6877480, 0x0000022de6be3280, 0x0000022de69561c0, 0x0000022de72ce8a0,
0x0000022de6d85a30, 0x0000022de70c36c0, 0x0000022de70c2ca0, 0x0000022de70c6450,
0x0000022de70c5f40, 0x0000022de70c4b00, 0x0000022de70c5010, 0x0000022de70c5520,
0x0000022de70c5a30, 0x0000022de70c31b0, 0x0000022de97a12f0, 0x0000022de979ef80,
0x0000022de979d630, 0x0000022de84b9610
}

Java Threads: ( => current thread )
  0x0000022dcc132660 JavaThread "main" [_thread_blocked, id=11696, stack(0x00000045b0700000,0x00000045b0800000)]
  0x0000022ddffb2270 JavaThread "Reference Handler" daemon [_thread_blocked, id=10728, stack(0x00000045b0a00000,0x00000045b0b00000)]
  0x0000022de50445a0 JavaThread "Finalizer" daemon [_thread_blocked, id=9996, stack(0x00000045b0b00000,0x00000045b0c00000)]
  0x0000022ddffbb1f0 JavaThread "Signal Dispatcher" daemon [_thread_blocked, id=18132, stack(0x00000045b0c00000,0x00000045b0d00000)]
  0x0000022ddffbbbc0 JavaThread "Attach Listener" daemon [_thread_blocked, id=17064, stack(0x00000045b0d00000,0x00000045b0e00000)]
  0x0000022ddffbce30 JavaThread "Service Thread" daemon [_thread_blocked, id=20876, stack(0x00000045b0e00000,0x00000045b0f00000)]
  0x0000022ddffbd900 JavaThread "Monitor Deflation Thread" daemon [_thread_blocked, id=3512, stack(0x00000045b0f00000,0x00000045b1000000)]
=>0x0000022de5081080 JavaThread "C2 CompilerThread0" daemon [_thread_in_native, id=4028, stack(0x00000045b1000000,0x00000045b1100000)]
  0x0000022de5086ea0 JavaThread "C1 CompilerThread0" daemon [_thread_in_native, id=4336, stack(0x00000045b1100000,0x00000045b1200000)]
  0x0000022de5089fd0 JavaThread "Sweeper thread" daemon [_thread_blocked, id=11924, stack(0x00000045b1200000,0x00000045b1300000)]
  0x0000022de50cf6e0 JavaThread "Common-Cleaner" daemon [_thread_blocked, id=20808, stack(0x00000045b1300000,0x00000045b1400000)]
  0x0000022de61ce7f0 JavaThread "Notification Thread" daemon [_thread_blocked, id=2660, stack(0x00000045b1500000,0x00000045b1600000)]
  0x0000022de6877480 JavaThread "Active Thread: Equinox Container: 64242d90-4af9-4bd7-9552-c29f3c6c5170" [_thread_blocked, id=11024, stack(0x00000045b1700000,0x00000045b1800000)]
  0x0000022de6be3280 JavaThread "Framework Event Dispatcher: Equinox Container: 64242d90-4af9-4bd7-9552-c29f3c6c5170" daemon [_thread_blocked, id=10048, stack(0x00000045b1f00000,0x00000045b2000000)]
  0x0000022de69561c0 JavaThread "Start Level: Equinox Container: 64242d90-4af9-4bd7-9552-c29f3c6c5170" daemon [_thread_blocked, id=12896, stack(0x00000045b2000000,0x00000045b2100000)]
  0x0000022de72ce8a0 JavaThread "Bundle File Closer" daemon [_thread_blocked, id=6500, stack(0x00000045b2200000,0x00000045b2300000)]
  0x0000022de6d85a30 JavaThread "SCR Component Actor" daemon [_thread_blocked, id=19924, stack(0x00000045b2300000,0x00000045b2400000)]
  0x0000022de70c36c0 JavaThread "Worker-JM" [_thread_blocked, id=7848, stack(0x00000045b1e00000,0x00000045b1f00000)]
  0x0000022de70c2ca0 JavaThread "Worker-0" [_thread_blocked, id=8668, stack(0x00000045b2600000,0x00000045b2700000)]
  0x0000022de70c6450 JavaThread "Worker-1: Update project g-note" [_thread_blocked, id=21140, stack(0x00000045b2700000,0x00000045b2800000)]
  0x0000022de70c5f40 JavaThread "Worker-2: Initialize Workspace" [_thread_in_vm, id=16940, stack(0x00000045b2800000,0x00000045b2900000)]
  0x0000022de70c4b00 JavaThread "Java indexing" daemon [_thread_in_Java, id=16072, stack(0x00000045b2500000,0x00000045b2600000)]
  0x0000022de70c5010 JavaThread "JNA Cleaner" daemon [_thread_blocked, id=16184, stack(0x00000045b2a00000,0x00000045b2b00000)]
  0x0000022de70c5520 JavaThread "Worker-3" [_thread_blocked, id=20704, stack(0x00000045b2b00000,0x00000045b2c00000)]
  0x0000022de70c5a30 JavaThread "Worker-4" [_thread_blocked, id=1444, stack(0x00000045b2c00000,0x00000045b2d00000)]
  0x0000022de70c31b0 JavaThread "Worker-5: Java indexing... " [_thread_blocked, id=8428, stack(0x00000045b2d00000,0x00000045b2e00000)]
  0x0000022de97a12f0 JavaThread "pool-2-thread-1" [_thread_blocked, id=1356, stack(0x00000045b2e00000,0x00000045b2f00000)]
  0x0000022de979ef80 JavaThread "WorkspaceEventsHandler" [_thread_blocked, id=17992, stack(0x00000045b2f00000,0x00000045b3000000)]
  0x0000022de979d630 JavaThread "pool-1-thread-1" [_thread_blocked, id=4172, stack(0x00000045b3000000,0x00000045b3100000)]
  0x0000022de84b9610 JavaThread "C2 CompilerThread1" daemon [_thread_in_native, id=18896, stack(0x00000045b1400000,0x00000045b1500000)]

Other Threads:
  0x0000022dcc1de0c0 VMThread "VM Thread" [stack: 0x00000045b0900000,0x00000045b0a00000] [id=13204]
  0x0000022de53e6ae0 WatcherThread [stack: 0x00000045b1600000,0x00000045b1700000] [id=17908]
  0x0000022dcc1461c0 GCTaskThread "GC Thread#0" [stack: 0x00000045b0800000,0x00000045b0900000] [id=21264]
  0x0000022de67d6aa0 GCTaskThread "GC Thread#1" [stack: 0x00000045b1800000,0x00000045b1900000] [id=17776]
  0x0000022de6903850 GCTaskThread "GC Thread#2" [stack: 0x00000045b1900000,0x00000045b1a00000] [id=18232]
  0x0000022de6903b10 GCTaskThread "GC Thread#3" [stack: 0x00000045b1a00000,0x00000045b1b00000] [id=7456]
  0x0000022de6903dd0 GCTaskThread "GC Thread#4" [stack: 0x00000045b1b00000,0x00000045b1c00000] [id=14604]
  0x0000022de6b160b0 GCTaskThread "GC Thread#5" [stack: 0x00000045b1c00000,0x00000045b1d00000] [id=12332]
  0x0000022de6b16370 GCTaskThread "GC Thread#6" [stack: 0x00000045b1d00000,0x00000045b1e00000] [id=13648]
  0x0000022de6d22210 GCTaskThread "GC Thread#7" [stack: 0x00000045b2100000,0x00000045b2200000] [id=2356]

Threads with active compile tasks:
C2 CompilerThread0     9967 7400       4       org.eclipse.jdt.internal.core.JarPackageFragmentRoot::initRawPackageInfo (349 bytes)
C2 CompilerThread1     9967 7651   !   4       java.nio.file.FileTreeWalker::next (144 bytes)

VM state: not at safepoint (normal execution)

VM Mutex/Monitor currently owned by a thread: None

Heap address: 0x00000000c0000000, size: 1024 MB, Compressed Oops mode: 32-bit

CDS archive(s) not mapped
Compressed class space mapped at: 0x0000000100000000-0x0000000140000000, reserved size: 1073741824
Narrow klass base: 0x0000000000000000, Narrow klass shift: 3, Narrow klass range: 0x140000000

GC Precious Log:
 CPUs: 8 total, 8 available
 Memory: 7991M
 Large Page Support: Disabled
 NUMA Support: Disabled
 Compressed Oops: Enabled (32-bit)
 Alignments: Space 512K, Generation 512K, Heap 2M
 Heap Min Capacity: 100M
 Heap Initial Capacity: 100M
 Heap Max Capacity: 1G
 Pre-touch: Disabled
 Parallel Workers: 8

Heap:
 PSYoungGen      total 52736K, used 49776K [0x00000000eab00000, 0x00000000eee80000, 0x0000000100000000)
  eden space 47616K, 98% used [0x00000000eab00000,0x00000000ed8c61f0,0x00000000ed980000)
  from space 5120K, 56% used [0x00000000ed980000,0x00000000edc55ec8,0x00000000ede80000)
  to   space 8192K, 0% used [0x00000000ee680000,0x00000000ee680000,0x00000000eee80000)
 ParOldGen       total 346624K, used 283391K [0x00000000c0000000, 0x00000000d5280000, 0x00000000eab00000)
  object space 346624K, 81% used [0x00000000c0000000,0x00000000d14bfd90,0x00000000d5280000)
 Metaspace       used 54645K, committed 55808K, reserved 1114112K
  class space    used 5895K, committed 6400K, reserved 1048576K

Card table byte_map: [0x0000022dcbad0000,0x0000022dcbce0000] _byte_map_base: 0x0000022dcb4d0000

Marking Bits: (ParMarkBitMap*) 0x00007ff9fd25d7d0
 Begin Bits: [0x0000022ddddc0000, 0x0000022ddedc0000)
 End Bits:   [0x0000022ddedc0000, 0x0000022ddfdc0000)

Polling page: 0x0000022dca110000

Metaspace:

Usage:
  Non-class:     47.61 MB used.
      Class:      5.76 MB used.
       Both:     53.36 MB used.

Virtual space:
  Non-class space:       64.00 MB reserved,      48.25 MB ( 75%) committed,  1 nodes.
      Class space:        1.00 GB reserved,       6.25 MB ( <1%) committed,  1 nodes.
             Both:        1.06 GB reserved,      54.50 MB (  5%) committed. 

Chunk freelists:
   Non-Class:  14.86 MB
       Class:  9.78 MB
        Both:  24.64 MB

MaxMetaspaceSize: unlimited
CompressedClassSpaceSize: 1.00 GB
Initial GC threshold: 21.00 MB
Current GC threshold: 89.81 MB
CDS: off
MetaspaceReclaimPolicy: balanced
 - commit_granule_bytes: 65536.
 - commit_granule_words: 8192.
 - virtual_space_node_default_size: 8388608.
 - enlarge_chunks_in_place: 1.
 - new_chunks_are_fully_committed: 0.
 - uncommit_free_chunks: 1.
 - use_allocation_guard: 0.
 - handle_deallocations: 1.


Internal statistics:

num_allocs_failed_limit: 6.
num_arena_births: 740.
num_arena_deaths: 14.
num_vsnodes_births: 2.
num_vsnodes_deaths: 0.
num_space_committed: 872.
num_space_uncommitted: 0.
num_chunks_returned_to_freelist: 20.
num_chunks_taken_from_freelist: 2944.
num_chunk_merges: 12.
num_chunk_splits: 1786.
num_chunks_enlarged: 961.
num_inconsistent_stats: 0.

CodeHeap 'non-profiled nmethods': size=120000Kb used=4546Kb max_used=4703Kb free=115453Kb
 bounds [0x0000022dd6890000, 0x0000022dd6d30000, 0x0000022ddddc0000]
CodeHeap 'profiled nmethods': size=120000Kb used=11289Kb max_used=12614Kb free=108710Kb
 bounds [0x0000022dcedc0000, 0x0000022dcfa20000, 0x0000022dd62f0000]
CodeHeap 'non-nmethods': size=5760Kb used=1309Kb max_used=1403Kb free=4450Kb
 bounds [0x0000022dd62f0000, 0x0000022dd6560000, 0x0000022dd6890000]
 total_blobs=6702 nmethods=6072 adapters=543
 compilation: enabled
              stopped_count=0, restarted_count=0
 full_count=0

Compilation events (20 events):
Event: 9.923 Thread 0x0000022de5086ea0 7642   !   2       sun.nio.fs.WindowsFileSystemProvider::isSameFile (180 bytes)
Event: 9.924 Thread 0x0000022de5086ea0 nmethod 7642 0x0000022dcf6a9390 code [0x0000022dcf6a9660, 0x0000022dcf6a9fa8]
Event: 9.924 Thread 0x0000022de5086ea0 7643   !   3       java.util.regex.Pattern::RemoveQEQuoting (370 bytes)
Event: 9.926 Thread 0x0000022de5086ea0 nmethod 7643 0x0000022dcf18f290 code [0x0000022dcf18f560, 0x0000022dcf1906e8]
Event: 9.928 Thread 0x0000022de5086ea0 7644       3       java.util.regex.Pattern::compile (500 bytes)
Event: 9.930 Thread 0x0000022de5086ea0 nmethod 7644 0x0000022dcef73f10 code [0x0000022dcef74360, 0x0000022dcef76b08]
Event: 9.930 Thread 0x0000022de5086ea0 7645       3       java.util.regex.Pattern::sequence (647 bytes)
Event: 9.932 Thread 0x0000022de5086ea0 nmethod 7645 0x0000022dcf8a9810 code [0x0000022dcf8a9de0, 0x0000022dcf8acc18]
Event: 9.932 Thread 0x0000022de5086ea0 7646       3       java.util.regex.Pattern::newSlice (181 bytes)
Event: 9.934 Thread 0x0000022de5086ea0 nmethod 7646 0x0000022dcede7d10 code [0x0000022dcede8040, 0x0000022dcede94e8]
Event: 9.935 Thread 0x0000022de5086ea0 7647 %     3       sun.nio.fs.WindowsPath::compareTo @ 49 (118 bytes)
Event: 9.936 Thread 0x0000022de5086ea0 nmethod 7647% 0x0000022dcf66c290 code [0x0000022dcf66c5c0, 0x0000022dcf66dba8]
Event: 9.944 Thread 0x0000022de5086ea0 7649       2       java.nio.file.SimpleFileVisitor::visitFile (14 bytes)
Event: 9.945 Thread 0x0000022de5086ea0 nmethod 7649 0x0000022dcf4e3910 code [0x0000022dcf4e3ac0, 0x0000022dcf4e3d38]
Event: 9.945 Thread 0x0000022de84b9610 nmethod 7605 0x0000022dd6c89110 code [0x0000022dd6c89340, 0x0000022dd6c8a4c8]
Event: 9.945 Thread 0x0000022de84b9610 7543       4       org.eclipse.jdt.internal.core.index.DiskIndex::writeStreamChars (285 bytes)
Event: 9.947 Thread 0x0000022de84b9610 nmethod 7543 0x0000022dd6b99a10 code [0x0000022dd6b99ba0, 0x0000022dd6b99d38]
Event: 9.947 Thread 0x0000022de84b9610 7628       4       java.util.regex.Pattern$SliceU::match (99 bytes)
Event: 9.947 Thread 0x0000022de5086ea0 7650 % !   3       java.nio.file.Files::walkFileTree @ 19 (297 bytes)
Event: 9.949 Thread 0x0000022de5086ea0 nmethod 7650% 0x0000022dcf936310 code [0x0000022dcf936700, 0x0000022dcf938528]

GC Heap History (20 events):
Event: 9.056 GC heap before
{Heap before GC invocations=150 (full 9):
 PSYoungGen      total 58880K, used 7833K [0x00000000eab00000, 0x00000000eef00000, 0x0000000100000000)
  eden space 50688K, 0% used [0x00000000eab00000,0x00000000eab00000,0x00000000edc80000)
  from space 8192K, 95% used [0x00000000ee700000,0x00000000eeea6760,0x00000000eef00000)
  to   space 9216K, 0% used [0x00000000edd00000,0x00000000edd00000,0x00000000ee600000)
 ParOldGen       total 234496K, used 228507K [0x00000000c0000000, 0x00000000ce500000, 0x00000000eab00000)
  object space 234496K, 97% used [0x00000000c0000000,0x00000000cdf26ed8,0x00000000ce500000)
 Metaspace       used 53763K, committed 54912K, reserved 1114112K
  class space    used 5805K, committed 6336K, reserved 1048576K
}
Event: 9.168 GC heap after
{Heap after GC invocations=150 (full 9):
 PSYoungGen      total 60416K, used 0K [0x00000000eab00000, 0x00000000ef280000, 0x0000000100000000)
  eden space 51200K, 0% used [0x00000000eab00000,0x00000000eab00000,0x00000000edd00000)
  from space 9216K, 0% used [0x00000000edd00000,0x00000000edd00000,0x00000000ee600000)
  to   space 9216K, 0% used [0x00000000ee980000,0x00000000ee980000,0x00000000ef280000)
 ParOldGen       total 282624K, used 232999K [0x00000000c0000000, 0x00000000d1400000, 0x00000000eab00000)
  object space 282624K, 82% used [0x00000000c0000000,0x00000000ce389c10,0x00000000d1400000)
 Metaspace       used 53763K, committed 54912K, reserved 1114112K
  class space    used 5805K, committed 6336K, reserved 1048576K
}
Event: 9.226 GC heap before
{Heap before GC invocations=151 (full 9):
 PSYoungGen      total 60416K, used 51200K [0x00000000eab00000, 0x00000000ef280000, 0x0000000100000000)
  eden space 51200K, 100% used [0x00000000eab00000,0x00000000edd00000,0x00000000edd00000)
  from space 9216K, 0% used [0x00000000edd00000,0x00000000edd00000,0x00000000ee600000)
  to   space 9216K, 0% used [0x00000000ee980000,0x00000000ee980000,0x00000000ef280000)
 ParOldGen       total 282624K, used 232999K [0x00000000c0000000, 0x00000000d1400000, 0x00000000eab00000)
  object space 282624K, 82% used [0x00000000c0000000,0x00000000ce389c10,0x00000000d1400000)
 Metaspace       used 53802K, committed 54912K, reserved 1114112K
  class space    used 5807K, committed 6336K, reserved 1048576K
}
Event: 9.228 GC heap after
{Heap after GC invocations=151 (full 9):
 PSYoungGen      total 55296K, used 4778K [0x00000000eab00000, 0x00000000eee80000, 0x0000000100000000)
  eden space 50176K, 0% used [0x00000000eab00000,0x00000000eab00000,0x00000000edc00000)
  from space 5120K, 93% used [0x00000000ee980000,0x00000000eee2a880,0x00000000eee80000)
  to   space 6144K, 0% used [0x00000000ee280000,0x00000000ee280000,0x00000000ee880000)
 ParOldGen       total 282624K, used 232999K [0x00000000c0000000, 0x00000000d1400000, 0x00000000eab00000)
  object space 282624K, 82% used [0x00000000c0000000,0x00000000ce389c10,0x00000000d1400000)
 Metaspace       used 53802K, committed 54912K, reserved 1114112K
  class space    used 5807K, committed 6336K, reserved 1048576K
}
Event: 9.288 GC heap before
{Heap before GC invocations=152 (full 9):
 PSYoungGen      total 55296K, used 54954K [0x00000000eab00000, 0x00000000eee80000, 0x0000000100000000)
  eden space 50176K, 100% used [0x00000000eab00000,0x00000000edc00000,0x00000000edc00000)
  from space 5120K, 93% used [0x00000000ee980000,0x00000000eee2a880,0x00000000eee80000)
  to   space 6144K, 0% used [0x00000000ee280000,0x00000000ee280000,0x00000000ee880000)
 ParOldGen       total 282624K, used 232999K [0x00000000c0000000, 0x00000000d1400000, 0x00000000eab00000)
  object space 282624K, 82% used [0x00000000c0000000,0x00000000ce389c10,0x00000000d1400000)
 Metaspace       used 53825K, committed 54912K, reserved 1114112K
  class space    used 5807K, committed 6336K, reserved 1048576K
}
Event: 9.297 GC heap after
{Heap after GC invocations=152 (full 9):
 PSYoungGen      total 60416K, used 6143K [0x00000000eab00000, 0x00000000ef400000, 0x0000000100000000)
  eden space 54272K, 0% used [0x00000000eab00000,0x00000000eab00000,0x00000000ee000000)
  from space 6144K, 99% used [0x00000000ee280000,0x00000000ee87fcd0,0x00000000ee880000)
  to   space 10240K, 0% used [0x00000000eea00000,0x00000000eea00000,0x00000000ef400000)
 ParOldGen       total 282624K, used 236214K [0x00000000c0000000, 0x00000000d1400000, 0x00000000eab00000)
  object space 282624K, 83% used [0x00000000c0000000,0x00000000ce6adad0,0x00000000d1400000)
 Metaspace       used 53825K, committed 54912K, reserved 1114112K
  class space    used 5807K, committed 6336K, reserved 1048576K
}
Event: 9.375 GC heap before
{Heap before GC invocations=153 (full 9):
 PSYoungGen      total 60416K, used 60415K [0x00000000eab00000, 0x00000000ef400000, 0x0000000100000000)
  eden space 54272K, 100% used [0x00000000eab00000,0x00000000ee000000,0x00000000ee000000)
  from space 6144K, 99% used [0x00000000ee280000,0x00000000ee87fcd0,0x00000000ee880000)
  to   space 10240K, 0% used [0x00000000eea00000,0x00000000eea00000,0x00000000ef400000)
 ParOldGen       total 282624K, used 236214K [0x00000000c0000000, 0x00000000d1400000, 0x00000000eab00000)
  object space 282624K, 83% used [0x00000000c0000000,0x00000000ce6adad0,0x00000000d1400000)
 Metaspace       used 53849K, committed 54976K, reserved 1114112K
  class space    used 5807K, committed 6336K, reserved 1048576K
}
Event: 9.380 GC heap after
{Heap after GC invocations=153 (full 9):
 PSYoungGen      total 59392K, used 10232K [0x00000000eab00000, 0x00000000f0200000, 0x0000000100000000)
  eden space 49152K, 0% used [0x00000000eab00000,0x00000000eab00000,0x00000000edb00000)
  from space 10240K, 99% used [0x00000000eea00000,0x00000000ef3fe348,0x00000000ef400000)
  to   space 15360K, 0% used [0x00000000edb00000,0x00000000edb00000,0x00000000eea00000)
 ParOldGen       total 282624K, used 239946K [0x00000000c0000000, 0x00000000d1400000, 0x00000000eab00000)
  object space 282624K, 84% used [0x00000000c0000000,0x00000000cea52860,0x00000000d1400000)
 Metaspace       used 53849K, committed 54976K, reserved 1114112K
  class space    used 5807K, committed 6336K, reserved 1048576K
}
Event: 9.441 GC heap before
{Heap before GC invocations=154 (full 9):
 PSYoungGen      total 59392K, used 59369K [0x00000000eab00000, 0x00000000f0200000, 0x0000000100000000)
  eden space 49152K, 99% used [0x00000000eab00000,0x00000000edafc280,0x00000000edb00000)
  from space 10240K, 99% used [0x00000000eea00000,0x00000000ef3fe348,0x00000000ef400000)
  to   space 15360K, 0% used [0x00000000edb00000,0x00000000edb00000,0x00000000eea00000)
 ParOldGen       total 282624K, used 239946K [0x00000000c0000000, 0x00000000d1400000, 0x00000000eab00000)
  object space 282624K, 84% used [0x00000000c0000000,0x00000000cea52860,0x00000000d1400000)
 Metaspace       used 53850K, committed 54976K, reserved 1114112K
  class space    used 5807K, committed 6336K, reserved 1048576K
}
Event: 9.446 GC heap after
{Heap after GC invocations=154 (full 9):
 PSYoungGen      total 64512K, used 15162K [0x00000000eab00000, 0x00000000efe00000, 0x0000000100000000)
  eden space 49152K, 0% used [0x00000000eab00000,0x00000000eab00000,0x00000000edb00000)
  from space 15360K, 98% used [0x00000000edb00000,0x00000000ee9ce850,0x00000000eea00000)
  to   space 15872K, 0% used [0x00000000eee80000,0x00000000eee80000,0x00000000efe00000)
 ParOldGen       total 282624K, used 244183K [0x00000000c0000000, 0x00000000d1400000, 0x00000000eab00000)
  object space 282624K, 86% used [0x00000000c0000000,0x00000000cee75c20,0x00000000d1400000)
 Metaspace       used 53850K, committed 54976K, reserved 1114112K
  class space    used 5807K, committed 6336K, reserved 1048576K
}
Event: 9.483 GC heap before
{Heap before GC invocations=155 (full 9):
 PSYoungGen      total 64512K, used 64314K [0x00000000eab00000, 0x00000000efe00000, 0x0000000100000000)
  eden space 49152K, 100% used [0x00000000eab00000,0x00000000edb00000,0x00000000edb00000)
  from space 15360K, 98% used [0x00000000edb00000,0x00000000ee9ce850,0x00000000eea00000)
  to   space 15872K, 0% used [0x00000000eee80000,0x00000000eee80000,0x00000000efe00000)
 ParOldGen       total 282624K, used 244183K [0x00000000c0000000, 0x00000000d1400000, 0x00000000eab00000)
  object space 282624K, 86% used [0x00000000c0000000,0x00000000cee75c20,0x00000000d1400000)
 Metaspace       used 53938K, committed 55040K, reserved 1114112K
  class space    used 5819K, committed 6336K, reserved 1048576K
}
Event: 9.491 GC heap after
{Heap after GC invocations=155 (full 9):
 PSYoungGen      total 55808K, used 15858K [0x00000000eab00000, 0x00000000f1880000, 0x0000000100000000)
  eden space 39936K, 0% used [0x00000000eab00000,0x00000000eab00000,0x00000000ed200000)
  from space 15872K, 99% used [0x00000000eee80000,0x00000000efdfc8c8,0x00000000efe00000)
  to   space 29184K, 0% used [0x00000000ed200000,0x00000000ed200000,0x00000000eee80000)
 ParOldGen       total 282624K, used 255352K [0x00000000c0000000, 0x00000000d1400000, 0x00000000eab00000)
  object space 282624K, 90% used [0x00000000c0000000,0x00000000cf95e350,0x00000000d1400000)
 Metaspace       used 53938K, committed 55040K, reserved 1114112K
  class space    used 5819K, committed 6336K, reserved 1048576K
}
Event: 9.512 GC heap before
{Heap before GC invocations=156 (full 9):
 PSYoungGen      total 55808K, used 55794K [0x00000000eab00000, 0x00000000f1880000, 0x0000000100000000)
  eden space 39936K, 100% used [0x00000000eab00000,0x00000000ed200000,0x00000000ed200000)
  from space 15872K, 99% used [0x00000000eee80000,0x00000000efdfc8c8,0x00000000efe00000)
  to   space 29184K, 0% used [0x00000000ed200000,0x00000000ed200000,0x00000000eee80000)
 ParOldGen       total 282624K, used 255352K [0x00000000c0000000, 0x00000000d1400000, 0x00000000eab00000)
  object space 282624K, 90% used [0x00000000c0000000,0x00000000cf95e350,0x00000000d1400000)
 Metaspace       used 54023K, committed 55104K, reserved 1114112K
  class space    used 5832K, committed 6336K, reserved 1048576K
}
Event: 9.518 GC heap after
{Heap after GC invocations=156 (full 9):
 PSYoungGen      total 53248K, used 13011K [0x00000000eab00000, 0x00000000efa00000, 0x0000000100000000)
  eden space 39936K, 0% used [0x00000000eab00000,0x00000000eab00000,0x00000000ed200000)
  from space 13312K, 97% used [0x00000000ed200000,0x00000000edeb4ce8,0x00000000edf00000)
  to   space 18432K, 0% used [0x00000000ee800000,0x00000000ee800000,0x00000000efa00000)
 ParOldGen       total 282624K, used 264586K [0x00000000c0000000, 0x00000000d1400000, 0x00000000eab00000)
  object space 282624K, 93% used [0x00000000c0000000,0x00000000d0262a10,0x00000000d1400000)
 Metaspace       used 54023K, committed 55104K, reserved 1114112K
  class space    used 5832K, committed 6336K, reserved 1048576K
}
Event: 9.530 GC heap before
{Heap before GC invocations=157 (full 9):
 PSYoungGen      total 53248K, used 52947K [0x00000000eab00000, 0x00000000efa00000, 0x0000000100000000)
  eden space 39936K, 100% used [0x00000000eab00000,0x00000000ed200000,0x00000000ed200000)
  from space 13312K, 97% used [0x00000000ed200000,0x00000000edeb4ce8,0x00000000edf00000)
  to   space 18432K, 0% used [0x00000000ee800000,0x00000000ee800000,0x00000000efa00000)
 ParOldGen       total 282624K, used 264596K [0x00000000c0000000, 0x00000000d1400000, 0x00000000eab00000)
  object space 282624K, 93% used [0x00000000c0000000,0x00000000d0265328,0x00000000d1400000)
 Metaspace       used 54059K, committed 55168K, reserved 1114112K
  class space    used 5837K, committed 6336K, reserved 1048576K
}
Event: 9.534 GC heap after
{Heap after GC invocations=157 (full 9):
 PSYoungGen      total 56832K, used 12684K [0x00000000eab00000, 0x00000000ef480000, 0x0000000100000000)
  eden space 44032K, 0% used [0x00000000eab00000,0x00000000eab00000,0x00000000ed600000)
  from space 12800K, 99% used [0x00000000ee800000,0x00000000ef4632c8,0x00000000ef480000)
  to   space 13824K, 0% used [0x00000000ed980000,0x00000000ed980000,0x00000000ee700000)
 ParOldGen       total 282624K, used 271050K [0x00000000c0000000, 0x00000000d1400000, 0x00000000eab00000)
  object space 282624K, 95% used [0x00000000c0000000,0x00000000d08b2a00,0x00000000d1400000)
 Metaspace       used 54059K, committed 55168K, reserved 1114112K
  class space    used 5837K, committed 6336K, reserved 1048576K
}
Event: 9.546 GC heap before
{Heap before GC invocations=158 (full 9):
 PSYoungGen      total 56832K, used 56716K [0x00000000eab00000, 0x00000000ef480000, 0x0000000100000000)
  eden space 44032K, 100% used [0x00000000eab00000,0x00000000ed600000,0x00000000ed600000)
  from space 12800K, 99% used [0x00000000ee800000,0x00000000ef4632c8,0x00000000ef480000)
  to   space 13824K, 0% used [0x00000000ed980000,0x00000000ed980000,0x00000000ee700000)
 ParOldGen       total 282624K, used 271052K [0x00000000c0000000, 0x00000000d1400000, 0x00000000eab00000)
  object space 282624K, 95% used [0x00000000c0000000,0x00000000d08b3398,0x00000000d1400000)
 Metaspace       used 54086K, committed 55168K, reserved 1114112K
  class space    used 5848K, committed 6336K, reserved 1048576K
}
Event: 9.552 GC heap after
{Heap after GC invocations=158 (full 9):
 PSYoungGen      total 52736K, used 4657K [0x00000000eab00000, 0x00000000eeb80000, 0x0000000100000000)
  eden space 47616K, 0% used [0x00000000eab00000,0x00000000eab00000,0x00000000ed980000)
  from space 5120K, 90% used [0x00000000ed980000,0x00000000ede0c520,0x00000000ede80000)
  to   space 8192K, 0% used [0x00000000ee380000,0x00000000ee380000,0x00000000eeb80000)
 ParOldGen       total 283648K, used 283503K [0x00000000c0000000, 0x00000000d1500000, 0x00000000eab00000)
  object space 283648K, 99% used [0x00000000c0000000,0x00000000d14dbd00,0x00000000d1500000)
 Metaspace       used 54086K, committed 55168K, reserved 1114112K
  class space    used 5848K, committed 6336K, reserved 1048576K
}
Event: 9.552 GC heap before
{Heap before GC invocations=159 (full 10):
 PSYoungGen      total 52736K, used 4657K [0x00000000eab00000, 0x00000000eeb80000, 0x0000000100000000)
  eden space 47616K, 0% used [0x00000000eab00000,0x00000000eab00000,0x00000000ed980000)
  from space 5120K, 90% used [0x00000000ed980000,0x00000000ede0c520,0x00000000ede80000)
  to   space 8192K, 0% used [0x00000000ee380000,0x00000000ee380000,0x00000000eeb80000)
 ParOldGen       total 283648K, used 283503K [0x00000000c0000000, 0x00000000d1500000, 0x00000000eab00000)
  object space 283648K, 99% used [0x00000000c0000000,0x00000000d14dbd00,0x00000000d1500000)
 Metaspace       used 54086K, committed 55168K, reserved 1114112K
  class space    used 5848K, committed 6336K, reserved 1048576K
}
Event: 9.731 GC heap after
{Heap after GC invocations=159 (full 10):
 PSYoungGen      total 52736K, used 2903K [0x00000000eab00000, 0x00000000eee80000, 0x0000000100000000)
  eden space 47616K, 0% used [0x00000000eab00000,0x00000000eab00000,0x00000000ed980000)
  from space 5120K, 56% used [0x00000000ed980000,0x00000000edc55ec8,0x00000000ede80000)
  to   space 8192K, 0% used [0x00000000ee680000,0x00000000ee680000,0x00000000eee80000)
 ParOldGen       total 346624K, used 283391K [0x00000000c0000000, 0x00000000d5280000, 0x00000000eab00000)
  object space 346624K, 81% used [0x00000000c0000000,0x00000000d14bfd90,0x00000000d5280000)
 Metaspace       used 54086K, committed 55168K, reserved 1114112K
  class space    used 5848K, committed 6336K, reserved 1048576K
}

Dll operation events (10 events):
Event: 0.009 Loaded shared library c:\Users\21269\.vscode\extensions\redhat.java-1.28.1-win32-x64\jre\17.0.10-win32-x86_64\bin\java.dll
Event: 0.177 Loaded shared library c:\Users\21269\.vscode\extensions\redhat.java-1.28.1-win32-x64\jre\17.0.10-win32-x86_64\bin\zip.dll
Event: 0.180 Loaded shared library C:\Users\21269\.vscode\extensions\redhat.java-1.28.1-win32-x64\jre\17.0.10-win32-x86_64\bin\instrument.dll
Event: 0.194 Loaded shared library C:\Users\21269\.vscode\extensions\redhat.java-1.28.1-win32-x64\jre\17.0.10-win32-x86_64\bin\net.dll
Event: 0.196 Loaded shared library C:\Users\21269\.vscode\extensions\redhat.java-1.28.1-win32-x64\jre\17.0.10-win32-x86_64\bin\nio.dll
Event: 0.203 Loaded shared library C:\Users\21269\.vscode\extensions\redhat.java-1.28.1-win32-x64\jre\17.0.10-win32-x86_64\bin\zip.dll
Event: 0.217 Loaded shared library C:\Users\21269\.vscode\extensions\redhat.java-1.28.1-win32-x64\jre\17.0.10-win32-x86_64\bin\jimage.dll
Event: 0.269 Loaded shared library c:\Users\21269\.vscode\extensions\redhat.java-1.28.1-win32-x64\jre\17.0.10-win32-x86_64\bin\verify.dll
Event: 1.149 Loaded shared library C:\Users\21269\AppData\Roaming\Code\User\globalStorage\redhat.java\1.28.1\config_win\org.eclipse.equinox.launcher\org.eclipse.equinox.launcher.win32.win32.x86_64_1.2.900.v20240129-1338\eclipse_11900.dll
Event: 3.835 Loaded shared library C:\Users\21269\AppData\Local\Temp\jna--1921886675\jna10033191310446911865.dll

Deoptimization events (20 events):
Event: 9.857 Thread 0x0000022de70c5f40 DEOPT PACKING pc=0x0000022dd6ba405c sp=0x00000045b28feb20
Event: 9.857 Thread 0x0000022de70c5f40 DEOPT UNPACKING pc=0x0000022dd6349ea3 sp=0x00000045b28feab8 mode 2
Event: 9.874 Thread 0x0000022de70c4b00 Uncommon trap: trap_request=0xffffff45 fr.pc=0x0000022dd6b876e0 relative=0x00000000000002c0
Event: 9.874 Thread 0x0000022de70c4b00 Uncommon trap: reason=unstable_if action=reinterpret pc=0x0000022dd6b876e0 method=org.eclipse.jdt.internal.compiler.util.HashtableOfObject.putUnsafely([CLjava/lang/Object;)V @ 70 c2
Event: 9.874 Thread 0x0000022de70c4b00 DEOPT PACKING pc=0x0000022dd6b876e0 sp=0x00000045b25fef20
Event: 9.874 Thread 0x0000022de70c4b00 DEOPT UNPACKING pc=0x0000022dd6349ea3 sp=0x00000045b25feec8 mode 2
Event: 9.874 Thread 0x0000022de70c4b00 Uncommon trap: trap_request=0xffffff45 fr.pc=0x0000022dd6a6c790 relative=0x00000000000003f0
Event: 9.875 Thread 0x0000022de70c4b00 Uncommon trap: reason=unstable_if action=reinterpret pc=0x0000022dd6a6c790 method=org.eclipse.jdt.internal.compiler.util.HashtableOfObject.get([C)Ljava/lang/Object; @ 37 c2
Event: 9.875 Thread 0x0000022de70c4b00 DEOPT PACKING pc=0x0000022dd6a6c790 sp=0x00000045b25fef30
Event: 9.875 Thread 0x0000022de70c4b00 DEOPT UNPACKING pc=0x0000022dd6349ea3 sp=0x00000045b25feec0 mode 2
Event: 9.875 Thread 0x0000022de70c4b00 Uncommon trap: trap_request=0xffffff45 fr.pc=0x0000022dd6bb970c relative=0x00000000000007ac
Event: 9.875 Thread 0x0000022de70c4b00 Uncommon trap: reason=unstable_if action=reinterpret pc=0x0000022dd6bb970c method=org.eclipse.jdt.internal.compiler.util.HashtableOfObject.putUnsafely([CLjava/lang/Object;)V @ 23 c2
Event: 9.875 Thread 0x0000022de70c4b00 DEOPT PACKING pc=0x0000022dd6bb970c sp=0x00000045b25feea0
Event: 9.875 Thread 0x0000022de70c4b00 DEOPT UNPACKING pc=0x0000022dd6349ea3 sp=0x00000045b25fedc8 mode 2
Event: 9.888 Thread 0x0000022de70c4b00 DEOPT PACKING pc=0x0000022dcee560f3 sp=0x00000045b25fef60
Event: 9.888 Thread 0x0000022de70c4b00 DEOPT UNPACKING pc=0x0000022dd634a9e3 sp=0x00000045b25fe430 mode 0
Event: 9.924 Thread 0x0000022de70c5f40 DEOPT PACKING pc=0x0000022dcf92197d sp=0x00000045b28fe820
Event: 9.924 Thread 0x0000022de70c5f40 DEOPT UNPACKING pc=0x0000022dd634a9e3 sp=0x00000045b28fdd00 mode 0
Event: 9.926 Thread 0x0000022de70c5f40 DEOPT PACKING pc=0x0000022dcf92472a sp=0x00000045b28fe8e0
Event: 9.926 Thread 0x0000022de70c5f40 DEOPT UNPACKING pc=0x0000022dd634a9e3 sp=0x00000045b28fde00 mode 0

Classes unloaded (7 events):
Event: 2.227 Thread 0x0000022dcc1de0c0 Unloading class 0x0000000100250400 'java/lang/invoke/LambdaForm$MH+0x0000000100250400'
Event: 2.227 Thread 0x0000022dcc1de0c0 Unloading class 0x0000000100250000 'java/lang/invoke/LambdaForm$MH+0x0000000100250000'
Event: 2.227 Thread 0x0000022dcc1de0c0 Unloading class 0x000000010024bc00 'java/lang/invoke/LambdaForm$MH+0x000000010024bc00'
Event: 2.227 Thread 0x0000022dcc1de0c0 Unloading class 0x000000010024b800 'java/lang/invoke/LambdaForm$MH+0x000000010024b800'
Event: 2.227 Thread 0x0000022dcc1de0c0 Unloading class 0x000000010024b400 'java/lang/invoke/LambdaForm$BMH+0x000000010024b400'
Event: 2.227 Thread 0x0000022dcc1de0c0 Unloading class 0x000000010024b000 'java/lang/invoke/LambdaForm$DMH+0x000000010024b000'
Event: 2.227 Thread 0x0000022dcc1de0c0 Unloading class 0x0000000100248400 'java/lang/invoke/LambdaForm$DMH+0x0000000100248400'

Classes redefined (0 events):
No events

Internal exceptions (20 events):
Event: 9.942 Thread 0x0000022de70c5f40 Exception <a 'sun/nio/fs/WindowsException'{0x00000000ed462310}> (0x00000000ed462310) 
thrown [s\src\hotspot\share\prims\jni.cpp, line 516]
Event: 9.942 Thread 0x0000022de70c5f40 Exception <a 'sun/nio/fs/WindowsException'{0x00000000ed462938}> (0x00000000ed462938) 
thrown [s\src\hotspot\share\prims\jni.cpp, line 516]
Event: 9.942 Thread 0x0000022de70c5f40 Exception <a 'sun/nio/fs/WindowsException'{0x00000000ed462f60}> (0x00000000ed462f60) 
thrown [s\src\hotspot\share\prims\jni.cpp, line 516]
Event: 9.942 Thread 0x0000022de70c5f40 Exception <a 'sun/nio/fs/WindowsException'{0x00000000ed4635a0}> (0x00000000ed4635a0) 
thrown [s\src\hotspot\share\prims\jni.cpp, line 516]
Event: 9.943 Thread 0x0000022de70c5f40 Exception <a 'sun/nio/fs/WindowsException'{0x00000000ed469e08}> (0x00000000ed469e08) 
thrown [s\src\hotspot\share\prims\jni.cpp, line 516]
Event: 9.943 Thread 0x0000022de70c5f40 Exception <a 'sun/nio/fs/WindowsException'{0x00000000ed46a460}> (0x00000000ed46a460) 
thrown [s\src\hotspot\share\prims\jni.cpp, line 516]
Event: 9.943 Thread 0x0000022de70c5f40 Exception <a 'sun/nio/fs/WindowsException'{0x00000000ed46aab8}> (0x00000000ed46aab8) 
thrown [s\src\hotspot\share\prims\jni.cpp, line 516]
Event: 9.943 Thread 0x0000022de70c5f40 Exception <a 'sun/nio/fs/WindowsException'{0x00000000ed46b128}> (0x00000000ed46b128) 
thrown [s\src\hotspot\share\prims\jni.cpp, line 516]
Event: 9.944 Thread 0x0000022de70c5f40 Exception <a 'sun/nio/fs/WindowsException'{0x00000000ed46f1f0}> (0x00000000ed46f1f0) 
thrown [s\src\hotspot\share\prims\jni.cpp, line 516]
Event: 9.944 Thread 0x0000022de70c5f40 Exception <a 'sun/nio/fs/WindowsException'{0x00000000ed46f828}> (0x00000000ed46f828) 
thrown [s\src\hotspot\share\prims\jni.cpp, line 516]
Event: 9.944 Thread 0x0000022de70c5f40 Exception <a 'sun/nio/fs/WindowsException'{0x00000000ed46fe60}> (0x00000000ed46fe60) 
thrown [s\src\hotspot\share\prims\jni.cpp, line 516]
Event: 9.944 Thread 0x0000022de70c5f40 Exception <a 'sun/nio/fs/WindowsException'{0x00000000ed4704b8}> (0x00000000ed4704b8) 
thrown [s\src\hotspot\share\prims\jni.cpp, line 516]
Event: 9.944 Thread 0x0000022de70c5f40 Exception <a 'sun/nio/fs/WindowsException'{0x00000000ed473fb0}> (0x00000000ed473fb0) 
thrown [s\src\hotspot\share\prims\jni.cpp, line 516]
Event: 9.944 Thread 0x0000022de70c5f40 Exception <a 'sun/nio/fs/WindowsException'{0x00000000ed4745e8}> (0x00000000ed4745e8) 
thrown [s\src\hotspot\share\prims\jni.cpp, line 516]
Event: 9.944 Thread 0x0000022de70c5f40 Exception <a 'sun/nio/fs/WindowsException'{0x00000000ed474c20}> (0x00000000ed474c20) 
thrown [s\src\hotspot\share\prims\jni.cpp, line 516]
Event: 9.944 Thread 0x0000022de70c5f40 Exception <a 'sun/nio/fs/WindowsException'{0x00000000ed475278}> (0x00000000ed475278) 
thrown [s\src\hotspot\share\prims\jni.cpp, line 516]
Event: 9.950 Thread 0x0000022de70c5f40 Exception <a 'sun/nio/fs/WindowsException'{0x00000000ed63a710}> (0x00000000ed63a710) 
thrown [s\src\hotspot\share\prims\jni.cpp, line 516]
Event: 9.950 Thread 0x0000022de70c5f40 Exception <a 'sun/nio/fs/WindowsException'{0x00000000ed63ad68}> (0x00000000ed63ad68) 
thrown [s\src\hotspot\share\prims\jni.cpp, line 516]
Event: 9.950 Thread 0x0000022de70c5f40 Exception <a 'sun/nio/fs/WindowsException'{0x00000000ed63b3c0}> (0x00000000ed63b3c0) 
thrown [s\src\hotspot\share\prims\jni.cpp, line 516]
Event: 9.950 Thread 0x0000022de70c5f40 Exception <a 'sun/nio/fs/WindowsException'{0x00000000ed63ba30}> (0x00000000ed63ba30) 
thrown [s\src\hotspot\share\prims\jni.cpp, line 516]

VM Operations (20 events):
Event: 9.334 Executing VM operation: HandshakeAllThreads
Event: 9.334 Executing VM operation: HandshakeAllThreads done
Event: 9.371 Executing VM operation: HandshakeAllThreads
Event: 9.371 Executing VM operation: HandshakeAllThreads done
Event: 9.375 Executing VM operation: ParallelGCFailedAllocation
Event: 9.381 Executing VM operation: ParallelGCFailedAllocation done
Event: 9.440 Executing VM operation: ParallelGCFailedAllocation
Event: 9.446 Executing VM operation: ParallelGCFailedAllocation done
Event: 9.482 Executing VM operation: ParallelGCFailedAllocation
Event: 9.491 Executing VM operation: ParallelGCFailedAllocation done
Event: 9.512 Executing VM operation: ParallelGCFailedAllocation
Event: 9.519 Executing VM operation: ParallelGCFailedAllocation done
Event: 9.530 Executing VM operation: ParallelGCFailedAllocation
Event: 9.530 Executing VM operation: ParallelGCFailedAllocation done
Event: 9.530 Executing VM operation: ParallelGCSystemGC
Event: 9.534 Executing VM operation: ParallelGCSystemGC done
Event: 9.546 Executing VM operation: ParallelGCFailedAllocation
Event: 9.732 Executing VM operation: ParallelGCFailedAllocation done
Event: 9.850 Executing VM operation: HandshakeAllThreads
Event: 9.850 Executing VM operation: HandshakeAllThreads done

Events (20 events):
Event: 9.385 Thread 0x0000022de5089fd0 flushing nmethod 0x0000022dcf938f90
Event: 9.385 Thread 0x0000022de5089fd0 flushing nmethod 0x0000022dcf93b210
Event: 9.385 Thread 0x0000022de5089fd0 flushing nmethod 0x0000022dcf93fe10
Event: 9.385 Thread 0x0000022de5089fd0 flushing nmethod 0x0000022dcf95f010
Event: 9.385 Thread 0x0000022de5089fd0 flushing nmethod 0x0000022dcf988210
Event: 9.385 Thread 0x0000022de5089fd0 flushing nmethod 0x0000022dcf9a3a90
Event: 9.524 loading class jdk/internal/reflect/UnsafeIntegerFieldAccessorImpl
Event: 9.524 loading class jdk/internal/reflect/UnsafeIntegerFieldAccessorImpl done
Event: 9.849 loading class java/nio/file/SimpleFileVisitor
Event: 9.849 loading class java/nio/file/SimpleFileVisitor done
Event: 9.850 loading class java/nio/file/FileTreeWalker$1
Event: 9.850 loading class java/nio/file/FileTreeWalker$1 done
Event: 9.850 loading class sun/nio/fs/Globs
Event: 9.851 loading class sun/nio/fs/Globs done
Event: 9.851 loading class java/util/regex/Pattern$SliceU
Event: 9.851 loading class java/util/regex/Pattern$SliceU done
Event: 9.851 loading class sun/nio/fs/WindowsFileSystem$2
Event: 9.851 loading class java/nio/file/PathMatcher
Event: 9.851 loading class java/nio/file/PathMatcher done
Event: 9.851 loading class sun/nio/fs/WindowsFileSystem$2 done


Dynamic libraries:
0x00007ff7a80c0000 - 0x00007ff7a80ce000 	c:\Users\21269\.vscode\extensions\redhat.java-1.28.1-win32-x64\jre\17.0.10-win32-x86_64\bin\java.exe
0x00007ffa54ff0000 - 0x00007ffa55206000 	C:\WINDOWS\SYSTEM32\ntdll.dll
0x00007ffa54430000 - 0x00007ffa544f4000 	C:\WINDOWS\System32\KERNEL32.DLL
0x00007ffa527a0000 - 0x00007ffa52b46000 	C:\WINDOWS\System32\KERNELBASE.dll
0x00007ffa523d0000 - 0x00007ffa524e1000 	C:\WINDOWS\System32\ucrtbase.dll
0x00007ffa38580000 - 0x00007ffa3859b000 	c:\Users\21269\.vscode\extensions\redhat.java-1.28.1-win32-x64\jre\17.0.10-win32-x86_64\bin\VCRUNTIME140.dll
0x00007ffa38a00000 - 0x00007ffa38a17000 	c:\Users\21269\.vscode\extensions\redhat.java-1.28.1-win32-x64\jre\17.0.10-win32-x86_64\bin\jli.dll
0x00007ffa54c70000 - 0x00007ffa54e1d000 	C:\WINDOWS\System32\USER32.dll
0x00007ffa3b830000 - 0x00007ffa3bac3000 	C:\WINDOWS\WinSxS\amd64_microsoft.windows.common-controls_6595b64144ccf1df_6.0.22621.3235_none_270f74e173860f98\COMCTL32.dll
0x00007ffa52d10000 - 0x00007ffa52d36000 	C:\WINDOWS\System32\win32u.dll
0x00007ffa543e0000 - 0x00007ffa54409000 	C:\WINDOWS\System32\GDI32.dll
0x00007ffa53a10000 - 0x00007ffa53ab7000 	C:\WINDOWS\System32\msvcrt.dll
0x00007ffa52bf0000 - 0x00007ffa52d08000 	C:\WINDOWS\System32\gdi32full.dll
0x00007ffa52b50000 - 0x00007ffa52bea000 	C:\WINDOWS\System32\msvcp_win.dll
0x00007ffa54500000 - 0x00007ffa54531000 	C:\WINDOWS\System32\IMM32.DLL
0x00007ffa4ccb0000 - 0x00007ffa4ccbc000 	c:\Users\21269\.vscode\extensions\redhat.java-1.28.1-win32-x64\jre\17.0.10-win32-x86_64\bin\vcruntime140_1.dll
0x00007ffa10400000 - 0x00007ffa1048d000 	c:\Users\21269\.vscode\extensions\redhat.java-1.28.1-win32-x64\jre\17.0.10-win32-x86_64\bin\msvcp140.dll
0x00007ff9fc6c0000 - 0x00007ff9fd322000 	c:\Users\21269\.vscode\extensions\redhat.java-1.28.1-win32-x64\jre\17.0.10-win32-x86_64\bin\server\jvm.dll
0x00007ffa54540000 - 0x00007ffa545f2000 	C:\WINDOWS\System32\ADVAPI32.dll
0x00007ffa53960000 - 0x00007ffa53a08000 	C:\WINDOWS\System32\sechost.dll
0x00007ffa523a0000 - 0x00007ffa523c8000 	C:\WINDOWS\System32\bcrypt.dll
0x00007ffa54e90000 - 0x00007ffa54fa5000 	C:\WINDOWS\System32\RPCRT4.dll
0x00007ffa4a040000 - 0x00007ffa4a074000 	C:\WINDOWS\SYSTEM32\WINMM.dll
0x00007ffa270d0000 - 0x00007ffa270d9000 	C:\WINDOWS\SYSTEM32\WSOCK32.dll
0x00007ffa53fb0000 - 0x00007ffa54021000 	C:\WINDOWS\System32\WS2_32.dll
0x00007ffa51be0000 - 0x00007ffa51c2d000 	C:\WINDOWS\SYSTEM32\POWRPROF.dll
0x00007ffa49260000 - 0x00007ffa4926a000 	C:\WINDOWS\SYSTEM32\VERSION.dll
0x00007ffa51b70000 - 0x00007ffa51b83000 	C:\WINDOWS\SYSTEM32\UMPDC.dll
0x00007ffa51330000 - 0x00007ffa51348000 	C:\WINDOWS\SYSTEM32\kernel.appcore.dll
0x00007ffa4aca0000 - 0x00007ffa4acaa000 	c:\Users\21269\.vscode\extensions\redhat.java-1.28.1-win32-x64\jre\17.0.10-win32-x86_64\bin\jimage.dll
0x00007ffa4f6f0000 - 0x00007ffa4f923000 	C:\WINDOWS\SYSTEM32\DBGHELP.DLL
0x00007ffa54600000 - 0x00007ffa54988000 	C:\WINDOWS\System32\combase.dll
0x00007ffa54300000 - 0x00007ffa543d7000 	C:\WINDOWS\System32\OLEAUT32.dll
0x00007ffa3a130000 - 0x00007ffa3a162000 	C:\WINDOWS\SYSTEM32\dbgcore.DLL
0x00007ffa52660000 - 0x00007ffa526da000 	C:\WINDOWS\System32\bcryptPrimitives.dll
0x00007ffa45cd0000 - 0x00007ffa45cde000 	c:\Users\21269\.vscode\extensions\redhat.java-1.28.1-win32-x64\jre\17.0.10-win32-x86_64\bin\instrument.dll
0x00007ffa33a40000 - 0x00007ffa33a65000 	c:\Users\21269\.vscode\extensions\redhat.java-1.28.1-win32-x64\jre\17.0.10-win32-x86_64\bin\java.dll
0x00007ffa37850000 - 0x00007ffa37868000 	c:\Users\21269\.vscode\extensions\redhat.java-1.28.1-win32-x64\jre\17.0.10-win32-x86_64\bin\zip.dll
0x00007ffa53100000 - 0x00007ffa5395c000 	C:\WINDOWS\System32\SHELL32.dll
0x00007ffa50210000 - 0x00007ffa50b08000 	C:\WINDOWS\SYSTEM32\windows.storage.dll
0x00007ffa500d0000 - 0x00007ffa5020e000 	C:\WINDOWS\SYSTEM32\wintypes.dll
0x00007ffa52f00000 - 0x00007ffa52ff3000 	C:\WINDOWS\System32\SHCORE.dll
0x00007ffa54e30000 - 0x00007ffa54e8e000 	C:\WINDOWS\System32\shlwapi.dll
0x00007ffa52260000 - 0x00007ffa52286000 	C:\WINDOWS\SYSTEM32\profapi.dll
0x00007ffa377d0000 - 0x00007ffa377e9000 	C:\Users\21269\.vscode\extensions\redhat.java-1.28.1-win32-x64\jre\17.0.10-win32-x86_64\bin\net.dll
0x00007ffa4b760000 - 0x00007ffa4b897000 	C:\WINDOWS\SYSTEM32\WINHTTP.dll
0x00007ffa51820000 - 0x00007ffa51889000 	C:\WINDOWS\system32\mswsock.dll
0x00007ffa33c80000 - 0x00007ffa33c96000 	C:\Users\21269\.vscode\extensions\redhat.java-1.28.1-win32-x64\jre\17.0.10-win32-x86_64\bin\nio.dll
0x00007ffa3b2a0000 - 0x00007ffa3b2b0000 	c:\Users\21269\.vscode\extensions\redhat.java-1.28.1-win32-x64\jre\17.0.10-win32-x86_64\bin\verify.dll
0x00007ffa2d120000 - 0x00007ffa2d15e000 	C:\Users\21269\AppData\Roaming\Code\User\globalStorage\redhat.java\1.28.1\config_win\org.eclipse.equinox.launcher\org.eclipse.equinox.launcher.win32.win32.x86_64_1.2.900.v20240129-1338\eclipse_11900.dll
0x00007ffa54990000 - 0x00007ffa54b2f000 	C:\WINDOWS\System32\ole32.dll
0x00007ffa51ab0000 - 0x00007ffa51acb000 	C:\WINDOWS\SYSTEM32\CRYPTSP.dll
0x00007ffa51290000 - 0x00007ffa512c5000 	C:\WINDOWS\system32\rsaenh.dll
0x00007ffa51930000 - 0x00007ffa5195c000 	C:\WINDOWS\SYSTEM32\USERENV.dll
0x00007ffa51b50000 - 0x00007ffa51b5c000 	C:\WINDOWS\SYSTEM32\CRYPTBASE.dll
0x00007ffa50db0000 - 0x00007ffa50ddd000 	C:\WINDOWS\SYSTEM32\IPHLPAPI.DLL
0x00007ffa53fa0000 - 0x00007ffa53fa9000 	C:\WINDOWS\System32\NSI.dll
0x00007ffa4b490000 - 0x00007ffa4b4a9000 	C:\WINDOWS\SYSTEM32\dhcpcsvc6.DLL
0x00007ffa4b470000 - 0x00007ffa4b48f000 	C:\WINDOWS\SYSTEM32\dhcpcsvc.DLL
0x00007ffa50e30000 - 0x00007ffa50f29000 	C:\WINDOWS\SYSTEM32\DNSAPI.dll
0x00007ffa2ea00000 - 0x00007ffa2ea45000 	C:\Users\21269\AppData\Local\Temp\jna--1921886675\jna10033191310446911865.dll
0x00007ffa54bb0000 - 0x00007ffa54bb8000 	C:\WINDOWS\System32\PSAPI.DLL

dbghelp: loaded successfully - version: 4.0.5 - missing functions: none
symbol engine: initialized successfully - sym options: 0x614 - pdb path: .;c:\Users\21269\.vscode\extensions\redhat.java-1.28.1-win32-x64\jre\17.0.10-win32-x86_64\bin;C:\WINDOWS\SYSTEM32;C:\WINDOWS\WinSxS\amd64_microsoft.windows.common-controls_6595b64144ccf1df_6.0.22621.3235_none_270f74e173860f98;c:\Users\21269\.vscode\extensions\redhat.java-1.28.1-win32-x64\jre\17.0.10-win32-x86_64\bin\server;C:\Users\21269\AppData\Roaming\Code\User\globalStorage\redhat.java\1.28.1\config_win\org.eclipse.equinox.launcher\org.eclipse.equinox.launcher.win32.win32.x86_64_1.2.900.v20240129-1338;C:\Users\21269\AppData\Local\Temp\jna--1921886675

VM Arguments:
jvm_args: --add-modules=ALL-SYSTEM --add-opens=java.base/java.util=ALL-UNNAMED --add-opens=java.base/java.lang=ALL-UNNAMED --add-opens=java.base/sun.nio.fs=ALL-UNNAMED -Declipse.application=org.eclipse.jdt.ls.core.id1 -Dosgi.bundles.defaultStartLevel=4 -Declipse.product=org.eclipse.jdt.ls.core.product -Djava.import.generatesMetadataFilesAtProjectRoot=false -DDetectVMInstallationsJob.disabled=true -Dfile.encoding=utf8 -XX:+UseParallelGC -XX:GCTimeRatio=4 -XX:AdaptiveSizePolicyWeight=90 -Dsun.zip.disableMemoryMapping=true -Xmx1G -Xms100m -Xlog:disable -javaagent:c:\Users\21269\.vscode\extensions\redhat.java-1.28.1-win32-x64\lombok\lombok-1.18.31.jar -XX:+HeapDumpOnOutOfMemoryError -XX:HeapDumpPath=c:\Users\21269\AppData\Roaming\Code\User\workspaceStorage\1718572053e923615083db9cc6e0b6a3\redhat.java -Daether.dependencyCollector.impl=bf 
java_command: c:\Users\21269\.vscode\extensions\redhat.java-1.28.1-win32-x64\server\plugins\org.eclipse.equinox.launcher_1.6.700.v20231214-2017.jar -configuration c:\Users\21269\AppData\Roaming\Code\User\globalStorage\redhat.java\1.28.1\config_win -data c:\Users\21269\AppData\Roaming\Code\User\workspaceStorage\1718572053e923615083db9cc6e0b6a3\redhat.java\jdt_ws --stdio
java_class_path (initial): c:\Users\21269\.vscode\extensions\redhat.java-1.28.1-win32-x64\server\plugins\org.eclipse.equinox.launcher_1.6.700.v20231214-2017.jar
Launcher Type: SUN_STANDARD

[Global flags]
    uintx AdaptiveSizePolicyWeight                 = 90                                        {product} {command line}
     intx CICompilerCount                          = 4                                         {product} {ergonomic}
    uintx GCTimeRatio                              = 4                                         {product} {command line}
     bool HeapDumpOnOutOfMemoryError               = true                                   {manageable} {command line}
    ccstr HeapDumpPath                             = c:\Users\21269\AppData\Roaming\Code\User\workspaceStorage\1718572053e923615083db9cc6e0b6a3\redhat.java         {manageable} {command line}
   size_t InitialHeapSize                          = 104857600                                 {product} {command line}
   size_t MaxHeapSize                              = 1073741824                                {product} {command line}
   size_t MaxNewSize                               = 357564416                                 {product} {ergonomic}
   size_t MinHeapDeltaBytes                        = 524288                                    {product} {ergonomic}
   size_t MinHeapSize                              = 104857600                                 {product} {command line}
   size_t NewSize                                  = 34603008                                  {product} {ergonomic}
    uintx NonNMethodCodeHeapSize                   = 5839372                                {pd product} {ergonomic}
    uintx NonProfiledCodeHeapSize                  = 122909434                              {pd product} {ergonomic}
   size_t OldSize                                  = 70254592                                  {product} {ergonomic}
    uintx ProfiledCodeHeapSize                     = 122909434                              {pd product} {ergonomic}
    uintx ReservedCodeCacheSize                    = 251658240                              {pd product} {ergonomic}
     bool SegmentedCodeCache                       = true                                      {product} {ergonomic}
   size_t SoftMaxHeapSize                          = 1073741824                             {manageable} {ergonomic}
     bool UseCompressedClassPointers               = true                           {product lp64_product} {ergonomic}
     bool UseCompressedOops                        = true                           {product lp64_product} {ergonomic}
     bool UseLargePagesIndividualAllocation        = false                                  {pd product} {ergonomic}
     bool UseParallelGC                            = true                                      {product} {command line}

Logging:
Log output configuration:
 #0: stdout all=off uptime,level,tags
 #1: stderr all=off uptime,level,tags

Environment Variables:
JAVA_HOME=C:\Program Files\Java\jdk-21
PATH=C:\Python312\Scripts\;C:\Python312\;D:\app\OumNou\product\11.2.0\dbhome_1\bin;C:\Program Files\Common Files\Oracle\Java\javapath;C:\Program Files (x86)\Common Files\Oracle\Java\javapath;C:\Python310\Scripts\;C:\Python310\;C:\Windows\System32\HWAudioDriverLibs;C:\Windows\system32;C:\Windows;C:\Windows\System32\Wbem;C:\Windows\System32\WindowsPowerShell\v1.0\;C:\Windows\System32\OpenSSH\;C:\Users\Administrator\AppData\Local\Microsoft\WindowsApps;C:\composer;C:\php-8.1.10;C:\ProgramData\chocolatey\bin;C:\WINDOWS\system32;C:\WINDOWS;C:\WINDOWS\System32\Wbem;C:\WINDOWS\System32\WindowsPowerShell\v1.0\;C:\WINDOWS\System32\OpenSSH\;C:\Program Files\Git\cmd;C:\Program Files\Microsoft SQL Server\150\Tools\Binn\;C:\Program Files\Microsoft SQL Server\Client SDK\ODBC\170\Tools\Binn\;C:\Program Files\dotnet\;C:\Program Files\apache-maven-3.9.6\bin;C:\Program Files\Java\jre-1.8\bin;C:\Program Files\Java\jdk-21\bin;;C:\Program Files\Docker\Docker\resources\bin;C:\Program Files\nodejs\;C:\Users\21269\AppData\Local\Microsoft\WindowsApps;C:\Users\21269\AppData\Local\Programs\Microsoft VS Code\bin;C:\Users\21269;C:\php-8.1.10;C:\MinGW\bin;C:\Users\21269\AppData\Roaming\Composer\vendor\bin;C:\Users\21269\AppData\Local\ComposerSetup\bin;C:\Program Files\JetBrains\IntelliJ IDEA Community Edition 2022.2.2\bin;;C:\Users\21269\AppData\Local\GitHubDesktop\bin;C:\Swift\bin;C:\Users\21269\flutter\bin;C:\Users\21269\AppData\Local\Android\Sdk;JAVA_HOME%\bin;C:\Program Files\Java\jdk-20;C:\Program Files\Java\jdk-20\bin;C:\Program Files\Java\jre-1.8;C:\Users\21269\.dotnet\tools;C:\Program Files\apache-maven-3.9.6\bin;C:\Program Files\Java\jre-1.8\bin;C:\Program Files\Java\jdk-21\bin;C:\Users\21269\AppData\Roaming\npm
USERNAME=OumNou
OS=Windows_NT
PROCESSOR_IDENTIFIER=Intel64 Family 6 Model 140 Stepping 1, GenuineIntel
TMP=C:\Users\21269\AppData\Local\Temp
TEMP=C:\Users\21269\AppData\Local\Temp



Periodic native trim disabled


---------------  S Y S T E M  ---------------

OS:
 Windows 11 , 64 bit Build 22621 (10.0.22621.3235)
OS uptime: 2 days 2:50 hours
Hyper-V role detected

CPU: total 8 (initial active 8) (4 cores per cpu, 2 threads per core) family 6 model 140 stepping 1 microcode 0x8a, cx8, cmov, fxsr, ht, mmx, 3dnowpref, sse, sse2, sse3, ssse3, sse4.1, sse4.2, popcnt, lzcnt, tsc, tscinvbit, avx, avx2, aes, erms, clmul, bmi1, bmi2, adx, avx512f, avx512dq, avx512cd, avx512bw, avx512vl, sha, fma, vzeroupper, avx512_vpopcntdq, avx512_vpclmulqdq, avx512_vaes, avx512_vnni, clflush, clflushopt, clwb, avx512_vbmi2, avx512_vbmi, hv
Processor Information for all 8 processors :
  Max Mhz: 2419, Current Mhz: 2419, Mhz Limit: 2419

Memory: 4k page, system-wide physical 7991M (398M free)
TotalPageFile size 23319M (AvailPageFile size 15M)
current process WorkingSet (physical memory assigned to process): 665M, peak: 675M
current process commit charge ("private bytes"): 634M, peak: 634M

vm_info: OpenJDK 64-Bit Server VM (17.0.10+7) for windows-amd64 JRE (17.0.10+7), built on Jan 16 2024 23:25:11 by "admin" with MS VC++ 16.10 / 16.11 (VS2019)

END.
