#
# There is insufficient memory for the Java Runtime Environment to continue.
# Native memory allocation (malloc) failed to allocate 238816 bytes for Chunk::new
# Possible reasons:
#   The system is out of physical RAM or swap space
#   The process is running with CompressedOops enabled, and the Java Heap may be blocking the growth of the native heap
# Possible solutions:
#   Reduce memory load on the system
#   Increase physical memory or swap space
#   Check if swap backing store is full
#   Decrease Java heap size (-Xmx/-Xms)
#   Decrease number of Java threads
#   Decrease Java thread stack sizes (-Xss)
#   Set larger code cache with -XX:ReservedCodeCacheSize=
#   JVM is running with Unscaled Compressed Oops mode in which the Java heap is
#     placed in the first 4GB address space. The Java Heap base address is the
#     maximum limit for the native heap growth. Please use -XX:HeapBaseMinAddress
#     to set the Java Heap base and to place the Java Heap above 4GB virtual address.
# This output file may be truncated or incomplete.
#
#  Out of Memory Error (arena.cpp:168), pid=9840, tid=17148
#
# JRE version: Java(TM) SE Runtime Environment (21.0.2+13) (build 21.0.2+13-LTS-58)
# Java VM: Java HotSpot(TM) 64-Bit Server VM (21.0.2+13-LTS-58, mixed mode, sharing, tiered, compressed oops, compressed class ptrs, g1 gc, windows-amd64)
# No core dump will be written. Minidumps are not enabled by default on client versions of Windows
#

---------------  S U M M A R Y ------------

Command Line: -Dclassworlds.conf=C:/Program Files/apache-maven-3.9.6/bin/m2.conf -Dmaven.home=C:/Program Files/apache-maven-3.9.6 -Dlibrary.jansi.path=C:/Program Files/apache-maven-3.9.6/lib/jansi-native -Dmaven.multiModuleProjectDirectory=C:/Users/21269/Desktop/g-note_ org.codehaus.plexus.classworlds.launcher.Launcher liberty:stop

Host: 11th Gen Intel(R) Core(TM) i5-1135G7 @ 2.40GHz, 8 cores, 7G,  Windows 11 , 64 bit Build 22621 (10.0.22621.3235)
Time: Thu Mar  7 21:19:47 2024 Morocco Daylight Time elapsed time: 0.930989 seconds (0d 0h 0m 0s)

---------------  T H R E A D  ---------------

Current thread (0x000002045fe6d750):  JavaThread "C2 CompilerThread0" daemon [_thread_in_native, id=17148, stack(0x00000067da900000,0x00000067daa00000) (1024K)]


Current CompileTask:
C2:    931 1633       4       jdk.internal.loader.URLClassPath::getResource (74 bytes)

Stack: [0x00000067da900000,0x00000067daa00000]
Native frames: (J=compiled Java code, j=interpreted, Vv=VM code, C=native code)
V  [jvm.dll+0x6cade9]
V  [jvm.dll+0x8569c1]
V  [jvm.dll+0x858d2e]
V  [jvm.dll+0x859413]
V  [jvm.dll+0x280e56]
V  [jvm.dll+0xc3f3d]
V  [jvm.dll+0xc4473]
V  [jvm.dll+0x2f437f]
V  [jvm.dll+0x5f5056]
V  [jvm.dll+0x252d7f]
V  [jvm.dll+0x24b637]
V  [jvm.dll+0x2490a3]
V  [jvm.dll+0x1c9634]
V  [jvm.dll+0x258859]
V  [jvm.dll+0x256e3a]
V  [jvm.dll+0x3ef6c6]
V  [jvm.dll+0x7ff568]
V  [jvm.dll+0x6c953d]
C  [ucrtbase.dll+0x29363]
C  [KERNEL32.DLL+0x1257d]
C  [ntdll.dll+0x5aa58]


---------------  P R O C E S S  ---------------

Threads class SMR info:
_java_thread_list=0x000002046412dee0, length=11, elements={
0x0000020441454420, 0x000002045fe60160, 0x000002045fe61170, 0x000002045fe65ce0,
0x000002045fe68cd0, 0x000002045fe699d0, 0x000002045fe6b5f0, 0x000002045fe6d750,
0x000002045fe6f4e0, 0x000002046414d1c0, 0x0000020464151e10
}

Java Threads: ( => current thread )
  0x0000020441454420 JavaThread "main"                              [_thread_in_native, id=5352, stack(0x00000067d9b00000,0x00000067d9c00000) (1024K)]
  0x000002045fe60160 JavaThread "Reference Handler"          daemon [_thread_blocked, id=11916, stack(0x00000067da300000,0x00000067da400000) (1024K)]
  0x000002045fe61170 JavaThread "Finalizer"                  daemon [_thread_blocked, id=8308, stack(0x00000067da400000,0x00000067da500000) (1024K)]
  0x000002045fe65ce0 JavaThread "Signal Dispatcher"          daemon [_thread_blocked, id=18772, stack(0x00000067da500000,0x00000067da600000) (1024K)]
  0x000002045fe68cd0 JavaThread "Attach Listener"            daemon [_thread_blocked, id=4408, stack(0x00000067da600000,0x00000067da700000) (1024K)]
  0x000002045fe699d0 JavaThread "Service Thread"             daemon [_thread_blocked, id=17468, stack(0x00000067da700000,0x00000067da800000) (1024K)]
  0x000002045fe6b5f0 JavaThread "Monitor Deflation Thread"   daemon [_thread_blocked, id=18132, stack(0x00000067da800000,0x00000067da900000) (1024K)]
=>0x000002045fe6d750 JavaThread "C2 CompilerThread0"         daemon [_thread_in_native, id=17148, stack(0x00000067da900000,0x00000067daa00000) (1024K)]
  0x000002045fe6f4e0 JavaThread "C1 CompilerThread0"         daemon [_thread_blocked, id=17140, stack(0x00000067daa00000,0x00000067dab00000) (1024K)]
  0x000002046414d1c0 JavaThread "Notification Thread"        daemon [_thread_blocked, id=5172, stack(0x00000067dab00000,0x00000067dac00000) (1024K)]
  0x0000020464151e10 JavaThread "Common-Cleaner"             daemon [_thread_blocked, id=13772, stack(0x00000067dac00000,0x00000067dad00000) (1024K)]
Total: 11

Other Threads:
  0x000002045fe3fc60 VMThread "VM Thread"                           [id=17756, stack(0x00000067da200000,0x00000067da300000) (1024K)]
  0x000002045fe259f0 WatcherThread "VM Periodic Task Thread"        [id=16540, stack(0x00000067da100000,0x00000067da200000) (1024K)]
  0x00000204435d5640 WorkerThread "GC Thread#0"                     [id=8388, stack(0x00000067d9c00000,0x00000067d9d00000) (1024K)]
  0x0000020464ea0690 WorkerThread "GC Thread#1"                     [id=10912, stack(0x00000067dad00000,0x00000067dae00000) (1024K)]
  0x0000020464bf97f0 WorkerThread "GC Thread#2"                     [id=14744, stack(0x00000067dae00000,0x00000067daf00000) (1024K)]
  0x0000020464fe12c0 WorkerThread "GC Thread#3"                     [id=16916, stack(0x00000067daf00000,0x00000067db000000) (1024K)]
  0x0000020464fe1660 WorkerThread "GC Thread#4"                     [id=15520, stack(0x00000067db000000,0x00000067db100000) (1024K)]
  0x0000020464fe1a00 WorkerThread "GC Thread#5"                     [id=3092, stack(0x00000067db100000,0x00000067db200000) (1024K)]
  0x0000020464e6fe90 WorkerThread "GC Thread#6"                     [id=18964, stack(0x00000067db200000,0x00000067db300000) (1024K)]
  0x0000020464e72800 WorkerThread "GC Thread#7"                     [id=14268, stack(0x00000067db300000,0x00000067db400000) (1024K)]
  0x00000204435e6930 ConcurrentGCThread "G1 Main Marker"            [id=15220, stack(0x00000067d9d00000,0x00000067d9e00000) (1024K)]
  0x00000204435e7430 WorkerThread "G1 Conc#0"                       [id=2540, stack(0x00000067d9e00000,0x00000067d9f00000) (1024K)]
  0x000002045fcfb120 ConcurrentGCThread "G1 Refine#0"               [id=19192, stack(0x00000067d9f00000,0x00000067da000000) (1024K)]
  0x000002045fcfbaa0 ConcurrentGCThread "G1 Service"                [id=8496, stack(0x00000067da000000,0x00000067da100000) (1024K)]
Total: 14

Threads with active compile tasks:
C2 CompilerThread0      950 1633       4       jdk.internal.loader.URLClassPath::getResource (74 bytes)
Total: 1

VM state: not at safepoint (normal execution)

VM Mutex/Monitor currently owned by a thread: None

Heap address: 0x0000000083200000, size: 1998 MB, Compressed Oops mode: 32-bit

CDS archive(s) mapped at: [0x0000020400000000-0x0000020400c90000-0x0000020400c90000), size 13172736, SharedBaseAddress: 0x0000020400000000, ArchiveRelocationMode: 1.
Compressed class space mapped at: 0x0000020401000000-0x0000020441000000, reserved size: 1073741824
Narrow klass base: 0x0000020400000000, Narrow klass shift: 0, Narrow klass range: 0x100000000

GC Precious Log:
 CardTable entry size: 512
 Card Set container configuration: InlinePtr #cards 5 size 8 Array Of Cards #cards 12 size 40 Howl #buckets 4 coarsen threshold 1843 Howl Bitmap #cards 512 size 80 coarsen threshold 460 Card regions per heap region 1 cards per card region 2048
 CPUs: 8 total, 8 available
 Memory: 7991M
 Large Page Support: Disabled
 NUMA Support: Disabled
 Compressed Oops: Enabled (32-bit)
 Heap Region Size: 1M
 Heap Min Capacity: 8M
 Heap Initial Capacity: 126M
 Heap Max Capacity: 1998M
 Pre-touch: Disabled
 Parallel Workers: 8
 Concurrent Workers: 2
 Concurrent Refinement Workers: 8
 Periodic GC: Disabled

Heap:
 garbage-first heap   total 129024K, used 26388K [0x0000000083200000, 0x0000000100000000)
  region size 1024K, 26 young (26624K), 3 survivors (3072K)
 Metaspace       used 8965K, committed 9152K, reserved 1114112K
  class space    used 1042K, committed 1152K, reserved 1048576K

Heap Regions: E=young(eden), S=young(survivor), O=old, HS=humongous(starts), HC=humongous(continues), CS=collection set, F=free, TAMS=top-at-mark-start, PB=parsable bottom
|   0|0x0000000083200000, 0x00000000832c5130, 0x0000000083300000| 76%| O|  |TAMS 0x0000000083200000| PB 0x0000000083200000| Untracked 
|   1|0x0000000083300000, 0x0000000083300000, 0x0000000083400000|  0%| F|  |TAMS 0x0000000083300000| PB 0x0000000083300000| Untracked 
|   2|0x0000000083400000, 0x0000000083400000, 0x0000000083500000|  0%| F|  |TAMS 0x0000000083400000| PB 0x0000000083400000| Untracked 
|   3|0x0000000083500000, 0x0000000083500000, 0x0000000083600000|  0%| F|  |TAMS 0x0000000083500000| PB 0x0000000083500000| Untracked 
|   4|0x0000000083600000, 0x0000000083600000, 0x0000000083700000|  0%| F|  |TAMS 0x0000000083600000| PB 0x0000000083600000| Untracked 
|   5|0x0000000083700000, 0x0000000083700000, 0x0000000083800000|  0%| F|  |TAMS 0x0000000083700000| PB 0x0000000083700000| Untracked 
|   6|0x0000000083800000, 0x0000000083800000, 0x0000000083900000|  0%| F|  |TAMS 0x0000000083800000| PB 0x0000000083800000| Untracked 
|   7|0x0000000083900000, 0x0000000083900000, 0x0000000083a00000|  0%| F|  |TAMS 0x0000000083900000| PB 0x0000000083900000| Untracked 
|   8|0x0000000083a00000, 0x0000000083a00000, 0x0000000083b00000|  0%| F|  |TAMS 0x0000000083a00000| PB 0x0000000083a00000| Untracked 
|   9|0x0000000083b00000, 0x0000000083b00000, 0x0000000083c00000|  0%| F|  |TAMS 0x0000000083b00000| PB 0x0000000083b00000| Untracked 
|  10|0x0000000083c00000, 0x0000000083c00000, 0x0000000083d00000|  0%| F|  |TAMS 0x0000000083c00000| PB 0x0000000083c00000| Untracked 
|  11|0x0000000083d00000, 0x0000000083d00000, 0x0000000083e00000|  0%| F|  |TAMS 0x0000000083d00000| PB 0x0000000083d00000| Untracked 
|  12|0x0000000083e00000, 0x0000000083e00000, 0x0000000083f00000|  0%| F|  |TAMS 0x0000000083e00000| PB 0x0000000083e00000| Untracked 
|  13|0x0000000083f00000, 0x0000000083f00000, 0x0000000084000000|  0%| F|  |TAMS 0x0000000083f00000| PB 0x0000000083f00000| Untracked 
|  14|0x0000000084000000, 0x0000000084000000, 0x0000000084100000|  0%| F|  |TAMS 0x0000000084000000| PB 0x0000000084000000| Untracked 
|  15|0x0000000084100000, 0x0000000084100000, 0x0000000084200000|  0%| F|  |TAMS 0x0000000084100000| PB 0x0000000084100000| Untracked 
|  16|0x0000000084200000, 0x0000000084200000, 0x0000000084300000|  0%| F|  |TAMS 0x0000000084200000| PB 0x0000000084200000| Untracked 
|  17|0x0000000084300000, 0x0000000084300000, 0x0000000084400000|  0%| F|  |TAMS 0x0000000084300000| PB 0x0000000084300000| Untracked 
|  18|0x0000000084400000, 0x0000000084400000, 0x0000000084500000|  0%| F|  |TAMS 0x0000000084400000| PB 0x0000000084400000| Untracked 
|  19|0x0000000084500000, 0x0000000084500000, 0x0000000084600000|  0%| F|  |TAMS 0x0000000084500000| PB 0x0000000084500000| Untracked 
|  20|0x0000000084600000, 0x0000000084600000, 0x0000000084700000|  0%| F|  |TAMS 0x0000000084600000| PB 0x0000000084600000| Untracked 
|  21|0x0000000084700000, 0x0000000084700000, 0x0000000084800000|  0%| F|  |TAMS 0x0000000084700000| PB 0x0000000084700000| Untracked 
|  22|0x0000000084800000, 0x0000000084800000, 0x0000000084900000|  0%| F|  |TAMS 0x0000000084800000| PB 0x0000000084800000| Untracked 
|  23|0x0000000084900000, 0x0000000084900000, 0x0000000084a00000|  0%| F|  |TAMS 0x0000000084900000| PB 0x0000000084900000| Untracked 
|  24|0x0000000084a00000, 0x0000000084a00000, 0x0000000084b00000|  0%| F|  |TAMS 0x0000000084a00000| PB 0x0000000084a00000| Untracked 
|  25|0x0000000084b00000, 0x0000000084b00000, 0x0000000084c00000|  0%| F|  |TAMS 0x0000000084b00000| PB 0x0000000084b00000| Untracked 
|  26|0x0000000084c00000, 0x0000000084c00000, 0x0000000084d00000|  0%| F|  |TAMS 0x0000000084c00000| PB 0x0000000084c00000| Untracked 
|  27|0x0000000084d00000, 0x0000000084d00000, 0x0000000084e00000|  0%| F|  |TAMS 0x0000000084d00000| PB 0x0000000084d00000| Untracked 
|  28|0x0000000084e00000, 0x0000000084e00000, 0x0000000084f00000|  0%| F|  |TAMS 0x0000000084e00000| PB 0x0000000084e00000| Untracked 
|  29|0x0000000084f00000, 0x0000000084f00000, 0x0000000085000000|  0%| F|  |TAMS 0x0000000084f00000| PB 0x0000000084f00000| Untracked 
|  30|0x0000000085000000, 0x0000000085000000, 0x0000000085100000|  0%| F|  |TAMS 0x0000000085000000| PB 0x0000000085000000| Untracked 
|  31|0x0000000085100000, 0x0000000085100000, 0x0000000085200000|  0%| F|  |TAMS 0x0000000085100000| PB 0x0000000085100000| Untracked 
|  32|0x0000000085200000, 0x0000000085200000, 0x0000000085300000|  0%| F|  |TAMS 0x0000000085200000| PB 0x0000000085200000| Untracked 
|  33|0x0000000085300000, 0x0000000085300000, 0x0000000085400000|  0%| F|  |TAMS 0x0000000085300000| PB 0x0000000085300000| Untracked 
|  34|0x0000000085400000, 0x0000000085400000, 0x0000000085500000|  0%| F|  |TAMS 0x0000000085400000| PB 0x0000000085400000| Untracked 
|  35|0x0000000085500000, 0x0000000085500000, 0x0000000085600000|  0%| F|  |TAMS 0x0000000085500000| PB 0x0000000085500000| Untracked 
|  36|0x0000000085600000, 0x0000000085600000, 0x0000000085700000|  0%| F|  |TAMS 0x0000000085600000| PB 0x0000000085600000| Untracked 
|  37|0x0000000085700000, 0x0000000085700000, 0x0000000085800000|  0%| F|  |TAMS 0x0000000085700000| PB 0x0000000085700000| Untracked 
|  38|0x0000000085800000, 0x0000000085800000, 0x0000000085900000|  0%| F|  |TAMS 0x0000000085800000| PB 0x0000000085800000| Untracked 
|  39|0x0000000085900000, 0x0000000085900000, 0x0000000085a00000|  0%| F|  |TAMS 0x0000000085900000| PB 0x0000000085900000| Untracked 
|  40|0x0000000085a00000, 0x0000000085a00000, 0x0000000085b00000|  0%| F|  |TAMS 0x0000000085a00000| PB 0x0000000085a00000| Untracked 
|  41|0x0000000085b00000, 0x0000000085b00000, 0x0000000085c00000|  0%| F|  |TAMS 0x0000000085b00000| PB 0x0000000085b00000| Untracked 
|  42|0x0000000085c00000, 0x0000000085c00000, 0x0000000085d00000|  0%| F|  |TAMS 0x0000000085c00000| PB 0x0000000085c00000| Untracked 
|  43|0x0000000085d00000, 0x0000000085d00000, 0x0000000085e00000|  0%| F|  |TAMS 0x0000000085d00000| PB 0x0000000085d00000| Untracked 
|  44|0x0000000085e00000, 0x0000000085e00000, 0x0000000085f00000|  0%| F|  |TAMS 0x0000000085e00000| PB 0x0000000085e00000| Untracked 
|  45|0x0000000085f00000, 0x0000000085f00000, 0x0000000086000000|  0%| F|  |TAMS 0x0000000085f00000| PB 0x0000000085f00000| Untracked 
|  46|0x0000000086000000, 0x0000000086000000, 0x0000000086100000|  0%| F|  |TAMS 0x0000000086000000| PB 0x0000000086000000| Untracked 
|  47|0x0000000086100000, 0x0000000086100000, 0x0000000086200000|  0%| F|  |TAMS 0x0000000086100000| PB 0x0000000086100000| Untracked 
|  48|0x0000000086200000, 0x0000000086200000, 0x0000000086300000|  0%| F|  |TAMS 0x0000000086200000| PB 0x0000000086200000| Untracked 
|  49|0x0000000086300000, 0x0000000086300000, 0x0000000086400000|  0%| F|  |TAMS 0x0000000086300000| PB 0x0000000086300000| Untracked 
|  50|0x0000000086400000, 0x0000000086400000, 0x0000000086500000|  0%| F|  |TAMS 0x0000000086400000| PB 0x0000000086400000| Untracked 
|  51|0x0000000086500000, 0x0000000086500000, 0x0000000086600000|  0%| F|  |TAMS 0x0000000086500000| PB 0x0000000086500000| Untracked 
|  52|0x0000000086600000, 0x0000000086600000, 0x0000000086700000|  0%| F|  |TAMS 0x0000000086600000| PB 0x0000000086600000| Untracked 
|  53|0x0000000086700000, 0x0000000086700000, 0x0000000086800000|  0%| F|  |TAMS 0x0000000086700000| PB 0x0000000086700000| Untracked 
|  54|0x0000000086800000, 0x0000000086800000, 0x0000000086900000|  0%| F|  |TAMS 0x0000000086800000| PB 0x0000000086800000| Untracked 
|  55|0x0000000086900000, 0x0000000086900000, 0x0000000086a00000|  0%| F|  |TAMS 0x0000000086900000| PB 0x0000000086900000| Untracked 
|  56|0x0000000086a00000, 0x0000000086a00000, 0x0000000086b00000|  0%| F|  |TAMS 0x0000000086a00000| PB 0x0000000086a00000| Untracked 
|  57|0x0000000086b00000, 0x0000000086b00000, 0x0000000086c00000|  0%| F|  |TAMS 0x0000000086b00000| PB 0x0000000086b00000| Untracked 
|  58|0x0000000086c00000, 0x0000000086c00000, 0x0000000086d00000|  0%| F|  |TAMS 0x0000000086c00000| PB 0x0000000086c00000| Untracked 
|  59|0x0000000086d00000, 0x0000000086d00000, 0x0000000086e00000|  0%| F|  |TAMS 0x0000000086d00000| PB 0x0000000086d00000| Untracked 
|  60|0x0000000086e00000, 0x0000000086e00000, 0x0000000086f00000|  0%| F|  |TAMS 0x0000000086e00000| PB 0x0000000086e00000| Untracked 
|  61|0x0000000086f00000, 0x0000000086f00000, 0x0000000087000000|  0%| F|  |TAMS 0x0000000086f00000| PB 0x0000000086f00000| Untracked 
|  62|0x0000000087000000, 0x0000000087000000, 0x0000000087100000|  0%| F|  |TAMS 0x0000000087000000| PB 0x0000000087000000| Untracked 
|  63|0x0000000087100000, 0x0000000087100000, 0x0000000087200000|  0%| F|  |TAMS 0x0000000087100000| PB 0x0000000087100000| Untracked 
|  64|0x0000000087200000, 0x0000000087200000, 0x0000000087300000|  0%| F|  |TAMS 0x0000000087200000| PB 0x0000000087200000| Untracked 
|  65|0x0000000087300000, 0x0000000087300000, 0x0000000087400000|  0%| F|  |TAMS 0x0000000087300000| PB 0x0000000087300000| Untracked 
|  66|0x0000000087400000, 0x0000000087400000, 0x0000000087500000|  0%| F|  |TAMS 0x0000000087400000| PB 0x0000000087400000| Untracked 
|  67|0x0000000087500000, 0x0000000087500000, 0x0000000087600000|  0%| F|  |TAMS 0x0000000087500000| PB 0x0000000087500000| Untracked 
|  68|0x0000000087600000, 0x0000000087600000, 0x0000000087700000|  0%| F|  |TAMS 0x0000000087600000| PB 0x0000000087600000| Untracked 
|  69|0x0000000087700000, 0x0000000087700000, 0x0000000087800000|  0%| F|  |TAMS 0x0000000087700000| PB 0x0000000087700000| Untracked 
|  70|0x0000000087800000, 0x0000000087800000, 0x0000000087900000|  0%| F|  |TAMS 0x0000000087800000| PB 0x0000000087800000| Untracked 
|  71|0x0000000087900000, 0x0000000087900000, 0x0000000087a00000|  0%| F|  |TAMS 0x0000000087900000| PB 0x0000000087900000| Untracked 
|  72|0x0000000087a00000, 0x0000000087a00000, 0x0000000087b00000|  0%| F|  |TAMS 0x0000000087a00000| PB 0x0000000087a00000| Untracked 
|  73|0x0000000087b00000, 0x0000000087b00000, 0x0000000087c00000|  0%| F|  |TAMS 0x0000000087b00000| PB 0x0000000087b00000| Untracked 
|  74|0x0000000087c00000, 0x0000000087c00000, 0x0000000087d00000|  0%| F|  |TAMS 0x0000000087c00000| PB 0x0000000087c00000| Untracked 
|  75|0x0000000087d00000, 0x0000000087d00000, 0x0000000087e00000|  0%| F|  |TAMS 0x0000000087d00000| PB 0x0000000087d00000| Untracked 
|  76|0x0000000087e00000, 0x0000000087e00000, 0x0000000087f00000|  0%| F|  |TAMS 0x0000000087e00000| PB 0x0000000087e00000| Untracked 
|  77|0x0000000087f00000, 0x0000000087f00000, 0x0000000088000000|  0%| F|  |TAMS 0x0000000087f00000| PB 0x0000000087f00000| Untracked 
|  78|0x0000000088000000, 0x0000000088000000, 0x0000000088100000|  0%| F|  |TAMS 0x0000000088000000| PB 0x0000000088000000| Untracked 
|  79|0x0000000088100000, 0x0000000088100000, 0x0000000088200000|  0%| F|  |TAMS 0x0000000088100000| PB 0x0000000088100000| Untracked 
|  80|0x0000000088200000, 0x0000000088200000, 0x0000000088300000|  0%| F|  |TAMS 0x0000000088200000| PB 0x0000000088200000| Untracked 
|  81|0x0000000088300000, 0x0000000088300000, 0x0000000088400000|  0%| F|  |TAMS 0x0000000088300000| PB 0x0000000088300000| Untracked 
|  82|0x0000000088400000, 0x0000000088400000, 0x0000000088500000|  0%| F|  |TAMS 0x0000000088400000| PB 0x0000000088400000| Untracked 
|  83|0x0000000088500000, 0x0000000088500000, 0x0000000088600000|  0%| F|  |TAMS 0x0000000088500000| PB 0x0000000088500000| Untracked 
|  84|0x0000000088600000, 0x0000000088600000, 0x0000000088700000|  0%| F|  |TAMS 0x0000000088600000| PB 0x0000000088600000| Untracked 
|  85|0x0000000088700000, 0x0000000088700000, 0x0000000088800000|  0%| F|  |TAMS 0x0000000088700000| PB 0x0000000088700000| Untracked 
|  86|0x0000000088800000, 0x0000000088800000, 0x0000000088900000|  0%| F|  |TAMS 0x0000000088800000| PB 0x0000000088800000| Untracked 
|  87|0x0000000088900000, 0x0000000088900000, 0x0000000088a00000|  0%| F|  |TAMS 0x0000000088900000| PB 0x0000000088900000| Untracked 
|  88|0x0000000088a00000, 0x0000000088a00000, 0x0000000088b00000|  0%| F|  |TAMS 0x0000000088a00000| PB 0x0000000088a00000| Untracked 
|  89|0x0000000088b00000, 0x0000000088b00000, 0x0000000088c00000|  0%| F|  |TAMS 0x0000000088b00000| PB 0x0000000088b00000| Untracked 
|  90|0x0000000088c00000, 0x0000000088c00000, 0x0000000088d00000|  0%| F|  |TAMS 0x0000000088c00000| PB 0x0000000088c00000| Untracked 
|  91|0x0000000088d00000, 0x0000000088d00000, 0x0000000088e00000|  0%| F|  |TAMS 0x0000000088d00000| PB 0x0000000088d00000| Untracked 
|  92|0x0000000088e00000, 0x0000000088e00000, 0x0000000088f00000|  0%| F|  |TAMS 0x0000000088e00000| PB 0x0000000088e00000| Untracked 
|  93|0x0000000088f00000, 0x0000000088f00000, 0x0000000089000000|  0%| F|  |TAMS 0x0000000088f00000| PB 0x0000000088f00000| Untracked 
|  94|0x0000000089000000, 0x0000000089000000, 0x0000000089100000|  0%| F|  |TAMS 0x0000000089000000| PB 0x0000000089000000| Untracked 
|  95|0x0000000089100000, 0x0000000089100000, 0x0000000089200000|  0%| F|  |TAMS 0x0000000089100000| PB 0x0000000089100000| Untracked 
|  96|0x0000000089200000, 0x0000000089200000, 0x0000000089300000|  0%| F|  |TAMS 0x0000000089200000| PB 0x0000000089200000| Untracked 
|  97|0x0000000089300000, 0x0000000089300000, 0x0000000089400000|  0%| F|  |TAMS 0x0000000089300000| PB 0x0000000089300000| Untracked 
|  98|0x0000000089400000, 0x0000000089400000, 0x0000000089500000|  0%| F|  |TAMS 0x0000000089400000| PB 0x0000000089400000| Untracked 
|  99|0x0000000089500000, 0x0000000089500000, 0x0000000089600000|  0%| F|  |TAMS 0x0000000089500000| PB 0x0000000089500000| Untracked 
| 100|0x0000000089600000, 0x0000000089700000, 0x0000000089700000|100%| S|CS|TAMS 0x0000000089600000| PB 0x0000000089600000| Complete 
| 101|0x0000000089700000, 0x0000000089800000, 0x0000000089800000|100%| S|CS|TAMS 0x0000000089700000| PB 0x0000000089700000| Complete 
| 102|0x0000000089800000, 0x0000000089900000, 0x0000000089900000|100%| S|CS|TAMS 0x0000000089800000| PB 0x0000000089800000| Complete 
| 103|0x0000000089900000, 0x0000000089963778, 0x0000000089a00000| 38%| E|  |TAMS 0x0000000089900000| PB 0x0000000089900000| Complete 
| 104|0x0000000089a00000, 0x0000000089b00000, 0x0000000089b00000|100%| E|CS|TAMS 0x0000000089a00000| PB 0x0000000089a00000| Complete 
| 105|0x0000000089b00000, 0x0000000089c00000, 0x0000000089c00000|100%| E|CS|TAMS 0x0000000089b00000| PB 0x0000000089b00000| Complete 
| 106|0x0000000089c00000, 0x0000000089d00000, 0x0000000089d00000|100%| E|CS|TAMS 0x0000000089c00000| PB 0x0000000089c00000| Complete 
| 107|0x0000000089d00000, 0x0000000089e00000, 0x0000000089e00000|100%| E|CS|TAMS 0x0000000089d00000| PB 0x0000000089d00000| Complete 
| 108|0x0000000089e00000, 0x0000000089f00000, 0x0000000089f00000|100%| E|CS|TAMS 0x0000000089e00000| PB 0x0000000089e00000| Complete 
| 109|0x0000000089f00000, 0x000000008a000000, 0x000000008a000000|100%| E|CS|TAMS 0x0000000089f00000| PB 0x0000000089f00000| Complete 
| 110|0x000000008a000000, 0x000000008a100000, 0x000000008a100000|100%| E|CS|TAMS 0x000000008a000000| PB 0x000000008a000000| Complete 
| 111|0x000000008a100000, 0x000000008a200000, 0x000000008a200000|100%| E|CS|TAMS 0x000000008a100000| PB 0x000000008a100000| Complete 
| 112|0x000000008a200000, 0x000000008a300000, 0x000000008a300000|100%| E|CS|TAMS 0x000000008a200000| PB 0x000000008a200000| Complete 
| 113|0x000000008a300000, 0x000000008a400000, 0x000000008a400000|100%| E|CS|TAMS 0x000000008a300000| PB 0x000000008a300000| Complete 
| 114|0x000000008a400000, 0x000000008a500000, 0x000000008a500000|100%| E|CS|TAMS 0x000000008a400000| PB 0x000000008a400000| Complete 
| 115|0x000000008a500000, 0x000000008a600000, 0x000000008a600000|100%| E|CS|TAMS 0x000000008a500000| PB 0x000000008a500000| Complete 
| 116|0x000000008a600000, 0x000000008a700000, 0x000000008a700000|100%| E|CS|TAMS 0x000000008a600000| PB 0x000000008a600000| Complete 
| 117|0x000000008a700000, 0x000000008a800000, 0x000000008a800000|100%| E|CS|TAMS 0x000000008a700000| PB 0x000000008a700000| Complete 
| 118|0x000000008a800000, 0x000000008a900000, 0x000000008a900000|100%| E|CS|TAMS 0x000000008a800000| PB 0x000000008a800000| Complete 
| 119|0x000000008a900000, 0x000000008aa00000, 0x000000008aa00000|100%| E|CS|TAMS 0x000000008a900000| PB 0x000000008a900000| Complete 
| 120|0x000000008aa00000, 0x000000008ab00000, 0x000000008ab00000|100%| E|CS|TAMS 0x000000008aa00000| PB 0x000000008aa00000| Complete 
| 121|0x000000008ab00000, 0x000000008ac00000, 0x000000008ac00000|100%| E|CS|TAMS 0x000000008ab00000| PB 0x000000008ab00000| Complete 
| 122|0x000000008ac00000, 0x000000008ad00000, 0x000000008ad00000|100%| E|CS|TAMS 0x000000008ac00000| PB 0x000000008ac00000| Complete 
| 123|0x000000008ad00000, 0x000000008ae00000, 0x000000008ae00000|100%| E|CS|TAMS 0x000000008ad00000| PB 0x000000008ad00000| Complete 
| 124|0x000000008ae00000, 0x000000008af00000, 0x000000008af00000|100%| E|CS|TAMS 0x000000008ae00000| PB 0x000000008ae00000| Complete 
| 125|0x000000008af00000, 0x000000008b000000, 0x000000008b000000|100%| E|CS|TAMS 0x000000008af00000| PB 0x000000008af00000| Complete 

Card table byte_map: [0x000002045b100000,0x000002045b4f0000] _byte_map_base: 0x000002045ace7000

Marking Bits: (CMBitMap*) 0x00000204435d5d40
 Bits: [0x000002045b4f0000, 0x000002045d428000)

Polling page: 0x0000020441550000

Metaspace:

Usage:
  Non-class:      7.76 MB used.
      Class:      1.02 MB used.
       Both:      8.78 MB used.

Virtual space:
  Non-class space:       64.00 MB reserved,       7.88 MB ( 12%) committed,  1 nodes.
      Class space:        1.00 GB reserved,       1.12 MB ( <1%) committed,  1 nodes.
             Both:        1.06 GB reserved,       9.00 MB ( <1%) committed. 

Chunk freelists:
   Non-Class:  6.67 MB
       Class:  14.92 MB
        Both:  21.59 MB

MaxMetaspaceSize: unlimited
CompressedClassSpaceSize: 1.00 GB
Initial GC threshold: 21.00 MB
Current GC threshold: 21.00 MB
CDS: on
 - commit_granule_bytes: 65536.
 - commit_granule_words: 8192.
 - virtual_space_node_default_size: 8388608.
 - enlarge_chunks_in_place: 1.
 - use_allocation_guard: 0.


Internal statistics:

num_allocs_failed_limit: 0.
num_arena_births: 58.
num_arena_deaths: 0.
num_vsnodes_births: 2.
num_vsnodes_deaths: 0.
num_space_committed: 144.
num_space_uncommitted: 0.
num_chunks_returned_to_freelist: 0.
num_chunks_taken_from_freelist: 331.
num_chunk_merges: 0.
num_chunk_splits: 236.
num_chunks_enlarged: 199.
num_inconsistent_stats: 0.

CodeHeap 'non-profiled nmethods': size=120000Kb used=560Kb max_used=560Kb free=119440Kb
 bounds [0x00000204534b0000, 0x0000020453720000, 0x000002045a9e0000]
CodeHeap 'profiled nmethods': size=120000Kb used=3284Kb max_used=3284Kb free=116715Kb
 bounds [0x000002044b9e0000, 0x000002044bd20000, 0x0000020452f10000]
CodeHeap 'non-nmethods': size=5760Kb used=1500Kb max_used=1519Kb free=4259Kb
 bounds [0x0000020452f10000, 0x0000020453180000, 0x00000204534b0000]
 total_blobs=2145 nmethods=1676 adapters=374
 compilation: enabled
              stopped_count=0, restarted_count=0
 full_count=0

Compilation events (20 events):
Event: 0.920 Thread 0x000002045fe6f4e0 nmethod 1643 0x000002044bcf4d10 code [0x000002044bcf4f40, 0x000002044bcf5728]
Event: 0.920 Thread 0x000002045fe6f4e0 1644       1       com.google.inject.internal.KotlinSupport$KotlinUnsupported::isNullable (2 bytes)
Event: 0.920 Thread 0x000002045fe6f4e0 nmethod 1644 0x000002045353ac90 code [0x000002045353ae20, 0x000002045353aee8]
Event: 0.921 Thread 0x000002045fe6f4e0 1645       3       java.lang.reflect.Method::copy (84 bytes)
Event: 0.922 Thread 0x000002045fe6f4e0 nmethod 1645 0x000002044bcf5990 code [0x000002044bcf5b60, 0x000002044bcf5f70]
Event: 0.923 Thread 0x000002045fe6f4e0 1646       1       java.util.stream.ReferencePipeline$StatelessOp::opIsStateful (2 bytes)
Event: 0.923 Thread 0x000002045fe6f4e0 nmethod 1646 0x000002045353b710 code [0x000002045353b8a0, 0x000002045353b968]
Event: 0.923 Thread 0x000002045fe6f4e0 1648       3       com.google.inject.internal.Errors::hasErrors (16 bytes)
Event: 0.924 Thread 0x000002045fe6f4e0 nmethod 1648 0x000002044bcf6090 code [0x000002044bcf6240, 0x000002044bcf63b0]
Event: 0.926 Thread 0x000002045fe6f4e0 1649       3       jdk.internal.loader.AbstractClassLoaderValue::extractValue (17 bytes)
Event: 0.927 Thread 0x000002045fe6f4e0 nmethod 1649 0x000002044bcf6490 code [0x000002044bcf6660, 0x000002044bcf69f0]
Event: 0.927 Thread 0x000002045fe6f4e0 1650       1       java.lang.reflect.Constructor::getRoot (5 bytes)
Event: 0.927 Thread 0x000002045fe6f4e0 nmethod 1650 0x000002045353ba10 code [0x000002045353bba0, 0x000002045353bc68]
Event: 0.928 Thread 0x000002045fe6f4e0 1651       3       com.google.common.collect.Ordering::from (23 bytes)
Event: 0.928 Thread 0x000002045fe6f4e0 nmethod 1651 0x000002044bcf6b10 code [0x000002044bcf6d20, 0x000002044bcf74a0]
Event: 0.928 Thread 0x000002045fe6f4e0 1652       3       com.google.common.collect.ComparatorOrdering::<init> (16 bytes)
Event: 0.928 Thread 0x000002045fe6f4e0 nmethod 1652 0x000002044bcf7690 code [0x000002044bcf7860, 0x000002044bcf7cf0]
Event: 0.928 Thread 0x000002045fe6f4e0 1653       3       com.google.common.collect.Ordering::lexicographical (9 bytes)
Event: 0.928 Thread 0x000002045fe6f4e0 nmethod 1653 0x000002044bcf7e90 code [0x000002044bcf8040, 0x000002044bcf8320]
Event: 0.928 Thread 0x000002045fe6f4e0 1654       3       com.google.common.collect.LexicographicalOrdering::<init> (10 bytes)

GC Heap History (2 events):
Event: 0.662 GC heap before
{Heap before GC invocations=0 (full 0):
 garbage-first heap   total 129024K, used 23552K [0x0000000083200000, 0x0000000100000000)
  region size 1024K, 23 young (23552K), 0 survivors (0K)
 Metaspace       used 5832K, committed 6016K, reserved 1114112K
  class space    used 674K, committed 768K, reserved 1048576K
}
Event: 0.668 GC heap after
{Heap after GC invocations=1 (full 0):
 garbage-first heap   total 129024K, used 3860K [0x0000000083200000, 0x0000000100000000)
  region size 1024K, 3 young (3072K), 3 survivors (3072K)
 Metaspace       used 5832K, committed 6016K, reserved 1114112K
  class space    used 674K, committed 768K, reserved 1048576K
}

Dll operation events (8 events):
Event: 0.020 Loaded shared library C:\Program Files\Java\jdk-21\bin\java.dll
Event: 0.079 Loaded shared library C:\Program Files\Java\jdk-21\bin\jsvml.dll
Event: 0.094 Loaded shared library C:\Program Files\Java\jdk-21\bin\net.dll
Event: 0.097 Loaded shared library C:\Program Files\Java\jdk-21\bin\nio.dll
Event: 0.102 Loaded shared library C:\Program Files\Java\jdk-21\bin\zip.dll
Event: 0.261 Loaded shared library C:\Program Files\Java\jdk-21\bin\jimage.dll
Event: 0.271 Loaded shared library C:\Program Files\apache-maven-3.9.6\lib\jansi-native\Windows\x86_64\jansi.dll
Event: 0.291 Loaded shared library C:\Program Files\Java\jdk-21\bin\verify.dll

Deoptimization events (20 events):
Event: 0.782 Thread 0x0000020441454420 DEOPT PACKING pc=0x000002044bbff89f sp=0x00000067d9bfe3b0
Event: 0.782 Thread 0x0000020441454420 DEOPT UNPACKING pc=0x0000020452f688e2 sp=0x00000067d9bfd820 mode 0
Event: 0.805 Thread 0x0000020441454420 DEOPT PACKING pc=0x000002044bc6c727 sp=0x00000067d9bfe3b0
Event: 0.805 Thread 0x0000020441454420 DEOPT UNPACKING pc=0x0000020452f688e2 sp=0x00000067d9bfd820 mode 0
Event: 0.811 Thread 0x0000020441454420 DEOPT PACKING pc=0x000002044bc6c727 sp=0x00000067d9bfe3b0
Event: 0.811 Thread 0x0000020441454420 DEOPT UNPACKING pc=0x0000020452f688e2 sp=0x00000067d9bfd820 mode 0
Event: 0.847 Thread 0x0000020441454420 DEOPT PACKING pc=0x000002044ba22dbc sp=0x00000067d9bfd900
Event: 0.847 Thread 0x0000020441454420 DEOPT UNPACKING pc=0x0000020452f688e2 sp=0x00000067d9bfcd90 mode 0
Event: 0.850 Thread 0x0000020441454420 DEOPT PACKING pc=0x000002044ba22dbc sp=0x00000067d9bfd900
Event: 0.850 Thread 0x0000020441454420 DEOPT UNPACKING pc=0x0000020452f688e2 sp=0x00000067d9bfcd90 mode 0
Event: 0.850 Thread 0x0000020441454420 DEOPT PACKING pc=0x000002044ba22dbc sp=0x00000067d9bfd900
Event: 0.850 Thread 0x0000020441454420 DEOPT UNPACKING pc=0x0000020452f688e2 sp=0x00000067d9bfcd90 mode 0
Event: 0.866 Thread 0x0000020441454420 Uncommon trap: trap_request=0xffffffc6 fr.pc=0x00000204534f1d74 relative=0x0000000000000314
Event: 0.866 Thread 0x0000020441454420 Uncommon trap: reason=bimorphic_or_optimized_type_check action=maybe_recompile pc=0x00000204534f1d74 method=java.util.concurrent.ConcurrentHashMap.get(Ljava/lang/Object;)Ljava/lang/Object; @ 149 c2
Event: 0.866 Thread 0x0000020441454420 DEOPT PACKING pc=0x00000204534f1d74 sp=0x00000067d9bfda30
Event: 0.866 Thread 0x0000020441454420 DEOPT UNPACKING pc=0x0000020452f67da2 sp=0x00000067d9bfd9a0 mode 2
Event: 0.871 Thread 0x0000020441454420 Uncommon trap: trap_request=0xffffffc6 fr.pc=0x000002045352d504 relative=0x0000000000000304
Event: 0.871 Thread 0x0000020441454420 Uncommon trap: reason=bimorphic_or_optimized_type_check action=maybe_recompile pc=0x000002045352d504 method=java.util.HashMap.getNode(Ljava/lang/Object;)Ljava/util/HashMap$Node; @ 63 c2
Event: 0.871 Thread 0x0000020441454420 DEOPT PACKING pc=0x000002045352d504 sp=0x00000067d9bfe6c0
Event: 0.871 Thread 0x0000020441454420 DEOPT UNPACKING pc=0x0000020452f67da2 sp=0x00000067d9bfe638 mode 2

Classes loaded (20 events):
Event: 0.682 Loading class sun/reflect/generics/reflectiveObjects/TypeVariableImpl
Event: 0.682 Loading class sun/reflect/generics/reflectiveObjects/LazyReflectiveObjectGenerator
Event: 0.682 Loading class sun/reflect/generics/reflectiveObjects/LazyReflectiveObjectGenerator done
Event: 0.682 Loading class sun/reflect/generics/reflectiveObjects/TypeVariableImpl done
Event: 0.682 Loading class sun/reflect/generics/reflectiveObjects/ParameterizedTypeImpl
Event: 0.682 Loading class sun/reflect/generics/reflectiveObjects/ParameterizedTypeImpl done
Event: 0.826 Loading class java/lang/Deprecated
Event: 0.827 Loading class java/lang/Deprecated done
Event: 0.857 Loading class java/lang/invoke/MethodHandle$1
Event: 0.857 Loading class java/lang/invoke/MethodHandle$1 done
Event: 0.861 Loading class sun/reflect/generics/tree/BottomSignature
Event: 0.861 Loading class sun/reflect/generics/tree/BottomSignature done
Event: 0.861 Loading class sun/reflect/generics/tree/Wildcard
Event: 0.861 Loading class sun/reflect/generics/tree/Wildcard done
Event: 0.861 Loading class sun/reflect/generics/reflectiveObjects/WildcardTypeImpl
Event: 0.861 Loading class sun/reflect/generics/reflectiveObjects/WildcardTypeImpl done
Event: 0.861 Loading class sun/reflect/annotation/AnnotatedTypeFactory$AnnotatedParameterizedTypeImpl
Event: 0.861 Loading class java/lang/reflect/AnnotatedParameterizedType
Event: 0.861 Loading class java/lang/reflect/AnnotatedParameterizedType done
Event: 0.861 Loading class sun/reflect/annotation/AnnotatedTypeFactory$AnnotatedParameterizedTypeImpl done

Classes unloaded (0 events):
No events

Classes redefined (0 events):
No events

Internal exceptions (20 events):
Event: 0.244 Thread 0x0000020441454420 Exception <a 'java/lang/NoSuchMethodError'{0x000000008ab304f8}: 'java.lang.Object java.lang.invoke.Invokers$Holder.invokeExact_MT(java.lang.Object, java.lang.Object, java.lang.Object, java.lang.Object, java.lang.Object)'> (0x000000008ab304f8) 
thrown [s\open\src\hotspot\share\interpreter\linkResolver.cpp, line 773]
Event: 0.255 Thread 0x0000020441454420 Exception <a 'java/lang/NullPointerException'{0x000000008abfdaf8}> (0x000000008abfdaf8) 
thrown [s\open\src\hotspot\share\interpreter\linkResolver.cpp, line 1372]
Event: 0.275 Thread 0x0000020441454420 Exception <a 'java/lang/NullPointerException'{0x000000008aa303a0}> (0x000000008aa303a0) 
thrown [s\open\src\hotspot\share\interpreter\linkResolver.cpp, line 1372]
Event: 0.275 Thread 0x0000020441454420 Exception <a 'java/lang/NullPointerException'{0x000000008aa30680}> (0x000000008aa30680) 
thrown [s\open\src\hotspot\share\interpreter\linkResolver.cpp, line 1372]
Event: 0.275 Thread 0x0000020441454420 Exception <a 'java/lang/NullPointerException'{0x000000008aa30960}> (0x000000008aa30960) 
thrown [s\open\src\hotspot\share\interpreter\linkResolver.cpp, line 1372]
Event: 0.277 Thread 0x0000020441454420 Exception <a 'java/lang/NullPointerException'{0x000000008aa35598}> (0x000000008aa35598) 
thrown [s\open\src\hotspot\share\interpreter\linkResolver.cpp, line 1372]
Event: 0.280 Thread 0x0000020441454420 Exception <a 'java/lang/NullPointerException'{0x000000008aa48468}> (0x000000008aa48468) 
thrown [s\open\src\hotspot\share\interpreter\linkResolver.cpp, line 1372]
Event: 0.280 Thread 0x0000020441454420 Exception <a 'java/lang/NullPointerException'{0x000000008aa48748}> (0x000000008aa48748) 
thrown [s\open\src\hotspot\share\interpreter\linkResolver.cpp, line 1372]
Event: 0.280 Thread 0x0000020441454420 Exception <a 'java/lang/NullPointerException'{0x000000008aa48a28}> (0x000000008aa48a28) 
thrown [s\open\src\hotspot\share\interpreter\linkResolver.cpp, line 1372]
Event: 0.280 Thread 0x0000020441454420 Exception <a 'java/lang/NullPointerException'{0x000000008aa48d08}> (0x000000008aa48d08) 
thrown [s\open\src\hotspot\share\interpreter\linkResolver.cpp, line 1372]
Event: 0.305 Thread 0x0000020441454420 Exception <a 'java/lang/NoSuchMethodError'{0x000000008aadf818}: 'void java.lang.invoke.DirectMethodHandle$Holder.invokeStatic(java.lang.Object, java.lang.Object, java.lang.Object)'> (0x000000008aadf818) 
thrown [s\open\src\hotspot\share\interpreter\linkResolver.cpp, line 773]
Event: 0.366 Thread 0x0000020441454420 Exception <a 'java/lang/NoSuchMethodError'{0x000000008a88d588}: 'java.lang.Object java.lang.invoke.DirectMethodHandle$Holder.invokeSpecialIFC(java.lang.Object, java.lang.Object, java.lang.Object, java.lang.Object)'> (0x000000008a88d588) 
thrown [s\open\src\hotspot\share\interpreter\linkResolver.cpp, line 773]
Event: 0.501 Thread 0x0000020441454420 Exception <a 'java/lang/NoSuchMethodError'{0x000000008a3e8a18}: 'void java.lang.invoke.DirectMethodHandle$Holder.invokeSpecial(java.lang.Object, java.lang.Object, java.lang.Object)'> (0x000000008a3e8a18) 
thrown [s\open\src\hotspot\share\interpreter\linkResolver.cpp, line 773]
Event: 0.531 Thread 0x0000020441454420 Exception <a 'java/lang/NoSuchMethodError'{0x000000008a126738}: 'java.lang.Object java.lang.invoke.DirectMethodHandle$Holder.invokeInterface(java.lang.Object, java.lang.Object)'> (0x000000008a126738) 
thrown [s\open\src\hotspot\share\interpreter\linkResolver.cpp, line 773]
Event: 0.543 Thread 0x0000020441454420 Exception <a 'java/lang/NoSuchMethodError'{0x000000008a1b83b8}: 'int java.lang.invoke.DirectMethodHandle$Holder.invokeStatic(java.lang.Object, java.lang.Object, java.lang.Object, java.lang.Object)'> (0x000000008a1b83b8) 
thrown [s\open\src\hotspot\share\interpreter\linkResolver.cpp, line 773]
Event: 0.543 Thread 0x0000020441454420 Exception <a 'java/lang/NoSuchMethodError'{0x000000008a1bba38}: 'java.lang.Object java.lang.invoke.Invokers$Holder.invokeExact_MT(java.lang.Object, java.lang.Object, java.lang.Object, java.lang.Object, java.lang.Object, java.lang.Object)'> (0x000000008a1bba38) 
thrown [s\open\src\hotspot\share\interpreter\linkResolver.cpp, line 773]
Event: 0.545 Thread 0x0000020441454420 Exception <a 'java/lang/NoSuchMethodError'{0x000000008a1ca078}: 'int java.lang.invoke.DirectMethodHandle$Holder.invokeSpecialIFC(java.lang.Object, java.lang.Object, java.lang.Object, java.lang.Object, java.lang.Object)'> (0x000000008a1ca078) 
thrown [s\open\src\hotspot\share\interpreter\linkResolver.cpp, line 773]
Event: 0.580 Thread 0x0000020441454420 Exception <a 'java/lang/NoSuchMethodError'{0x0000000089f3d020}: 'java.lang.Object java.lang.invoke.DirectMethodHandle$Holder.newInvokeSpecial(java.lang.Object, java.lang.Object, java.lang.Object, java.lang.Object, java.lang.Object)'> (0x0000000089f3d020) 
thrown [s\open\src\hotspot\share\interpreter\linkResolver.cpp, line 773]
Event: 0.601 Thread 0x0000020441454420 Exception <a 'java/lang/NoSuchMethodError'{0x0000000089e31ac8}: 'int java.lang.invoke.DirectMethodHandle$Holder.invokeStaticInit(java.lang.Object, java.lang.Object)'> (0x0000000089e31ac8) 
thrown [s\open\src\hotspot\share\interpreter\linkResolver.cpp, line 773]
Event: 0.612 Thread 0x0000020441454420 Exception <a 'java/lang/NoClassDefFoundError'{0x0000000089e65720}: javax/enterprise/inject/Typed> (0x0000000089e65720) 
thrown [s\open\src\hotspot\share\classfile\systemDictionary.cpp, line 301]

ZGC Phase Switch (0 events):
No events

VM Operations (12 events):
Event: 0.102 Executing VM operation: HandshakeAllThreads (Deoptimize)
Event: 0.102 Executing VM operation: HandshakeAllThreads (Deoptimize) done
Event: 0.253 Executing VM operation: HandshakeAllThreads (Deoptimize)
Event: 0.253 Executing VM operation: HandshakeAllThreads (Deoptimize) done
Event: 0.265 Executing VM operation: HandshakeAllThreads (Deoptimize)
Event: 0.265 Executing VM operation: HandshakeAllThreads (Deoptimize) done
Event: 0.627 Executing VM operation: ICBufferFull
Event: 0.627 Executing VM operation: ICBufferFull done
Event: 0.662 Executing VM operation: G1CollectForAllocation (G1 Evacuation Pause)
Event: 0.668 Executing VM operation: G1CollectForAllocation (G1 Evacuation Pause) done
Event: 0.891 Executing VM operation: HandshakeAllThreads (Deoptimize)
Event: 0.891 Executing VM operation: HandshakeAllThreads (Deoptimize) done

Events (11 events):
Event: 0.051 Thread 0x0000020441454420 Thread added: 0x0000020441454420
Event: 0.072 Thread 0x000002045fe60160 Thread added: 0x000002045fe60160
Event: 0.072 Thread 0x000002045fe61170 Thread added: 0x000002045fe61170
Event: 0.073 Thread 0x000002045fe65ce0 Thread added: 0x000002045fe65ce0
Event: 0.073 Thread 0x000002045fe68cd0 Thread added: 0x000002045fe68cd0
Event: 0.073 Thread 0x000002045fe699d0 Thread added: 0x000002045fe699d0
Event: 0.073 Thread 0x000002045fe6b5f0 Thread added: 0x000002045fe6b5f0
Event: 0.073 Thread 0x000002045fe6d750 Thread added: 0x000002045fe6d750
Event: 0.074 Thread 0x000002045fe6f4e0 Thread added: 0x000002045fe6f4e0
Event: 0.085 Thread 0x000002046414d1c0 Thread added: 0x000002046414d1c0
Event: 0.089 Thread 0x0000020464151e10 Thread added: 0x0000020464151e10


Dynamic libraries:
0x00007ff6a4ec0000 - 0x00007ff6a4ed0000 	C:\Program Files\Java\jdk-21\bin\java.exe
0x00007ffb7a1d0000 - 0x00007ffb7a3e6000 	C:\WINDOWS\SYSTEM32\ntdll.dll
0x00007ffb790f0000 - 0x00007ffb791b4000 	C:\WINDOWS\System32\KERNEL32.DLL
0x00007ffb778c0000 - 0x00007ffb77c66000 	C:\WINDOWS\System32\KERNELBASE.dll
0x00007ffb77630000 - 0x00007ffb77741000 	C:\WINDOWS\System32\ucrtbase.dll
0x00007ffb72350000 - 0x00007ffb7236b000 	C:\Program Files\Java\jdk-21\bin\VCRUNTIME140.dll
0x00007ffb72370000 - 0x00007ffb72389000 	C:\Program Files\Java\jdk-21\bin\jli.dll
0x00007ffb786a0000 - 0x00007ffb78752000 	C:\WINDOWS\System32\ADVAPI32.dll
0x00007ffb78990000 - 0x00007ffb78a37000 	C:\WINDOWS\System32\msvcrt.dll
0x00007ffb78300000 - 0x00007ffb783a8000 	C:\WINDOWS\System32\sechost.dll
0x00007ffb77ef0000 - 0x00007ffb77f18000 	C:\WINDOWS\System32\bcrypt.dll
0x00007ffb780e0000 - 0x00007ffb781f5000 	C:\WINDOWS\System32\RPCRT4.dll
0x00007ffb79760000 - 0x00007ffb7990d000 	C:\WINDOWS\System32\USER32.dll
0x00007ffb77890000 - 0x00007ffb778b6000 	C:\WINDOWS\System32\win32u.dll
0x00007ffb58940000 - 0x00007ffb58bd3000 	C:\WINDOWS\WinSxS\amd64_microsoft.windows.common-controls_6595b64144ccf1df_6.0.22621.3235_none_270f74e173860f98\COMCTL32.dll
0x00007ffb780b0000 - 0x00007ffb780d9000 	C:\WINDOWS\System32\GDI32.dll
0x00007ffb77510000 - 0x00007ffb77628000 	C:\WINDOWS\System32\gdi32full.dll
0x00007ffb77e50000 - 0x00007ffb77eea000 	C:\WINDOWS\System32\msvcp_win.dll
0x00007ffb6df30000 - 0x00007ffb6df3a000 	C:\WINDOWS\SYSTEM32\VERSION.dll
0x00007ffb79720000 - 0x00007ffb79751000 	C:\WINDOWS\System32\IMM32.DLL
0x00007ffb72450000 - 0x00007ffb7245c000 	C:\Program Files\Java\jdk-21\bin\vcruntime140_1.dll
0x00007ffb6f760000 - 0x00007ffb6f7ee000 	C:\Program Files\Java\jdk-21\bin\msvcp140.dll
0x00007ffb2a490000 - 0x00007ffb2b1a7000 	C:\Program Files\Java\jdk-21\bin\server\jvm.dll
0x00007ffb791c0000 - 0x00007ffb79231000 	C:\WINDOWS\System32\WS2_32.dll
0x00007ffb76710000 - 0x00007ffb7675d000 	C:\WINDOWS\SYSTEM32\POWRPROF.dll
0x00007ffb6f6e0000 - 0x00007ffb6f714000 	C:\WINDOWS\SYSTEM32\WINMM.dll
0x00007ffb766f0000 - 0x00007ffb76703000 	C:\WINDOWS\SYSTEM32\UMPDC.dll
0x00007ffb76590000 - 0x00007ffb765a8000 	C:\WINDOWS\SYSTEM32\kernel.appcore.dll
0x00007ffb723b0000 - 0x00007ffb723ba000 	C:\Program Files\Java\jdk-21\bin\jimage.dll
0x00007ffb748d0000 - 0x00007ffb74b03000 	C:\WINDOWS\SYSTEM32\DBGHELP.DLL
0x00007ffb78a40000 - 0x00007ffb78dc8000 	C:\WINDOWS\System32\combase.dll
0x00007ffb783b0000 - 0x00007ffb78487000 	C:\WINDOWS\System32\OLEAUT32.dll
0x00007ffb53f10000 - 0x00007ffb53f42000 	C:\WINDOWS\SYSTEM32\dbgcore.DLL
0x00007ffb77810000 - 0x00007ffb7788a000 	C:\WINDOWS\System32\bcryptPrimitives.dll
0x00007ffb722f0000 - 0x00007ffb7230f000 	C:\Program Files\Java\jdk-21\bin\java.dll
0x00007ffb79930000 - 0x00007ffb7a18c000 	C:\WINDOWS\System32\SHELL32.dll
0x00007ffb753f0000 - 0x00007ffb75ce8000 	C:\WINDOWS\SYSTEM32\windows.storage.dll
0x00007ffb752b0000 - 0x00007ffb753ee000 	C:\WINDOWS\SYSTEM32\wintypes.dll
0x00007ffb78200000 - 0x00007ffb782f3000 	C:\WINDOWS\System32\SHCORE.dll
0x00007ffb78e80000 - 0x00007ffb78ede000 	C:\WINDOWS\System32\shlwapi.dll
0x00007ffb77440000 - 0x00007ffb77466000 	C:\WINDOWS\SYSTEM32\profapi.dll
0x00007ffb31720000 - 0x00007ffb317f7000 	C:\Program Files\Java\jdk-21\bin\jsvml.dll
0x00007ffb70f80000 - 0x00007ffb70f90000 	C:\Program Files\Java\jdk-21\bin\net.dll
0x00007ffb70bc0000 - 0x00007ffb70cf7000 	C:\WINDOWS\SYSTEM32\WINHTTP.dll
0x00007ffb76aa0000 - 0x00007ffb76b09000 	C:\WINDOWS\system32\mswsock.dll
0x00007ffb70f60000 - 0x00007ffb70f76000 	C:\Program Files\Java\jdk-21\bin\nio.dll
0x00007ffb701a0000 - 0x00007ffb701b8000 	C:\Program Files\Java\jdk-21\bin\zip.dll
0x0000000069ac0000 - 0x0000000069ae4000 	C:\Program Files\apache-maven-3.9.6\lib\jansi-native\Windows\x86_64\jansi.dll
0x00007ffb70190000 - 0x00007ffb701a0000 	C:\Program Files\Java\jdk-21\bin\verify.dll

dbghelp: loaded successfully - version: 4.0.5 - missing functions: none
symbol engine: initialized successfully - sym options: 0x614 - pdb path: .;C:\Program Files\Java\jdk-21\bin;C:\WINDOWS\SYSTEM32;C:\WINDOWS\WinSxS\amd64_microsoft.windows.common-controls_6595b64144ccf1df_6.0.22621.3235_none_270f74e173860f98;C:\Program Files\Java\jdk-21\bin\server;C:\Program Files\apache-maven-3.9.6\lib\jansi-native\Windows\x86_64

VM Arguments:
jvm_args: -Dclassworlds.conf=C:/Program Files/apache-maven-3.9.6/bin/m2.conf -Dmaven.home=C:/Program Files/apache-maven-3.9.6 -Dlibrary.jansi.path=C:/Program Files/apache-maven-3.9.6/lib/jansi-native -Dmaven.multiModuleProjectDirectory=C:/Users/21269/Desktop/g-note_ 
java_command: org.codehaus.plexus.classworlds.launcher.Launcher liberty:stop
java_class_path (initial): C:/Program Files/apache-maven-3.9.6/boot/plexus-classworlds-2.7.0.jar
Launcher Type: SUN_STANDARD

[Global flags]
     intx CICompilerCount                          = 4                                         {product} {ergonomic}
     uint ConcGCThreads                            = 2                                         {product} {ergonomic}
     uint G1ConcRefinementThreads                  = 8                                         {product} {ergonomic}
   size_t G1HeapRegionSize                         = 1048576                                   {product} {ergonomic}
    uintx GCDrainStackTargetSize                   = 64                                        {product} {ergonomic}
   size_t InitialHeapSize                          = 132120576                                 {product} {ergonomic}
   size_t MarkStackSize                            = 4194304                                   {product} {ergonomic}
   size_t MaxHeapSize                              = 2095054848                                {product} {ergonomic}
   size_t MaxNewSize                               = 1256194048                                {product} {ergonomic}
   size_t MinHeapDeltaBytes                        = 1048576                                   {product} {ergonomic}
   size_t MinHeapSize                              = 8388608                                   {product} {ergonomic}
    uintx NonNMethodCodeHeapSize                   = 5839372                                {pd product} {ergonomic}
    uintx NonProfiledCodeHeapSize                  = 122909434                              {pd product} {ergonomic}
    uintx ProfiledCodeHeapSize                     = 122909434                              {pd product} {ergonomic}
    uintx ReservedCodeCacheSize                    = 251658240                              {pd product} {ergonomic}
     bool SegmentedCodeCache                       = true                                      {product} {ergonomic}
   size_t SoftMaxHeapSize                          = 2095054848                             {manageable} {ergonomic}
     bool UseCompressedOops                        = true                           {product lp64_product} {ergonomic}
     bool UseG1GC                                  = true                                      {product} {ergonomic}
     bool UseLargePagesIndividualAllocation        = false                                  {pd product} {ergonomic}

Logging:
Log output configuration:
 #0: stdout all=warning uptime,level,tags foldmultilines=false
 #1: stderr all=off uptime,level,tags foldmultilines=false

Environment Variables:
JAVA_HOME=C:/Program Files/Java/jdk-21
PATH=C:\Users\21269\bin;C:\Program Files\Git\mingw64\bin;C:\Program Files\Git\usr\local\bin;C:\Program Files\Git\usr\bin;C:\Program Files\Git\usr\bin;C:\Program Files\Git\mingw64\bin;C:\Program Files\Git\usr\bin;C:\Users\21269\bin;C:\Python312\Scripts;C:\Python312;D:\app\OumNou\product\11.2.0\dbhome_1\bin;C:\Program Files\Common Files\Oracle\Java\javapath;C:\Program Files (x86)\Common Files\Oracle\Java\javapath;C:\Python310\Scripts;C:\Python310;C:\Windows\System32\HWAudioDriverLibs;C:\Windows\system32;C:\Windows;C:\Windows\System32\Wbem;C:\Windows\System32\WindowsPowerShell\v1.0;C:\Windows\System32\OpenSSH;C:\Users\Administrator\AppData\Local\Microsoft\WindowsApps;C:\composer;C:\php-8.1.10;C:\ProgramData\chocolatey\bin;C:\WINDOWS\system32;C:\WINDOWS;C:\WINDOWS\System32\Wbem;C:\WINDOWS\System32\WindowsPowerShell\v1.0;C:\WINDOWS\System32\OpenSSH;C:\Program Files\Git\cmd;C:\Program Files\Microsoft SQL Server\150\Tools\Binn;C:\Program Files\Microsoft SQL Server\Client SDK\ODBC\170\Tools\Binn;C:\Program Files\dotnet;C:\Program Files\apache-maven-3.9.6\bin;C:\Program Files\Java\jre-1.8\bin;C:\Program Files\Java\jdk-21\bin;C:\Program Files\Docker\Docker\resources\bin;C:\Program Files\nodejs;C:\Users\21269\AppData\Local\Microsoft\WindowsApps;C:\Users\21269\AppData\Local\Programs\Microsoft VS Code\bin;C:\Users\21269;C:\php-8.1.10;C:\MinGW\bin;C:\Users\21269\AppData\Roaming\Composer\vendor\bin;C:\Users\21269\AppData\Local\ComposerSetup\bin;C:\Program Files\JetBrains\IntelliJ IDEA Community Edition 2022.2.2\bin;C:\Users\21269\AppData\Local\GitHubDesktop\bin;C:\Swift\bin;C:\Users\21269\flutter\bin;C:\Users\21269\AppData\Local\Android\Sdk;JAVA_HOME%\bin;C:\Program Files\Java\jdk-20;C:\Program Files\Java\jdk-20\bin;C:\Program Files\Java\jre-1.8;C:\Users\21269\.dotnet\tools;C:\Program Files\apache-maven-3.9.6\bin;C:\Program Files\Java\jre-1.8\bin;C:\Program Files\Java\jdk-21\bin;C:\Users\21269\AppData\Roaming\npm;C:\Program Files\Git\usr\bin\vendor_perl;C:\Program Files\Git\usr\bin\core_perl
USERNAME=OumNou
SHELL=C:\Program Files\Git\usr\bin\bash.exe
DISPLAY=needs-to-be-defined
LANG=en_US.UTF-8
TERM=xterm-256color
TMPDIR=C:\Users\21269\AppData\Local\Temp
OS=Windows_NT
PROCESSOR_IDENTIFIER=Intel64 Family 6 Model 140 Stepping 1, GenuineIntel
TMP=C:\Users\21269\AppData\Local\Temp
TEMP=C:\Users\21269\AppData\Local\Temp




Periodic native trim disabled

---------------  S Y S T E M  ---------------

OS:
 Windows 11 , 64 bit Build 22621 (10.0.22621.3235)
OS uptime: 0 days 1:50 hours
Hyper-V role detected

CPU: total 8 (initial active 8) (4 cores per cpu, 2 threads per core) family 6 model 140 stepping 1 microcode 0x8a, cx8, cmov, fxsr, ht, mmx, 3dnowpref, sse, sse2, sse3, ssse3, sse4.1, sse4.2, popcnt, lzcnt, tsc, tscinvbit, avx, avx2, aes, erms, clmul, bmi1, bmi2, adx, avx512f, avx512dq, avx512cd, avx512bw, avx512vl, sha, fma, vzeroupper, avx512_vpopcntdq, avx512_vpclmulqdq, avx512_vaes, avx512_vnni, clflush, clflushopt, clwb, avx512_vbmi2, avx512_vbmi, hv, rdtscp, rdpid, fsrm, gfni, avx512_bitalg, f16c, cet_ibt, cet_ss, avx512_ifma
Processor Information for all 8 processors :
  Max Mhz: 2419, Current Mhz: 2419, Mhz Limit: 2419

Memory: 4k page, system-wide physical 7991M (362M free)
TotalPageFile size 23351M (AvailPageFile size 3M)
current process WorkingSet (physical memory assigned to process): 89M, peak: 89M
current process commit charge ("private bytes"): 229M, peak: 230M

vm_info: Java HotSpot(TM) 64-Bit Server VM (21.0.2+13-LTS-58) for windows-amd64 JRE (21.0.2+13-LTS-58), built on 2024-01-05T18:32:24Z by "mach5one" with MS VC++ 17.1 (VS2022)

END.
